[0.012s] Invoking command in '/home/scg1224/Final_Project/raspberry_pi_ws/build/turtlebot_control': CMAKE_PREFIX_PATH=${CMAKE_PREFIX_PATH}:/opt/ros/humble /usr/bin/cmake /home/scg1224/Final_Project/raspberry_pi_ws/src/turtlebot_control -DCMAKE_INSTALL_PREFIX=/home/scg1224/Final_Project/raspberry_pi_ws/install/turtlebot_control
[0.059s] -- The C compiler identification is GNU 11.3.0
[0.119s] -- The CXX compiler identification is GNU 11.3.0
[0.130s] -- Detecting C compiler ABI info
[0.186s] -- Detecting C compiler ABI info - done
[0.195s] -- Check for working C compiler: /usr/bin/cc - skipped
[0.195s] -- Detecting C compile features
[0.195s] -- Detecting C compile features - done
[0.198s] -- Detecting CXX compiler ABI info
[0.263s] -- Detecting CXX compiler ABI info - done
[0.272s] -- Check for working CXX compiler: /usr/bin/c++ - skipped
[0.272s] -- Detecting CXX compile features
[0.273s] -- Detecting CXX compile features - done
[0.275s] -- Found ament_cmake: 1.3.4 (/opt/ros/humble/share/ament_cmake/cmake)
[0.830s] -- Found Python3: /usr/bin/python3.10 (found version "3.10.6") found components: Interpreter 
[0.934s] -- Found rclcpp: 16.0.4 (/opt/ros/humble/share/rclcpp/cmake)
[0.983s] -- Found rosidl_generator_c: 3.1.4 (/opt/ros/humble/share/rosidl_generator_c/cmake)
[0.989s] -- Found rosidl_adapter: 3.1.4 (/opt/ros/humble/share/rosidl_adapter/cmake)
[1.000s] -- Found rosidl_generator_cpp: 3.1.4 (/opt/ros/humble/share/rosidl_generator_cpp/cmake)
[1.015s] -- Using all available rosidl_typesupport_c: rosidl_typesupport_fastrtps_c;rosidl_typesupport_introspection_c
[1.035s] -- Using all available rosidl_typesupport_cpp: rosidl_typesupport_fastrtps_cpp;rosidl_typesupport_introspection_cpp
[1.122s] -- Found rmw_implementation_cmake: 6.1.1 (/opt/ros/humble/share/rmw_implementation_cmake/cmake)
[1.127s] -- Found rmw_fastrtps_cpp: 6.2.2 (/opt/ros/humble/share/rmw_fastrtps_cpp/cmake)
[1.243s] -- Found OpenSSL: /usr/lib/x86_64-linux-gnu/libcrypto.so (found version "3.0.2")  
[1.282s] -- Found FastRTPS: /opt/ros/humble/include  
[1.341s] -- Using RMW implementation 'rmw_fastrtps_cpp' as default
[1.354s] -- Performing Test CMAKE_HAVE_LIBC_PTHREAD
[1.421s] -- Performing Test CMAKE_HAVE_LIBC_PTHREAD - Success
[1.423s] -- Found Threads: TRUE  
[1.624s] -- Found sensor_msgs: 4.2.3 (/opt/ros/humble/share/sensor_msgs/cmake)
[1.774s] -- Found OpenCV: /usr (found version "4.5.4") 
[1.776s] -- Found cv_bridge: 3.2.1 (/opt/ros/humble/share/cv_bridge/cmake)
[1.786s] -- Found image_transport: 3.1.5 (/opt/ros/humble/share/image_transport/cmake)
[1.845s] -- Found ament_lint_auto: 0.12.6 (/opt/ros/humble/share/ament_lint_auto/cmake)
[1.937s] -- Added test 'cppcheck' to perform static code analysis on C / C++ code
[1.938s] -- Configured cppcheck include dirs: 
[1.938s] -- Configured cppcheck exclude dirs and/or files: 
[1.939s] -- Added test 'lint_cmake' to check CMake code style
[1.940s] -- Added test 'uncrustify' to check C / C++ code style
[1.940s] -- Configured uncrustify additional arguments: 
[1.941s] -- Added test 'xmllint' to check XML markup files
[1.942s] -- Configuring done
[1.961s] -- Generating done
[1.963s] -- Build files have been written to: /home/scg1224/Final_Project/raspberry_pi_ws/build/turtlebot_control
[1.976s] Invoked command in '/home/scg1224/Final_Project/raspberry_pi_ws/build/turtlebot_control' returned '0': CMAKE_PREFIX_PATH=${CMAKE_PREFIX_PATH}:/opt/ros/humble /usr/bin/cmake /home/scg1224/Final_Project/raspberry_pi_ws/src/turtlebot_control -DCMAKE_INSTALL_PREFIX=/home/scg1224/Final_Project/raspberry_pi_ws/install/turtlebot_control
[1.978s] Invoking command in '/home/scg1224/Final_Project/raspberry_pi_ws/build/turtlebot_control': CMAKE_PREFIX_PATH=${CMAKE_PREFIX_PATH}:/opt/ros/humble /usr/bin/cmake --build /home/scg1224/Final_Project/raspberry_pi_ws/build/turtlebot_control -- -j8 -l8
[2.005s] [ 50%] [32mBuilding CXX object CMakeFiles/turtlebot_control.dir/src/turtlebot_control.cpp.o[0m
[6.198s] [100%] [32m[1mLinking CXX executable turtlebot_control[0m
[6.569s] [100%] Built target turtlebot_control
[6.580s] Invoked command in '/home/scg1224/Final_Project/raspberry_pi_ws/build/turtlebot_control' returned '0': CMAKE_PREFIX_PATH=${CMAKE_PREFIX_PATH}:/opt/ros/humble /usr/bin/cmake --build /home/scg1224/Final_Project/raspberry_pi_ws/build/turtlebot_control -- -j8 -l8
[6.600s] Invoking command in '/home/scg1224/Final_Project/raspberry_pi_ws/build/turtlebot_control': CMAKE_PREFIX_PATH=${CMAKE_PREFIX_PATH}:/opt/ros/humble /usr/bin/cmake --install /home/scg1224/Final_Project/raspberry_pi_ws/build/turtlebot_control
[6.602s] -- Install configuration: ""
[6.602s] -- Installing: /home/scg1224/Final_Project/raspberry_pi_ws/install/turtlebot_control/lib/turtlebot_control/turtlebot_control
[6.603s] -- Set runtime path of "/home/scg1224/Final_Project/raspberry_pi_ws/install/turtlebot_control/lib/turtlebot_control/turtlebot_control" to ""
[6.603s] -- Up-to-date: /home/scg1224/Final_Project/raspberry_pi_ws/install/turtlebot_control/share/turtlebot_control/images
[6.603s] -- Up-to-date: /home/scg1224/Final_Project/raspberry_pi_ws/install/turtlebot_control/share/turtlebot_control/images/test_pic.png
[6.603s] -- Up-to-date: /home/scg1224/Final_Project/raspberry_pi_ws/install/turtlebot_control/share/turtlebot_control/images/image.jpg
[6.603s] -- Installing: /home/scg1224/Final_Project/raspberry_pi_ws/install/turtlebot_control/share/ament_index/resource_index/package_run_dependencies/turtlebot_control
[6.603s] -- Installing: /home/scg1224/Final_Project/raspberry_pi_ws/install/turtlebot_control/share/ament_index/resource_index/parent_prefix_path/turtlebot_control
[6.603s] -- Up-to-date: /home/scg1224/Final_Project/raspberry_pi_ws/install/turtlebot_control/share/turtlebot_control/environment/ament_prefix_path.sh
[6.604s] -- Installing: /home/scg1224/Final_Project/raspberry_pi_ws/install/turtlebot_control/share/turtlebot_control/environment/ament_prefix_path.dsv
[6.604s] -- Up-to-date: /home/scg1224/Final_Project/raspberry_pi_ws/install/turtlebot_control/share/turtlebot_control/environment/path.sh
[6.604s] -- Installing: /home/scg1224/Final_Project/raspberry_pi_ws/install/turtlebot_control/share/turtlebot_control/environment/path.dsv
[6.604s] -- Installing: /home/scg1224/Final_Project/raspberry_pi_ws/install/turtlebot_control/share/turtlebot_control/local_setup.bash
[6.604s] -- Installing: /home/scg1224/Final_Project/raspberry_pi_ws/install/turtlebot_control/share/turtlebot_control/local_setup.sh
[6.604s] -- Installing: /home/scg1224/Final_Project/raspberry_pi_ws/install/turtlebot_control/share/turtlebot_control/local_setup.zsh
[6.604s] -- Installing: /home/scg1224/Final_Project/raspberry_pi_ws/install/turtlebot_control/share/turtlebot_control/local_setup.dsv
[6.604s] -- Installing: /home/scg1224/Final_Project/raspberry_pi_ws/install/turtlebot_control/share/turtlebot_control/package.dsv
[6.604s] -- Installing: /home/scg1224/Final_Project/raspberry_pi_ws/install/turtlebot_control/share/ament_index/resource_index/packages/turtlebot_control
[6.604s] -- Installing: /home/scg1224/Final_Project/raspberry_pi_ws/install/turtlebot_control/share/turtlebot_control/cmake/turtlebot_controlConfig.cmake
[6.604s] -- Installing: /home/scg1224/Final_Project/raspberry_pi_ws/install/turtlebot_control/share/turtlebot_control/cmake/turtlebot_controlConfig-version.cmake
[6.605s] -- Up-to-date: /home/scg1224/Final_Project/raspberry_pi_ws/install/turtlebot_control/share/turtlebot_control/package.xml
[6.609s] Invoked command in '/home/scg1224/Final_Project/raspberry_pi_ws/build/turtlebot_control' returned '0': CMAKE_PREFIX_PATH=${CMAKE_PREFIX_PATH}:/opt/ros/humble /usr/bin/cmake --install /home/scg1224/Final_Project/raspberry_pi_ws/build/turtlebot_control
