[0.014s] Invoking command in '/home/scg1224/Final_Project/raspberry_pi_ws/build/apriltag_ros': AMENT_PREFIX_PATH=/home/scg1224/Final_Project/raspberry_pi_ws/install/apriltag_msgs:${AMENT_PREFIX_PATH} CMAKE_PREFIX_PATH=/home/scg1224/Final_Project/raspberry_pi_ws/install/apriltag_msgs:/home/scg1224/Final_Project/raspberry_pi_ws/install/apriltag:/home/scg1224/nuws/install:/opt/ros/humble LD_LIBRARY_PATH=/home/scg1224/Final_Project/raspberry_pi_ws/install/apriltag_msgs/lib:/home/scg1224/Final_Project/raspberry_pi_ws/install/apriltag/lib:${LD_LIBRARY_PATH} PATH=/home/scg1224/Final_Project/raspberry_pi_ws/install/apriltag/bin:${PATH} PKG_CONFIG_PATH=/home/scg1224/Final_Project/raspberry_pi_ws/install/apriltag/lib/x86_64-linux-gnu/pkgconfig:/home/scg1224/Final_Project/raspberry_pi_ws/install/apriltag/lib/pkgconfig:${PKG_CONFIG_PATH} PYTHONPATH=/home/scg1224/Final_Project/raspberry_pi_ws/install/apriltag_msgs/local/lib/python3.10/dist-packages:${PYTHONPATH} /usr/bin/cmake /home/scg1224/Final_Project/raspberry_pi_ws/src/apriltag_ros -DCMAKE_INSTALL_PREFIX=/home/scg1224/Final_Project/raspberry_pi_ws/install/apriltag_ros
[0.021s] -- Found rclcpp: 16.0.4 (/opt/ros/humble/share/rclcpp/cmake)
[0.142s] -- Found rosidl_generator_c: 3.1.4 (/opt/ros/humble/share/rosidl_generator_c/cmake)
[0.143s] -- Found rosidl_adapter: 3.1.4 (/opt/ros/humble/share/rosidl_adapter/cmake)
[0.148s] -- Found rosidl_generator_cpp: 3.1.4 (/opt/ros/humble/share/rosidl_generator_cpp/cmake)
[0.156s] -- Using all available rosidl_typesupport_c: rosidl_typesupport_fastrtps_c;rosidl_typesupport_introspection_c
[0.168s] -- Using all available rosidl_typesupport_cpp: rosidl_typesupport_fastrtps_cpp;rosidl_typesupport_introspection_cpp
[0.213s] -- Found rmw_implementation_cmake: 6.1.1 (/opt/ros/humble/share/rmw_implementation_cmake/cmake)
[0.214s] -- Found rmw_fastrtps_cpp: 6.2.2 (/opt/ros/humble/share/rmw_fastrtps_cpp/cmake)
[0.316s] -- Using RMW implementation 'rmw_fastrtps_cpp' as default
[0.439s] -- Found rclcpp_components: 16.0.4 (/opt/ros/humble/share/rclcpp_components/cmake)
[0.480s] -- Found sensor_msgs: 4.2.3 (/opt/ros/humble/share/sensor_msgs/cmake)
[0.574s] -- Found apriltag_msgs: 2.0.1 (/home/scg1224/Final_Project/raspberry_pi_ws/install/apriltag_msgs/share/apriltag_msgs/cmake)
[0.607s] -- Found tf2_ros: 0.25.2 (/opt/ros/humble/share/tf2_ros/cmake)
[0.797s] -- Found image_transport: 3.1.5 (/opt/ros/humble/share/image_transport/cmake)
[0.819s] -- Found cv_bridge: 3.2.1 (/opt/ros/humble/share/cv_bridge/cmake)
[0.843s] -- Found ament_lint_auto: 0.12.6 (/opt/ros/humble/share/ament_lint_auto/cmake)
[0.896s] -- Added test 'clang_format' to check C / C++ code style
[0.897s] -- Added test 'cppcheck' to perform static code analysis on C / C++ code
[0.897s] -- Configured cppcheck include dirs: 
[0.897s] -- Configured cppcheck exclude dirs and/or files: 
[0.898s] -- Configuring done
[0.914s] -- Generating done
[0.915s] -- Build files have been written to: /home/scg1224/Final_Project/raspberry_pi_ws/build/apriltag_ros
[0.924s] Invoked command in '/home/scg1224/Final_Project/raspberry_pi_ws/build/apriltag_ros' returned '0': AMENT_PREFIX_PATH=/home/scg1224/Final_Project/raspberry_pi_ws/install/apriltag_msgs:${AMENT_PREFIX_PATH} CMAKE_PREFIX_PATH=/home/scg1224/Final_Project/raspberry_pi_ws/install/apriltag_msgs:/home/scg1224/Final_Project/raspberry_pi_ws/install/apriltag:/home/scg1224/nuws/install:/opt/ros/humble LD_LIBRARY_PATH=/home/scg1224/Final_Project/raspberry_pi_ws/install/apriltag_msgs/lib:/home/scg1224/Final_Project/raspberry_pi_ws/install/apriltag/lib:${LD_LIBRARY_PATH} PATH=/home/scg1224/Final_Project/raspberry_pi_ws/install/apriltag/bin:${PATH} PKG_CONFIG_PATH=/home/scg1224/Final_Project/raspberry_pi_ws/install/apriltag/lib/x86_64-linux-gnu/pkgconfig:/home/scg1224/Final_Project/raspberry_pi_ws/install/apriltag/lib/pkgconfig:${PKG_CONFIG_PATH} PYTHONPATH=/home/scg1224/Final_Project/raspberry_pi_ws/install/apriltag_msgs/local/lib/python3.10/dist-packages:${PYTHONPATH} /usr/bin/cmake /home/scg1224/Final_Project/raspberry_pi_ws/src/apriltag_ros -DCMAKE_INSTALL_PREFIX=/home/scg1224/Final_Project/raspberry_pi_ws/install/apriltag_ros
[0.924s] Invoking command in '/home/scg1224/Final_Project/raspberry_pi_ws/build/apriltag_ros': AMENT_PREFIX_PATH=/home/scg1224/Final_Project/raspberry_pi_ws/install/apriltag_msgs:${AMENT_PREFIX_PATH} CMAKE_PREFIX_PATH=/home/scg1224/Final_Project/raspberry_pi_ws/install/apriltag_msgs:/home/scg1224/Final_Project/raspberry_pi_ws/install/apriltag:/home/scg1224/nuws/install:/opt/ros/humble LD_LIBRARY_PATH=/home/scg1224/Final_Project/raspberry_pi_ws/install/apriltag_msgs/lib:/home/scg1224/Final_Project/raspberry_pi_ws/install/apriltag/lib:${LD_LIBRARY_PATH} PATH=/home/scg1224/Final_Project/raspberry_pi_ws/install/apriltag/bin:${PATH} PKG_CONFIG_PATH=/home/scg1224/Final_Project/raspberry_pi_ws/install/apriltag/lib/x86_64-linux-gnu/pkgconfig:/home/scg1224/Final_Project/raspberry_pi_ws/install/apriltag/lib/pkgconfig:${PKG_CONFIG_PATH} PYTHONPATH=/home/scg1224/Final_Project/raspberry_pi_ws/install/apriltag_msgs/local/lib/python3.10/dist-packages:${PYTHONPATH} /usr/bin/cmake --build /home/scg1224/Final_Project/raspberry_pi_ws/build/apriltag_ros -- -j8 -l8
[0.950s] [ 20%] [32mBuilding CXX object CMakeFiles/tags.dir/src/tag_functions.cpp.o[0m
[0.951s] [ 40%] [32mBuilding CXX object CMakeFiles/apriltag_node.dir/rclcpp_components/node_main_apriltag_node.cpp.o[0m
[1.228s] [ 40%] Built target tags
[1.241s] [ 60%] [32mBuilding CXX object CMakeFiles/AprilTagNode.dir/src/AprilTagNode.cpp.o[0m
[3.647s] [ 80%] [32m[1mLinking CXX executable apriltag_node[0m
[3.748s] [ 80%] Built target apriltag_node
[8.420s] [100%] [32m[1mLinking CXX shared library libAprilTagNode.so[0m
[8.746s] [100%] Built target AprilTagNode
[8.751s] Invoked command in '/home/scg1224/Final_Project/raspberry_pi_ws/build/apriltag_ros' returned '0': AMENT_PREFIX_PATH=/home/scg1224/Final_Project/raspberry_pi_ws/install/apriltag_msgs:${AMENT_PREFIX_PATH} CMAKE_PREFIX_PATH=/home/scg1224/Final_Project/raspberry_pi_ws/install/apriltag_msgs:/home/scg1224/Final_Project/raspberry_pi_ws/install/apriltag:/home/scg1224/nuws/install:/opt/ros/humble LD_LIBRARY_PATH=/home/scg1224/Final_Project/raspberry_pi_ws/install/apriltag_msgs/lib:/home/scg1224/Final_Project/raspberry_pi_ws/install/apriltag/lib:${LD_LIBRARY_PATH} PATH=/home/scg1224/Final_Project/raspberry_pi_ws/install/apriltag/bin:${PATH} PKG_CONFIG_PATH=/home/scg1224/Final_Project/raspberry_pi_ws/install/apriltag/lib/x86_64-linux-gnu/pkgconfig:/home/scg1224/Final_Project/raspberry_pi_ws/install/apriltag/lib/pkgconfig:${PKG_CONFIG_PATH} PYTHONPATH=/home/scg1224/Final_Project/raspberry_pi_ws/install/apriltag_msgs/local/lib/python3.10/dist-packages:${PYTHONPATH} /usr/bin/cmake --build /home/scg1224/Final_Project/raspberry_pi_ws/build/apriltag_ros -- -j8 -l8
[8.779s] Invoking command in '/home/scg1224/Final_Project/raspberry_pi_ws/build/apriltag_ros': AMENT_PREFIX_PATH=/home/scg1224/Final_Project/raspberry_pi_ws/install/apriltag_msgs:${AMENT_PREFIX_PATH} CMAKE_PREFIX_PATH=/home/scg1224/Final_Project/raspberry_pi_ws/install/apriltag_msgs:/home/scg1224/Final_Project/raspberry_pi_ws/install/apriltag:/home/scg1224/nuws/install:/opt/ros/humble LD_LIBRARY_PATH=/home/scg1224/Final_Project/raspberry_pi_ws/install/apriltag_msgs/lib:/home/scg1224/Final_Project/raspberry_pi_ws/install/apriltag/lib:${LD_LIBRARY_PATH} PATH=/home/scg1224/Final_Project/raspberry_pi_ws/install/apriltag/bin:${PATH} PKG_CONFIG_PATH=/home/scg1224/Final_Project/raspberry_pi_ws/install/apriltag/lib/x86_64-linux-gnu/pkgconfig:/home/scg1224/Final_Project/raspberry_pi_ws/install/apriltag/lib/pkgconfig:${PKG_CONFIG_PATH} PYTHONPATH=/home/scg1224/Final_Project/raspberry_pi_ws/install/apriltag_msgs/local/lib/python3.10/dist-packages:${PYTHONPATH} /usr/bin/cmake --install /home/scg1224/Final_Project/raspberry_pi_ws/build/apriltag_ros
[8.783s] -- Install configuration: ""
[8.783s] -- Installing: /home/scg1224/Final_Project/raspberry_pi_ws/install/apriltag_ros/lib/apriltag_ros/apriltag_node
[8.784s] -- Set runtime path of "/home/scg1224/Final_Project/raspberry_pi_ws/install/apriltag_ros/lib/apriltag_ros/apriltag_node" to ""
[8.784s] -- Installing: /home/scg1224/Final_Project/raspberry_pi_ws/install/apriltag_ros/share/apriltag_ros/environment/library_path.sh
[8.784s] -- Installing: /home/scg1224/Final_Project/raspberry_pi_ws/install/apriltag_ros/share/apriltag_ros/environment/library_path.dsv
[8.784s] -- Installing: /home/scg1224/Final_Project/raspberry_pi_ws/install/apriltag_ros/lib/libAprilTagNode.so
[8.787s] -- Set runtime path of "/home/scg1224/Final_Project/raspberry_pi_ws/install/apriltag_ros/lib/libAprilTagNode.so" to ""
[8.787s] -- Installing: /home/scg1224/Final_Project/raspberry_pi_ws/install/apriltag_ros/share/apriltag_ros/cfg
[8.787s] -- Installing: /home/scg1224/Final_Project/raspberry_pi_ws/install/apriltag_ros/share/apriltag_ros/cfg/tags_36h11.yaml
[8.787s] -- Installing: /home/scg1224/Final_Project/raspberry_pi_ws/install/apriltag_ros/share/apriltag_ros/launch
[8.788s] -- Installing: /home/scg1224/Final_Project/raspberry_pi_ws/install/apriltag_ros/share/apriltag_ros/launch/v4l2_36h11.launch.yml
[8.788s] -- Installing: /home/scg1224/Final_Project/raspberry_pi_ws/install/apriltag_ros/share/ament_index/resource_index/package_run_dependencies/apriltag_ros
[8.788s] -- Installing: /home/scg1224/Final_Project/raspberry_pi_ws/install/apriltag_ros/share/ament_index/resource_index/parent_prefix_path/apriltag_ros
[8.788s] -- Installing: /home/scg1224/Final_Project/raspberry_pi_ws/install/apriltag_ros/share/apriltag_ros/environment/ament_prefix_path.sh
[8.788s] -- Installing: /home/scg1224/Final_Project/raspberry_pi_ws/install/apriltag_ros/share/apriltag_ros/environment/ament_prefix_path.dsv
[8.788s] -- Installing: /home/scg1224/Final_Project/raspberry_pi_ws/install/apriltag_ros/share/apriltag_ros/environment/path.sh
[8.788s] -- Installing: /home/scg1224/Final_Project/raspberry_pi_ws/install/apriltag_ros/share/apriltag_ros/environment/path.dsv
[8.788s] -- Installing: /home/scg1224/Final_Project/raspberry_pi_ws/install/apriltag_ros/share/apriltag_ros/local_setup.bash
[8.789s] -- Installing: /home/scg1224/Final_Project/raspberry_pi_ws/install/apriltag_ros/share/apriltag_ros/local_setup.sh
[8.789s] -- Installing: /home/scg1224/Final_Project/raspberry_pi_ws/install/apriltag_ros/share/apriltag_ros/local_setup.zsh
[8.789s] -- Installing: /home/scg1224/Final_Project/raspberry_pi_ws/install/apriltag_ros/share/apriltag_ros/local_setup.dsv
[8.789s] -- Installing: /home/scg1224/Final_Project/raspberry_pi_ws/install/apriltag_ros/share/apriltag_ros/package.dsv
[8.789s] -- Installing: /home/scg1224/Final_Project/raspberry_pi_ws/install/apriltag_ros/share/ament_index/resource_index/packages/apriltag_ros
[8.789s] -- Installing: /home/scg1224/Final_Project/raspberry_pi_ws/install/apriltag_ros/share/ament_index/resource_index/rclcpp_components/apriltag_ros
[8.790s] -- Installing: /home/scg1224/Final_Project/raspberry_pi_ws/install/apriltag_ros/share/apriltag_ros/cmake/apriltag_rosConfig.cmake
[8.790s] -- Installing: /home/scg1224/Final_Project/raspberry_pi_ws/install/apriltag_ros/share/apriltag_ros/cmake/apriltag_rosConfig-version.cmake
[8.790s] -- Installing: /home/scg1224/Final_Project/raspberry_pi_ws/install/apriltag_ros/share/apriltag_ros/package.xml
[8.794s] Invoked command in '/home/scg1224/Final_Project/raspberry_pi_ws/build/apriltag_ros' returned '0': AMENT_PREFIX_PATH=/home/scg1224/Final_Project/raspberry_pi_ws/install/apriltag_msgs:${AMENT_PREFIX_PATH} CMAKE_PREFIX_PATH=/home/scg1224/Final_Project/raspberry_pi_ws/install/apriltag_msgs:/home/scg1224/Final_Project/raspberry_pi_ws/install/apriltag:/home/scg1224/nuws/install:/opt/ros/humble LD_LIBRARY_PATH=/home/scg1224/Final_Project/raspberry_pi_ws/install/apriltag_msgs/lib:/home/scg1224/Final_Project/raspberry_pi_ws/install/apriltag/lib:${LD_LIBRARY_PATH} PATH=/home/scg1224/Final_Project/raspberry_pi_ws/install/apriltag/bin:${PATH} PKG_CONFIG_PATH=/home/scg1224/Final_Project/raspberry_pi_ws/install/apriltag/lib/x86_64-linux-gnu/pkgconfig:/home/scg1224/Final_Project/raspberry_pi_ws/install/apriltag/lib/pkgconfig:${PKG_CONFIG_PATH} PYTHONPATH=/home/scg1224/Final_Project/raspberry_pi_ws/install/apriltag_msgs/local/lib/python3.10/dist-packages:${PYTHONPATH} /usr/bin/cmake --install /home/scg1224/Final_Project/raspberry_pi_ws/build/apriltag_ros
