[0.222s] DEBUG:colcon:Command line arguments: ['/usr/bin/colcon', 'build']
[0.222s] DEBUG:colcon:Parsed command line arguments: Namespace(log_base=None, log_level=None, verb_name='build', build_base='build', install_base='install', merge_install=False, symlink_install=False, test_result_base=None, continue_on_error=False, executor='parallel', parallel_workers=8, event_handlers=None, ignore_user_meta=False, metas=['./colcon.meta'], base_paths=['.'], packages_ignore=None, packages_ignore_regex=None, paths=None, packages_up_to=None, packages_up_to_regex=None, packages_above=None, packages_above_and_dependencies=None, packages_above_depth=None, packages_select_by_dep=None, packages_skip_by_dep=None, packages_skip_up_to=None, packages_select_build_failed=False, packages_skip_build_finished=False, packages_select_test_failures=False, packages_skip_test_passed=False, packages_select=None, packages_skip=None, packages_select_regex=None, packages_skip_regex=None, packages_start=None, packages_end=None, allow_overriding=[], cmake_args=None, cmake_target=None, cmake_target_skip_unavailable=False, cmake_clean_cache=False, cmake_clean_first=False, cmake_force_configure=False, ament_cmake_args=None, catkin_cmake_args=None, catkin_skip_building_tests=False, mixin_files=None, mixin=None, verb_parser=<colcon_mixin.mixin.mixin_argument.MixinArgumentDecorator object at 0x7f5f020c5cf0>, verb_extension=<colcon_core.verb.build.BuildVerb object at 0x7f5f021c7250>, main=<bound method BuildVerb.main of <colcon_core.verb.build.BuildVerb object at 0x7f5f021c7250>>, mixin_verb=('build',))
[0.245s] Level 1:colcon.colcon_core.package_discovery:discover_packages(colcon_meta) check parameters
[0.245s] Level 1:colcon.colcon_core.package_discovery:discover_packages(recursive) check parameters
[0.245s] Level 1:colcon.colcon_core.package_discovery:discover_packages(ignore) check parameters
[0.245s] Level 1:colcon.colcon_core.package_discovery:discover_packages(path) check parameters
[0.245s] Level 1:colcon.colcon_core.package_discovery:discover_packages(colcon_meta) discover
[0.245s] Level 1:colcon.colcon_core.package_discovery:discover_packages(recursive) discover
[0.245s] INFO:colcon.colcon_core.package_discovery:Crawling recursively for packages in '/home/scg1224/Final_Project/raspberry_pi_ws'
[0.245s] Level 1:colcon.colcon_core.package_identification:_identify(.) by extensions ['ignore', 'ignore_ament_install']
[0.245s] Level 1:colcon.colcon_core.package_identification:_identify(.) by extension 'ignore'
[0.245s] Level 1:colcon.colcon_core.package_identification:_identify(.) by extension 'ignore_ament_install'
[0.245s] Level 1:colcon.colcon_core.package_identification:_identify(.) by extensions ['colcon_pkg']
[0.245s] Level 1:colcon.colcon_core.package_identification:_identify(.) by extension 'colcon_pkg'
[0.245s] Level 1:colcon.colcon_core.package_identification:_identify(.) by extensions ['colcon_meta']
[0.245s] Level 1:colcon.colcon_core.package_identification:_identify(.) by extension 'colcon_meta'
[0.245s] Level 1:colcon.colcon_core.package_identification:_identify(.) by extensions ['ros']
[0.245s] Level 1:colcon.colcon_core.package_identification:_identify(.) by extension 'ros'
[0.255s] Level 1:colcon.colcon_core.package_identification:_identify(.) by extensions ['cmake', 'python']
[0.255s] Level 1:colcon.colcon_core.package_identification:_identify(.) by extension 'cmake'
[0.255s] Level 1:colcon.colcon_core.package_identification:_identify(.) by extension 'python'
[0.255s] Level 1:colcon.colcon_core.package_identification:_identify(.) by extensions ['python_setup_py']
[0.255s] Level 1:colcon.colcon_core.package_identification:_identify(.) by extension 'python_setup_py'
[0.255s] Level 1:colcon.colcon_core.package_identification:_identify(aarch64_build) by extensions ['ignore', 'ignore_ament_install']
[0.255s] Level 1:colcon.colcon_core.package_identification:_identify(aarch64_build) by extension 'ignore'
[0.255s] Level 1:colcon.colcon_core.package_identification:_identify(aarch64_build) ignored
[0.255s] Level 1:colcon.colcon_core.package_identification:_identify(aarch64_install) by extensions ['ignore', 'ignore_ament_install']
[0.255s] Level 1:colcon.colcon_core.package_identification:_identify(aarch64_install) by extension 'ignore'
[0.255s] Level 1:colcon.colcon_core.package_identification:_identify(aarch64_install) ignored
[0.255s] Level 1:colcon.colcon_core.package_identification:_identify(build) by extensions ['ignore', 'ignore_ament_install']
[0.255s] Level 1:colcon.colcon_core.package_identification:_identify(build) by extension 'ignore'
[0.255s] Level 1:colcon.colcon_core.package_identification:_identify(build) ignored
[0.255s] Level 1:colcon.colcon_core.package_identification:_identify(install) by extensions ['ignore', 'ignore_ament_install']
[0.255s] Level 1:colcon.colcon_core.package_identification:_identify(install) by extension 'ignore'
[0.255s] Level 1:colcon.colcon_core.package_identification:_identify(install) ignored
[0.255s] Level 1:colcon.colcon_core.package_identification:_identify(log) by extensions ['ignore', 'ignore_ament_install']
[0.255s] Level 1:colcon.colcon_core.package_identification:_identify(log) by extension 'ignore'
[0.255s] Level 1:colcon.colcon_core.package_identification:_identify(log) ignored
[0.256s] Level 1:colcon.colcon_core.package_identification:_identify(src) by extensions ['ignore', 'ignore_ament_install']
[0.256s] Level 1:colcon.colcon_core.package_identification:_identify(src) by extension 'ignore'
[0.256s] Level 1:colcon.colcon_core.package_identification:_identify(src) by extension 'ignore_ament_install'
[0.256s] Level 1:colcon.colcon_core.package_identification:_identify(src) by extensions ['colcon_pkg']
[0.256s] Level 1:colcon.colcon_core.package_identification:_identify(src) by extension 'colcon_pkg'
[0.256s] Level 1:colcon.colcon_core.package_identification:_identify(src) by extensions ['colcon_meta']
[0.256s] Level 1:colcon.colcon_core.package_identification:_identify(src) by extension 'colcon_meta'
[0.256s] Level 1:colcon.colcon_core.package_identification:_identify(src) by extensions ['ros']
[0.256s] Level 1:colcon.colcon_core.package_identification:_identify(src) by extension 'ros'
[0.256s] Level 1:colcon.colcon_core.package_identification:_identify(src) by extensions ['cmake', 'python']
[0.256s] Level 1:colcon.colcon_core.package_identification:_identify(src) by extension 'cmake'
[0.256s] Level 1:colcon.colcon_core.package_identification:_identify(src) by extension 'python'
[0.256s] Level 1:colcon.colcon_core.package_identification:_identify(src) by extensions ['python_setup_py']
[0.256s] Level 1:colcon.colcon_core.package_identification:_identify(src) by extension 'python_setup_py'
[0.256s] Level 1:colcon.colcon_core.package_identification:_identify(src/apriltag_msgs) by extensions ['ignore', 'ignore_ament_install']
[0.256s] Level 1:colcon.colcon_core.package_identification:_identify(src/apriltag_msgs) by extension 'ignore'
[0.256s] Level 1:colcon.colcon_core.package_identification:_identify(src/apriltag_msgs) by extension 'ignore_ament_install'
[0.256s] Level 1:colcon.colcon_core.package_identification:_identify(src/apriltag_msgs) by extensions ['colcon_pkg']
[0.256s] Level 1:colcon.colcon_core.package_identification:_identify(src/apriltag_msgs) by extension 'colcon_pkg'
[0.256s] Level 1:colcon.colcon_core.package_identification:_identify(src/apriltag_msgs) by extensions ['colcon_meta']
[0.256s] Level 1:colcon.colcon_core.package_identification:_identify(src/apriltag_msgs) by extension 'colcon_meta'
[0.256s] Level 1:colcon.colcon_core.package_identification:_identify(src/apriltag_msgs) by extensions ['ros']
[0.256s] Level 1:colcon.colcon_core.package_identification:_identify(src/apriltag_msgs) by extension 'ros'
[0.258s] DEBUG:colcon.colcon_core.package_identification:Package 'src/apriltag_msgs' with type 'ros.ament_cmake' and name 'apriltag_msgs'
[0.258s] Level 1:colcon.colcon_core.package_identification:_identify(src/apriltag_ros) by extensions ['ignore', 'ignore_ament_install']
[0.258s] Level 1:colcon.colcon_core.package_identification:_identify(src/apriltag_ros) by extension 'ignore'
[0.258s] Level 1:colcon.colcon_core.package_identification:_identify(src/apriltag_ros) by extension 'ignore_ament_install'
[0.258s] Level 1:colcon.colcon_core.package_identification:_identify(src/apriltag_ros) by extensions ['colcon_pkg']
[0.258s] Level 1:colcon.colcon_core.package_identification:_identify(src/apriltag_ros) by extension 'colcon_pkg'
[0.258s] Level 1:colcon.colcon_core.package_identification:_identify(src/apriltag_ros) by extensions ['colcon_meta']
[0.258s] Level 1:colcon.colcon_core.package_identification:_identify(src/apriltag_ros) by extension 'colcon_meta'
[0.258s] Level 1:colcon.colcon_core.package_identification:_identify(src/apriltag_ros) by extensions ['ros']
[0.258s] Level 1:colcon.colcon_core.package_identification:_identify(src/apriltag_ros) by extension 'ros'
[0.260s] DEBUG:colcon.colcon_core.package_identification:Package 'src/apriltag_ros' with type 'ros.ament_cmake' and name 'apriltag_ros'
[0.260s] Level 1:colcon.colcon_core.package_identification:_identify(src/turtlebot_control) by extensions ['ignore', 'ignore_ament_install']
[0.260s] Level 1:colcon.colcon_core.package_identification:_identify(src/turtlebot_control) by extension 'ignore'
[0.260s] Level 1:colcon.colcon_core.package_identification:_identify(src/turtlebot_control) by extension 'ignore_ament_install'
[0.260s] Level 1:colcon.colcon_core.package_identification:_identify(src/turtlebot_control) by extensions ['colcon_pkg']
[0.260s] Level 1:colcon.colcon_core.package_identification:_identify(src/turtlebot_control) by extension 'colcon_pkg'
[0.260s] Level 1:colcon.colcon_core.package_identification:_identify(src/turtlebot_control) by extensions ['colcon_meta']
[0.260s] Level 1:colcon.colcon_core.package_identification:_identify(src/turtlebot_control) by extension 'colcon_meta'
[0.260s] Level 1:colcon.colcon_core.package_identification:_identify(src/turtlebot_control) by extensions ['ros']
[0.260s] Level 1:colcon.colcon_core.package_identification:_identify(src/turtlebot_control) by extension 'ros'
[0.261s] DEBUG:colcon.colcon_core.package_identification:Package 'src/turtlebot_control' with type 'ros.ament_cmake' and name 'turtlebot_control'
[0.261s] Level 1:colcon.colcon_core.package_discovery:discover_packages(recursive) using defaults
[0.261s] Level 1:colcon.colcon_core.package_discovery:discover_packages(ignore) discover
[0.261s] Level 1:colcon.colcon_core.package_discovery:discover_packages(ignore) using defaults
[0.261s] Level 1:colcon.colcon_core.package_discovery:discover_packages(path) discover
[0.261s] Level 1:colcon.colcon_core.package_discovery:discover_packages(path) using defaults
[0.279s] Level 1:colcon.colcon_core.package_discovery:discover_packages(prefix_path) check parameters
[0.279s] Level 1:colcon.colcon_core.package_discovery:discover_packages(prefix_path) discover
[0.281s] DEBUG:colcon.colcon_installed_package_information.package_discovery:Found 43 installed packages in /home/scg1224/nuws/install
[0.283s] DEBUG:colcon.colcon_installed_package_information.package_discovery:Found 455 installed packages in /opt/ros/humble
[0.285s] Level 1:colcon.colcon_core.package_discovery:discover_packages(prefix_path) using defaults
[0.346s] Level 5:colcon.colcon_core.verb:set package 'apriltag_msgs' build argument 'cmake_args' from command line to 'None'
[0.346s] Level 5:colcon.colcon_core.verb:set package 'apriltag_msgs' build argument 'cmake_target' from command line to 'None'
[0.346s] Level 5:colcon.colcon_core.verb:set package 'apriltag_msgs' build argument 'cmake_target_skip_unavailable' from command line to 'False'
[0.346s] Level 5:colcon.colcon_core.verb:set package 'apriltag_msgs' build argument 'cmake_clean_cache' from command line to 'False'
[0.346s] Level 5:colcon.colcon_core.verb:set package 'apriltag_msgs' build argument 'cmake_clean_first' from command line to 'False'
[0.346s] Level 5:colcon.colcon_core.verb:set package 'apriltag_msgs' build argument 'cmake_force_configure' from command line to 'False'
[0.346s] Level 5:colcon.colcon_core.verb:set package 'apriltag_msgs' build argument 'ament_cmake_args' from command line to 'None'
[0.346s] Level 5:colcon.colcon_core.verb:set package 'apriltag_msgs' build argument 'catkin_cmake_args' from command line to 'None'
[0.346s] Level 5:colcon.colcon_core.verb:set package 'apriltag_msgs' build argument 'catkin_skip_building_tests' from command line to 'False'
[0.346s] DEBUG:colcon.colcon_core.verb:Building package 'apriltag_msgs' with the following arguments: {'ament_cmake_args': None, 'build_base': '/home/scg1224/Final_Project/raspberry_pi_ws/build/apriltag_msgs', 'catkin_cmake_args': None, 'catkin_skip_building_tests': False, 'cmake_args': None, 'cmake_clean_cache': False, 'cmake_clean_first': False, 'cmake_force_configure': False, 'cmake_target': None, 'cmake_target_skip_unavailable': False, 'install_base': '/home/scg1224/Final_Project/raspberry_pi_ws/install/apriltag_msgs', 'merge_install': False, 'path': '/home/scg1224/Final_Project/raspberry_pi_ws/src/apriltag_msgs', 'symlink_install': False, 'test_result_base': None}
[0.347s] Level 5:colcon.colcon_core.verb:set package 'turtlebot_control' build argument 'cmake_args' from command line to 'None'
[0.347s] Level 5:colcon.colcon_core.verb:set package 'turtlebot_control' build argument 'cmake_target' from command line to 'None'
[0.347s] Level 5:colcon.colcon_core.verb:set package 'turtlebot_control' build argument 'cmake_target_skip_unavailable' from command line to 'False'
[0.347s] Level 5:colcon.colcon_core.verb:set package 'turtlebot_control' build argument 'cmake_clean_cache' from command line to 'False'
[0.347s] Level 5:colcon.colcon_core.verb:set package 'turtlebot_control' build argument 'cmake_clean_first' from command line to 'False'
[0.347s] Level 5:colcon.colcon_core.verb:set package 'turtlebot_control' build argument 'cmake_force_configure' from command line to 'False'
[0.347s] Level 5:colcon.colcon_core.verb:set package 'turtlebot_control' build argument 'ament_cmake_args' from command line to 'None'
[0.348s] Level 5:colcon.colcon_core.verb:set package 'turtlebot_control' build argument 'catkin_cmake_args' from command line to 'None'
[0.348s] Level 5:colcon.colcon_core.verb:set package 'turtlebot_control' build argument 'catkin_skip_building_tests' from command line to 'False'
[0.348s] DEBUG:colcon.colcon_core.verb:Building package 'turtlebot_control' with the following arguments: {'ament_cmake_args': None, 'build_base': '/home/scg1224/Final_Project/raspberry_pi_ws/build/turtlebot_control', 'catkin_cmake_args': None, 'catkin_skip_building_tests': False, 'cmake_args': None, 'cmake_clean_cache': False, 'cmake_clean_first': False, 'cmake_force_configure': False, 'cmake_target': None, 'cmake_target_skip_unavailable': False, 'install_base': '/home/scg1224/Final_Project/raspberry_pi_ws/install/turtlebot_control', 'merge_install': False, 'path': '/home/scg1224/Final_Project/raspberry_pi_ws/src/turtlebot_control', 'symlink_install': False, 'test_result_base': None}
[0.348s] Level 5:colcon.colcon_core.verb:set package 'apriltag_ros' build argument 'cmake_args' from command line to 'None'
[0.348s] Level 5:colcon.colcon_core.verb:set package 'apriltag_ros' build argument 'cmake_target' from command line to 'None'
[0.349s] Level 5:colcon.colcon_core.verb:set package 'apriltag_ros' build argument 'cmake_target_skip_unavailable' from command line to 'False'
[0.349s] Level 5:colcon.colcon_core.verb:set package 'apriltag_ros' build argument 'cmake_clean_cache' from command line to 'False'
[0.349s] Level 5:colcon.colcon_core.verb:set package 'apriltag_ros' build argument 'cmake_clean_first' from command line to 'False'
[0.349s] Level 5:colcon.colcon_core.verb:set package 'apriltag_ros' build argument 'cmake_force_configure' from command line to 'False'
[0.349s] Level 5:colcon.colcon_core.verb:set package 'apriltag_ros' build argument 'ament_cmake_args' from command line to 'None'
[0.349s] Level 5:colcon.colcon_core.verb:set package 'apriltag_ros' build argument 'catkin_cmake_args' from command line to 'None'
[0.349s] Level 5:colcon.colcon_core.verb:set package 'apriltag_ros' build argument 'catkin_skip_building_tests' from command line to 'False'
[0.349s] DEBUG:colcon.colcon_core.verb:Building package 'apriltag_ros' with the following arguments: {'ament_cmake_args': None, 'build_base': '/home/scg1224/Final_Project/raspberry_pi_ws/build/apriltag_ros', 'catkin_cmake_args': None, 'catkin_skip_building_tests': False, 'cmake_args': None, 'cmake_clean_cache': False, 'cmake_clean_first': False, 'cmake_force_configure': False, 'cmake_target': None, 'cmake_target_skip_unavailable': False, 'install_base': '/home/scg1224/Final_Project/raspberry_pi_ws/install/apriltag_ros', 'merge_install': False, 'path': '/home/scg1224/Final_Project/raspberry_pi_ws/src/apriltag_ros', 'symlink_install': False, 'test_result_base': None}
[0.349s] INFO:colcon.colcon_core.executor:Executing jobs using 'parallel' executor
[0.352s] DEBUG:colcon.colcon_parallel_executor.executor.parallel:run_until_complete
[0.352s] INFO:colcon.colcon_ros.task.ament_cmake.build:Building ROS package in '/home/scg1224/Final_Project/raspberry_pi_ws/src/apriltag_msgs' with build type 'ament_cmake'
[0.352s] INFO:colcon.colcon_cmake.task.cmake.build:Building CMake package in '/home/scg1224/Final_Project/raspberry_pi_ws/src/apriltag_msgs'
[0.357s] INFO:colcon.colcon_core.plugin_system:Skipping extension 'colcon_core.shell.bat': Not used on non-Windows systems
[0.357s] INFO:colcon.colcon_core.shell:Skip shell extension 'powershell' for command environment: Not usable outside of PowerShell
[0.357s] DEBUG:colcon.colcon_core.shell:Skip shell extension 'dsv' for command environment
[0.362s] INFO:colcon.colcon_ros.task.ament_cmake.build:Building ROS package in '/home/scg1224/Final_Project/raspberry_pi_ws/src/turtlebot_control' with build type 'ament_cmake'
[0.362s] INFO:colcon.colcon_cmake.task.cmake.build:Building CMake package in '/home/scg1224/Final_Project/raspberry_pi_ws/src/turtlebot_control'
[0.364s] INFO:colcon.colcon_core.shell:Skip shell extension 'powershell' for command environment: Not usable outside of PowerShell
[0.364s] DEBUG:colcon.colcon_core.shell:Skip shell extension 'dsv' for command environment
[0.376s] DEBUG:colcon.colcon_core.event_handler.log_command:Invoking command in '/home/scg1224/Final_Project/raspberry_pi_ws/build/apriltag_msgs': CMAKE_PREFIX_PATH=${CMAKE_PREFIX_PATH}:/opt/ros/humble /usr/bin/cmake /home/scg1224/Final_Project/raspberry_pi_ws/src/apriltag_msgs -DCMAKE_INSTALL_PREFIX=/home/scg1224/Final_Project/raspberry_pi_ws/install/apriltag_msgs
[0.377s] DEBUG:colcon.colcon_core.event_handler.log_command:Invoking command in '/home/scg1224/Final_Project/raspberry_pi_ws/build/turtlebot_control': CMAKE_PREFIX_PATH=${CMAKE_PREFIX_PATH}:/opt/ros/humble /usr/bin/cmake /home/scg1224/Final_Project/raspberry_pi_ws/src/turtlebot_control -DCMAKE_INSTALL_PREFIX=/home/scg1224/Final_Project/raspberry_pi_ws/install/turtlebot_control
[2.280s] DEBUG:colcon.colcon_core.event_handler.log_command:Invoked command in '/home/scg1224/Final_Project/raspberry_pi_ws/build/apriltag_msgs' returned '0': CMAKE_PREFIX_PATH=${CMAKE_PREFIX_PATH}:/opt/ros/humble /usr/bin/cmake /home/scg1224/Final_Project/raspberry_pi_ws/src/apriltag_msgs -DCMAKE_INSTALL_PREFIX=/home/scg1224/Final_Project/raspberry_pi_ws/install/apriltag_msgs
[2.283s] DEBUG:colcon.colcon_core.event_handler.log_command:Invoking command in '/home/scg1224/Final_Project/raspberry_pi_ws/build/apriltag_msgs': CMAKE_PREFIX_PATH=${CMAKE_PREFIX_PATH}:/opt/ros/humble /usr/bin/cmake --build /home/scg1224/Final_Project/raspberry_pi_ws/build/apriltag_msgs -- -j8 -l8
[2.341s] DEBUG:colcon.colcon_core.event_handler.log_command:Invoked command in '/home/scg1224/Final_Project/raspberry_pi_ws/build/turtlebot_control' returned '0': CMAKE_PREFIX_PATH=${CMAKE_PREFIX_PATH}:/opt/ros/humble /usr/bin/cmake /home/scg1224/Final_Project/raspberry_pi_ws/src/turtlebot_control -DCMAKE_INSTALL_PREFIX=/home/scg1224/Final_Project/raspberry_pi_ws/install/turtlebot_control
[2.343s] DEBUG:colcon.colcon_core.event_handler.log_command:Invoking command in '/home/scg1224/Final_Project/raspberry_pi_ws/build/turtlebot_control': CMAKE_PREFIX_PATH=${CMAKE_PREFIX_PATH}:/opt/ros/humble /usr/bin/cmake --build /home/scg1224/Final_Project/raspberry_pi_ws/build/turtlebot_control -- -j8 -l8
[5.557s] DEBUG:colcon.colcon_core.event_handler.log_command:Invoked command in '/home/scg1224/Final_Project/raspberry_pi_ws/build/apriltag_msgs' returned '0': CMAKE_PREFIX_PATH=${CMAKE_PREFIX_PATH}:/opt/ros/humble /usr/bin/cmake --build /home/scg1224/Final_Project/raspberry_pi_ws/build/apriltag_msgs -- -j8 -l8
[5.654s] DEBUG:colcon.colcon_core.event_handler.log_command:Invoking command in '/home/scg1224/Final_Project/raspberry_pi_ws/build/apriltag_msgs': CMAKE_PREFIX_PATH=${CMAKE_PREFIX_PATH}:/opt/ros/humble /usr/bin/cmake --install /home/scg1224/Final_Project/raspberry_pi_ws/build/apriltag_msgs
[5.716s] Level 1:colcon.colcon_core.environment:create_environment_scripts_only(apriltag_msgs)
[5.717s] DEBUG:colcon.colcon_core.event_handler.log_command:Invoked command in '/home/scg1224/Final_Project/raspberry_pi_ws/build/apriltag_msgs' returned '0': CMAKE_PREFIX_PATH=${CMAKE_PREFIX_PATH}:/opt/ros/humble /usr/bin/cmake --install /home/scg1224/Final_Project/raspberry_pi_ws/build/apriltag_msgs
[5.720s] Level 1:colcon.colcon_core.environment:checking '/home/scg1224/Final_Project/raspberry_pi_ws/install/apriltag_msgs' for CMake module files
[5.721s] Level 1:colcon.colcon_core.environment:checking '/home/scg1224/Final_Project/raspberry_pi_ws/install/apriltag_msgs' for CMake config files
[5.721s] Level 1:colcon.colcon_core.shell:create_environment_hook('apriltag_msgs', 'cmake_prefix_path')
[5.722s] INFO:colcon.colcon_core.shell:Creating environment hook '/home/scg1224/Final_Project/raspberry_pi_ws/install/apriltag_msgs/share/apriltag_msgs/hook/cmake_prefix_path.ps1'
[5.723s] INFO:colcon.colcon_core.shell:Creating environment descriptor '/home/scg1224/Final_Project/raspberry_pi_ws/install/apriltag_msgs/share/apriltag_msgs/hook/cmake_prefix_path.dsv'
[5.723s] INFO:colcon.colcon_core.shell:Creating environment hook '/home/scg1224/Final_Project/raspberry_pi_ws/install/apriltag_msgs/share/apriltag_msgs/hook/cmake_prefix_path.sh'
[5.724s] Level 1:colcon.colcon_core.environment:checking '/home/scg1224/Final_Project/raspberry_pi_ws/install/apriltag_msgs/lib'
[5.724s] Level 1:colcon.colcon_core.shell:create_environment_hook('apriltag_msgs', 'ld_library_path_lib')
[5.725s] INFO:colcon.colcon_core.shell:Creating environment hook '/home/scg1224/Final_Project/raspberry_pi_ws/install/apriltag_msgs/share/apriltag_msgs/hook/ld_library_path_lib.ps1'
[5.725s] INFO:colcon.colcon_core.shell:Creating environment descriptor '/home/scg1224/Final_Project/raspberry_pi_ws/install/apriltag_msgs/share/apriltag_msgs/hook/ld_library_path_lib.dsv'
[5.726s] INFO:colcon.colcon_core.shell:Creating environment hook '/home/scg1224/Final_Project/raspberry_pi_ws/install/apriltag_msgs/share/apriltag_msgs/hook/ld_library_path_lib.sh'
[5.726s] Level 1:colcon.colcon_core.environment:checking '/home/scg1224/Final_Project/raspberry_pi_ws/install/apriltag_msgs/bin'
[5.726s] Level 1:colcon.colcon_core.environment:checking '/home/scg1224/Final_Project/raspberry_pi_ws/install/apriltag_msgs/lib/pkgconfig/apriltag_msgs.pc'
[5.726s] Level 1:colcon.colcon_core.environment:checking '/home/scg1224/Final_Project/raspberry_pi_ws/install/apriltag_msgs/lib/python3.10/site-packages'
[5.726s] Level 1:colcon.colcon_core.environment:checking '/home/scg1224/Final_Project/raspberry_pi_ws/install/apriltag_msgs/bin'
[5.728s] INFO:colcon.colcon_core.shell:Creating package script '/home/scg1224/Final_Project/raspberry_pi_ws/install/apriltag_msgs/share/apriltag_msgs/package.ps1'
[5.728s] INFO:colcon.colcon_core.shell:Creating package descriptor '/home/scg1224/Final_Project/raspberry_pi_ws/install/apriltag_msgs/share/apriltag_msgs/package.dsv'
[5.729s] INFO:colcon.colcon_core.shell:Creating package script '/home/scg1224/Final_Project/raspberry_pi_ws/install/apriltag_msgs/share/apriltag_msgs/package.sh'
[5.729s] INFO:colcon.colcon_core.shell:Creating package script '/home/scg1224/Final_Project/raspberry_pi_ws/install/apriltag_msgs/share/apriltag_msgs/package.bash'
[5.730s] INFO:colcon.colcon_core.shell:Creating package script '/home/scg1224/Final_Project/raspberry_pi_ws/install/apriltag_msgs/share/apriltag_msgs/package.zsh'
[5.730s] Level 1:colcon.colcon_core.environment:create_file_with_runtime_dependencies(/home/scg1224/Final_Project/raspberry_pi_ws/install/apriltag_msgs/share/colcon-core/packages/apriltag_msgs)
[5.816s] Level 1:colcon.colcon_core.environment:create_environment_scripts_only(apriltag_msgs)
[5.818s] Level 1:colcon.colcon_core.environment:checking '/home/scg1224/Final_Project/raspberry_pi_ws/install/apriltag_msgs' for CMake module files
[5.818s] Level 1:colcon.colcon_core.environment:checking '/home/scg1224/Final_Project/raspberry_pi_ws/install/apriltag_msgs' for CMake config files
[5.818s] Level 1:colcon.colcon_core.shell:create_environment_hook('apriltag_msgs', 'cmake_prefix_path')
[5.820s] INFO:colcon.colcon_core.shell:Creating environment hook '/home/scg1224/Final_Project/raspberry_pi_ws/install/apriltag_msgs/share/apriltag_msgs/hook/cmake_prefix_path.ps1'
[5.820s] INFO:colcon.colcon_core.shell:Creating environment descriptor '/home/scg1224/Final_Project/raspberry_pi_ws/install/apriltag_msgs/share/apriltag_msgs/hook/cmake_prefix_path.dsv'
[5.820s] INFO:colcon.colcon_core.shell:Creating environment hook '/home/scg1224/Final_Project/raspberry_pi_ws/install/apriltag_msgs/share/apriltag_msgs/hook/cmake_prefix_path.sh'
[5.821s] Level 1:colcon.colcon_core.environment:checking '/home/scg1224/Final_Project/raspberry_pi_ws/install/apriltag_msgs/lib'
[5.821s] Level 1:colcon.colcon_core.shell:create_environment_hook('apriltag_msgs', 'ld_library_path_lib')
[5.822s] INFO:colcon.colcon_core.shell:Creating environment hook '/home/scg1224/Final_Project/raspberry_pi_ws/install/apriltag_msgs/share/apriltag_msgs/hook/ld_library_path_lib.ps1'
[5.822s] INFO:colcon.colcon_core.shell:Creating environment descriptor '/home/scg1224/Final_Project/raspberry_pi_ws/install/apriltag_msgs/share/apriltag_msgs/hook/ld_library_path_lib.dsv'
[5.823s] INFO:colcon.colcon_core.shell:Creating environment hook '/home/scg1224/Final_Project/raspberry_pi_ws/install/apriltag_msgs/share/apriltag_msgs/hook/ld_library_path_lib.sh'
[5.823s] Level 1:colcon.colcon_core.environment:checking '/home/scg1224/Final_Project/raspberry_pi_ws/install/apriltag_msgs/bin'
[5.823s] Level 1:colcon.colcon_core.environment:checking '/home/scg1224/Final_Project/raspberry_pi_ws/install/apriltag_msgs/lib/pkgconfig/apriltag_msgs.pc'
[5.823s] Level 1:colcon.colcon_core.environment:checking '/home/scg1224/Final_Project/raspberry_pi_ws/install/apriltag_msgs/lib/python3.10/site-packages'
[5.823s] Level 1:colcon.colcon_core.environment:checking '/home/scg1224/Final_Project/raspberry_pi_ws/install/apriltag_msgs/bin'
[5.825s] INFO:colcon.colcon_core.shell:Creating package script '/home/scg1224/Final_Project/raspberry_pi_ws/install/apriltag_msgs/share/apriltag_msgs/package.ps1'
[5.825s] INFO:colcon.colcon_core.shell:Creating package descriptor '/home/scg1224/Final_Project/raspberry_pi_ws/install/apriltag_msgs/share/apriltag_msgs/package.dsv'
[5.825s] INFO:colcon.colcon_core.shell:Creating package script '/home/scg1224/Final_Project/raspberry_pi_ws/install/apriltag_msgs/share/apriltag_msgs/package.sh'
[5.826s] INFO:colcon.colcon_core.shell:Creating package script '/home/scg1224/Final_Project/raspberry_pi_ws/install/apriltag_msgs/share/apriltag_msgs/package.bash'
[5.826s] INFO:colcon.colcon_core.shell:Creating package script '/home/scg1224/Final_Project/raspberry_pi_ws/install/apriltag_msgs/share/apriltag_msgs/package.zsh'
[5.826s] Level 1:colcon.colcon_core.environment:create_file_with_runtime_dependencies(/home/scg1224/Final_Project/raspberry_pi_ws/install/apriltag_msgs/share/colcon-core/packages/apriltag_msgs)
[5.826s] INFO:colcon.colcon_ros.task.ament_cmake.build:Building ROS package in '/home/scg1224/Final_Project/raspberry_pi_ws/src/apriltag_ros' with build type 'ament_cmake'
[5.827s] INFO:colcon.colcon_cmake.task.cmake.build:Building CMake package in '/home/scg1224/Final_Project/raspberry_pi_ws/src/apriltag_ros'
[5.828s] INFO:colcon.colcon_core.shell:Skip shell extension 'powershell' for command environment: Not usable outside of PowerShell
[5.828s] DEBUG:colcon.colcon_core.shell:Skip shell extension 'dsv' for command environment
[5.840s] DEBUG:colcon.colcon_core.event_handler.log_command:Invoking command in '/home/scg1224/Final_Project/raspberry_pi_ws/build/apriltag_ros': AMENT_PREFIX_PATH=/home/scg1224/Final_Project/raspberry_pi_ws/install/apriltag_msgs:${AMENT_PREFIX_PATH} CMAKE_PREFIX_PATH=/home/scg1224/Final_Project/raspberry_pi_ws/install/apriltag_msgs:/home/scg1224/nuws/install:/opt/ros/humble LD_LIBRARY_PATH=/home/scg1224/Final_Project/raspberry_pi_ws/install/apriltag_msgs/lib:${LD_LIBRARY_PATH} PYTHONPATH=/home/scg1224/Final_Project/raspberry_pi_ws/install/apriltag_msgs/local/lib/python3.10/dist-packages:${PYTHONPATH} /usr/bin/cmake /home/scg1224/Final_Project/raspberry_pi_ws/src/apriltag_ros -DCMAKE_INSTALL_PREFIX=/home/scg1224/Final_Project/raspberry_pi_ws/install/apriltag_ros
[6.945s] DEBUG:colcon.colcon_core.event_handler.log_command:Invoked command in '/home/scg1224/Final_Project/raspberry_pi_ws/build/turtlebot_control' returned '0': CMAKE_PREFIX_PATH=${CMAKE_PREFIX_PATH}:/opt/ros/humble /usr/bin/cmake --build /home/scg1224/Final_Project/raspberry_pi_ws/build/turtlebot_control -- -j8 -l8
[6.964s] DEBUG:colcon.colcon_core.event_handler.log_command:Invoking command in '/home/scg1224/Final_Project/raspberry_pi_ws/build/turtlebot_control': CMAKE_PREFIX_PATH=${CMAKE_PREFIX_PATH}:/opt/ros/humble /usr/bin/cmake --install /home/scg1224/Final_Project/raspberry_pi_ws/build/turtlebot_control
[6.970s] Level 1:colcon.colcon_core.environment:create_environment_scripts_only(turtlebot_control)
[6.973s] Level 1:colcon.colcon_core.environment:checking '/home/scg1224/Final_Project/raspberry_pi_ws/install/turtlebot_control' for CMake module files
[6.973s] DEBUG:colcon.colcon_core.event_handler.log_command:Invoked command in '/home/scg1224/Final_Project/raspberry_pi_ws/build/turtlebot_control' returned '0': CMAKE_PREFIX_PATH=${CMAKE_PREFIX_PATH}:/opt/ros/humble /usr/bin/cmake --install /home/scg1224/Final_Project/raspberry_pi_ws/build/turtlebot_control
[6.974s] Level 1:colcon.colcon_core.environment:checking '/home/scg1224/Final_Project/raspberry_pi_ws/install/turtlebot_control' for CMake config files
[6.974s] Level 1:colcon.colcon_core.shell:create_environment_hook('turtlebot_control', 'cmake_prefix_path')
[6.975s] INFO:colcon.colcon_core.shell:Creating environment hook '/home/scg1224/Final_Project/raspberry_pi_ws/install/turtlebot_control/share/turtlebot_control/hook/cmake_prefix_path.ps1'
[6.976s] INFO:colcon.colcon_core.shell:Creating environment descriptor '/home/scg1224/Final_Project/raspberry_pi_ws/install/turtlebot_control/share/turtlebot_control/hook/cmake_prefix_path.dsv'
[6.976s] INFO:colcon.colcon_core.shell:Creating environment hook '/home/scg1224/Final_Project/raspberry_pi_ws/install/turtlebot_control/share/turtlebot_control/hook/cmake_prefix_path.sh'
[6.977s] Level 1:colcon.colcon_core.environment:checking '/home/scg1224/Final_Project/raspberry_pi_ws/install/turtlebot_control/lib'
[6.977s] Level 1:colcon.colcon_core.environment:checking '/home/scg1224/Final_Project/raspberry_pi_ws/install/turtlebot_control/bin'
[6.977s] Level 1:colcon.colcon_core.environment:checking '/home/scg1224/Final_Project/raspberry_pi_ws/install/turtlebot_control/lib/pkgconfig/turtlebot_control.pc'
[6.977s] Level 1:colcon.colcon_core.environment:checking '/home/scg1224/Final_Project/raspberry_pi_ws/install/turtlebot_control/lib/python3.10/site-packages'
[6.978s] Level 1:colcon.colcon_core.environment:checking '/home/scg1224/Final_Project/raspberry_pi_ws/install/turtlebot_control/bin'
[6.979s] INFO:colcon.colcon_core.shell:Creating package script '/home/scg1224/Final_Project/raspberry_pi_ws/install/turtlebot_control/share/turtlebot_control/package.ps1'
[6.979s] INFO:colcon.colcon_core.shell:Creating package descriptor '/home/scg1224/Final_Project/raspberry_pi_ws/install/turtlebot_control/share/turtlebot_control/package.dsv'
[6.980s] INFO:colcon.colcon_core.shell:Creating package script '/home/scg1224/Final_Project/raspberry_pi_ws/install/turtlebot_control/share/turtlebot_control/package.sh'
[6.980s] INFO:colcon.colcon_core.shell:Creating package script '/home/scg1224/Final_Project/raspberry_pi_ws/install/turtlebot_control/share/turtlebot_control/package.bash'
[6.980s] INFO:colcon.colcon_core.shell:Creating package script '/home/scg1224/Final_Project/raspberry_pi_ws/install/turtlebot_control/share/turtlebot_control/package.zsh'
[6.981s] Level 1:colcon.colcon_core.environment:create_file_with_runtime_dependencies(/home/scg1224/Final_Project/raspberry_pi_ws/install/turtlebot_control/share/colcon-core/packages/turtlebot_control)
[7.004s] Level 1:colcon.colcon_core.environment:create_environment_scripts_only(turtlebot_control)
[7.006s] Level 1:colcon.colcon_core.environment:checking '/home/scg1224/Final_Project/raspberry_pi_ws/install/turtlebot_control' for CMake module files
[7.006s] Level 1:colcon.colcon_core.environment:checking '/home/scg1224/Final_Project/raspberry_pi_ws/install/turtlebot_control' for CMake config files
[7.006s] Level 1:colcon.colcon_core.shell:create_environment_hook('turtlebot_control', 'cmake_prefix_path')
[7.007s] INFO:colcon.colcon_core.shell:Creating environment hook '/home/scg1224/Final_Project/raspberry_pi_ws/install/turtlebot_control/share/turtlebot_control/hook/cmake_prefix_path.ps1'
[7.008s] INFO:colcon.colcon_core.shell:Creating environment descriptor '/home/scg1224/Final_Project/raspberry_pi_ws/install/turtlebot_control/share/turtlebot_control/hook/cmake_prefix_path.dsv'
[7.009s] INFO:colcon.colcon_core.shell:Creating environment hook '/home/scg1224/Final_Project/raspberry_pi_ws/install/turtlebot_control/share/turtlebot_control/hook/cmake_prefix_path.sh'
[7.009s] Level 1:colcon.colcon_core.environment:checking '/home/scg1224/Final_Project/raspberry_pi_ws/install/turtlebot_control/lib'
[7.009s] Level 1:colcon.colcon_core.environment:checking '/home/scg1224/Final_Project/raspberry_pi_ws/install/turtlebot_control/bin'
[7.009s] Level 1:colcon.colcon_core.environment:checking '/home/scg1224/Final_Project/raspberry_pi_ws/install/turtlebot_control/lib/pkgconfig/turtlebot_control.pc'
[7.009s] Level 1:colcon.colcon_core.environment:checking '/home/scg1224/Final_Project/raspberry_pi_ws/install/turtlebot_control/lib/python3.10/site-packages'
[7.010s] Level 1:colcon.colcon_core.environment:checking '/home/scg1224/Final_Project/raspberry_pi_ws/install/turtlebot_control/bin'
[7.011s] INFO:colcon.colcon_core.shell:Creating package script '/home/scg1224/Final_Project/raspberry_pi_ws/install/turtlebot_control/share/turtlebot_control/package.ps1'
[7.011s] INFO:colcon.colcon_core.shell:Creating package descriptor '/home/scg1224/Final_Project/raspberry_pi_ws/install/turtlebot_control/share/turtlebot_control/package.dsv'
[7.011s] INFO:colcon.colcon_core.shell:Creating package script '/home/scg1224/Final_Project/raspberry_pi_ws/install/turtlebot_control/share/turtlebot_control/package.sh'
[7.012s] INFO:colcon.colcon_core.shell:Creating package script '/home/scg1224/Final_Project/raspberry_pi_ws/install/turtlebot_control/share/turtlebot_control/package.bash'
[7.012s] INFO:colcon.colcon_core.shell:Creating package script '/home/scg1224/Final_Project/raspberry_pi_ws/install/turtlebot_control/share/turtlebot_control/package.zsh'
[7.012s] Level 1:colcon.colcon_core.environment:create_file_with_runtime_dependencies(/home/scg1224/Final_Project/raspberry_pi_ws/install/turtlebot_control/share/colcon-core/packages/turtlebot_control)
[7.654s] DEBUG:colcon.colcon_core.event_handler.log_command:Invoked command in '/home/scg1224/Final_Project/raspberry_pi_ws/build/apriltag_ros' returned '1': AMENT_PREFIX_PATH=/home/scg1224/Final_Project/raspberry_pi_ws/install/apriltag_msgs:${AMENT_PREFIX_PATH} CMAKE_PREFIX_PATH=/home/scg1224/Final_Project/raspberry_pi_ws/install/apriltag_msgs:/home/scg1224/nuws/install:/opt/ros/humble LD_LIBRARY_PATH=/home/scg1224/Final_Project/raspberry_pi_ws/install/apriltag_msgs/lib:${LD_LIBRARY_PATH} PYTHONPATH=/home/scg1224/Final_Project/raspberry_pi_ws/install/apriltag_msgs/local/lib/python3.10/dist-packages:${PYTHONPATH} /usr/bin/cmake /home/scg1224/Final_Project/raspberry_pi_ws/src/apriltag_ros -DCMAKE_INSTALL_PREFIX=/home/scg1224/Final_Project/raspberry_pi_ws/install/apriltag_ros
[7.658s] Level 1:colcon.colcon_core.environment:create_environment_scripts_only(apriltag_ros)
[7.660s] Level 1:colcon.colcon_core.environment:checking '/home/scg1224/Final_Project/raspberry_pi_ws/install/apriltag_ros' for CMake module files
[7.660s] Level 1:colcon.colcon_core.environment:checking '/home/scg1224/Final_Project/raspberry_pi_ws/install/apriltag_ros' for CMake config files
[7.660s] Level 1:colcon.colcon_core.environment:checking '/home/scg1224/Final_Project/raspberry_pi_ws/install/apriltag_ros/bin'
[7.660s] Level 1:colcon.colcon_core.environment:checking '/home/scg1224/Final_Project/raspberry_pi_ws/install/apriltag_ros/lib/pkgconfig/apriltag_ros.pc'
[7.660s] Level 1:colcon.colcon_core.environment:checking '/home/scg1224/Final_Project/raspberry_pi_ws/install/apriltag_ros/lib/python3.10/site-packages'
[7.661s] Level 1:colcon.colcon_core.environment:checking '/home/scg1224/Final_Project/raspberry_pi_ws/install/apriltag_ros/bin'
[7.662s] INFO:colcon.colcon_core.shell:Creating package script '/home/scg1224/Final_Project/raspberry_pi_ws/install/apriltag_ros/share/apriltag_ros/package.ps1'
[7.662s] INFO:colcon.colcon_core.shell:Creating package descriptor '/home/scg1224/Final_Project/raspberry_pi_ws/install/apriltag_ros/share/apriltag_ros/package.dsv'
[7.662s] INFO:colcon.colcon_core.shell:Creating package script '/home/scg1224/Final_Project/raspberry_pi_ws/install/apriltag_ros/share/apriltag_ros/package.sh'
[7.662s] INFO:colcon.colcon_core.shell:Creating package script '/home/scg1224/Final_Project/raspberry_pi_ws/install/apriltag_ros/share/apriltag_ros/package.bash'
[7.662s] INFO:colcon.colcon_core.shell:Creating package script '/home/scg1224/Final_Project/raspberry_pi_ws/install/apriltag_ros/share/apriltag_ros/package.zsh'
[7.663s] Level 1:colcon.colcon_core.environment:create_file_with_runtime_dependencies(/home/scg1224/Final_Project/raspberry_pi_ws/install/apriltag_ros/share/colcon-core/packages/apriltag_ros)
[7.673s] DEBUG:colcon.colcon_parallel_executor.executor.parallel:closing loop
[7.673s] DEBUG:colcon.colcon_parallel_executor.executor.parallel:loop closed
[7.673s] DEBUG:colcon.colcon_parallel_executor.executor.parallel:run_until_complete finished with '1'
[7.673s] DEBUG:colcon.colcon_core.event_reactor:joining thread
[7.678s] INFO:colcon.colcon_core.plugin_system:Skipping extension 'colcon_notification.desktop_notification.terminal_notifier': Not used on non-Darwin systems
[7.678s] INFO:colcon.colcon_core.plugin_system:Skipping extension 'colcon_notification.desktop_notification.win32': Not used on non-Windows systems
[7.678s] INFO:colcon.colcon_notification.desktop_notification:Sending desktop notification using 'notify2'
[7.692s] DEBUG:colcon.colcon_core.event_reactor:joined thread
[7.694s] INFO:colcon.colcon_core.shell:Creating prefix script '/home/scg1224/Final_Project/raspberry_pi_ws/install/local_setup.ps1'
[7.695s] INFO:colcon.colcon_core.shell:Creating prefix util module '/home/scg1224/Final_Project/raspberry_pi_ws/install/_local_setup_util_ps1.py'
[7.697s] INFO:colcon.colcon_core.shell:Creating prefix chain script '/home/scg1224/Final_Project/raspberry_pi_ws/install/setup.ps1'
[7.698s] INFO:colcon.colcon_core.shell:Creating prefix script '/home/scg1224/Final_Project/raspberry_pi_ws/install/local_setup.sh'
[7.699s] INFO:colcon.colcon_core.shell:Creating prefix util module '/home/scg1224/Final_Project/raspberry_pi_ws/install/_local_setup_util_sh.py'
[7.699s] INFO:colcon.colcon_core.shell:Creating prefix chain script '/home/scg1224/Final_Project/raspberry_pi_ws/install/setup.sh'
[7.701s] INFO:colcon.colcon_core.shell:Creating prefix script '/home/scg1224/Final_Project/raspberry_pi_ws/install/local_setup.bash'
[7.701s] INFO:colcon.colcon_core.shell:Creating prefix chain script '/home/scg1224/Final_Project/raspberry_pi_ws/install/setup.bash'
[7.702s] INFO:colcon.colcon_core.shell:Creating prefix script '/home/scg1224/Final_Project/raspberry_pi_ws/install/local_setup.zsh'
[7.702s] INFO:colcon.colcon_core.shell:Creating prefix chain script '/home/scg1224/Final_Project/raspberry_pi_ws/install/setup.zsh'
