[0.278s] DEBUG:colcon:Command line arguments: ['/usr/bin/colcon', 'build']
[0.278s] DEBUG:colcon:Parsed command line arguments: Namespace(log_base=None, log_level=None, verb_name='build', build_base='build', install_base='install', merge_install=False, symlink_install=False, test_result_base=None, continue_on_error=False, executor='parallel', parallel_workers=8, event_handlers=None, ignore_user_meta=False, metas=['./colcon.meta'], base_paths=['.'], packages_ignore=None, packages_ignore_regex=None, paths=None, packages_up_to=None, packages_up_to_regex=None, packages_above=None, packages_above_and_dependencies=None, packages_above_depth=None, packages_select_by_dep=None, packages_skip_by_dep=None, packages_skip_up_to=None, packages_select_build_failed=False, packages_skip_build_finished=False, packages_select_test_failures=False, packages_skip_test_passed=False, packages_select=None, packages_skip=None, packages_select_regex=None, packages_skip_regex=None, packages_start=None, packages_end=None, allow_overriding=[], cmake_args=None, cmake_target=None, cmake_target_skip_unavailable=False, cmake_clean_cache=False, cmake_clean_first=False, cmake_force_configure=False, ament_cmake_args=None, catkin_cmake_args=None, catkin_skip_building_tests=False, mixin_files=None, mixin=None, verb_parser=<colcon_mixin.mixin.mixin_argument.MixinArgumentDecorator object at 0x7f5dc40cbc10>, verb_extension=<colcon_core.verb.build.BuildVerb object at 0x7f5dc4ac5570>, main=<bound method BuildVerb.main of <colcon_core.verb.build.BuildVerb object at 0x7f5dc4ac5570>>, mixin_verb=('build',))
[0.297s] Level 1:colcon.colcon_core.package_discovery:discover_packages(colcon_meta) check parameters
[0.297s] Level 1:colcon.colcon_core.package_discovery:discover_packages(recursive) check parameters
[0.297s] Level 1:colcon.colcon_core.package_discovery:discover_packages(ignore) check parameters
[0.297s] Level 1:colcon.colcon_core.package_discovery:discover_packages(path) check parameters
[0.297s] Level 1:colcon.colcon_core.package_discovery:discover_packages(colcon_meta) discover
[0.297s] Level 1:colcon.colcon_core.package_discovery:discover_packages(recursive) discover
[0.297s] INFO:colcon.colcon_core.package_discovery:Crawling recursively for packages in '/home/megsindelar/Final_Project/raspberry_pi_ws'
[0.297s] Level 1:colcon.colcon_core.package_identification:_identify(.) by extensions ['ignore', 'ignore_ament_install']
[0.297s] Level 1:colcon.colcon_core.package_identification:_identify(.) by extension 'ignore'
[0.297s] Level 1:colcon.colcon_core.package_identification:_identify(.) by extension 'ignore_ament_install'
[0.297s] Level 1:colcon.colcon_core.package_identification:_identify(.) by extensions ['colcon_pkg']
[0.297s] Level 1:colcon.colcon_core.package_identification:_identify(.) by extension 'colcon_pkg'
[0.298s] Level 1:colcon.colcon_core.package_identification:_identify(.) by extensions ['colcon_meta']
[0.298s] Level 1:colcon.colcon_core.package_identification:_identify(.) by extension 'colcon_meta'
[0.298s] Level 1:colcon.colcon_core.package_identification:_identify(.) by extensions ['ros']
[0.298s] Level 1:colcon.colcon_core.package_identification:_identify(.) by extension 'ros'
[0.306s] Level 1:colcon.colcon_core.package_identification:_identify(.) by extensions ['cmake', 'python']
[0.306s] Level 1:colcon.colcon_core.package_identification:_identify(.) by extension 'cmake'
[0.306s] Level 1:colcon.colcon_core.package_identification:_identify(.) by extension 'python'
[0.306s] Level 1:colcon.colcon_core.package_identification:_identify(.) by extensions ['python_setup_py']
[0.306s] Level 1:colcon.colcon_core.package_identification:_identify(.) by extension 'python_setup_py'
[0.306s] Level 1:colcon.colcon_core.package_identification:_identify(aarch64_build) by extensions ['ignore', 'ignore_ament_install']
[0.306s] Level 1:colcon.colcon_core.package_identification:_identify(aarch64_build) by extension 'ignore'
[0.306s] Level 1:colcon.colcon_core.package_identification:_identify(aarch64_build) ignored
[0.306s] Level 1:colcon.colcon_core.package_identification:_identify(aarch64_install) by extensions ['ignore', 'ignore_ament_install']
[0.306s] Level 1:colcon.colcon_core.package_identification:_identify(aarch64_install) by extension 'ignore'
[0.306s] Level 1:colcon.colcon_core.package_identification:_identify(aarch64_install) ignored
[0.306s] Level 1:colcon.colcon_core.package_identification:_identify(build) by extensions ['ignore', 'ignore_ament_install']
[0.306s] Level 1:colcon.colcon_core.package_identification:_identify(build) by extension 'ignore'
[0.306s] Level 1:colcon.colcon_core.package_identification:_identify(build) ignored
[0.306s] Level 1:colcon.colcon_core.package_identification:_identify(install) by extensions ['ignore', 'ignore_ament_install']
[0.306s] Level 1:colcon.colcon_core.package_identification:_identify(install) by extension 'ignore'
[0.306s] Level 1:colcon.colcon_core.package_identification:_identify(install) ignored
[0.306s] Level 1:colcon.colcon_core.package_identification:_identify(log) by extensions ['ignore', 'ignore_ament_install']
[0.307s] Level 1:colcon.colcon_core.package_identification:_identify(log) by extension 'ignore'
[0.307s] Level 1:colcon.colcon_core.package_identification:_identify(log) ignored
[0.307s] Level 1:colcon.colcon_core.package_identification:_identify(src) by extensions ['ignore', 'ignore_ament_install']
[0.307s] Level 1:colcon.colcon_core.package_identification:_identify(src) by extension 'ignore'
[0.307s] Level 1:colcon.colcon_core.package_identification:_identify(src) by extension 'ignore_ament_install'
[0.307s] Level 1:colcon.colcon_core.package_identification:_identify(src) by extensions ['colcon_pkg']
[0.307s] Level 1:colcon.colcon_core.package_identification:_identify(src) by extension 'colcon_pkg'
[0.307s] Level 1:colcon.colcon_core.package_identification:_identify(src) by extensions ['colcon_meta']
[0.307s] Level 1:colcon.colcon_core.package_identification:_identify(src) by extension 'colcon_meta'
[0.307s] Level 1:colcon.colcon_core.package_identification:_identify(src) by extensions ['ros']
[0.307s] Level 1:colcon.colcon_core.package_identification:_identify(src) by extension 'ros'
[0.307s] Level 1:colcon.colcon_core.package_identification:_identify(src) by extensions ['cmake', 'python']
[0.307s] Level 1:colcon.colcon_core.package_identification:_identify(src) by extension 'cmake'
[0.307s] Level 1:colcon.colcon_core.package_identification:_identify(src) by extension 'python'
[0.307s] Level 1:colcon.colcon_core.package_identification:_identify(src) by extensions ['python_setup_py']
[0.307s] Level 1:colcon.colcon_core.package_identification:_identify(src) by extension 'python_setup_py'
[0.307s] Level 1:colcon.colcon_core.package_identification:_identify(src/turtlebot_control) by extensions ['ignore', 'ignore_ament_install']
[0.307s] Level 1:colcon.colcon_core.package_identification:_identify(src/turtlebot_control) by extension 'ignore'
[0.307s] Level 1:colcon.colcon_core.package_identification:_identify(src/turtlebot_control) by extension 'ignore_ament_install'
[0.307s] Level 1:colcon.colcon_core.package_identification:_identify(src/turtlebot_control) by extensions ['colcon_pkg']
[0.307s] Level 1:colcon.colcon_core.package_identification:_identify(src/turtlebot_control) by extension 'colcon_pkg'
[0.307s] Level 1:colcon.colcon_core.package_identification:_identify(src/turtlebot_control) by extensions ['colcon_meta']
[0.307s] Level 1:colcon.colcon_core.package_identification:_identify(src/turtlebot_control) by extension 'colcon_meta'
[0.307s] Level 1:colcon.colcon_core.package_identification:_identify(src/turtlebot_control) by extensions ['ros']
[0.307s] Level 1:colcon.colcon_core.package_identification:_identify(src/turtlebot_control) by extension 'ros'
[0.309s] DEBUG:colcon.colcon_core.package_identification:Package 'src/turtlebot_control' with type 'ros.ament_cmake' and name 'turtlebot_control'
[0.309s] Level 1:colcon.colcon_core.package_discovery:discover_packages(recursive) using defaults
[0.309s] Level 1:colcon.colcon_core.package_discovery:discover_packages(ignore) discover
[0.309s] Level 1:colcon.colcon_core.package_discovery:discover_packages(ignore) using defaults
[0.309s] Level 1:colcon.colcon_core.package_discovery:discover_packages(path) discover
[0.309s] Level 1:colcon.colcon_core.package_discovery:discover_packages(path) using defaults
[0.327s] Level 1:colcon.colcon_core.package_discovery:discover_packages(prefix_path) check parameters
[0.327s] Level 1:colcon.colcon_core.package_discovery:discover_packages(prefix_path) discover
[0.329s] DEBUG:colcon.colcon_installed_package_information.package_discovery:Found 40 installed packages in /home/megsindelar/nuws/install
[0.330s] DEBUG:colcon.colcon_installed_package_information.package_discovery:Found 7 installed packages in /home/megsindelar/ME_495/Final_Proj/install
[0.332s] DEBUG:colcon.colcon_installed_package_information.package_discovery:Found 393 installed packages in /opt/ros/humble
[0.333s] Level 1:colcon.colcon_core.package_discovery:discover_packages(prefix_path) using defaults
[0.384s] Level 5:colcon.colcon_core.verb:set package 'turtlebot_control' build argument 'cmake_args' from command line to 'None'
[0.384s] Level 5:colcon.colcon_core.verb:set package 'turtlebot_control' build argument 'cmake_target' from command line to 'None'
[0.384s] Level 5:colcon.colcon_core.verb:set package 'turtlebot_control' build argument 'cmake_target_skip_unavailable' from command line to 'False'
[0.384s] Level 5:colcon.colcon_core.verb:set package 'turtlebot_control' build argument 'cmake_clean_cache' from command line to 'False'
[0.384s] Level 5:colcon.colcon_core.verb:set package 'turtlebot_control' build argument 'cmake_clean_first' from command line to 'False'
[0.384s] Level 5:colcon.colcon_core.verb:set package 'turtlebot_control' build argument 'cmake_force_configure' from command line to 'False'
[0.384s] Level 5:colcon.colcon_core.verb:set package 'turtlebot_control' build argument 'ament_cmake_args' from command line to 'None'
[0.384s] Level 5:colcon.colcon_core.verb:set package 'turtlebot_control' build argument 'catkin_cmake_args' from command line to 'None'
[0.384s] Level 5:colcon.colcon_core.verb:set package 'turtlebot_control' build argument 'catkin_skip_building_tests' from command line to 'False'
[0.384s] DEBUG:colcon.colcon_core.verb:Building package 'turtlebot_control' with the following arguments: {'ament_cmake_args': None, 'build_base': '/home/megsindelar/Final_Project/raspberry_pi_ws/build/turtlebot_control', 'catkin_cmake_args': None, 'catkin_skip_building_tests': False, 'cmake_args': None, 'cmake_clean_cache': False, 'cmake_clean_first': False, 'cmake_force_configure': False, 'cmake_target': None, 'cmake_target_skip_unavailable': False, 'install_base': '/home/megsindelar/Final_Project/raspberry_pi_ws/install/turtlebot_control', 'merge_install': False, 'path': '/home/megsindelar/Final_Project/raspberry_pi_ws/src/turtlebot_control', 'symlink_install': False, 'test_result_base': None}
[0.385s] INFO:colcon.colcon_core.executor:Executing jobs using 'parallel' executor
[0.388s] DEBUG:colcon.colcon_parallel_executor.executor.parallel:run_until_complete
[0.388s] INFO:colcon.colcon_ros.task.ament_cmake.build:Building ROS package in '/home/megsindelar/Final_Project/raspberry_pi_ws/src/turtlebot_control' with build type 'ament_cmake'
[0.388s] INFO:colcon.colcon_cmake.task.cmake.build:Building CMake package in '/home/megsindelar/Final_Project/raspberry_pi_ws/src/turtlebot_control'
[0.391s] INFO:colcon.colcon_core.plugin_system:Skipping extension 'colcon_core.shell.bat': Not used on non-Windows systems
[0.392s] INFO:colcon.colcon_core.shell:Skip shell extension 'powershell' for command environment: Not usable outside of PowerShell
[0.392s] DEBUG:colcon.colcon_core.shell:Skip shell extension 'dsv' for command environment
[0.403s] DEBUG:colcon.colcon_core.event_handler.log_command:Invoking command in '/home/megsindelar/Final_Project/raspberry_pi_ws/build/turtlebot_control': CMAKE_PREFIX_PATH=${CMAKE_PREFIX_PATH}:/home/megsindelar/ME_495/Final_Proj/install/attack_of_the_franka:/home/megsindelar/ME_495/Final_Proj/install/moveit_testing:/opt/ros/humble /usr/bin/cmake --build /home/megsindelar/Final_Project/raspberry_pi_ws/build/turtlebot_control -- -j8 -l8
[3.386s] DEBUG:colcon.colcon_core.event_handler.log_command:Invoked command in '/home/megsindelar/Final_Project/raspberry_pi_ws/build/turtlebot_control' returned '0': CMAKE_PREFIX_PATH=${CMAKE_PREFIX_PATH}:/home/megsindelar/ME_495/Final_Proj/install/attack_of_the_franka:/home/megsindelar/ME_495/Final_Proj/install/moveit_testing:/opt/ros/humble /usr/bin/cmake --build /home/megsindelar/Final_Project/raspberry_pi_ws/build/turtlebot_control -- -j8 -l8
[3.445s] DEBUG:colcon.colcon_core.event_handler.log_command:Invoking command in '/home/megsindelar/Final_Project/raspberry_pi_ws/build/turtlebot_control': CMAKE_PREFIX_PATH=${CMAKE_PREFIX_PATH}:/home/megsindelar/ME_495/Final_Proj/install/attack_of_the_franka:/home/megsindelar/ME_495/Final_Proj/install/moveit_testing:/opt/ros/humble /usr/bin/cmake --install /home/megsindelar/Final_Project/raspberry_pi_ws/build/turtlebot_control
[3.457s] Level 1:colcon.colcon_core.environment:create_environment_scripts_only(turtlebot_control)
[3.457s] DEBUG:colcon.colcon_core.event_handler.log_command:Invoked command in '/home/megsindelar/Final_Project/raspberry_pi_ws/build/turtlebot_control' returned '0': CMAKE_PREFIX_PATH=${CMAKE_PREFIX_PATH}:/home/megsindelar/ME_495/Final_Proj/install/attack_of_the_franka:/home/megsindelar/ME_495/Final_Proj/install/moveit_testing:/opt/ros/humble /usr/bin/cmake --install /home/megsindelar/Final_Project/raspberry_pi_ws/build/turtlebot_control
[3.462s] Level 1:colcon.colcon_core.environment:checking '/home/megsindelar/Final_Project/raspberry_pi_ws/install/turtlebot_control' for CMake module files
[3.462s] Level 1:colcon.colcon_core.environment:checking '/home/megsindelar/Final_Project/raspberry_pi_ws/install/turtlebot_control' for CMake config files
[3.462s] Level 1:colcon.colcon_core.shell:create_environment_hook('turtlebot_control', 'cmake_prefix_path')
[3.463s] INFO:colcon.colcon_core.shell:Creating environment hook '/home/megsindelar/Final_Project/raspberry_pi_ws/install/turtlebot_control/share/turtlebot_control/hook/cmake_prefix_path.ps1'
[3.464s] INFO:colcon.colcon_core.shell:Creating environment descriptor '/home/megsindelar/Final_Project/raspberry_pi_ws/install/turtlebot_control/share/turtlebot_control/hook/cmake_prefix_path.dsv'
[3.464s] INFO:colcon.colcon_core.shell:Creating environment hook '/home/megsindelar/Final_Project/raspberry_pi_ws/install/turtlebot_control/share/turtlebot_control/hook/cmake_prefix_path.sh'
[3.465s] Level 1:colcon.colcon_core.environment:checking '/home/megsindelar/Final_Project/raspberry_pi_ws/install/turtlebot_control/lib'
[3.465s] Level 1:colcon.colcon_core.environment:checking '/home/megsindelar/Final_Project/raspberry_pi_ws/install/turtlebot_control/bin'
[3.465s] Level 1:colcon.colcon_core.environment:checking '/home/megsindelar/Final_Project/raspberry_pi_ws/install/turtlebot_control/lib/pkgconfig/turtlebot_control.pc'
[3.465s] Level 1:colcon.colcon_core.environment:checking '/home/megsindelar/Final_Project/raspberry_pi_ws/install/turtlebot_control/lib/python3.10/site-packages'
[3.465s] Level 1:colcon.colcon_core.environment:checking '/home/megsindelar/Final_Project/raspberry_pi_ws/install/turtlebot_control/bin'
[3.466s] INFO:colcon.colcon_core.shell:Creating package script '/home/megsindelar/Final_Project/raspberry_pi_ws/install/turtlebot_control/share/turtlebot_control/package.ps1'
[3.467s] INFO:colcon.colcon_core.shell:Creating package descriptor '/home/megsindelar/Final_Project/raspberry_pi_ws/install/turtlebot_control/share/turtlebot_control/package.dsv'
[3.467s] INFO:colcon.colcon_core.shell:Creating package script '/home/megsindelar/Final_Project/raspberry_pi_ws/install/turtlebot_control/share/turtlebot_control/package.sh'
[3.467s] INFO:colcon.colcon_core.shell:Creating package script '/home/megsindelar/Final_Project/raspberry_pi_ws/install/turtlebot_control/share/turtlebot_control/package.bash'
[3.468s] INFO:colcon.colcon_core.shell:Creating package script '/home/megsindelar/Final_Project/raspberry_pi_ws/install/turtlebot_control/share/turtlebot_control/package.zsh'
[3.468s] Level 1:colcon.colcon_core.environment:create_file_with_runtime_dependencies(/home/megsindelar/Final_Project/raspberry_pi_ws/install/turtlebot_control/share/colcon-core/packages/turtlebot_control)
[3.500s] Level 1:colcon.colcon_core.environment:create_environment_scripts_only(turtlebot_control)
[3.503s] Level 1:colcon.colcon_core.environment:checking '/home/megsindelar/Final_Project/raspberry_pi_ws/install/turtlebot_control' for CMake module files
[3.504s] Level 1:colcon.colcon_core.environment:checking '/home/megsindelar/Final_Project/raspberry_pi_ws/install/turtlebot_control' for CMake config files
[3.504s] Level 1:colcon.colcon_core.shell:create_environment_hook('turtlebot_control', 'cmake_prefix_path')
[3.505s] INFO:colcon.colcon_core.shell:Creating environment hook '/home/megsindelar/Final_Project/raspberry_pi_ws/install/turtlebot_control/share/turtlebot_control/hook/cmake_prefix_path.ps1'
[3.506s] INFO:colcon.colcon_core.shell:Creating environment descriptor '/home/megsindelar/Final_Project/raspberry_pi_ws/install/turtlebot_control/share/turtlebot_control/hook/cmake_prefix_path.dsv'
[3.506s] INFO:colcon.colcon_core.shell:Creating environment hook '/home/megsindelar/Final_Project/raspberry_pi_ws/install/turtlebot_control/share/turtlebot_control/hook/cmake_prefix_path.sh'
[3.507s] Level 1:colcon.colcon_core.environment:checking '/home/megsindelar/Final_Project/raspberry_pi_ws/install/turtlebot_control/lib'
[3.507s] Level 1:colcon.colcon_core.environment:checking '/home/megsindelar/Final_Project/raspberry_pi_ws/install/turtlebot_control/bin'
[3.507s] Level 1:colcon.colcon_core.environment:checking '/home/megsindelar/Final_Project/raspberry_pi_ws/install/turtlebot_control/lib/pkgconfig/turtlebot_control.pc'
[3.507s] Level 1:colcon.colcon_core.environment:checking '/home/megsindelar/Final_Project/raspberry_pi_ws/install/turtlebot_control/lib/python3.10/site-packages'
[3.507s] Level 1:colcon.colcon_core.environment:checking '/home/megsindelar/Final_Project/raspberry_pi_ws/install/turtlebot_control/bin'
[3.508s] INFO:colcon.colcon_core.shell:Creating package script '/home/megsindelar/Final_Project/raspberry_pi_ws/install/turtlebot_control/share/turtlebot_control/package.ps1'
[3.509s] INFO:colcon.colcon_core.shell:Creating package descriptor '/home/megsindelar/Final_Project/raspberry_pi_ws/install/turtlebot_control/share/turtlebot_control/package.dsv'
[3.509s] INFO:colcon.colcon_core.shell:Creating package script '/home/megsindelar/Final_Project/raspberry_pi_ws/install/turtlebot_control/share/turtlebot_control/package.sh'
[3.509s] INFO:colcon.colcon_core.shell:Creating package script '/home/megsindelar/Final_Project/raspberry_pi_ws/install/turtlebot_control/share/turtlebot_control/package.bash'
[3.509s] INFO:colcon.colcon_core.shell:Creating package script '/home/megsindelar/Final_Project/raspberry_pi_ws/install/turtlebot_control/share/turtlebot_control/package.zsh'
[3.510s] Level 1:colcon.colcon_core.environment:create_file_with_runtime_dependencies(/home/megsindelar/Final_Project/raspberry_pi_ws/install/turtlebot_control/share/colcon-core/packages/turtlebot_control)
[3.510s] DEBUG:colcon.colcon_parallel_executor.executor.parallel:closing loop
[3.510s] DEBUG:colcon.colcon_parallel_executor.executor.parallel:loop closed
[3.510s] DEBUG:colcon.colcon_parallel_executor.executor.parallel:run_until_complete finished with '0'
[3.510s] DEBUG:colcon.colcon_core.event_reactor:joining thread
[3.515s] INFO:colcon.colcon_core.plugin_system:Skipping extension 'colcon_notification.desktop_notification.terminal_notifier': Not used on non-Darwin systems
[3.515s] INFO:colcon.colcon_core.plugin_system:Skipping extension 'colcon_notification.desktop_notification.win32': Not used on non-Windows systems
[3.515s] INFO:colcon.colcon_notification.desktop_notification:Sending desktop notification using 'notify2'
[3.532s] DEBUG:colcon.colcon_core.event_reactor:joined thread
[3.533s] INFO:colcon.colcon_core.shell:Creating prefix script '/home/megsindelar/Final_Project/raspberry_pi_ws/install/local_setup.ps1'
[3.534s] INFO:colcon.colcon_core.shell:Creating prefix util module '/home/megsindelar/Final_Project/raspberry_pi_ws/install/_local_setup_util_ps1.py'
[3.536s] INFO:colcon.colcon_core.shell:Creating prefix chain script '/home/megsindelar/Final_Project/raspberry_pi_ws/install/setup.ps1'
[3.537s] INFO:colcon.colcon_core.shell:Creating prefix script '/home/megsindelar/Final_Project/raspberry_pi_ws/install/local_setup.sh'
[3.538s] INFO:colcon.colcon_core.shell:Creating prefix util module '/home/megsindelar/Final_Project/raspberry_pi_ws/install/_local_setup_util_sh.py'
[3.538s] INFO:colcon.colcon_core.shell:Creating prefix chain script '/home/megsindelar/Final_Project/raspberry_pi_ws/install/setup.sh'
[3.540s] INFO:colcon.colcon_core.shell:Creating prefix script '/home/megsindelar/Final_Project/raspberry_pi_ws/install/local_setup.bash'
[3.540s] INFO:colcon.colcon_core.shell:Creating prefix chain script '/home/megsindelar/Final_Project/raspberry_pi_ws/install/setup.bash'
[3.541s] INFO:colcon.colcon_core.shell:Creating prefix script '/home/megsindelar/Final_Project/raspberry_pi_ws/install/local_setup.zsh'
[3.542s] INFO:colcon.colcon_core.shell:Creating prefix chain script '/home/megsindelar/Final_Project/raspberry_pi_ws/install/setup.zsh'
