[0.011s] Invoking command in '/home/megsindelar/Final_Project/raspberry_pi_ws/build/turtlebot_control': CMAKE_PREFIX_PATH=${CMAKE_PREFIX_PATH}:/home/megsindelar/ME_495/Final_Proj/install/attack_of_the_franka:/home/megsindelar/ME_495/Final_Proj/install/moveit_testing:/opt/ros/humble /usr/bin/cmake --build /home/megsindelar/Final_Project/raspberry_pi_ws/build/turtlebot_control -- -j8 -l8
[0.026s] -- Found ament_cmake: 1.3.3 (/opt/ros/humble/share/ament_cmake/cmake)
[0.126s] -- Found rclcpp: 16.0.3 (/opt/ros/humble/share/rclcpp/cmake)
[0.144s] -- Found rosidl_generator_c: 3.1.4 (/opt/ros/humble/share/rosidl_generator_c/cmake)
[0.145s] -- Found rosidl_adapter: 3.1.4 (/opt/ros/humble/share/rosidl_adapter/cmake)
[0.149s] -- Found rosidl_generator_cpp: 3.1.4 (/opt/ros/humble/share/rosidl_generator_cpp/cmake)
[0.155s] -- Using all available rosidl_typesupport_c: rosidl_typesupport_fastrtps_c;rosidl_typesupport_introspection_c
[0.164s] -- Using all available rosidl_typesupport_cpp: rosidl_typesupport_fastrtps_cpp;rosidl_typesupport_introspection_cpp
[0.198s] -- Found rmw_implementation_cmake: 6.1.1 (/opt/ros/humble/share/rmw_implementation_cmake/cmake)
[0.199s] -- Found rmw_fastrtps_cpp: 6.2.2 (/opt/ros/humble/share/rmw_fastrtps_cpp/cmake)
[0.276s] -- Using RMW implementation 'rmw_fastrtps_cpp' as default
[0.370s] -- Found sensor_msgs: 4.2.3 (/opt/ros/humble/share/sensor_msgs/cmake)
[0.452s] -- Found cv_bridge: 3.2.1 (/opt/ros/humble/share/cv_bridge/cmake)
[0.456s] -- Found image_transport: 3.1.5 (/opt/ros/humble/share/image_transport/cmake)
[0.480s] -- Found ament_lint_auto: 0.12.5 (/opt/ros/humble/share/ament_lint_auto/cmake)
[0.531s] -- Added test 'cppcheck' to perform static code analysis on C / C++ code
[0.531s] -- Configured cppcheck include dirs: 
[0.531s] -- Configured cppcheck exclude dirs and/or files: 
[0.531s] -- Added test 'lint_cmake' to check CMake code style
[0.532s] -- Added test 'uncrustify' to check C / C++ code style
[0.532s] -- Configured uncrustify additional arguments: 
[0.532s] -- Added test 'xmllint' to check XML markup files
[0.533s] -- Configuring done
[0.541s] -- Generating done
[0.541s] -- Build files have been written to: /home/megsindelar/Final_Project/raspberry_pi_ws/build/turtlebot_control
[0.558s] [35m[1mConsolidate compiler generated dependencies of target turtlebot_control[0m
[0.569s] [100%] Built target turtlebot_control
[0.578s] Invoked command in '/home/megsindelar/Final_Project/raspberry_pi_ws/build/turtlebot_control' returned '0': CMAKE_PREFIX_PATH=${CMAKE_PREFIX_PATH}:/home/megsindelar/ME_495/Final_Proj/install/attack_of_the_franka:/home/megsindelar/ME_495/Final_Proj/install/moveit_testing:/opt/ros/humble /usr/bin/cmake --build /home/megsindelar/Final_Project/raspberry_pi_ws/build/turtlebot_control -- -j8 -l8
[0.607s] Invoking command in '/home/megsindelar/Final_Project/raspberry_pi_ws/build/turtlebot_control': CMAKE_PREFIX_PATH=${CMAKE_PREFIX_PATH}:/home/megsindelar/ME_495/Final_Proj/install/attack_of_the_franka:/home/megsindelar/ME_495/Final_Proj/install/moveit_testing:/opt/ros/humble /usr/bin/cmake --install /home/megsindelar/Final_Project/raspberry_pi_ws/build/turtlebot_control
[0.612s] -- Install configuration: ""
[0.613s] -- Up-to-date: /home/megsindelar/Final_Project/raspberry_pi_ws/install/turtlebot_control/lib/turtlebot_control/turtlebot_control
[0.613s] -- Installing: /home/megsindelar/Final_Project/raspberry_pi_ws/install/turtlebot_control/share/turtlebot_control/images
[0.614s] -- Installing: /home/megsindelar/Final_Project/raspberry_pi_ws/install/turtlebot_control/share/turtlebot_control/images/test_pic.png
[0.614s] -- Installing: /home/megsindelar/Final_Project/raspberry_pi_ws/install/turtlebot_control/share/turtlebot_control/images/image.jpg
[0.614s] -- Up-to-date: /home/megsindelar/Final_Project/raspberry_pi_ws/install/turtlebot_control/share/ament_index/resource_index/package_run_dependencies/turtlebot_control
[0.614s] -- Up-to-date: /home/megsindelar/Final_Project/raspberry_pi_ws/install/turtlebot_control/share/ament_index/resource_index/parent_prefix_path/turtlebot_control
[0.614s] -- Up-to-date: /home/megsindelar/Final_Project/raspberry_pi_ws/install/turtlebot_control/share/turtlebot_control/environment/ament_prefix_path.sh
[0.614s] -- Installing: /home/megsindelar/Final_Project/raspberry_pi_ws/install/turtlebot_control/share/turtlebot_control/environment/ament_prefix_path.dsv
[0.614s] -- Up-to-date: /home/megsindelar/Final_Project/raspberry_pi_ws/install/turtlebot_control/share/turtlebot_control/environment/path.sh
[0.614s] -- Installing: /home/megsindelar/Final_Project/raspberry_pi_ws/install/turtlebot_control/share/turtlebot_control/environment/path.dsv
[0.614s] -- Up-to-date: /home/megsindelar/Final_Project/raspberry_pi_ws/install/turtlebot_control/share/turtlebot_control/local_setup.bash
[0.614s] -- Up-to-date: /home/megsindelar/Final_Project/raspberry_pi_ws/install/turtlebot_control/share/turtlebot_control/local_setup.sh
[0.615s] -- Up-to-date: /home/megsindelar/Final_Project/raspberry_pi_ws/install/turtlebot_control/share/turtlebot_control/local_setup.zsh
[0.615s] -- Installing: /home/megsindelar/Final_Project/raspberry_pi_ws/install/turtlebot_control/share/turtlebot_control/local_setup.dsv
[0.615s] -- Installing: /home/megsindelar/Final_Project/raspberry_pi_ws/install/turtlebot_control/share/turtlebot_control/package.dsv
[0.615s] -- Up-to-date: /home/megsindelar/Final_Project/raspberry_pi_ws/install/turtlebot_control/share/ament_index/resource_index/packages/turtlebot_control
[0.615s] -- Up-to-date: /home/megsindelar/Final_Project/raspberry_pi_ws/install/turtlebot_control/share/turtlebot_control/cmake/turtlebot_controlConfig.cmake
[0.615s] -- Up-to-date: /home/megsindelar/Final_Project/raspberry_pi_ws/install/turtlebot_control/share/turtlebot_control/cmake/turtlebot_controlConfig-version.cmake
[0.615s] -- Up-to-date: /home/megsindelar/Final_Project/raspberry_pi_ws/install/turtlebot_control/share/turtlebot_control/package.xml
[0.617s] Invoked command in '/home/megsindelar/Final_Project/raspberry_pi_ws/build/turtlebot_control' returned '0': CMAKE_PREFIX_PATH=${CMAKE_PREFIX_PATH}:/home/megsindelar/ME_495/Final_Proj/install/attack_of_the_franka:/home/megsindelar/ME_495/Final_Proj/install/moveit_testing:/opt/ros/humble /usr/bin/cmake --install /home/megsindelar/Final_Project/raspberry_pi_ws/build/turtlebot_control
