[0.019s] Invoking command in '/home/scg1224/Final_Project/raspberry_pi_ws/build/apriltag_ros': CMAKE_PREFIX_PATH=${CMAKE_PREFIX_PATH}:/opt/ros/humble /usr/bin/cmake /home/scg1224/Final_Project/raspberry_pi_ws/src/apriltag_ros-master -DCMAKE_INSTALL_PREFIX=/home/scg1224/Final_Project/raspberry_pi_ws/install/apriltag_ros
[0.064s] -- The C compiler identification is GNU 11.3.0
[0.116s] -- The CXX compiler identification is GNU 11.3.0
[0.125s] -- Detecting C compiler ABI info
[0.178s] -- Detecting C compiler ABI info - done
[0.186s] -- Check for working C compiler: /usr/bin/cc - skipped
[0.186s] -- Detecting C compile features
[0.186s] -- Detecting C compile features - done
[0.190s] -- Detecting CXX compiler ABI info
[0.255s] -- Detecting CXX compiler ABI info - done
[0.262s] -- Check for working CXX compiler: /usr/bin/c++ - skipped
[0.262s] -- Detecting CXX compile features
[0.263s] -- Detecting CXX compile features - done
[0.266s] -- Found rclcpp: 16.0.4 (/opt/ros/humble/share/rclcpp/cmake)
[0.752s] -- Found Python3: /usr/bin/python3.10 (found version "3.10.6") found components: Interpreter 
[0.889s] -- Found rosidl_generator_c: 3.1.4 (/opt/ros/humble/share/rosidl_generator_c/cmake)
[0.894s] -- Found rosidl_adapter: 3.1.4 (/opt/ros/humble/share/rosidl_adapter/cmake)
[0.903s] -- Found rosidl_generator_cpp: 3.1.4 (/opt/ros/humble/share/rosidl_generator_cpp/cmake)
[0.916s] -- Using all available rosidl_typesupport_c: rosidl_typesupport_fastrtps_c;rosidl_typesupport_introspection_c
[0.934s] -- Using all available rosidl_typesupport_cpp: rosidl_typesupport_fastrtps_cpp;rosidl_typesupport_introspection_cpp
[1.002s] -- Found rmw_implementation_cmake: 6.1.1 (/opt/ros/humble/share/rmw_implementation_cmake/cmake)
[1.005s] -- Found rmw_fastrtps_cpp: 6.2.2 (/opt/ros/humble/share/rmw_fastrtps_cpp/cmake)
[1.098s] -- Found OpenSSL: /usr/lib/x86_64-linux-gnu/libcrypto.so (found version "3.0.2")  
[1.130s] -- Found FastRTPS: /opt/ros/humble/include  
[1.183s] -- Using RMW implementation 'rmw_fastrtps_cpp' as default
[1.192s] -- Performing Test CMAKE_HAVE_LIBC_PTHREAD
[1.248s] -- Performing Test CMAKE_HAVE_LIBC_PTHREAD - Success
[1.249s] -- Found Threads: TRUE  
[1.400s] -- Found rclcpp_components: 16.0.4 (/opt/ros/humble/share/rclcpp_components/cmake)
[1.470s] -- Found sensor_msgs: 4.2.3 (/opt/ros/humble/share/sensor_msgs/cmake)
[1.591s] -- Configuring incomplete, errors occurred!
[1.591s] See also "/home/scg1224/Final_Project/raspberry_pi_ws/build/apriltag_ros/CMakeFiles/CMakeOutput.log".
[1.591s] [31mCMake Error at CMakeLists.txt:38 (find_package):
[1.592s]   By not providing "Findapriltag_msgs.cmake" in CMAKE_MODULE_PATH this
[1.592s]   project has asked CMake to find a package configuration file provided by
[1.592s]   "apriltag_msgs", but CMake did not find one.
[1.592s] 
[1.592s]   Could not find a package configuration file provided by "apriltag_msgs"
[1.592s]   with any of the following names:
[1.592s] 
[1.592s]     apriltag_msgsConfig.cmake
[1.592s]     apriltag_msgs-config.cmake
[1.592s] 
[1.592s]   Add the installation prefix of "apriltag_msgs" to CMAKE_PREFIX_PATH or set
[1.592s]   "apriltag_msgs_DIR" to a directory containing one of the above files.  If
[1.592s]   "apriltag_msgs" provides a separate development package or SDK, be sure it
[1.593s]   has been installed.
[1.593s] 
[1.593s] [0m
[1.600s] Invoked command in '/home/scg1224/Final_Project/raspberry_pi_ws/build/apriltag_ros' returned '1': CMAKE_PREFIX_PATH=${CMAKE_PREFIX_PATH}:/opt/ros/humble /usr/bin/cmake /home/scg1224/Final_Project/raspberry_pi_ws/src/apriltag_ros-master -DCMAKE_INSTALL_PREFIX=/home/scg1224/Final_Project/raspberry_pi_ws/install/apriltag_ros
