[0.226s] DEBUG:colcon:Command line arguments: ['/usr/bin/colcon', 'build']
[0.226s] DEBUG:colcon:Parsed command line arguments: Namespace(log_base=None, log_level=None, verb_name='build', build_base='build', install_base='install', merge_install=False, symlink_install=False, test_result_base=None, continue_on_error=False, executor='parallel', parallel_workers=8, event_handlers=None, ignore_user_meta=False, metas=['./colcon.meta'], base_paths=['.'], packages_ignore=None, packages_ignore_regex=None, paths=None, packages_up_to=None, packages_up_to_regex=None, packages_above=None, packages_above_and_dependencies=None, packages_above_depth=None, packages_select_by_dep=None, packages_skip_by_dep=None, packages_skip_up_to=None, packages_select_build_failed=False, packages_skip_build_finished=False, packages_select_test_failures=False, packages_skip_test_passed=False, packages_select=None, packages_skip=None, packages_select_regex=None, packages_skip_regex=None, packages_start=None, packages_end=None, allow_overriding=[], cmake_args=None, cmake_target=None, cmake_target_skip_unavailable=False, cmake_clean_cache=False, cmake_clean_first=False, cmake_force_configure=False, ament_cmake_args=None, catkin_cmake_args=None, catkin_skip_building_tests=False, mixin_files=None, mixin=None, verb_parser=<colcon_mixin.mixin.mixin_argument.MixinArgumentDecorator object at 0x7f08d34a60b0>, verb_extension=<colcon_core.verb.build.BuildVerb object at 0x7f08d35b7730>, main=<bound method BuildVerb.main of <colcon_core.verb.build.BuildVerb object at 0x7f08d35b7730>>, mixin_verb=('build',))
[0.249s] Level 1:colcon.colcon_core.package_discovery:discover_packages(colcon_meta) check parameters
[0.249s] Level 1:colcon.colcon_core.package_discovery:discover_packages(recursive) check parameters
[0.249s] Level 1:colcon.colcon_core.package_discovery:discover_packages(ignore) check parameters
[0.249s] Level 1:colcon.colcon_core.package_discovery:discover_packages(path) check parameters
[0.249s] Level 1:colcon.colcon_core.package_discovery:discover_packages(colcon_meta) discover
[0.249s] Level 1:colcon.colcon_core.package_discovery:discover_packages(recursive) discover
[0.249s] INFO:colcon.colcon_core.package_discovery:Crawling recursively for packages in '/home/scg1224/Final_Project/raspberry_pi_ws'
[0.249s] Level 1:colcon.colcon_core.package_identification:_identify(.) by extensions ['ignore', 'ignore_ament_install']
[0.249s] Level 1:colcon.colcon_core.package_identification:_identify(.) by extension 'ignore'
[0.249s] Level 1:colcon.colcon_core.package_identification:_identify(.) by extension 'ignore_ament_install'
[0.249s] Level 1:colcon.colcon_core.package_identification:_identify(.) by extensions ['colcon_pkg']
[0.249s] Level 1:colcon.colcon_core.package_identification:_identify(.) by extension 'colcon_pkg'
[0.249s] Level 1:colcon.colcon_core.package_identification:_identify(.) by extensions ['colcon_meta']
[0.249s] Level 1:colcon.colcon_core.package_identification:_identify(.) by extension 'colcon_meta'
[0.249s] Level 1:colcon.colcon_core.package_identification:_identify(.) by extensions ['ros']
[0.249s] Level 1:colcon.colcon_core.package_identification:_identify(.) by extension 'ros'
[0.259s] Level 1:colcon.colcon_core.package_identification:_identify(.) by extensions ['cmake', 'python']
[0.259s] Level 1:colcon.colcon_core.package_identification:_identify(.) by extension 'cmake'
[0.259s] Level 1:colcon.colcon_core.package_identification:_identify(.) by extension 'python'
[0.259s] Level 1:colcon.colcon_core.package_identification:_identify(.) by extensions ['python_setup_py']
[0.259s] Level 1:colcon.colcon_core.package_identification:_identify(.) by extension 'python_setup_py'
[0.259s] Level 1:colcon.colcon_core.package_identification:_identify(aarch64_build) by extensions ['ignore', 'ignore_ament_install']
[0.260s] Level 1:colcon.colcon_core.package_identification:_identify(aarch64_build) by extension 'ignore'
[0.260s] Level 1:colcon.colcon_core.package_identification:_identify(aarch64_build) ignored
[0.260s] Level 1:colcon.colcon_core.package_identification:_identify(aarch64_install) by extensions ['ignore', 'ignore_ament_install']
[0.260s] Level 1:colcon.colcon_core.package_identification:_identify(aarch64_install) by extension 'ignore'
[0.260s] Level 1:colcon.colcon_core.package_identification:_identify(aarch64_install) ignored
[0.260s] Level 1:colcon.colcon_core.package_identification:_identify(build) by extensions ['ignore', 'ignore_ament_install']
[0.260s] Level 1:colcon.colcon_core.package_identification:_identify(build) by extension 'ignore'
[0.260s] Level 1:colcon.colcon_core.package_identification:_identify(build) ignored
[0.260s] Level 1:colcon.colcon_core.package_identification:_identify(install) by extensions ['ignore', 'ignore_ament_install']
[0.260s] Level 1:colcon.colcon_core.package_identification:_identify(install) by extension 'ignore'
[0.260s] Level 1:colcon.colcon_core.package_identification:_identify(install) ignored
[0.260s] Level 1:colcon.colcon_core.package_identification:_identify(log) by extensions ['ignore', 'ignore_ament_install']
[0.260s] Level 1:colcon.colcon_core.package_identification:_identify(log) by extension 'ignore'
[0.260s] Level 1:colcon.colcon_core.package_identification:_identify(log) ignored
[0.260s] Level 1:colcon.colcon_core.package_identification:_identify(src) by extensions ['ignore', 'ignore_ament_install']
[0.260s] Level 1:colcon.colcon_core.package_identification:_identify(src) by extension 'ignore'
[0.260s] Level 1:colcon.colcon_core.package_identification:_identify(src) by extension 'ignore_ament_install'
[0.260s] Level 1:colcon.colcon_core.package_identification:_identify(src) by extensions ['colcon_pkg']
[0.260s] Level 1:colcon.colcon_core.package_identification:_identify(src) by extension 'colcon_pkg'
[0.260s] Level 1:colcon.colcon_core.package_identification:_identify(src) by extensions ['colcon_meta']
[0.260s] Level 1:colcon.colcon_core.package_identification:_identify(src) by extension 'colcon_meta'
[0.260s] Level 1:colcon.colcon_core.package_identification:_identify(src) by extensions ['ros']
[0.260s] Level 1:colcon.colcon_core.package_identification:_identify(src) by extension 'ros'
[0.260s] Level 1:colcon.colcon_core.package_identification:_identify(src) by extensions ['cmake', 'python']
[0.260s] Level 1:colcon.colcon_core.package_identification:_identify(src) by extension 'cmake'
[0.260s] Level 1:colcon.colcon_core.package_identification:_identify(src) by extension 'python'
[0.260s] Level 1:colcon.colcon_core.package_identification:_identify(src) by extensions ['python_setup_py']
[0.260s] Level 1:colcon.colcon_core.package_identification:_identify(src) by extension 'python_setup_py'
[0.261s] Level 1:colcon.colcon_core.package_identification:_identify(src/apriltag) by extensions ['ignore', 'ignore_ament_install']
[0.261s] Level 1:colcon.colcon_core.package_identification:_identify(src/apriltag) by extension 'ignore'
[0.261s] Level 1:colcon.colcon_core.package_identification:_identify(src/apriltag) by extension 'ignore_ament_install'
[0.261s] Level 1:colcon.colcon_core.package_identification:_identify(src/apriltag) by extensions ['colcon_pkg']
[0.261s] Level 1:colcon.colcon_core.package_identification:_identify(src/apriltag) by extension 'colcon_pkg'
[0.261s] Level 1:colcon.colcon_core.package_identification:_identify(src/apriltag) by extensions ['colcon_meta']
[0.261s] Level 1:colcon.colcon_core.package_identification:_identify(src/apriltag) by extension 'colcon_meta'
[0.261s] Level 1:colcon.colcon_core.package_identification:_identify(src/apriltag) by extensions ['ros']
[0.261s] Level 1:colcon.colcon_core.package_identification:_identify(src/apriltag) by extension 'ros'
[0.264s] DEBUG:colcon.colcon_core.package_identification:Package 'src/apriltag' with type 'ros.cmake' and name 'apriltag'
[0.264s] Level 1:colcon.colcon_core.package_identification:_identify(src/apriltag_msgs) by extensions ['ignore', 'ignore_ament_install']
[0.264s] Level 1:colcon.colcon_core.package_identification:_identify(src/apriltag_msgs) by extension 'ignore'
[0.264s] Level 1:colcon.colcon_core.package_identification:_identify(src/apriltag_msgs) by extension 'ignore_ament_install'
[0.264s] Level 1:colcon.colcon_core.package_identification:_identify(src/apriltag_msgs) by extensions ['colcon_pkg']
[0.264s] Level 1:colcon.colcon_core.package_identification:_identify(src/apriltag_msgs) by extension 'colcon_pkg'
[0.264s] Level 1:colcon.colcon_core.package_identification:_identify(src/apriltag_msgs) by extensions ['colcon_meta']
[0.264s] Level 1:colcon.colcon_core.package_identification:_identify(src/apriltag_msgs) by extension 'colcon_meta'
[0.264s] Level 1:colcon.colcon_core.package_identification:_identify(src/apriltag_msgs) by extensions ['ros']
[0.265s] Level 1:colcon.colcon_core.package_identification:_identify(src/apriltag_msgs) by extension 'ros'
[0.265s] DEBUG:colcon.colcon_core.package_identification:Package 'src/apriltag_msgs' with type 'ros.ament_cmake' and name 'apriltag_msgs'
[0.265s] Level 1:colcon.colcon_core.package_identification:_identify(src/apriltag_ros) by extensions ['ignore', 'ignore_ament_install']
[0.265s] Level 1:colcon.colcon_core.package_identification:_identify(src/apriltag_ros) by extension 'ignore'
[0.265s] Level 1:colcon.colcon_core.package_identification:_identify(src/apriltag_ros) by extension 'ignore_ament_install'
[0.265s] Level 1:colcon.colcon_core.package_identification:_identify(src/apriltag_ros) by extensions ['colcon_pkg']
[0.265s] Level 1:colcon.colcon_core.package_identification:_identify(src/apriltag_ros) by extension 'colcon_pkg'
[0.265s] Level 1:colcon.colcon_core.package_identification:_identify(src/apriltag_ros) by extensions ['colcon_meta']
[0.265s] Level 1:colcon.colcon_core.package_identification:_identify(src/apriltag_ros) by extension 'colcon_meta'
[0.265s] Level 1:colcon.colcon_core.package_identification:_identify(src/apriltag_ros) by extensions ['ros']
[0.265s] Level 1:colcon.colcon_core.package_identification:_identify(src/apriltag_ros) by extension 'ros'
[0.266s] DEBUG:colcon.colcon_core.package_identification:Package 'src/apriltag_ros' with type 'ros.ament_cmake' and name 'apriltag_ros'
[0.266s] Level 1:colcon.colcon_core.package_identification:_identify(src/turtlebot_control) by extensions ['ignore', 'ignore_ament_install']
[0.266s] Level 1:colcon.colcon_core.package_identification:_identify(src/turtlebot_control) by extension 'ignore'
[0.266s] Level 1:colcon.colcon_core.package_identification:_identify(src/turtlebot_control) by extension 'ignore_ament_install'
[0.266s] Level 1:colcon.colcon_core.package_identification:_identify(src/turtlebot_control) by extensions ['colcon_pkg']
[0.266s] Level 1:colcon.colcon_core.package_identification:_identify(src/turtlebot_control) by extension 'colcon_pkg'
[0.266s] Level 1:colcon.colcon_core.package_identification:_identify(src/turtlebot_control) by extensions ['colcon_meta']
[0.266s] Level 1:colcon.colcon_core.package_identification:_identify(src/turtlebot_control) by extension 'colcon_meta'
[0.266s] Level 1:colcon.colcon_core.package_identification:_identify(src/turtlebot_control) by extensions ['ros']
[0.266s] Level 1:colcon.colcon_core.package_identification:_identify(src/turtlebot_control) by extension 'ros'
[0.267s] DEBUG:colcon.colcon_core.package_identification:Package 'src/turtlebot_control' with type 'ros.ament_cmake' and name 'turtlebot_control'
[0.267s] Level 1:colcon.colcon_core.package_discovery:discover_packages(recursive) using defaults
[0.267s] Level 1:colcon.colcon_core.package_discovery:discover_packages(ignore) discover
[0.267s] Level 1:colcon.colcon_core.package_discovery:discover_packages(ignore) using defaults
[0.267s] Level 1:colcon.colcon_core.package_discovery:discover_packages(path) discover
[0.267s] Level 1:colcon.colcon_core.package_discovery:discover_packages(path) using defaults
[0.283s] Level 1:colcon.colcon_core.package_discovery:discover_packages(prefix_path) check parameters
[0.283s] Level 1:colcon.colcon_core.package_discovery:discover_packages(prefix_path) discover
[0.285s] DEBUG:colcon.colcon_installed_package_information.package_discovery:Found 4 installed packages in /home/scg1224/Final_Project/raspberry_pi_ws/install
[0.286s] DEBUG:colcon.colcon_installed_package_information.package_discovery:Found 43 installed packages in /home/scg1224/nuws/install
[0.287s] DEBUG:colcon.colcon_installed_package_information.package_discovery:Found 455 installed packages in /opt/ros/humble
[0.289s] Level 1:colcon.colcon_core.package_discovery:discover_packages(prefix_path) using defaults
[0.338s] Level 5:colcon.colcon_core.verb:set package 'apriltag' build argument 'cmake_args' from command line to 'None'
[0.338s] Level 5:colcon.colcon_core.verb:set package 'apriltag' build argument 'cmake_target' from command line to 'None'
[0.338s] Level 5:colcon.colcon_core.verb:set package 'apriltag' build argument 'cmake_target_skip_unavailable' from command line to 'False'
[0.338s] Level 5:colcon.colcon_core.verb:set package 'apriltag' build argument 'cmake_clean_cache' from command line to 'False'
[0.338s] Level 5:colcon.colcon_core.verb:set package 'apriltag' build argument 'cmake_clean_first' from command line to 'False'
[0.338s] Level 5:colcon.colcon_core.verb:set package 'apriltag' build argument 'cmake_force_configure' from command line to 'False'
[0.338s] Level 5:colcon.colcon_core.verb:set package 'apriltag' build argument 'ament_cmake_args' from command line to 'None'
[0.338s] Level 5:colcon.colcon_core.verb:set package 'apriltag' build argument 'catkin_cmake_args' from command line to 'None'
[0.338s] Level 5:colcon.colcon_core.verb:set package 'apriltag' build argument 'catkin_skip_building_tests' from command line to 'False'
[0.338s] DEBUG:colcon.colcon_core.verb:Building package 'apriltag' with the following arguments: {'ament_cmake_args': None, 'build_base': '/home/scg1224/Final_Project/raspberry_pi_ws/build/apriltag', 'catkin_cmake_args': None, 'catkin_skip_building_tests': False, 'cmake_args': None, 'cmake_clean_cache': False, 'cmake_clean_first': False, 'cmake_force_configure': False, 'cmake_target': None, 'cmake_target_skip_unavailable': False, 'install_base': '/home/scg1224/Final_Project/raspberry_pi_ws/install/apriltag', 'merge_install': False, 'path': '/home/scg1224/Final_Project/raspberry_pi_ws/src/apriltag', 'symlink_install': False, 'test_result_base': None}
[0.339s] Level 5:colcon.colcon_core.verb:set package 'apriltag_msgs' build argument 'cmake_args' from command line to 'None'
[0.339s] Level 5:colcon.colcon_core.verb:set package 'apriltag_msgs' build argument 'cmake_target' from command line to 'None'
[0.339s] Level 5:colcon.colcon_core.verb:set package 'apriltag_msgs' build argument 'cmake_target_skip_unavailable' from command line to 'False'
[0.339s] Level 5:colcon.colcon_core.verb:set package 'apriltag_msgs' build argument 'cmake_clean_cache' from command line to 'False'
[0.339s] Level 5:colcon.colcon_core.verb:set package 'apriltag_msgs' build argument 'cmake_clean_first' from command line to 'False'
[0.339s] Level 5:colcon.colcon_core.verb:set package 'apriltag_msgs' build argument 'cmake_force_configure' from command line to 'False'
[0.339s] Level 5:colcon.colcon_core.verb:set package 'apriltag_msgs' build argument 'ament_cmake_args' from command line to 'None'
[0.339s] Level 5:colcon.colcon_core.verb:set package 'apriltag_msgs' build argument 'catkin_cmake_args' from command line to 'None'
[0.339s] Level 5:colcon.colcon_core.verb:set package 'apriltag_msgs' build argument 'catkin_skip_building_tests' from command line to 'False'
[0.339s] DEBUG:colcon.colcon_core.verb:Building package 'apriltag_msgs' with the following arguments: {'ament_cmake_args': None, 'build_base': '/home/scg1224/Final_Project/raspberry_pi_ws/build/apriltag_msgs', 'catkin_cmake_args': None, 'catkin_skip_building_tests': False, 'cmake_args': None, 'cmake_clean_cache': False, 'cmake_clean_first': False, 'cmake_force_configure': False, 'cmake_target': None, 'cmake_target_skip_unavailable': False, 'install_base': '/home/scg1224/Final_Project/raspberry_pi_ws/install/apriltag_msgs', 'merge_install': False, 'path': '/home/scg1224/Final_Project/raspberry_pi_ws/src/apriltag_msgs', 'symlink_install': False, 'test_result_base': None}
[0.340s] Level 5:colcon.colcon_core.verb:set package 'turtlebot_control' build argument 'cmake_args' from command line to 'None'
[0.340s] Level 5:colcon.colcon_core.verb:set package 'turtlebot_control' build argument 'cmake_target' from command line to 'None'
[0.340s] Level 5:colcon.colcon_core.verb:set package 'turtlebot_control' build argument 'cmake_target_skip_unavailable' from command line to 'False'
[0.340s] Level 5:colcon.colcon_core.verb:set package 'turtlebot_control' build argument 'cmake_clean_cache' from command line to 'False'
[0.340s] Level 5:colcon.colcon_core.verb:set package 'turtlebot_control' build argument 'cmake_clean_first' from command line to 'False'
[0.340s] Level 5:colcon.colcon_core.verb:set package 'turtlebot_control' build argument 'cmake_force_configure' from command line to 'False'
[0.340s] Level 5:colcon.colcon_core.verb:set package 'turtlebot_control' build argument 'ament_cmake_args' from command line to 'None'
[0.340s] Level 5:colcon.colcon_core.verb:set package 'turtlebot_control' build argument 'catkin_cmake_args' from command line to 'None'
[0.340s] Level 5:colcon.colcon_core.verb:set package 'turtlebot_control' build argument 'catkin_skip_building_tests' from command line to 'False'
[0.340s] DEBUG:colcon.colcon_core.verb:Building package 'turtlebot_control' with the following arguments: {'ament_cmake_args': None, 'build_base': '/home/scg1224/Final_Project/raspberry_pi_ws/build/turtlebot_control', 'catkin_cmake_args': None, 'catkin_skip_building_tests': False, 'cmake_args': None, 'cmake_clean_cache': False, 'cmake_clean_first': False, 'cmake_force_configure': False, 'cmake_target': None, 'cmake_target_skip_unavailable': False, 'install_base': '/home/scg1224/Final_Project/raspberry_pi_ws/install/turtlebot_control', 'merge_install': False, 'path': '/home/scg1224/Final_Project/raspberry_pi_ws/src/turtlebot_control', 'symlink_install': False, 'test_result_base': None}
[0.340s] Level 5:colcon.colcon_core.verb:set package 'apriltag_ros' build argument 'cmake_args' from command line to 'None'
[0.340s] Level 5:colcon.colcon_core.verb:set package 'apriltag_ros' build argument 'cmake_target' from command line to 'None'
[0.340s] Level 5:colcon.colcon_core.verb:set package 'apriltag_ros' build argument 'cmake_target_skip_unavailable' from command line to 'False'
[0.340s] Level 5:colcon.colcon_core.verb:set package 'apriltag_ros' build argument 'cmake_clean_cache' from command line to 'False'
[0.340s] Level 5:colcon.colcon_core.verb:set package 'apriltag_ros' build argument 'cmake_clean_first' from command line to 'False'
[0.341s] Level 5:colcon.colcon_core.verb:set package 'apriltag_ros' build argument 'cmake_force_configure' from command line to 'False'
[0.341s] Level 5:colcon.colcon_core.verb:set package 'apriltag_ros' build argument 'ament_cmake_args' from command line to 'None'
[0.341s] Level 5:colcon.colcon_core.verb:set package 'apriltag_ros' build argument 'catkin_cmake_args' from command line to 'None'
[0.341s] Level 5:colcon.colcon_core.verb:set package 'apriltag_ros' build argument 'catkin_skip_building_tests' from command line to 'False'
[0.341s] DEBUG:colcon.colcon_core.verb:Building package 'apriltag_ros' with the following arguments: {'ament_cmake_args': None, 'build_base': '/home/scg1224/Final_Project/raspberry_pi_ws/build/apriltag_ros', 'catkin_cmake_args': None, 'catkin_skip_building_tests': False, 'cmake_args': None, 'cmake_clean_cache': False, 'cmake_clean_first': False, 'cmake_force_configure': False, 'cmake_target': None, 'cmake_target_skip_unavailable': False, 'install_base': '/home/scg1224/Final_Project/raspberry_pi_ws/install/apriltag_ros', 'merge_install': False, 'path': '/home/scg1224/Final_Project/raspberry_pi_ws/src/apriltag_ros', 'symlink_install': False, 'test_result_base': None}
[0.341s] INFO:colcon.colcon_core.executor:Executing jobs using 'parallel' executor
[0.344s] DEBUG:colcon.colcon_parallel_executor.executor.parallel:run_until_complete
[0.344s] INFO:colcon.colcon_ros.task.cmake.build:Building ROS package in '/home/scg1224/Final_Project/raspberry_pi_ws/src/apriltag' with build type 'cmake'
[0.344s] INFO:colcon.colcon_cmake.task.cmake.build:Building CMake package in '/home/scg1224/Final_Project/raspberry_pi_ws/src/apriltag'
[0.347s] INFO:colcon.colcon_core.plugin_system:Skipping extension 'colcon_core.shell.bat': Not used on non-Windows systems
[0.347s] INFO:colcon.colcon_core.shell:Skip shell extension 'powershell' for command environment: Not usable outside of PowerShell
[0.347s] DEBUG:colcon.colcon_core.shell:Skip shell extension 'dsv' for command environment
[0.352s] INFO:colcon.colcon_ros.task.ament_cmake.build:Building ROS package in '/home/scg1224/Final_Project/raspberry_pi_ws/src/apriltag_msgs' with build type 'ament_cmake'
[0.352s] INFO:colcon.colcon_cmake.task.cmake.build:Building CMake package in '/home/scg1224/Final_Project/raspberry_pi_ws/src/apriltag_msgs'
[0.354s] INFO:colcon.colcon_core.shell:Skip shell extension 'powershell' for command environment: Not usable outside of PowerShell
[0.354s] DEBUG:colcon.colcon_core.shell:Skip shell extension 'dsv' for command environment
[0.359s] INFO:colcon.colcon_ros.task.ament_cmake.build:Building ROS package in '/home/scg1224/Final_Project/raspberry_pi_ws/src/turtlebot_control' with build type 'ament_cmake'
[0.359s] INFO:colcon.colcon_cmake.task.cmake.build:Building CMake package in '/home/scg1224/Final_Project/raspberry_pi_ws/src/turtlebot_control'
[0.360s] INFO:colcon.colcon_core.shell:Skip shell extension 'powershell' for command environment: Not usable outside of PowerShell
[0.360s] DEBUG:colcon.colcon_core.shell:Skip shell extension 'dsv' for command environment
[0.371s] DEBUG:colcon.colcon_core.event_handler.log_command:Invoking command in '/home/scg1224/Final_Project/raspberry_pi_ws/build/apriltag': CMAKE_PREFIX_PATH=${CMAKE_PREFIX_PATH}:/opt/ros/humble /usr/bin/cmake --build /home/scg1224/Final_Project/raspberry_pi_ws/build/apriltag -- -j8 -l8
[0.374s] DEBUG:colcon.colcon_core.event_handler.log_command:Invoking command in '/home/scg1224/Final_Project/raspberry_pi_ws/build/apriltag_msgs': CMAKE_PREFIX_PATH=${CMAKE_PREFIX_PATH}:/opt/ros/humble /usr/bin/cmake --build /home/scg1224/Final_Project/raspberry_pi_ws/build/apriltag_msgs -- -j8 -l8
[0.379s] DEBUG:colcon.colcon_core.event_handler.log_command:Invoking command in '/home/scg1224/Final_Project/raspberry_pi_ws/build/turtlebot_control': CMAKE_PREFIX_PATH=${CMAKE_PREFIX_PATH}:/opt/ros/humble /usr/bin/cmake --build /home/scg1224/Final_Project/raspberry_pi_ws/build/turtlebot_control -- -j8 -l8
[0.428s] DEBUG:colcon.colcon_core.event_handler.log_command:Invoked command in '/home/scg1224/Final_Project/raspberry_pi_ws/build/turtlebot_control' returned '0': CMAKE_PREFIX_PATH=${CMAKE_PREFIX_PATH}:/opt/ros/humble /usr/bin/cmake --build /home/scg1224/Final_Project/raspberry_pi_ws/build/turtlebot_control -- -j8 -l8
[0.435s] DEBUG:colcon.colcon_core.event_handler.log_command:Invoked command in '/home/scg1224/Final_Project/raspberry_pi_ws/build/apriltag' returned '0': CMAKE_PREFIX_PATH=${CMAKE_PREFIX_PATH}:/opt/ros/humble /usr/bin/cmake --build /home/scg1224/Final_Project/raspberry_pi_ws/build/apriltag -- -j8 -l8
[0.455s] DEBUG:colcon.colcon_core.event_handler.log_command:Invoking command in '/home/scg1224/Final_Project/raspberry_pi_ws/build/turtlebot_control': CMAKE_PREFIX_PATH=${CMAKE_PREFIX_PATH}:/opt/ros/humble /usr/bin/cmake --install /home/scg1224/Final_Project/raspberry_pi_ws/build/turtlebot_control
[0.461s] Level 1:colcon.colcon_core.environment:create_environment_scripts_only(turtlebot_control)
[0.462s] DEBUG:colcon.colcon_core.event_handler.log_command:Invoked command in '/home/scg1224/Final_Project/raspberry_pi_ws/build/turtlebot_control' returned '0': CMAKE_PREFIX_PATH=${CMAKE_PREFIX_PATH}:/opt/ros/humble /usr/bin/cmake --install /home/scg1224/Final_Project/raspberry_pi_ws/build/turtlebot_control
[0.466s] Level 1:colcon.colcon_core.environment:checking '/home/scg1224/Final_Project/raspberry_pi_ws/install/turtlebot_control' for CMake module files
[0.467s] Level 1:colcon.colcon_core.environment:checking '/home/scg1224/Final_Project/raspberry_pi_ws/install/turtlebot_control' for CMake config files
[0.468s] Level 1:colcon.colcon_core.shell:create_environment_hook('turtlebot_control', 'cmake_prefix_path')
[0.470s] INFO:colcon.colcon_core.shell:Creating environment hook '/home/scg1224/Final_Project/raspberry_pi_ws/install/turtlebot_control/share/turtlebot_control/hook/cmake_prefix_path.ps1'
[0.471s] INFO:colcon.colcon_core.shell:Creating environment descriptor '/home/scg1224/Final_Project/raspberry_pi_ws/install/turtlebot_control/share/turtlebot_control/hook/cmake_prefix_path.dsv'
[0.472s] INFO:colcon.colcon_core.shell:Creating environment hook '/home/scg1224/Final_Project/raspberry_pi_ws/install/turtlebot_control/share/turtlebot_control/hook/cmake_prefix_path.sh'
[0.473s] Level 1:colcon.colcon_core.environment:checking '/home/scg1224/Final_Project/raspberry_pi_ws/install/turtlebot_control/lib'
[0.473s] Level 1:colcon.colcon_core.environment:checking '/home/scg1224/Final_Project/raspberry_pi_ws/install/turtlebot_control/bin'
[0.473s] Level 1:colcon.colcon_core.environment:checking '/home/scg1224/Final_Project/raspberry_pi_ws/install/turtlebot_control/lib/pkgconfig/turtlebot_control.pc'
[0.474s] Level 1:colcon.colcon_core.environment:checking '/home/scg1224/Final_Project/raspberry_pi_ws/install/turtlebot_control/lib/python3.10/site-packages'
[0.474s] Level 1:colcon.colcon_core.environment:checking '/home/scg1224/Final_Project/raspberry_pi_ws/install/turtlebot_control/bin'
[0.477s] INFO:colcon.colcon_core.shell:Creating package script '/home/scg1224/Final_Project/raspberry_pi_ws/install/turtlebot_control/share/turtlebot_control/package.ps1'
[0.478s] INFO:colcon.colcon_core.shell:Creating package descriptor '/home/scg1224/Final_Project/raspberry_pi_ws/install/turtlebot_control/share/turtlebot_control/package.dsv'
[0.479s] INFO:colcon.colcon_core.shell:Creating package script '/home/scg1224/Final_Project/raspberry_pi_ws/install/turtlebot_control/share/turtlebot_control/package.sh'
[0.480s] INFO:colcon.colcon_core.shell:Creating package script '/home/scg1224/Final_Project/raspberry_pi_ws/install/turtlebot_control/share/turtlebot_control/package.bash'
[0.481s] INFO:colcon.colcon_core.shell:Creating package script '/home/scg1224/Final_Project/raspberry_pi_ws/install/turtlebot_control/share/turtlebot_control/package.zsh'
[0.483s] Level 1:colcon.colcon_core.environment:create_file_with_runtime_dependencies(/home/scg1224/Final_Project/raspberry_pi_ws/install/turtlebot_control/share/colcon-core/packages/turtlebot_control)
[0.506s] Level 1:colcon.colcon_core.environment:create_environment_scripts_only(turtlebot_control)
[0.508s] Level 1:colcon.colcon_core.environment:checking '/home/scg1224/Final_Project/raspberry_pi_ws/install/turtlebot_control' for CMake module files
[0.509s] Level 1:colcon.colcon_core.environment:checking '/home/scg1224/Final_Project/raspberry_pi_ws/install/turtlebot_control' for CMake config files
[0.509s] Level 1:colcon.colcon_core.shell:create_environment_hook('turtlebot_control', 'cmake_prefix_path')
[0.510s] INFO:colcon.colcon_core.shell:Creating environment hook '/home/scg1224/Final_Project/raspberry_pi_ws/install/turtlebot_control/share/turtlebot_control/hook/cmake_prefix_path.ps1'
[0.511s] INFO:colcon.colcon_core.shell:Creating environment descriptor '/home/scg1224/Final_Project/raspberry_pi_ws/install/turtlebot_control/share/turtlebot_control/hook/cmake_prefix_path.dsv'
[0.511s] INFO:colcon.colcon_core.shell:Creating environment hook '/home/scg1224/Final_Project/raspberry_pi_ws/install/turtlebot_control/share/turtlebot_control/hook/cmake_prefix_path.sh'
[0.512s] Level 1:colcon.colcon_core.environment:checking '/home/scg1224/Final_Project/raspberry_pi_ws/install/turtlebot_control/lib'
[0.512s] Level 1:colcon.colcon_core.environment:checking '/home/scg1224/Final_Project/raspberry_pi_ws/install/turtlebot_control/bin'
[0.512s] Level 1:colcon.colcon_core.environment:checking '/home/scg1224/Final_Project/raspberry_pi_ws/install/turtlebot_control/lib/pkgconfig/turtlebot_control.pc'
[0.512s] Level 1:colcon.colcon_core.environment:checking '/home/scg1224/Final_Project/raspberry_pi_ws/install/turtlebot_control/lib/python3.10/site-packages'
[0.512s] Level 1:colcon.colcon_core.environment:checking '/home/scg1224/Final_Project/raspberry_pi_ws/install/turtlebot_control/bin'
[0.514s] INFO:colcon.colcon_core.shell:Creating package script '/home/scg1224/Final_Project/raspberry_pi_ws/install/turtlebot_control/share/turtlebot_control/package.ps1'
[0.514s] INFO:colcon.colcon_core.shell:Creating package descriptor '/home/scg1224/Final_Project/raspberry_pi_ws/install/turtlebot_control/share/turtlebot_control/package.dsv'
[0.515s] INFO:colcon.colcon_core.shell:Creating package script '/home/scg1224/Final_Project/raspberry_pi_ws/install/turtlebot_control/share/turtlebot_control/package.sh'
[0.515s] INFO:colcon.colcon_core.shell:Creating package script '/home/scg1224/Final_Project/raspberry_pi_ws/install/turtlebot_control/share/turtlebot_control/package.bash'
[0.515s] INFO:colcon.colcon_core.shell:Creating package script '/home/scg1224/Final_Project/raspberry_pi_ws/install/turtlebot_control/share/turtlebot_control/package.zsh'
[0.516s] Level 1:colcon.colcon_core.environment:create_file_with_runtime_dependencies(/home/scg1224/Final_Project/raspberry_pi_ws/install/turtlebot_control/share/colcon-core/packages/turtlebot_control)
[0.541s] DEBUG:colcon.colcon_core.event_handler.log_command:Invoking command in '/home/scg1224/Final_Project/raspberry_pi_ws/build/apriltag': CMAKE_PREFIX_PATH=${CMAKE_PREFIX_PATH}:/opt/ros/humble /usr/bin/cmake --install /home/scg1224/Final_Project/raspberry_pi_ws/build/apriltag
[0.549s] DEBUG:colcon.colcon_core.event_handler.log_command:Invoked command in '/home/scg1224/Final_Project/raspberry_pi_ws/build/apriltag' returned '0': CMAKE_PREFIX_PATH=${CMAKE_PREFIX_PATH}:/opt/ros/humble /usr/bin/cmake --install /home/scg1224/Final_Project/raspberry_pi_ws/build/apriltag
[0.658s] Level 1:colcon.colcon_core.shell:create_environment_hook('apriltag', 'pkg_config_path')
[0.659s] INFO:colcon.colcon_core.shell:Creating environment hook '/home/scg1224/Final_Project/raspberry_pi_ws/install/apriltag/share/apriltag/hook/pkg_config_path.ps1'
[0.659s] INFO:colcon.colcon_core.shell:Creating environment descriptor '/home/scg1224/Final_Project/raspberry_pi_ws/install/apriltag/share/apriltag/hook/pkg_config_path.dsv'
[0.660s] INFO:colcon.colcon_core.shell:Creating environment hook '/home/scg1224/Final_Project/raspberry_pi_ws/install/apriltag/share/apriltag/hook/pkg_config_path.sh'
[0.662s] Level 1:colcon.colcon_core.shell:create_environment_hook('apriltag', 'pkg_config_path_multiarch')
[0.663s] INFO:colcon.colcon_core.shell:Creating environment hook '/home/scg1224/Final_Project/raspberry_pi_ws/install/apriltag/share/apriltag/hook/pkg_config_path_multiarch.ps1'
[0.663s] INFO:colcon.colcon_core.shell:Creating environment descriptor '/home/scg1224/Final_Project/raspberry_pi_ws/install/apriltag/share/apriltag/hook/pkg_config_path_multiarch.dsv'
[0.663s] INFO:colcon.colcon_core.shell:Creating environment hook '/home/scg1224/Final_Project/raspberry_pi_ws/install/apriltag/share/apriltag/hook/pkg_config_path_multiarch.sh'
[0.664s] Level 1:colcon.colcon_core.environment:create_environment_scripts_only(apriltag)
[0.665s] Level 1:colcon.colcon_core.environment:checking '/home/scg1224/Final_Project/raspberry_pi_ws/install/apriltag' for CMake module files
[0.666s] Level 1:colcon.colcon_core.environment:checking '/home/scg1224/Final_Project/raspberry_pi_ws/install/apriltag' for CMake config files
[0.666s] Level 1:colcon.colcon_core.shell:create_environment_hook('apriltag', 'cmake_prefix_path')
[0.667s] INFO:colcon.colcon_core.shell:Creating environment hook '/home/scg1224/Final_Project/raspberry_pi_ws/install/apriltag/share/apriltag/hook/cmake_prefix_path.ps1'
[0.667s] INFO:colcon.colcon_core.shell:Creating environment descriptor '/home/scg1224/Final_Project/raspberry_pi_ws/install/apriltag/share/apriltag/hook/cmake_prefix_path.dsv'
[0.668s] INFO:colcon.colcon_core.shell:Creating environment hook '/home/scg1224/Final_Project/raspberry_pi_ws/install/apriltag/share/apriltag/hook/cmake_prefix_path.sh'
[0.668s] Level 1:colcon.colcon_core.environment:checking '/home/scg1224/Final_Project/raspberry_pi_ws/install/apriltag/lib'
[0.668s] Level 1:colcon.colcon_core.shell:create_environment_hook('apriltag', 'ld_library_path_lib')
[0.669s] INFO:colcon.colcon_core.shell:Creating environment hook '/home/scg1224/Final_Project/raspberry_pi_ws/install/apriltag/share/apriltag/hook/ld_library_path_lib.ps1'
[0.669s] INFO:colcon.colcon_core.shell:Creating environment descriptor '/home/scg1224/Final_Project/raspberry_pi_ws/install/apriltag/share/apriltag/hook/ld_library_path_lib.dsv'
[0.670s] INFO:colcon.colcon_core.shell:Creating environment hook '/home/scg1224/Final_Project/raspberry_pi_ws/install/apriltag/share/apriltag/hook/ld_library_path_lib.sh'
[0.670s] Level 1:colcon.colcon_core.environment:checking '/home/scg1224/Final_Project/raspberry_pi_ws/install/apriltag/bin'
[0.670s] Level 1:colcon.colcon_core.shell:create_environment_hook('apriltag', 'path')
[0.671s] INFO:colcon.colcon_core.shell:Creating environment hook '/home/scg1224/Final_Project/raspberry_pi_ws/install/apriltag/share/apriltag/hook/path.ps1'
[0.672s] INFO:colcon.colcon_core.shell:Creating environment descriptor '/home/scg1224/Final_Project/raspberry_pi_ws/install/apriltag/share/apriltag/hook/path.dsv'
[0.672s] INFO:colcon.colcon_core.shell:Creating environment hook '/home/scg1224/Final_Project/raspberry_pi_ws/install/apriltag/share/apriltag/hook/path.sh'
[0.672s] Level 1:colcon.colcon_core.environment:checking '/home/scg1224/Final_Project/raspberry_pi_ws/install/apriltag/lib/pkgconfig/apriltag.pc'
[0.672s] Level 1:colcon.colcon_core.shell:create_environment_hook('apriltag', 'pkg_config')
[0.674s] INFO:colcon.colcon_core.shell:Creating environment hook '/home/scg1224/Final_Project/raspberry_pi_ws/install/apriltag/share/apriltag/hook/pkg_config.ps1'
[0.674s] INFO:colcon.colcon_core.shell:Creating environment descriptor '/home/scg1224/Final_Project/raspberry_pi_ws/install/apriltag/share/apriltag/hook/pkg_config.dsv'
[0.674s] INFO:colcon.colcon_core.shell:Creating environment hook '/home/scg1224/Final_Project/raspberry_pi_ws/install/apriltag/share/apriltag/hook/pkg_config.sh'
[0.675s] Level 1:colcon.colcon_core.environment:checking '/home/scg1224/Final_Project/raspberry_pi_ws/install/apriltag/lib/python3.10/site-packages'
[0.675s] Level 1:colcon.colcon_core.environment:checking '/home/scg1224/Final_Project/raspberry_pi_ws/install/apriltag/bin'
[0.675s] Level 1:colcon.colcon_core.shell:create_environment_hook('apriltag', 'pythonscriptspath')
[0.676s] INFO:colcon.colcon_core.shell:Creating environment hook '/home/scg1224/Final_Project/raspberry_pi_ws/install/apriltag/share/apriltag/hook/pythonscriptspath.ps1'
[0.676s] INFO:colcon.colcon_core.shell:Creating environment descriptor '/home/scg1224/Final_Project/raspberry_pi_ws/install/apriltag/share/apriltag/hook/pythonscriptspath.dsv'
[0.677s] INFO:colcon.colcon_core.shell:Creating environment hook '/home/scg1224/Final_Project/raspberry_pi_ws/install/apriltag/share/apriltag/hook/pythonscriptspath.sh'
[0.678s] INFO:colcon.colcon_core.shell:Creating package script '/home/scg1224/Final_Project/raspberry_pi_ws/install/apriltag/share/apriltag/package.ps1'
[0.679s] INFO:colcon.colcon_core.shell:Creating package descriptor '/home/scg1224/Final_Project/raspberry_pi_ws/install/apriltag/share/apriltag/package.dsv'
[0.680s] INFO:colcon.colcon_core.shell:Creating package script '/home/scg1224/Final_Project/raspberry_pi_ws/install/apriltag/share/apriltag/package.sh'
[0.680s] INFO:colcon.colcon_core.shell:Creating package script '/home/scg1224/Final_Project/raspberry_pi_ws/install/apriltag/share/apriltag/package.bash'
[0.680s] INFO:colcon.colcon_core.shell:Creating package script '/home/scg1224/Final_Project/raspberry_pi_ws/install/apriltag/share/apriltag/package.zsh'
[0.680s] Level 1:colcon.colcon_core.environment:create_file_with_runtime_dependencies(/home/scg1224/Final_Project/raspberry_pi_ws/install/apriltag/share/colcon-core/packages/apriltag)
[0.714s] DEBUG:colcon.colcon_core.event_handler.log_command:Invoked command in '/home/scg1224/Final_Project/raspberry_pi_ws/build/apriltag_msgs' returned '0': CMAKE_PREFIX_PATH=${CMAKE_PREFIX_PATH}:/opt/ros/humble /usr/bin/cmake --build /home/scg1224/Final_Project/raspberry_pi_ws/build/apriltag_msgs -- -j8 -l8
[0.861s] DEBUG:colcon.colcon_core.event_handler.log_command:Invoking command in '/home/scg1224/Final_Project/raspberry_pi_ws/build/apriltag_msgs': CMAKE_PREFIX_PATH=${CMAKE_PREFIX_PATH}:/opt/ros/humble /usr/bin/cmake --install /home/scg1224/Final_Project/raspberry_pi_ws/build/apriltag_msgs
[0.908s] Level 1:colcon.colcon_core.environment:create_environment_scripts_only(apriltag_msgs)
[0.909s] Level 1:colcon.colcon_core.environment:checking '/home/scg1224/Final_Project/raspberry_pi_ws/install/apriltag_msgs' for CMake module files
[0.910s] DEBUG:colcon.colcon_core.event_handler.log_command:Invoked command in '/home/scg1224/Final_Project/raspberry_pi_ws/build/apriltag_msgs' returned '0': CMAKE_PREFIX_PATH=${CMAKE_PREFIX_PATH}:/opt/ros/humble /usr/bin/cmake --install /home/scg1224/Final_Project/raspberry_pi_ws/build/apriltag_msgs
[0.910s] Level 1:colcon.colcon_core.environment:checking '/home/scg1224/Final_Project/raspberry_pi_ws/install/apriltag_msgs' for CMake config files
[0.910s] Level 1:colcon.colcon_core.shell:create_environment_hook('apriltag_msgs', 'cmake_prefix_path')
[0.911s] INFO:colcon.colcon_core.shell:Creating environment hook '/home/scg1224/Final_Project/raspberry_pi_ws/install/apriltag_msgs/share/apriltag_msgs/hook/cmake_prefix_path.ps1'
[0.912s] INFO:colcon.colcon_core.shell:Creating environment descriptor '/home/scg1224/Final_Project/raspberry_pi_ws/install/apriltag_msgs/share/apriltag_msgs/hook/cmake_prefix_path.dsv'
[0.912s] INFO:colcon.colcon_core.shell:Creating environment hook '/home/scg1224/Final_Project/raspberry_pi_ws/install/apriltag_msgs/share/apriltag_msgs/hook/cmake_prefix_path.sh'
[0.912s] Level 1:colcon.colcon_core.environment:checking '/home/scg1224/Final_Project/raspberry_pi_ws/install/apriltag_msgs/lib'
[0.912s] Level 1:colcon.colcon_core.shell:create_environment_hook('apriltag_msgs', 'ld_library_path_lib')
[0.913s] INFO:colcon.colcon_core.shell:Creating environment hook '/home/scg1224/Final_Project/raspberry_pi_ws/install/apriltag_msgs/share/apriltag_msgs/hook/ld_library_path_lib.ps1'
[0.914s] INFO:colcon.colcon_core.shell:Creating environment descriptor '/home/scg1224/Final_Project/raspberry_pi_ws/install/apriltag_msgs/share/apriltag_msgs/hook/ld_library_path_lib.dsv'
[0.914s] INFO:colcon.colcon_core.shell:Creating environment hook '/home/scg1224/Final_Project/raspberry_pi_ws/install/apriltag_msgs/share/apriltag_msgs/hook/ld_library_path_lib.sh'
[0.914s] Level 1:colcon.colcon_core.environment:checking '/home/scg1224/Final_Project/raspberry_pi_ws/install/apriltag_msgs/bin'
[0.914s] Level 1:colcon.colcon_core.environment:checking '/home/scg1224/Final_Project/raspberry_pi_ws/install/apriltag_msgs/lib/pkgconfig/apriltag_msgs.pc'
[0.914s] Level 1:colcon.colcon_core.environment:checking '/home/scg1224/Final_Project/raspberry_pi_ws/install/apriltag_msgs/lib/python3.10/site-packages'
[0.914s] Level 1:colcon.colcon_core.environment:checking '/home/scg1224/Final_Project/raspberry_pi_ws/install/apriltag_msgs/bin'
[0.915s] INFO:colcon.colcon_core.shell:Creating package script '/home/scg1224/Final_Project/raspberry_pi_ws/install/apriltag_msgs/share/apriltag_msgs/package.ps1'
[0.916s] INFO:colcon.colcon_core.shell:Creating package descriptor '/home/scg1224/Final_Project/raspberry_pi_ws/install/apriltag_msgs/share/apriltag_msgs/package.dsv'
[0.916s] INFO:colcon.colcon_core.shell:Creating package script '/home/scg1224/Final_Project/raspberry_pi_ws/install/apriltag_msgs/share/apriltag_msgs/package.sh'
[0.916s] INFO:colcon.colcon_core.shell:Creating package script '/home/scg1224/Final_Project/raspberry_pi_ws/install/apriltag_msgs/share/apriltag_msgs/package.bash'
[0.916s] INFO:colcon.colcon_core.shell:Creating package script '/home/scg1224/Final_Project/raspberry_pi_ws/install/apriltag_msgs/share/apriltag_msgs/package.zsh'
[0.917s] Level 1:colcon.colcon_core.environment:create_file_with_runtime_dependencies(/home/scg1224/Final_Project/raspberry_pi_ws/install/apriltag_msgs/share/colcon-core/packages/apriltag_msgs)
[1.034s] Level 1:colcon.colcon_core.environment:create_environment_scripts_only(apriltag_msgs)
[1.037s] Level 1:colcon.colcon_core.environment:checking '/home/scg1224/Final_Project/raspberry_pi_ws/install/apriltag_msgs' for CMake module files
[1.038s] Level 1:colcon.colcon_core.environment:checking '/home/scg1224/Final_Project/raspberry_pi_ws/install/apriltag_msgs' for CMake config files
[1.038s] Level 1:colcon.colcon_core.shell:create_environment_hook('apriltag_msgs', 'cmake_prefix_path')
[1.040s] INFO:colcon.colcon_core.shell:Creating environment hook '/home/scg1224/Final_Project/raspberry_pi_ws/install/apriltag_msgs/share/apriltag_msgs/hook/cmake_prefix_path.ps1'
[1.041s] INFO:colcon.colcon_core.shell:Creating environment descriptor '/home/scg1224/Final_Project/raspberry_pi_ws/install/apriltag_msgs/share/apriltag_msgs/hook/cmake_prefix_path.dsv'
[1.042s] INFO:colcon.colcon_core.shell:Creating environment hook '/home/scg1224/Final_Project/raspberry_pi_ws/install/apriltag_msgs/share/apriltag_msgs/hook/cmake_prefix_path.sh'
[1.042s] Level 1:colcon.colcon_core.environment:checking '/home/scg1224/Final_Project/raspberry_pi_ws/install/apriltag_msgs/lib'
[1.042s] Level 1:colcon.colcon_core.shell:create_environment_hook('apriltag_msgs', 'ld_library_path_lib')
[1.044s] INFO:colcon.colcon_core.shell:Creating environment hook '/home/scg1224/Final_Project/raspberry_pi_ws/install/apriltag_msgs/share/apriltag_msgs/hook/ld_library_path_lib.ps1'
[1.045s] INFO:colcon.colcon_core.shell:Creating environment descriptor '/home/scg1224/Final_Project/raspberry_pi_ws/install/apriltag_msgs/share/apriltag_msgs/hook/ld_library_path_lib.dsv'
[1.045s] INFO:colcon.colcon_core.shell:Creating environment hook '/home/scg1224/Final_Project/raspberry_pi_ws/install/apriltag_msgs/share/apriltag_msgs/hook/ld_library_path_lib.sh'
[1.046s] Level 1:colcon.colcon_core.environment:checking '/home/scg1224/Final_Project/raspberry_pi_ws/install/apriltag_msgs/bin'
[1.046s] Level 1:colcon.colcon_core.environment:checking '/home/scg1224/Final_Project/raspberry_pi_ws/install/apriltag_msgs/lib/pkgconfig/apriltag_msgs.pc'
[1.046s] Level 1:colcon.colcon_core.environment:checking '/home/scg1224/Final_Project/raspberry_pi_ws/install/apriltag_msgs/lib/python3.10/site-packages'
[1.046s] Level 1:colcon.colcon_core.environment:checking '/home/scg1224/Final_Project/raspberry_pi_ws/install/apriltag_msgs/bin'
[1.048s] INFO:colcon.colcon_core.shell:Creating package script '/home/scg1224/Final_Project/raspberry_pi_ws/install/apriltag_msgs/share/apriltag_msgs/package.ps1'
[1.048s] INFO:colcon.colcon_core.shell:Creating package descriptor '/home/scg1224/Final_Project/raspberry_pi_ws/install/apriltag_msgs/share/apriltag_msgs/package.dsv'
[1.048s] INFO:colcon.colcon_core.shell:Creating package script '/home/scg1224/Final_Project/raspberry_pi_ws/install/apriltag_msgs/share/apriltag_msgs/package.sh'
[1.049s] INFO:colcon.colcon_core.shell:Creating package script '/home/scg1224/Final_Project/raspberry_pi_ws/install/apriltag_msgs/share/apriltag_msgs/package.bash'
[1.049s] INFO:colcon.colcon_core.shell:Creating package script '/home/scg1224/Final_Project/raspberry_pi_ws/install/apriltag_msgs/share/apriltag_msgs/package.zsh'
[1.049s] Level 1:colcon.colcon_core.environment:create_file_with_runtime_dependencies(/home/scg1224/Final_Project/raspberry_pi_ws/install/apriltag_msgs/share/colcon-core/packages/apriltag_msgs)
[1.049s] INFO:colcon.colcon_ros.task.ament_cmake.build:Building ROS package in '/home/scg1224/Final_Project/raspberry_pi_ws/src/apriltag_ros' with build type 'ament_cmake'
[1.049s] INFO:colcon.colcon_cmake.task.cmake.build:Building CMake package in '/home/scg1224/Final_Project/raspberry_pi_ws/src/apriltag_ros'
[1.051s] INFO:colcon.colcon_core.shell:Skip shell extension 'powershell' for command environment: Not usable outside of PowerShell
[1.051s] DEBUG:colcon.colcon_core.shell:Skip shell extension 'dsv' for command environment
[1.066s] DEBUG:colcon.colcon_core.event_handler.log_command:Invoking command in '/home/scg1224/Final_Project/raspberry_pi_ws/build/apriltag_ros': CMAKE_PREFIX_PATH=/home/scg1224/Final_Project/raspberry_pi_ws/install/apriltag_msgs:/home/scg1224/Final_Project/raspberry_pi_ws/install/apriltag:/home/scg1224/Final_Project/raspberry_pi_ws/install/turtlebot_control:/home/scg1224/Final_Project/raspberry_pi_ws/install/apriltag_ros:/home/scg1224/nuws/install:/opt/ros/humble LD_LIBRARY_PATH=/home/scg1224/Final_Project/raspberry_pi_ws/install/apriltag_msgs/lib:/home/scg1224/Final_Project/raspberry_pi_ws/install/apriltag/lib:/home/scg1224/Final_Project/raspberry_pi_ws/install/apriltag_ros/lib:/home/scg1224/nuws/install/lib:/opt/ros/humble/opt/rviz_ogre_vendor/lib:/opt/ros/humble/lib/x86_64-linux-gnu:/opt/ros/humble/lib /usr/bin/cmake --build /home/scg1224/Final_Project/raspberry_pi_ws/build/apriltag_ros -- -j8 -l8
[1.119s] DEBUG:colcon.colcon_core.event_handler.log_command:Invoked command in '/home/scg1224/Final_Project/raspberry_pi_ws/build/apriltag_ros' returned '0': CMAKE_PREFIX_PATH=/home/scg1224/Final_Project/raspberry_pi_ws/install/apriltag_msgs:/home/scg1224/Final_Project/raspberry_pi_ws/install/apriltag:/home/scg1224/Final_Project/raspberry_pi_ws/install/turtlebot_control:/home/scg1224/Final_Project/raspberry_pi_ws/install/apriltag_ros:/home/scg1224/nuws/install:/opt/ros/humble LD_LIBRARY_PATH=/home/scg1224/Final_Project/raspberry_pi_ws/install/apriltag_msgs/lib:/home/scg1224/Final_Project/raspberry_pi_ws/install/apriltag/lib:/home/scg1224/Final_Project/raspberry_pi_ws/install/apriltag_ros/lib:/home/scg1224/nuws/install/lib:/opt/ros/humble/opt/rviz_ogre_vendor/lib:/opt/ros/humble/lib/x86_64-linux-gnu:/opt/ros/humble/lib /usr/bin/cmake --build /home/scg1224/Final_Project/raspberry_pi_ws/build/apriltag_ros -- -j8 -l8
[1.146s] DEBUG:colcon.colcon_core.event_handler.log_command:Invoking command in '/home/scg1224/Final_Project/raspberry_pi_ws/build/apriltag_ros': CMAKE_PREFIX_PATH=/home/scg1224/Final_Project/raspberry_pi_ws/install/apriltag_msgs:/home/scg1224/Final_Project/raspberry_pi_ws/install/apriltag:/home/scg1224/Final_Project/raspberry_pi_ws/install/turtlebot_control:/home/scg1224/Final_Project/raspberry_pi_ws/install/apriltag_ros:/home/scg1224/nuws/install:/opt/ros/humble LD_LIBRARY_PATH=/home/scg1224/Final_Project/raspberry_pi_ws/install/apriltag_msgs/lib:/home/scg1224/Final_Project/raspberry_pi_ws/install/apriltag/lib:/home/scg1224/Final_Project/raspberry_pi_ws/install/apriltag_ros/lib:/home/scg1224/nuws/install/lib:/opt/ros/humble/opt/rviz_ogre_vendor/lib:/opt/ros/humble/lib/x86_64-linux-gnu:/opt/ros/humble/lib /usr/bin/cmake --install /home/scg1224/Final_Project/raspberry_pi_ws/build/apriltag_ros
[1.152s] Level 1:colcon.colcon_core.environment:create_environment_scripts_only(apriltag_ros)
[1.154s] Level 1:colcon.colcon_core.environment:checking '/home/scg1224/Final_Project/raspberry_pi_ws/install/apriltag_ros' for CMake module files
[1.155s] DEBUG:colcon.colcon_core.event_handler.log_command:Invoked command in '/home/scg1224/Final_Project/raspberry_pi_ws/build/apriltag_ros' returned '0': CMAKE_PREFIX_PATH=/home/scg1224/Final_Project/raspberry_pi_ws/install/apriltag_msgs:/home/scg1224/Final_Project/raspberry_pi_ws/install/apriltag:/home/scg1224/Final_Project/raspberry_pi_ws/install/turtlebot_control:/home/scg1224/Final_Project/raspberry_pi_ws/install/apriltag_ros:/home/scg1224/nuws/install:/opt/ros/humble LD_LIBRARY_PATH=/home/scg1224/Final_Project/raspberry_pi_ws/install/apriltag_msgs/lib:/home/scg1224/Final_Project/raspberry_pi_ws/install/apriltag/lib:/home/scg1224/Final_Project/raspberry_pi_ws/install/apriltag_ros/lib:/home/scg1224/nuws/install/lib:/opt/ros/humble/opt/rviz_ogre_vendor/lib:/opt/ros/humble/lib/x86_64-linux-gnu:/opt/ros/humble/lib /usr/bin/cmake --install /home/scg1224/Final_Project/raspberry_pi_ws/build/apriltag_ros
[1.155s] Level 1:colcon.colcon_core.environment:checking '/home/scg1224/Final_Project/raspberry_pi_ws/install/apriltag_ros' for CMake config files
[1.155s] Level 1:colcon.colcon_core.shell:create_environment_hook('apriltag_ros', 'cmake_prefix_path')
[1.157s] INFO:colcon.colcon_core.shell:Creating environment hook '/home/scg1224/Final_Project/raspberry_pi_ws/install/apriltag_ros/share/apriltag_ros/hook/cmake_prefix_path.ps1'
[1.157s] INFO:colcon.colcon_core.shell:Creating environment descriptor '/home/scg1224/Final_Project/raspberry_pi_ws/install/apriltag_ros/share/apriltag_ros/hook/cmake_prefix_path.dsv'
[1.157s] INFO:colcon.colcon_core.shell:Creating environment hook '/home/scg1224/Final_Project/raspberry_pi_ws/install/apriltag_ros/share/apriltag_ros/hook/cmake_prefix_path.sh'
[1.158s] Level 1:colcon.colcon_core.environment:checking '/home/scg1224/Final_Project/raspberry_pi_ws/install/apriltag_ros/lib'
[1.158s] Level 1:colcon.colcon_core.shell:create_environment_hook('apriltag_ros', 'ld_library_path_lib')
[1.159s] INFO:colcon.colcon_core.shell:Creating environment hook '/home/scg1224/Final_Project/raspberry_pi_ws/install/apriltag_ros/share/apriltag_ros/hook/ld_library_path_lib.ps1'
[1.160s] INFO:colcon.colcon_core.shell:Creating environment descriptor '/home/scg1224/Final_Project/raspberry_pi_ws/install/apriltag_ros/share/apriltag_ros/hook/ld_library_path_lib.dsv'
[1.160s] INFO:colcon.colcon_core.shell:Creating environment hook '/home/scg1224/Final_Project/raspberry_pi_ws/install/apriltag_ros/share/apriltag_ros/hook/ld_library_path_lib.sh'
[1.160s] Level 1:colcon.colcon_core.environment:checking '/home/scg1224/Final_Project/raspberry_pi_ws/install/apriltag_ros/bin'
[1.160s] Level 1:colcon.colcon_core.environment:checking '/home/scg1224/Final_Project/raspberry_pi_ws/install/apriltag_ros/lib/pkgconfig/apriltag_ros.pc'
[1.161s] Level 1:colcon.colcon_core.environment:checking '/home/scg1224/Final_Project/raspberry_pi_ws/install/apriltag_ros/lib/python3.10/site-packages'
[1.161s] Level 1:colcon.colcon_core.environment:checking '/home/scg1224/Final_Project/raspberry_pi_ws/install/apriltag_ros/bin'
[1.162s] INFO:colcon.colcon_core.shell:Creating package script '/home/scg1224/Final_Project/raspberry_pi_ws/install/apriltag_ros/share/apriltag_ros/package.ps1'
[1.163s] INFO:colcon.colcon_core.shell:Creating package descriptor '/home/scg1224/Final_Project/raspberry_pi_ws/install/apriltag_ros/share/apriltag_ros/package.dsv'
[1.163s] INFO:colcon.colcon_core.shell:Creating package script '/home/scg1224/Final_Project/raspberry_pi_ws/install/apriltag_ros/share/apriltag_ros/package.sh'
[1.163s] INFO:colcon.colcon_core.shell:Creating package script '/home/scg1224/Final_Project/raspberry_pi_ws/install/apriltag_ros/share/apriltag_ros/package.bash'
[1.164s] INFO:colcon.colcon_core.shell:Creating package script '/home/scg1224/Final_Project/raspberry_pi_ws/install/apriltag_ros/share/apriltag_ros/package.zsh'
[1.164s] Level 1:colcon.colcon_core.environment:create_file_with_runtime_dependencies(/home/scg1224/Final_Project/raspberry_pi_ws/install/apriltag_ros/share/colcon-core/packages/apriltag_ros)
[1.195s] Level 1:colcon.colcon_core.environment:create_environment_scripts_only(apriltag_ros)
[1.197s] Level 1:colcon.colcon_core.environment:checking '/home/scg1224/Final_Project/raspberry_pi_ws/install/apriltag_ros' for CMake module files
[1.197s] Level 1:colcon.colcon_core.environment:checking '/home/scg1224/Final_Project/raspberry_pi_ws/install/apriltag_ros' for CMake config files
[1.198s] Level 1:colcon.colcon_core.shell:create_environment_hook('apriltag_ros', 'cmake_prefix_path')
[1.199s] INFO:colcon.colcon_core.shell:Creating environment hook '/home/scg1224/Final_Project/raspberry_pi_ws/install/apriltag_ros/share/apriltag_ros/hook/cmake_prefix_path.ps1'
[1.199s] INFO:colcon.colcon_core.shell:Creating environment descriptor '/home/scg1224/Final_Project/raspberry_pi_ws/install/apriltag_ros/share/apriltag_ros/hook/cmake_prefix_path.dsv'
[1.199s] INFO:colcon.colcon_core.shell:Creating environment hook '/home/scg1224/Final_Project/raspberry_pi_ws/install/apriltag_ros/share/apriltag_ros/hook/cmake_prefix_path.sh'
[1.200s] Level 1:colcon.colcon_core.environment:checking '/home/scg1224/Final_Project/raspberry_pi_ws/install/apriltag_ros/lib'
[1.200s] Level 1:colcon.colcon_core.shell:create_environment_hook('apriltag_ros', 'ld_library_path_lib')
[1.201s] INFO:colcon.colcon_core.shell:Creating environment hook '/home/scg1224/Final_Project/raspberry_pi_ws/install/apriltag_ros/share/apriltag_ros/hook/ld_library_path_lib.ps1'
[1.201s] INFO:colcon.colcon_core.shell:Creating environment descriptor '/home/scg1224/Final_Project/raspberry_pi_ws/install/apriltag_ros/share/apriltag_ros/hook/ld_library_path_lib.dsv'
[1.201s] INFO:colcon.colcon_core.shell:Creating environment hook '/home/scg1224/Final_Project/raspberry_pi_ws/install/apriltag_ros/share/apriltag_ros/hook/ld_library_path_lib.sh'
[1.202s] Level 1:colcon.colcon_core.environment:checking '/home/scg1224/Final_Project/raspberry_pi_ws/install/apriltag_ros/bin'
[1.202s] Level 1:colcon.colcon_core.environment:checking '/home/scg1224/Final_Project/raspberry_pi_ws/install/apriltag_ros/lib/pkgconfig/apriltag_ros.pc'
[1.202s] Level 1:colcon.colcon_core.environment:checking '/home/scg1224/Final_Project/raspberry_pi_ws/install/apriltag_ros/lib/python3.10/site-packages'
[1.202s] Level 1:colcon.colcon_core.environment:checking '/home/scg1224/Final_Project/raspberry_pi_ws/install/apriltag_ros/bin'
[1.203s] INFO:colcon.colcon_core.shell:Creating package script '/home/scg1224/Final_Project/raspberry_pi_ws/install/apriltag_ros/share/apriltag_ros/package.ps1'
[1.203s] INFO:colcon.colcon_core.shell:Creating package descriptor '/home/scg1224/Final_Project/raspberry_pi_ws/install/apriltag_ros/share/apriltag_ros/package.dsv'
[1.204s] INFO:colcon.colcon_core.shell:Creating package script '/home/scg1224/Final_Project/raspberry_pi_ws/install/apriltag_ros/share/apriltag_ros/package.sh'
[1.204s] INFO:colcon.colcon_core.shell:Creating package script '/home/scg1224/Final_Project/raspberry_pi_ws/install/apriltag_ros/share/apriltag_ros/package.bash'
[1.204s] INFO:colcon.colcon_core.shell:Creating package script '/home/scg1224/Final_Project/raspberry_pi_ws/install/apriltag_ros/share/apriltag_ros/package.zsh'
[1.204s] Level 1:colcon.colcon_core.environment:create_file_with_runtime_dependencies(/home/scg1224/Final_Project/raspberry_pi_ws/install/apriltag_ros/share/colcon-core/packages/apriltag_ros)
[1.205s] DEBUG:colcon.colcon_parallel_executor.executor.parallel:closing loop
[1.205s] DEBUG:colcon.colcon_parallel_executor.executor.parallel:loop closed
[1.205s] DEBUG:colcon.colcon_parallel_executor.executor.parallel:run_until_complete finished with '0'
[1.205s] DEBUG:colcon.colcon_core.event_reactor:joining thread
[1.209s] INFO:colcon.colcon_core.plugin_system:Skipping extension 'colcon_notification.desktop_notification.terminal_notifier': Not used on non-Darwin systems
[1.209s] INFO:colcon.colcon_core.plugin_system:Skipping extension 'colcon_notification.desktop_notification.win32': Not used on non-Windows systems
[1.209s] INFO:colcon.colcon_notification.desktop_notification:Sending desktop notification using 'notify2'
[1.221s] DEBUG:colcon.colcon_core.event_reactor:joined thread
[1.223s] INFO:colcon.colcon_core.shell:Creating prefix script '/home/scg1224/Final_Project/raspberry_pi_ws/install/local_setup.ps1'
[1.224s] INFO:colcon.colcon_core.shell:Creating prefix util module '/home/scg1224/Final_Project/raspberry_pi_ws/install/_local_setup_util_ps1.py'
[1.226s] INFO:colcon.colcon_core.shell:Creating prefix chain script '/home/scg1224/Final_Project/raspberry_pi_ws/install/setup.ps1'
[1.227s] INFO:colcon.colcon_core.shell:Creating prefix script '/home/scg1224/Final_Project/raspberry_pi_ws/install/local_setup.sh'
[1.228s] INFO:colcon.colcon_core.shell:Creating prefix util module '/home/scg1224/Final_Project/raspberry_pi_ws/install/_local_setup_util_sh.py'
[1.228s] INFO:colcon.colcon_core.shell:Creating prefix chain script '/home/scg1224/Final_Project/raspberry_pi_ws/install/setup.sh'
[1.229s] INFO:colcon.colcon_core.shell:Creating prefix script '/home/scg1224/Final_Project/raspberry_pi_ws/install/local_setup.bash'
[1.230s] INFO:colcon.colcon_core.shell:Creating prefix chain script '/home/scg1224/Final_Project/raspberry_pi_ws/install/setup.bash'
[1.231s] INFO:colcon.colcon_core.shell:Creating prefix script '/home/scg1224/Final_Project/raspberry_pi_ws/install/local_setup.zsh'
[1.231s] INFO:colcon.colcon_core.shell:Creating prefix chain script '/home/scg1224/Final_Project/raspberry_pi_ws/install/setup.zsh'
