[0.010s] Invoking command in '/home/scg1224/Final_Project/raspberry_pi_ws/build/apriltag_ros': AMENT_PREFIX_PATH=/home/scg1224/Final_Project/raspberry_pi_ws/install/apriltag_msgs:${AMENT_PREFIX_PATH} CMAKE_PREFIX_PATH=/home/scg1224/Final_Project/raspberry_pi_ws/install/apriltag_msgs:/home/scg1224/nuws/install:/opt/ros/humble LD_LIBRARY_PATH=/home/scg1224/Final_Project/raspberry_pi_ws/install/apriltag_msgs/lib:${LD_LIBRARY_PATH} PYTHONPATH=/home/scg1224/Final_Project/raspberry_pi_ws/install/apriltag_msgs/local/lib/python3.10/dist-packages:${PYTHONPATH} /usr/bin/cmake /home/scg1224/Final_Project/raspberry_pi_ws/src/apriltag_ros -DCMAKE_INSTALL_PREFIX=/home/scg1224/Final_Project/raspberry_pi_ws/install/apriltag_ros
[0.056s] -- The C compiler identification is GNU 11.3.0
[0.107s] -- The CXX compiler identification is GNU 11.3.0
[0.115s] -- Detecting C compiler ABI info
[0.169s] -- Detecting C compiler ABI info - done
[0.176s] -- Check for working C compiler: /usr/bin/cc - skipped
[0.177s] -- Detecting C compile features
[0.177s] -- Detecting C compile features - done
[0.180s] -- Detecting CXX compiler ABI info
[0.239s] -- Detecting CXX compiler ABI info - done
[0.247s] -- Check for working CXX compiler: /usr/bin/c++ - skipped
[0.247s] -- Detecting CXX compile features
[0.247s] -- Detecting CXX compile features - done
[0.250s] -- Found rclcpp: 16.0.4 (/opt/ros/humble/share/rclcpp/cmake)
[0.733s] -- Found Python3: /usr/bin/python3.10 (found version "3.10.6") found components: Interpreter 
[0.870s] -- Found rosidl_generator_c: 3.1.4 (/opt/ros/humble/share/rosidl_generator_c/cmake)
[0.876s] -- Found rosidl_adapter: 3.1.4 (/opt/ros/humble/share/rosidl_adapter/cmake)
[0.885s] -- Found rosidl_generator_cpp: 3.1.4 (/opt/ros/humble/share/rosidl_generator_cpp/cmake)
[0.898s] -- Using all available rosidl_typesupport_c: rosidl_typesupport_fastrtps_c;rosidl_typesupport_introspection_c
[0.917s] -- Using all available rosidl_typesupport_cpp: rosidl_typesupport_fastrtps_cpp;rosidl_typesupport_introspection_cpp
[0.987s] -- Found rmw_implementation_cmake: 6.1.1 (/opt/ros/humble/share/rmw_implementation_cmake/cmake)
[0.991s] -- Found rmw_fastrtps_cpp: 6.2.2 (/opt/ros/humble/share/rmw_fastrtps_cpp/cmake)
[1.081s] -- Found OpenSSL: /usr/lib/x86_64-linux-gnu/libcrypto.so (found version "3.0.2")  
[1.108s] -- Found FastRTPS: /opt/ros/humble/include  
[1.164s] -- Using RMW implementation 'rmw_fastrtps_cpp' as default
[1.178s] -- Performing Test CMAKE_HAVE_LIBC_PTHREAD
[1.232s] -- Performing Test CMAKE_HAVE_LIBC_PTHREAD - Success
[1.233s] -- Found Threads: TRUE  
[1.359s] -- Found rclcpp_components: 16.0.4 (/opt/ros/humble/share/rclcpp_components/cmake)
[1.413s] -- Found sensor_msgs: 4.2.3 (/opt/ros/humble/share/sensor_msgs/cmake)
[1.511s] -- Found apriltag_msgs: 2.0.1 (/home/scg1224/Final_Project/raspberry_pi_ws/install/apriltag_msgs/share/apriltag_msgs/cmake)
[1.544s] -- Found tf2_ros: 0.25.2 (/opt/ros/humble/share/tf2_ros/cmake)
[1.760s] -- Found image_transport: 3.1.5 (/opt/ros/humble/share/image_transport/cmake)
[1.787s] -- Found cv_bridge: 3.2.1 (/opt/ros/humble/share/cv_bridge/cmake)
[1.815s] [31mCMake Error at CMakeLists.txt:44 (find_package):
[1.815s]   By not providing "Findapriltag.cmake" in CMAKE_MODULE_PATH this project has
[1.815s]   asked CMake to find a package configuration file provided by "apriltag",
[1.815s]   but CMake did not find one.
[1.815s] 
[1.815s]   Could not find a package configuration file provided by "apriltag"
[1.815s]   (requested version 3.2) with any of the following names:
[1.815s] 
[1.815s]     apriltagConfig.cmake
[1.815s]     apriltag-config.cmake
[1.815s] 
[1.816s]   Add the installation prefix of "apriltag" to CMAKE_PREFIX_PATH or set
[1.816s]   "apriltag_DIR" to a directory containing one of the above files.  If
[1.816s]   "apriltag" provides a separate development package or SDK, be sure it has
[1.816s]   been installed.
[1.816s] 
[1.816s] [0m
[1.816s] -- Configuring incomplete, errors occurred!
[1.816s] See also "/home/scg1224/Final_Project/raspberry_pi_ws/build/apriltag_ros/CMakeFiles/CMakeOutput.log".
[1.824s] Invoked command in '/home/scg1224/Final_Project/raspberry_pi_ws/build/apriltag_ros' returned '1': AMENT_PREFIX_PATH=/home/scg1224/Final_Project/raspberry_pi_ws/install/apriltag_msgs:${AMENT_PREFIX_PATH} CMAKE_PREFIX_PATH=/home/scg1224/Final_Project/raspberry_pi_ws/install/apriltag_msgs:/home/scg1224/nuws/install:/opt/ros/humble LD_LIBRARY_PATH=/home/scg1224/Final_Project/raspberry_pi_ws/install/apriltag_msgs/lib:${LD_LIBRARY_PATH} PYTHONPATH=/home/scg1224/Final_Project/raspberry_pi_ws/install/apriltag_msgs/local/lib/python3.10/dist-packages:${PYTHONPATH} /usr/bin/cmake /home/scg1224/Final_Project/raspberry_pi_ws/src/apriltag_ros -DCMAKE_INSTALL_PREFIX=/home/scg1224/Final_Project/raspberry_pi_ws/install/apriltag_ros
