[0.008s] Invoking command in '/ros_ws/aarch64_build/turtlebot_control': CMAKE_PREFIX_PATH=/opt/ros/humble /usr/bin/cmake /ros_ws/src/turtlebot_control -DCMAKE_TOOLCHAIN_FILE=/toolchain.cmake -DCMAKE_INSTALL_PREFIX=aarch64_install -DCMAKE_INSTALL_PREFIX=/ros_ws/aarch64_install/turtlebot_control
[0.127s] -- The C compiler identification is GNU 11.3.0
[0.204s] -- The CXX compiler identification is GNU 11.3.0
[0.211s] -- Detecting C compiler ABI info
[0.265s] -- Detecting C compiler ABI info - done
[0.269s] -- Check for working C compiler: /usr/bin/aarch64-linux-gnu-gcc - skipped
[0.269s] -- Detecting C compile features
[0.269s] -- Detecting C compile features - done
[0.271s] -- Detecting CXX compiler ABI info
[0.334s] -- Detecting CXX compiler ABI info - done
[0.338s] -- Check for working CXX compiler: /usr/bin/aarch64-linux-gnu-g++ - skipped
[0.338s] -- Detecting CXX compile features
[0.338s] -- Detecting CXX compile features - done
[0.343s] -- Found ament_cmake: 1.3.3 (/opt/ros/humble/share/ament_cmake/cmake)
[0.432s] -- Found Python3: /usr/bin/python3.10 (found version "3.10.6") found components: Interpreter 
[0.493s] -- Found rclcpp: 16.0.3 (/opt/ros/humble/share/rclcpp/cmake)
[0.535s] -- Found rosidl_generator_c: 3.1.4 (/opt/ros/humble/share/rosidl_generator_c/cmake)
[0.539s] -- Found rosidl_adapter: 3.1.4 (/opt/ros/humble/share/rosidl_adapter/cmake)
[0.545s] -- Found rosidl_generator_cpp: 3.1.4 (/opt/ros/humble/share/rosidl_generator_cpp/cmake)
[0.556s] -- Using all available rosidl_typesupport_c: rosidl_typesupport_fastrtps_c;rosidl_typesupport_introspection_c
[0.570s] -- Using all available rosidl_typesupport_cpp: rosidl_typesupport_fastrtps_cpp;rosidl_typesupport_introspection_cpp
[0.616s] -- Found rmw_implementation_cmake: 6.1.1 (/opt/ros/humble/share/rmw_implementation_cmake/cmake)
[0.619s] -- Found rmw_fastrtps_cpp: 6.2.2 (/opt/ros/humble/share/rmw_fastrtps_cpp/cmake)
[0.662s] -- Found OpenSSL: /usr/lib/aarch64-linux-gnu/libcrypto.so (found version "3.0.2")  
[0.678s] -- Found FastRTPS: /opt/ros/humble/include  
[0.706s] -- Using RMW implementation 'rmw_fastrtps_cpp' as default
[0.713s] -- Looking for pthread.h
[0.773s] -- Looking for pthread.h - found
[0.773s] -- Performing Test CMAKE_HAVE_LIBC_PTHREAD
[0.820s] -- Performing Test CMAKE_HAVE_LIBC_PTHREAD - Success
[0.820s] -- Found Threads: TRUE  
[0.923s] -- Found sensor_msgs: 4.2.3 (/opt/ros/humble/share/sensor_msgs/cmake)
[1.012s] -- Found OpenCV: /usr (found version "4.5.4") 
[1.013s] -- Found cv_bridge: 3.2.1 (/opt/ros/humble/share/cv_bridge/cmake)
[1.019s] -- Found image_transport: 3.1.5 (/opt/ros/humble/share/image_transport/cmake)
[1.053s] -- Found ament_lint_auto: 0.12.5 (/opt/ros/humble/share/ament_lint_auto/cmake)
[1.102s] -- Added test 'cppcheck' to perform static code analysis on C / C++ code
[1.102s] -- Configured cppcheck include dirs: 
[1.102s] -- Configured cppcheck exclude dirs and/or files: 
[1.103s] -- Added test 'lint_cmake' to check CMake code style
[1.104s] -- Added test 'uncrustify' to check C / C++ code style
[1.104s] -- Configured uncrustify additional arguments: 
[1.104s] -- Added test 'xmllint' to check XML markup files
[1.105s] -- Configuring done
[1.114s] -- Generating done
[1.115s] -- Build files have been written to: /ros_ws/aarch64_build/turtlebot_control
[1.120s] Invoked command in '/ros_ws/aarch64_build/turtlebot_control' returned '0': CMAKE_PREFIX_PATH=/opt/ros/humble /usr/bin/cmake /ros_ws/src/turtlebot_control -DCMAKE_TOOLCHAIN_FILE=/toolchain.cmake -DCMAKE_INSTALL_PREFIX=aarch64_install -DCMAKE_INSTALL_PREFIX=/ros_ws/aarch64_install/turtlebot_control
[1.122s] Invoking command in '/ros_ws/aarch64_build/turtlebot_control': CMAKE_PREFIX_PATH=/opt/ros/humble /usr/bin/cmake --build /ros_ws/aarch64_build/turtlebot_control -- -j8 -l8
[1.156s] [ 50%] [32mBuilding CXX object CMakeFiles/turtlebot_control.dir/src/turtlebot_control.cpp.o[0m
[4.011s] [100%] [32m[1mLinking CXX executable turtlebot_control[0m
[4.471s] [100%] Built target turtlebot_control
[4.479s] Invoked command in '/ros_ws/aarch64_build/turtlebot_control' returned '0': CMAKE_PREFIX_PATH=/opt/ros/humble /usr/bin/cmake --build /ros_ws/aarch64_build/turtlebot_control -- -j8 -l8
[4.503s] Invoking command in '/ros_ws/aarch64_build/turtlebot_control': CMAKE_PREFIX_PATH=/opt/ros/humble /usr/bin/cmake --install /ros_ws/aarch64_build/turtlebot_control
[4.510s] -- Install configuration: ""
[4.510s] -- Installing: /ros_ws/aarch64_install/turtlebot_control/lib/turtlebot_control/turtlebot_control
[4.511s] -- Set runtime path of "/ros_ws/aarch64_install/turtlebot_control/lib/turtlebot_control/turtlebot_control" to ""
[4.511s] -- Installing: /ros_ws/aarch64_install/turtlebot_control/share/turtlebot_control/images
[4.511s] -- Installing: /ros_ws/aarch64_install/turtlebot_control/share/turtlebot_control/images/test_pic.png
[4.511s] -- Installing: /ros_ws/aarch64_install/turtlebot_control/share/turtlebot_control/images/image.jpg
[4.511s] -- Installing: /ros_ws/aarch64_install/turtlebot_control/share/ament_index/resource_index/package_run_dependencies/turtlebot_control
[4.512s] -- Installing: /ros_ws/aarch64_install/turtlebot_control/share/ament_index/resource_index/parent_prefix_path/turtlebot_control
[4.512s] -- Installing: /ros_ws/aarch64_install/turtlebot_control/share/turtlebot_control/environment/ament_prefix_path.sh
[4.512s] -- Installing: /ros_ws/aarch64_install/turtlebot_control/share/turtlebot_control/environment/ament_prefix_path.dsv
[4.512s] -- Installing: /ros_ws/aarch64_install/turtlebot_control/share/turtlebot_control/environment/path.sh
[4.512s] -- Installing: /ros_ws/aarch64_install/turtlebot_control/share/turtlebot_control/environment/path.dsv
[4.512s] -- Installing: /ros_ws/aarch64_install/turtlebot_control/share/turtlebot_control/local_setup.bash
[4.512s] -- Installing: /ros_ws/aarch64_install/turtlebot_control/share/turtlebot_control/local_setup.sh
[4.512s] -- Installing: /ros_ws/aarch64_install/turtlebot_control/share/turtlebot_control/local_setup.zsh
[4.512s] -- Installing: /ros_ws/aarch64_install/turtlebot_control/share/turtlebot_control/local_setup.dsv
[4.512s] -- Installing: /ros_ws/aarch64_install/turtlebot_control/share/turtlebot_control/package.dsv
[4.512s] -- Installing: /ros_ws/aarch64_install/turtlebot_control/share/ament_index/resource_index/packages/turtlebot_control
[4.512s] -- Installing: /ros_ws/aarch64_install/turtlebot_control/share/turtlebot_control/cmake/turtlebot_controlConfig.cmake
[4.512s] -- Installing: /ros_ws/aarch64_install/turtlebot_control/share/turtlebot_control/cmake/turtlebot_controlConfig-version.cmake
[4.513s] -- Installing: /ros_ws/aarch64_install/turtlebot_control/share/turtlebot_control/package.xml
[4.515s] Invoked command in '/ros_ws/aarch64_build/turtlebot_control' returned '0': CMAKE_PREFIX_PATH=/opt/ros/humble /usr/bin/cmake --install /ros_ws/aarch64_build/turtlebot_control
