[0.246s] DEBUG:colcon:Command line arguments: ['/usr/bin/colcon', 'build']
[0.246s] DEBUG:colcon:Parsed command line arguments: Namespace(log_base=None, log_level=None, verb_name='build', build_base='build', install_base='install', merge_install=False, symlink_install=False, test_result_base=None, continue_on_error=False, executor='parallel', parallel_workers=8, event_handlers=None, ignore_user_meta=False, metas=['./colcon.meta'], base_paths=['.'], packages_ignore=None, packages_ignore_regex=None, paths=None, packages_up_to=None, packages_up_to_regex=None, packages_above=None, packages_above_and_dependencies=None, packages_above_depth=None, packages_select_by_dep=None, packages_skip_by_dep=None, packages_skip_up_to=None, packages_select_build_failed=False, packages_skip_build_finished=False, packages_select_test_failures=False, packages_skip_test_passed=False, packages_select=None, packages_skip=None, packages_select_regex=None, packages_skip_regex=None, packages_start=None, packages_end=None, allow_overriding=[], cmake_args=None, cmake_target=None, cmake_target_skip_unavailable=False, cmake_clean_cache=False, cmake_clean_first=False, cmake_force_configure=False, ament_cmake_args=None, catkin_cmake_args=None, catkin_skip_building_tests=False, mixin_files=None, mixin=None, verb_parser=<colcon_mixin.mixin.mixin_argument.MixinArgumentDecorator object at 0x7fbd44dc1cc0>, verb_extension=<colcon_core.verb.build.BuildVerb object at 0x7fbd44ec7250>, main=<bound method BuildVerb.main of <colcon_core.verb.build.BuildVerb object at 0x7fbd44ec7250>>, mixin_verb=('build',))
[0.272s] Level 1:colcon.colcon_core.package_discovery:discover_packages(colcon_meta) check parameters
[0.272s] Level 1:colcon.colcon_core.package_discovery:discover_packages(recursive) check parameters
[0.272s] Level 1:colcon.colcon_core.package_discovery:discover_packages(ignore) check parameters
[0.272s] Level 1:colcon.colcon_core.package_discovery:discover_packages(path) check parameters
[0.272s] Level 1:colcon.colcon_core.package_discovery:discover_packages(colcon_meta) discover
[0.272s] Level 1:colcon.colcon_core.package_discovery:discover_packages(recursive) discover
[0.272s] INFO:colcon.colcon_core.package_discovery:Crawling recursively for packages in '/home/scg1224/Final_Project/raspberry_pi_ws'
[0.272s] Level 1:colcon.colcon_core.package_identification:_identify(.) by extensions ['ignore', 'ignore_ament_install']
[0.273s] Level 1:colcon.colcon_core.package_identification:_identify(.) by extension 'ignore'
[0.273s] Level 1:colcon.colcon_core.package_identification:_identify(.) by extension 'ignore_ament_install'
[0.273s] Level 1:colcon.colcon_core.package_identification:_identify(.) by extensions ['colcon_pkg']
[0.273s] Level 1:colcon.colcon_core.package_identification:_identify(.) by extension 'colcon_pkg'
[0.273s] Level 1:colcon.colcon_core.package_identification:_identify(.) by extensions ['colcon_meta']
[0.273s] Level 1:colcon.colcon_core.package_identification:_identify(.) by extension 'colcon_meta'
[0.273s] Level 1:colcon.colcon_core.package_identification:_identify(.) by extensions ['ros']
[0.273s] Level 1:colcon.colcon_core.package_identification:_identify(.) by extension 'ros'
[0.287s] Level 1:colcon.colcon_core.package_identification:_identify(.) by extensions ['cmake', 'python']
[0.287s] Level 1:colcon.colcon_core.package_identification:_identify(.) by extension 'cmake'
[0.287s] Level 1:colcon.colcon_core.package_identification:_identify(.) by extension 'python'
[0.287s] Level 1:colcon.colcon_core.package_identification:_identify(.) by extensions ['python_setup_py']
[0.287s] Level 1:colcon.colcon_core.package_identification:_identify(.) by extension 'python_setup_py'
[0.287s] Level 1:colcon.colcon_core.package_identification:_identify(aarch64_build) by extensions ['ignore', 'ignore_ament_install']
[0.287s] Level 1:colcon.colcon_core.package_identification:_identify(aarch64_build) by extension 'ignore'
[0.287s] Level 1:colcon.colcon_core.package_identification:_identify(aarch64_build) ignored
[0.288s] Level 1:colcon.colcon_core.package_identification:_identify(aarch64_install) by extensions ['ignore', 'ignore_ament_install']
[0.288s] Level 1:colcon.colcon_core.package_identification:_identify(aarch64_install) by extension 'ignore'
[0.288s] Level 1:colcon.colcon_core.package_identification:_identify(aarch64_install) ignored
[0.288s] Level 1:colcon.colcon_core.package_identification:_identify(build) by extensions ['ignore', 'ignore_ament_install']
[0.288s] Level 1:colcon.colcon_core.package_identification:_identify(build) by extension 'ignore'
[0.288s] Level 1:colcon.colcon_core.package_identification:_identify(build) ignored
[0.288s] Level 1:colcon.colcon_core.package_identification:_identify(install) by extensions ['ignore', 'ignore_ament_install']
[0.288s] Level 1:colcon.colcon_core.package_identification:_identify(install) by extension 'ignore'
[0.288s] Level 1:colcon.colcon_core.package_identification:_identify(install) ignored
[0.288s] Level 1:colcon.colcon_core.package_identification:_identify(log) by extensions ['ignore', 'ignore_ament_install']
[0.288s] Level 1:colcon.colcon_core.package_identification:_identify(log) by extension 'ignore'
[0.288s] Level 1:colcon.colcon_core.package_identification:_identify(log) ignored
[0.288s] Level 1:colcon.colcon_core.package_identification:_identify(src) by extensions ['ignore', 'ignore_ament_install']
[0.289s] Level 1:colcon.colcon_core.package_identification:_identify(src) by extension 'ignore'
[0.289s] Level 1:colcon.colcon_core.package_identification:_identify(src) by extension 'ignore_ament_install'
[0.289s] Level 1:colcon.colcon_core.package_identification:_identify(src) by extensions ['colcon_pkg']
[0.289s] Level 1:colcon.colcon_core.package_identification:_identify(src) by extension 'colcon_pkg'
[0.289s] Level 1:colcon.colcon_core.package_identification:_identify(src) by extensions ['colcon_meta']
[0.289s] Level 1:colcon.colcon_core.package_identification:_identify(src) by extension 'colcon_meta'
[0.289s] Level 1:colcon.colcon_core.package_identification:_identify(src) by extensions ['ros']
[0.289s] Level 1:colcon.colcon_core.package_identification:_identify(src) by extension 'ros'
[0.289s] Level 1:colcon.colcon_core.package_identification:_identify(src) by extensions ['cmake', 'python']
[0.289s] Level 1:colcon.colcon_core.package_identification:_identify(src) by extension 'cmake'
[0.289s] Level 1:colcon.colcon_core.package_identification:_identify(src) by extension 'python'
[0.289s] Level 1:colcon.colcon_core.package_identification:_identify(src) by extensions ['python_setup_py']
[0.289s] Level 1:colcon.colcon_core.package_identification:_identify(src) by extension 'python_setup_py'
[0.289s] Level 1:colcon.colcon_core.package_identification:_identify(src/apriltag) by extensions ['ignore', 'ignore_ament_install']
[0.289s] Level 1:colcon.colcon_core.package_identification:_identify(src/apriltag) by extension 'ignore'
[0.289s] Level 1:colcon.colcon_core.package_identification:_identify(src/apriltag) by extension 'ignore_ament_install'
[0.289s] Level 1:colcon.colcon_core.package_identification:_identify(src/apriltag) by extensions ['colcon_pkg']
[0.289s] Level 1:colcon.colcon_core.package_identification:_identify(src/apriltag) by extension 'colcon_pkg'
[0.289s] Level 1:colcon.colcon_core.package_identification:_identify(src/apriltag) by extensions ['colcon_meta']
[0.289s] Level 1:colcon.colcon_core.package_identification:_identify(src/apriltag) by extension 'colcon_meta'
[0.289s] Level 1:colcon.colcon_core.package_identification:_identify(src/apriltag) by extensions ['ros']
[0.289s] Level 1:colcon.colcon_core.package_identification:_identify(src/apriltag) by extension 'ros'
[0.293s] DEBUG:colcon.colcon_core.package_identification:Package 'src/apriltag' with type 'ros.cmake' and name 'apriltag'
[0.293s] Level 1:colcon.colcon_core.package_identification:_identify(src/apriltag_msgs) by extensions ['ignore', 'ignore_ament_install']
[0.293s] Level 1:colcon.colcon_core.package_identification:_identify(src/apriltag_msgs) by extension 'ignore'
[0.293s] Level 1:colcon.colcon_core.package_identification:_identify(src/apriltag_msgs) by extension 'ignore_ament_install'
[0.293s] Level 1:colcon.colcon_core.package_identification:_identify(src/apriltag_msgs) by extensions ['colcon_pkg']
[0.293s] Level 1:colcon.colcon_core.package_identification:_identify(src/apriltag_msgs) by extension 'colcon_pkg'
[0.293s] Level 1:colcon.colcon_core.package_identification:_identify(src/apriltag_msgs) by extensions ['colcon_meta']
[0.293s] Level 1:colcon.colcon_core.package_identification:_identify(src/apriltag_msgs) by extension 'colcon_meta'
[0.294s] Level 1:colcon.colcon_core.package_identification:_identify(src/apriltag_msgs) by extensions ['ros']
[0.294s] Level 1:colcon.colcon_core.package_identification:_identify(src/apriltag_msgs) by extension 'ros'
[0.295s] DEBUG:colcon.colcon_core.package_identification:Package 'src/apriltag_msgs' with type 'ros.ament_cmake' and name 'apriltag_msgs'
[0.295s] Level 1:colcon.colcon_core.package_identification:_identify(src/apriltag_ros) by extensions ['ignore', 'ignore_ament_install']
[0.295s] Level 1:colcon.colcon_core.package_identification:_identify(src/apriltag_ros) by extension 'ignore'
[0.295s] Level 1:colcon.colcon_core.package_identification:_identify(src/apriltag_ros) by extension 'ignore_ament_install'
[0.295s] Level 1:colcon.colcon_core.package_identification:_identify(src/apriltag_ros) by extensions ['colcon_pkg']
[0.295s] Level 1:colcon.colcon_core.package_identification:_identify(src/apriltag_ros) by extension 'colcon_pkg'
[0.295s] Level 1:colcon.colcon_core.package_identification:_identify(src/apriltag_ros) by extensions ['colcon_meta']
[0.295s] Level 1:colcon.colcon_core.package_identification:_identify(src/apriltag_ros) by extension 'colcon_meta'
[0.295s] Level 1:colcon.colcon_core.package_identification:_identify(src/apriltag_ros) by extensions ['ros']
[0.295s] Level 1:colcon.colcon_core.package_identification:_identify(src/apriltag_ros) by extension 'ros'
[0.296s] DEBUG:colcon.colcon_core.package_identification:Package 'src/apriltag_ros' with type 'ros.ament_cmake' and name 'apriltag_ros'
[0.296s] Level 1:colcon.colcon_core.package_identification:_identify(src/turtlebot_control) by extensions ['ignore', 'ignore_ament_install']
[0.296s] Level 1:colcon.colcon_core.package_identification:_identify(src/turtlebot_control) by extension 'ignore'
[0.296s] Level 1:colcon.colcon_core.package_identification:_identify(src/turtlebot_control) by extension 'ignore_ament_install'
[0.296s] Level 1:colcon.colcon_core.package_identification:_identify(src/turtlebot_control) by extensions ['colcon_pkg']
[0.296s] Level 1:colcon.colcon_core.package_identification:_identify(src/turtlebot_control) by extension 'colcon_pkg'
[0.296s] Level 1:colcon.colcon_core.package_identification:_identify(src/turtlebot_control) by extensions ['colcon_meta']
[0.296s] Level 1:colcon.colcon_core.package_identification:_identify(src/turtlebot_control) by extension 'colcon_meta'
[0.296s] Level 1:colcon.colcon_core.package_identification:_identify(src/turtlebot_control) by extensions ['ros']
[0.296s] Level 1:colcon.colcon_core.package_identification:_identify(src/turtlebot_control) by extension 'ros'
[0.297s] DEBUG:colcon.colcon_core.package_identification:Package 'src/turtlebot_control' with type 'ros.ament_cmake' and name 'turtlebot_control'
[0.297s] Level 1:colcon.colcon_core.package_discovery:discover_packages(recursive) using defaults
[0.297s] Level 1:colcon.colcon_core.package_discovery:discover_packages(ignore) discover
[0.297s] Level 1:colcon.colcon_core.package_discovery:discover_packages(ignore) using defaults
[0.297s] Level 1:colcon.colcon_core.package_discovery:discover_packages(path) discover
[0.297s] Level 1:colcon.colcon_core.package_discovery:discover_packages(path) using defaults
[0.319s] Level 1:colcon.colcon_core.package_discovery:discover_packages(prefix_path) check parameters
[0.319s] Level 1:colcon.colcon_core.package_discovery:discover_packages(prefix_path) discover
[0.322s] DEBUG:colcon.colcon_installed_package_information.package_discovery:Found 43 installed packages in /home/scg1224/nuws/install
[0.324s] DEBUG:colcon.colcon_installed_package_information.package_discovery:Found 455 installed packages in /opt/ros/humble
[0.327s] Level 1:colcon.colcon_core.package_discovery:discover_packages(prefix_path) using defaults
[0.384s] Level 5:colcon.colcon_core.verb:set package 'apriltag' build argument 'cmake_args' from command line to 'None'
[0.384s] Level 5:colcon.colcon_core.verb:set package 'apriltag' build argument 'cmake_target' from command line to 'None'
[0.385s] Level 5:colcon.colcon_core.verb:set package 'apriltag' build argument 'cmake_target_skip_unavailable' from command line to 'False'
[0.385s] Level 5:colcon.colcon_core.verb:set package 'apriltag' build argument 'cmake_clean_cache' from command line to 'False'
[0.385s] Level 5:colcon.colcon_core.verb:set package 'apriltag' build argument 'cmake_clean_first' from command line to 'False'
[0.385s] Level 5:colcon.colcon_core.verb:set package 'apriltag' build argument 'cmake_force_configure' from command line to 'False'
[0.385s] Level 5:colcon.colcon_core.verb:set package 'apriltag' build argument 'ament_cmake_args' from command line to 'None'
[0.385s] Level 5:colcon.colcon_core.verb:set package 'apriltag' build argument 'catkin_cmake_args' from command line to 'None'
[0.385s] Level 5:colcon.colcon_core.verb:set package 'apriltag' build argument 'catkin_skip_building_tests' from command line to 'False'
[0.385s] DEBUG:colcon.colcon_core.verb:Building package 'apriltag' with the following arguments: {'ament_cmake_args': None, 'build_base': '/home/scg1224/Final_Project/raspberry_pi_ws/build/apriltag', 'catkin_cmake_args': None, 'catkin_skip_building_tests': False, 'cmake_args': None, 'cmake_clean_cache': False, 'cmake_clean_first': False, 'cmake_force_configure': False, 'cmake_target': None, 'cmake_target_skip_unavailable': False, 'install_base': '/home/scg1224/Final_Project/raspberry_pi_ws/install/apriltag', 'merge_install': False, 'path': '/home/scg1224/Final_Project/raspberry_pi_ws/src/apriltag', 'symlink_install': False, 'test_result_base': None}
[0.386s] Level 5:colcon.colcon_core.verb:set package 'apriltag_msgs' build argument 'cmake_args' from command line to 'None'
[0.386s] Level 5:colcon.colcon_core.verb:set package 'apriltag_msgs' build argument 'cmake_target' from command line to 'None'
[0.386s] Level 5:colcon.colcon_core.verb:set package 'apriltag_msgs' build argument 'cmake_target_skip_unavailable' from command line to 'False'
[0.386s] Level 5:colcon.colcon_core.verb:set package 'apriltag_msgs' build argument 'cmake_clean_cache' from command line to 'False'
[0.386s] Level 5:colcon.colcon_core.verb:set package 'apriltag_msgs' build argument 'cmake_clean_first' from command line to 'False'
[0.386s] Level 5:colcon.colcon_core.verb:set package 'apriltag_msgs' build argument 'cmake_force_configure' from command line to 'False'
[0.386s] Level 5:colcon.colcon_core.verb:set package 'apriltag_msgs' build argument 'ament_cmake_args' from command line to 'None'
[0.386s] Level 5:colcon.colcon_core.verb:set package 'apriltag_msgs' build argument 'catkin_cmake_args' from command line to 'None'
[0.386s] Level 5:colcon.colcon_core.verb:set package 'apriltag_msgs' build argument 'catkin_skip_building_tests' from command line to 'False'
[0.386s] DEBUG:colcon.colcon_core.verb:Building package 'apriltag_msgs' with the following arguments: {'ament_cmake_args': None, 'build_base': '/home/scg1224/Final_Project/raspberry_pi_ws/build/apriltag_msgs', 'catkin_cmake_args': None, 'catkin_skip_building_tests': False, 'cmake_args': None, 'cmake_clean_cache': False, 'cmake_clean_first': False, 'cmake_force_configure': False, 'cmake_target': None, 'cmake_target_skip_unavailable': False, 'install_base': '/home/scg1224/Final_Project/raspberry_pi_ws/install/apriltag_msgs', 'merge_install': False, 'path': '/home/scg1224/Final_Project/raspberry_pi_ws/src/apriltag_msgs', 'symlink_install': False, 'test_result_base': None}
[0.387s] Level 5:colcon.colcon_core.verb:set package 'turtlebot_control' build argument 'cmake_args' from command line to 'None'
[0.387s] Level 5:colcon.colcon_core.verb:set package 'turtlebot_control' build argument 'cmake_target' from command line to 'None'
[0.387s] Level 5:colcon.colcon_core.verb:set package 'turtlebot_control' build argument 'cmake_target_skip_unavailable' from command line to 'False'
[0.387s] Level 5:colcon.colcon_core.verb:set package 'turtlebot_control' build argument 'cmake_clean_cache' from command line to 'False'
[0.387s] Level 5:colcon.colcon_core.verb:set package 'turtlebot_control' build argument 'cmake_clean_first' from command line to 'False'
[0.387s] Level 5:colcon.colcon_core.verb:set package 'turtlebot_control' build argument 'cmake_force_configure' from command line to 'False'
[0.387s] Level 5:colcon.colcon_core.verb:set package 'turtlebot_control' build argument 'ament_cmake_args' from command line to 'None'
[0.387s] Level 5:colcon.colcon_core.verb:set package 'turtlebot_control' build argument 'catkin_cmake_args' from command line to 'None'
[0.388s] Level 5:colcon.colcon_core.verb:set package 'turtlebot_control' build argument 'catkin_skip_building_tests' from command line to 'False'
[0.388s] DEBUG:colcon.colcon_core.verb:Building package 'turtlebot_control' with the following arguments: {'ament_cmake_args': None, 'build_base': '/home/scg1224/Final_Project/raspberry_pi_ws/build/turtlebot_control', 'catkin_cmake_args': None, 'catkin_skip_building_tests': False, 'cmake_args': None, 'cmake_clean_cache': False, 'cmake_clean_first': False, 'cmake_force_configure': False, 'cmake_target': None, 'cmake_target_skip_unavailable': False, 'install_base': '/home/scg1224/Final_Project/raspberry_pi_ws/install/turtlebot_control', 'merge_install': False, 'path': '/home/scg1224/Final_Project/raspberry_pi_ws/src/turtlebot_control', 'symlink_install': False, 'test_result_base': None}
[0.389s] Level 5:colcon.colcon_core.verb:set package 'apriltag_ros' build argument 'cmake_args' from command line to 'None'
[0.389s] Level 5:colcon.colcon_core.verb:set package 'apriltag_ros' build argument 'cmake_target' from command line to 'None'
[0.389s] Level 5:colcon.colcon_core.verb:set package 'apriltag_ros' build argument 'cmake_target_skip_unavailable' from command line to 'False'
[0.389s] Level 5:colcon.colcon_core.verb:set package 'apriltag_ros' build argument 'cmake_clean_cache' from command line to 'False'
[0.389s] Level 5:colcon.colcon_core.verb:set package 'apriltag_ros' build argument 'cmake_clean_first' from command line to 'False'
[0.389s] Level 5:colcon.colcon_core.verb:set package 'apriltag_ros' build argument 'cmake_force_configure' from command line to 'False'
[0.389s] Level 5:colcon.colcon_core.verb:set package 'apriltag_ros' build argument 'ament_cmake_args' from command line to 'None'
[0.389s] Level 5:colcon.colcon_core.verb:set package 'apriltag_ros' build argument 'catkin_cmake_args' from command line to 'None'
[0.389s] Level 5:colcon.colcon_core.verb:set package 'apriltag_ros' build argument 'catkin_skip_building_tests' from command line to 'False'
[0.389s] DEBUG:colcon.colcon_core.verb:Building package 'apriltag_ros' with the following arguments: {'ament_cmake_args': None, 'build_base': '/home/scg1224/Final_Project/raspberry_pi_ws/build/apriltag_ros', 'catkin_cmake_args': None, 'catkin_skip_building_tests': False, 'cmake_args': None, 'cmake_clean_cache': False, 'cmake_clean_first': False, 'cmake_force_configure': False, 'cmake_target': None, 'cmake_target_skip_unavailable': False, 'install_base': '/home/scg1224/Final_Project/raspberry_pi_ws/install/apriltag_ros', 'merge_install': False, 'path': '/home/scg1224/Final_Project/raspberry_pi_ws/src/apriltag_ros', 'symlink_install': False, 'test_result_base': None}
[0.389s] INFO:colcon.colcon_core.executor:Executing jobs using 'parallel' executor
[0.393s] DEBUG:colcon.colcon_parallel_executor.executor.parallel:run_until_complete
[0.393s] INFO:colcon.colcon_ros.task.cmake.build:Building ROS package in '/home/scg1224/Final_Project/raspberry_pi_ws/src/apriltag' with build type 'cmake'
[0.393s] INFO:colcon.colcon_cmake.task.cmake.build:Building CMake package in '/home/scg1224/Final_Project/raspberry_pi_ws/src/apriltag'
[0.397s] INFO:colcon.colcon_core.plugin_system:Skipping extension 'colcon_core.shell.bat': Not used on non-Windows systems
[0.397s] INFO:colcon.colcon_core.shell:Skip shell extension 'powershell' for command environment: Not usable outside of PowerShell
[0.397s] DEBUG:colcon.colcon_core.shell:Skip shell extension 'dsv' for command environment
[0.402s] INFO:colcon.colcon_ros.task.ament_cmake.build:Building ROS package in '/home/scg1224/Final_Project/raspberry_pi_ws/src/apriltag_msgs' with build type 'ament_cmake'
[0.402s] INFO:colcon.colcon_cmake.task.cmake.build:Building CMake package in '/home/scg1224/Final_Project/raspberry_pi_ws/src/apriltag_msgs'
[0.404s] INFO:colcon.colcon_core.shell:Skip shell extension 'powershell' for command environment: Not usable outside of PowerShell
[0.404s] DEBUG:colcon.colcon_core.shell:Skip shell extension 'dsv' for command environment
[0.409s] INFO:colcon.colcon_ros.task.ament_cmake.build:Building ROS package in '/home/scg1224/Final_Project/raspberry_pi_ws/src/turtlebot_control' with build type 'ament_cmake'
[0.409s] INFO:colcon.colcon_cmake.task.cmake.build:Building CMake package in '/home/scg1224/Final_Project/raspberry_pi_ws/src/turtlebot_control'
[0.410s] INFO:colcon.colcon_core.shell:Skip shell extension 'powershell' for command environment: Not usable outside of PowerShell
[0.410s] DEBUG:colcon.colcon_core.shell:Skip shell extension 'dsv' for command environment
[0.421s] DEBUG:colcon.colcon_core.event_handler.log_command:Invoking command in '/home/scg1224/Final_Project/raspberry_pi_ws/build/apriltag': CMAKE_PREFIX_PATH=${CMAKE_PREFIX_PATH}:/opt/ros/humble /usr/bin/cmake /home/scg1224/Final_Project/raspberry_pi_ws/src/apriltag -DCMAKE_INSTALL_PREFIX=/home/scg1224/Final_Project/raspberry_pi_ws/install/apriltag
[0.425s] DEBUG:colcon.colcon_core.event_handler.log_command:Invoking command in '/home/scg1224/Final_Project/raspberry_pi_ws/build/apriltag_msgs': CMAKE_PREFIX_PATH=${CMAKE_PREFIX_PATH}:/opt/ros/humble /usr/bin/cmake --build /home/scg1224/Final_Project/raspberry_pi_ws/build/apriltag_msgs -- -j8 -l8
[0.429s] DEBUG:colcon.colcon_core.event_handler.log_command:Invoking command in '/home/scg1224/Final_Project/raspberry_pi_ws/build/turtlebot_control': CMAKE_PREFIX_PATH=${CMAKE_PREFIX_PATH}:/opt/ros/humble /usr/bin/cmake --build /home/scg1224/Final_Project/raspberry_pi_ws/build/turtlebot_control -- -j8 -l8
[0.484s] DEBUG:colcon.colcon_core.event_handler.log_command:Invoked command in '/home/scg1224/Final_Project/raspberry_pi_ws/build/turtlebot_control' returned '0': CMAKE_PREFIX_PATH=${CMAKE_PREFIX_PATH}:/opt/ros/humble /usr/bin/cmake --build /home/scg1224/Final_Project/raspberry_pi_ws/build/turtlebot_control -- -j8 -l8
[0.511s] DEBUG:colcon.colcon_core.event_handler.log_command:Invoking command in '/home/scg1224/Final_Project/raspberry_pi_ws/build/turtlebot_control': CMAKE_PREFIX_PATH=${CMAKE_PREFIX_PATH}:/opt/ros/humble /usr/bin/cmake --install /home/scg1224/Final_Project/raspberry_pi_ws/build/turtlebot_control
[0.517s] Level 1:colcon.colcon_core.environment:create_environment_scripts_only(turtlebot_control)
[0.518s] DEBUG:colcon.colcon_core.event_handler.log_command:Invoked command in '/home/scg1224/Final_Project/raspberry_pi_ws/build/turtlebot_control' returned '0': CMAKE_PREFIX_PATH=${CMAKE_PREFIX_PATH}:/opt/ros/humble /usr/bin/cmake --install /home/scg1224/Final_Project/raspberry_pi_ws/build/turtlebot_control
[0.524s] Level 1:colcon.colcon_core.environment:checking '/home/scg1224/Final_Project/raspberry_pi_ws/install/turtlebot_control' for CMake module files
[0.524s] Level 1:colcon.colcon_core.environment:checking '/home/scg1224/Final_Project/raspberry_pi_ws/install/turtlebot_control' for CMake config files
[0.525s] Level 1:colcon.colcon_core.shell:create_environment_hook('turtlebot_control', 'cmake_prefix_path')
[0.527s] INFO:colcon.colcon_core.shell:Creating environment hook '/home/scg1224/Final_Project/raspberry_pi_ws/install/turtlebot_control/share/turtlebot_control/hook/cmake_prefix_path.ps1'
[0.528s] INFO:colcon.colcon_core.shell:Creating environment descriptor '/home/scg1224/Final_Project/raspberry_pi_ws/install/turtlebot_control/share/turtlebot_control/hook/cmake_prefix_path.dsv'
[0.529s] INFO:colcon.colcon_core.shell:Creating environment hook '/home/scg1224/Final_Project/raspberry_pi_ws/install/turtlebot_control/share/turtlebot_control/hook/cmake_prefix_path.sh'
[0.530s] Level 1:colcon.colcon_core.environment:checking '/home/scg1224/Final_Project/raspberry_pi_ws/install/turtlebot_control/lib'
[0.531s] Level 1:colcon.colcon_core.environment:checking '/home/scg1224/Final_Project/raspberry_pi_ws/install/turtlebot_control/bin'
[0.531s] Level 1:colcon.colcon_core.environment:checking '/home/scg1224/Final_Project/raspberry_pi_ws/install/turtlebot_control/lib/pkgconfig/turtlebot_control.pc'
[0.531s] Level 1:colcon.colcon_core.environment:checking '/home/scg1224/Final_Project/raspberry_pi_ws/install/turtlebot_control/lib/python3.10/site-packages'
[0.531s] Level 1:colcon.colcon_core.environment:checking '/home/scg1224/Final_Project/raspberry_pi_ws/install/turtlebot_control/bin'
[0.535s] INFO:colcon.colcon_core.shell:Creating package script '/home/scg1224/Final_Project/raspberry_pi_ws/install/turtlebot_control/share/turtlebot_control/package.ps1'
[0.536s] INFO:colcon.colcon_core.shell:Creating package descriptor '/home/scg1224/Final_Project/raspberry_pi_ws/install/turtlebot_control/share/turtlebot_control/package.dsv'
[0.537s] INFO:colcon.colcon_core.shell:Creating package script '/home/scg1224/Final_Project/raspberry_pi_ws/install/turtlebot_control/share/turtlebot_control/package.sh'
[0.538s] INFO:colcon.colcon_core.shell:Creating package script '/home/scg1224/Final_Project/raspberry_pi_ws/install/turtlebot_control/share/turtlebot_control/package.bash'
[0.539s] INFO:colcon.colcon_core.shell:Creating package script '/home/scg1224/Final_Project/raspberry_pi_ws/install/turtlebot_control/share/turtlebot_control/package.zsh'
[0.540s] Level 1:colcon.colcon_core.environment:create_file_with_runtime_dependencies(/home/scg1224/Final_Project/raspberry_pi_ws/install/turtlebot_control/share/colcon-core/packages/turtlebot_control)
[0.564s] Level 1:colcon.colcon_core.environment:create_environment_scripts_only(turtlebot_control)
[0.567s] Level 1:colcon.colcon_core.environment:checking '/home/scg1224/Final_Project/raspberry_pi_ws/install/turtlebot_control' for CMake module files
[0.568s] Level 1:colcon.colcon_core.environment:checking '/home/scg1224/Final_Project/raspberry_pi_ws/install/turtlebot_control' for CMake config files
[0.569s] Level 1:colcon.colcon_core.shell:create_environment_hook('turtlebot_control', 'cmake_prefix_path')
[0.572s] INFO:colcon.colcon_core.shell:Creating environment hook '/home/scg1224/Final_Project/raspberry_pi_ws/install/turtlebot_control/share/turtlebot_control/hook/cmake_prefix_path.ps1'
[0.572s] INFO:colcon.colcon_core.shell:Creating environment descriptor '/home/scg1224/Final_Project/raspberry_pi_ws/install/turtlebot_control/share/turtlebot_control/hook/cmake_prefix_path.dsv'
[0.573s] INFO:colcon.colcon_core.shell:Creating environment hook '/home/scg1224/Final_Project/raspberry_pi_ws/install/turtlebot_control/share/turtlebot_control/hook/cmake_prefix_path.sh'
[0.573s] Level 1:colcon.colcon_core.environment:checking '/home/scg1224/Final_Project/raspberry_pi_ws/install/turtlebot_control/lib'
[0.574s] Level 1:colcon.colcon_core.environment:checking '/home/scg1224/Final_Project/raspberry_pi_ws/install/turtlebot_control/bin'
[0.574s] Level 1:colcon.colcon_core.environment:checking '/home/scg1224/Final_Project/raspberry_pi_ws/install/turtlebot_control/lib/pkgconfig/turtlebot_control.pc'
[0.574s] Level 1:colcon.colcon_core.environment:checking '/home/scg1224/Final_Project/raspberry_pi_ws/install/turtlebot_control/lib/python3.10/site-packages'
[0.574s] Level 1:colcon.colcon_core.environment:checking '/home/scg1224/Final_Project/raspberry_pi_ws/install/turtlebot_control/bin'
[0.576s] INFO:colcon.colcon_core.shell:Creating package script '/home/scg1224/Final_Project/raspberry_pi_ws/install/turtlebot_control/share/turtlebot_control/package.ps1'
[0.577s] INFO:colcon.colcon_core.shell:Creating package descriptor '/home/scg1224/Final_Project/raspberry_pi_ws/install/turtlebot_control/share/turtlebot_control/package.dsv'
[0.577s] INFO:colcon.colcon_core.shell:Creating package script '/home/scg1224/Final_Project/raspberry_pi_ws/install/turtlebot_control/share/turtlebot_control/package.sh'
[0.578s] INFO:colcon.colcon_core.shell:Creating package script '/home/scg1224/Final_Project/raspberry_pi_ws/install/turtlebot_control/share/turtlebot_control/package.bash'
[0.578s] INFO:colcon.colcon_core.shell:Creating package script '/home/scg1224/Final_Project/raspberry_pi_ws/install/turtlebot_control/share/turtlebot_control/package.zsh'
[0.578s] Level 1:colcon.colcon_core.environment:create_file_with_runtime_dependencies(/home/scg1224/Final_Project/raspberry_pi_ws/install/turtlebot_control/share/colcon-core/packages/turtlebot_control)
[0.777s] DEBUG:colcon.colcon_core.event_handler.log_command:Invoked command in '/home/scg1224/Final_Project/raspberry_pi_ws/build/apriltag_msgs' returned '0': CMAKE_PREFIX_PATH=${CMAKE_PREFIX_PATH}:/opt/ros/humble /usr/bin/cmake --build /home/scg1224/Final_Project/raspberry_pi_ws/build/apriltag_msgs -- -j8 -l8
[0.876s] DEBUG:colcon.colcon_core.event_handler.log_command:Invoking command in '/home/scg1224/Final_Project/raspberry_pi_ws/build/apriltag_msgs': CMAKE_PREFIX_PATH=${CMAKE_PREFIX_PATH}:/opt/ros/humble /usr/bin/cmake --install /home/scg1224/Final_Project/raspberry_pi_ws/build/apriltag_msgs
[0.927s] Level 1:colcon.colcon_core.environment:create_environment_scripts_only(apriltag_msgs)
[0.929s] Level 1:colcon.colcon_core.environment:checking '/home/scg1224/Final_Project/raspberry_pi_ws/install/apriltag_msgs' for CMake module files
[0.930s] DEBUG:colcon.colcon_core.event_handler.log_command:Invoked command in '/home/scg1224/Final_Project/raspberry_pi_ws/build/apriltag_msgs' returned '0': CMAKE_PREFIX_PATH=${CMAKE_PREFIX_PATH}:/opt/ros/humble /usr/bin/cmake --install /home/scg1224/Final_Project/raspberry_pi_ws/build/apriltag_msgs
[0.930s] Level 1:colcon.colcon_core.environment:checking '/home/scg1224/Final_Project/raspberry_pi_ws/install/apriltag_msgs' for CMake config files
[0.931s] Level 1:colcon.colcon_core.shell:create_environment_hook('apriltag_msgs', 'cmake_prefix_path')
[0.932s] INFO:colcon.colcon_core.shell:Creating environment hook '/home/scg1224/Final_Project/raspberry_pi_ws/install/apriltag_msgs/share/apriltag_msgs/hook/cmake_prefix_path.ps1'
[0.932s] INFO:colcon.colcon_core.shell:Creating environment descriptor '/home/scg1224/Final_Project/raspberry_pi_ws/install/apriltag_msgs/share/apriltag_msgs/hook/cmake_prefix_path.dsv'
[0.932s] INFO:colcon.colcon_core.shell:Creating environment hook '/home/scg1224/Final_Project/raspberry_pi_ws/install/apriltag_msgs/share/apriltag_msgs/hook/cmake_prefix_path.sh'
[0.933s] Level 1:colcon.colcon_core.environment:checking '/home/scg1224/Final_Project/raspberry_pi_ws/install/apriltag_msgs/lib'
[0.933s] Level 1:colcon.colcon_core.shell:create_environment_hook('apriltag_msgs', 'ld_library_path_lib')
[0.935s] INFO:colcon.colcon_core.shell:Creating environment hook '/home/scg1224/Final_Project/raspberry_pi_ws/install/apriltag_msgs/share/apriltag_msgs/hook/ld_library_path_lib.ps1'
[0.935s] INFO:colcon.colcon_core.shell:Creating environment descriptor '/home/scg1224/Final_Project/raspberry_pi_ws/install/apriltag_msgs/share/apriltag_msgs/hook/ld_library_path_lib.dsv'
[0.936s] INFO:colcon.colcon_core.shell:Creating environment hook '/home/scg1224/Final_Project/raspberry_pi_ws/install/apriltag_msgs/share/apriltag_msgs/hook/ld_library_path_lib.sh'
[0.936s] Level 1:colcon.colcon_core.environment:checking '/home/scg1224/Final_Project/raspberry_pi_ws/install/apriltag_msgs/bin'
[0.936s] Level 1:colcon.colcon_core.environment:checking '/home/scg1224/Final_Project/raspberry_pi_ws/install/apriltag_msgs/lib/pkgconfig/apriltag_msgs.pc'
[0.936s] Level 1:colcon.colcon_core.environment:checking '/home/scg1224/Final_Project/raspberry_pi_ws/install/apriltag_msgs/lib/python3.10/site-packages'
[0.936s] Level 1:colcon.colcon_core.environment:checking '/home/scg1224/Final_Project/raspberry_pi_ws/install/apriltag_msgs/bin'
[0.938s] INFO:colcon.colcon_core.shell:Creating package script '/home/scg1224/Final_Project/raspberry_pi_ws/install/apriltag_msgs/share/apriltag_msgs/package.ps1'
[0.938s] INFO:colcon.colcon_core.shell:Creating package descriptor '/home/scg1224/Final_Project/raspberry_pi_ws/install/apriltag_msgs/share/apriltag_msgs/package.dsv'
[0.939s] INFO:colcon.colcon_core.shell:Creating package script '/home/scg1224/Final_Project/raspberry_pi_ws/install/apriltag_msgs/share/apriltag_msgs/package.sh'
[0.939s] INFO:colcon.colcon_core.shell:Creating package script '/home/scg1224/Final_Project/raspberry_pi_ws/install/apriltag_msgs/share/apriltag_msgs/package.bash'
[0.939s] INFO:colcon.colcon_core.shell:Creating package script '/home/scg1224/Final_Project/raspberry_pi_ws/install/apriltag_msgs/share/apriltag_msgs/package.zsh'
[0.939s] Level 1:colcon.colcon_core.environment:create_file_with_runtime_dependencies(/home/scg1224/Final_Project/raspberry_pi_ws/install/apriltag_msgs/share/colcon-core/packages/apriltag_msgs)
[1.030s] Level 1:colcon.colcon_core.environment:create_environment_scripts_only(apriltag_msgs)
[1.033s] Level 1:colcon.colcon_core.environment:checking '/home/scg1224/Final_Project/raspberry_pi_ws/install/apriltag_msgs' for CMake module files
[1.034s] Level 1:colcon.colcon_core.environment:checking '/home/scg1224/Final_Project/raspberry_pi_ws/install/apriltag_msgs' for CMake config files
[1.034s] Level 1:colcon.colcon_core.shell:create_environment_hook('apriltag_msgs', 'cmake_prefix_path')
[1.037s] INFO:colcon.colcon_core.shell:Creating environment hook '/home/scg1224/Final_Project/raspberry_pi_ws/install/apriltag_msgs/share/apriltag_msgs/hook/cmake_prefix_path.ps1'
[1.037s] INFO:colcon.colcon_core.shell:Creating environment descriptor '/home/scg1224/Final_Project/raspberry_pi_ws/install/apriltag_msgs/share/apriltag_msgs/hook/cmake_prefix_path.dsv'
[1.038s] INFO:colcon.colcon_core.shell:Creating environment hook '/home/scg1224/Final_Project/raspberry_pi_ws/install/apriltag_msgs/share/apriltag_msgs/hook/cmake_prefix_path.sh'
[1.039s] Level 1:colcon.colcon_core.environment:checking '/home/scg1224/Final_Project/raspberry_pi_ws/install/apriltag_msgs/lib'
[1.039s] Level 1:colcon.colcon_core.shell:create_environment_hook('apriltag_msgs', 'ld_library_path_lib')
[1.041s] INFO:colcon.colcon_core.shell:Creating environment hook '/home/scg1224/Final_Project/raspberry_pi_ws/install/apriltag_msgs/share/apriltag_msgs/hook/ld_library_path_lib.ps1'
[1.041s] INFO:colcon.colcon_core.shell:Creating environment descriptor '/home/scg1224/Final_Project/raspberry_pi_ws/install/apriltag_msgs/share/apriltag_msgs/hook/ld_library_path_lib.dsv'
[1.042s] INFO:colcon.colcon_core.shell:Creating environment hook '/home/scg1224/Final_Project/raspberry_pi_ws/install/apriltag_msgs/share/apriltag_msgs/hook/ld_library_path_lib.sh'
[1.042s] Level 1:colcon.colcon_core.environment:checking '/home/scg1224/Final_Project/raspberry_pi_ws/install/apriltag_msgs/bin'
[1.042s] Level 1:colcon.colcon_core.environment:checking '/home/scg1224/Final_Project/raspberry_pi_ws/install/apriltag_msgs/lib/pkgconfig/apriltag_msgs.pc'
[1.043s] Level 1:colcon.colcon_core.environment:checking '/home/scg1224/Final_Project/raspberry_pi_ws/install/apriltag_msgs/lib/python3.10/site-packages'
[1.043s] Level 1:colcon.colcon_core.environment:checking '/home/scg1224/Final_Project/raspberry_pi_ws/install/apriltag_msgs/bin'
[1.045s] INFO:colcon.colcon_core.shell:Creating package script '/home/scg1224/Final_Project/raspberry_pi_ws/install/apriltag_msgs/share/apriltag_msgs/package.ps1'
[1.046s] INFO:colcon.colcon_core.shell:Creating package descriptor '/home/scg1224/Final_Project/raspberry_pi_ws/install/apriltag_msgs/share/apriltag_msgs/package.dsv'
[1.046s] INFO:colcon.colcon_core.shell:Creating package script '/home/scg1224/Final_Project/raspberry_pi_ws/install/apriltag_msgs/share/apriltag_msgs/package.sh'
[1.047s] INFO:colcon.colcon_core.shell:Creating package script '/home/scg1224/Final_Project/raspberry_pi_ws/install/apriltag_msgs/share/apriltag_msgs/package.bash'
[1.047s] INFO:colcon.colcon_core.shell:Creating package script '/home/scg1224/Final_Project/raspberry_pi_ws/install/apriltag_msgs/share/apriltag_msgs/package.zsh'
[1.048s] Level 1:colcon.colcon_core.environment:create_file_with_runtime_dependencies(/home/scg1224/Final_Project/raspberry_pi_ws/install/apriltag_msgs/share/colcon-core/packages/apriltag_msgs)
[1.117s] DEBUG:colcon.colcon_core.event_handler.log_command:Invoked command in '/home/scg1224/Final_Project/raspberry_pi_ws/build/apriltag' returned '0': CMAKE_PREFIX_PATH=${CMAKE_PREFIX_PATH}:/opt/ros/humble /usr/bin/cmake /home/scg1224/Final_Project/raspberry_pi_ws/src/apriltag -DCMAKE_INSTALL_PREFIX=/home/scg1224/Final_Project/raspberry_pi_ws/install/apriltag
[1.117s] DEBUG:colcon.colcon_core.event_handler.log_command:Invoking command in '/home/scg1224/Final_Project/raspberry_pi_ws/build/apriltag': CMAKE_PREFIX_PATH=${CMAKE_PREFIX_PATH}:/opt/ros/humble /usr/bin/cmake --build /home/scg1224/Final_Project/raspberry_pi_ws/build/apriltag -- -j8 -l8
[4.166s] DEBUG:colcon.colcon_core.event_handler.log_command:Invoked command in '/home/scg1224/Final_Project/raspberry_pi_ws/build/apriltag' returned '0': CMAKE_PREFIX_PATH=${CMAKE_PREFIX_PATH}:/opt/ros/humble /usr/bin/cmake --build /home/scg1224/Final_Project/raspberry_pi_ws/build/apriltag -- -j8 -l8
[4.259s] DEBUG:colcon.colcon_core.event_handler.log_command:Invoking command in '/home/scg1224/Final_Project/raspberry_pi_ws/build/apriltag': CMAKE_PREFIX_PATH=${CMAKE_PREFIX_PATH}:/opt/ros/humble /usr/bin/cmake --install /home/scg1224/Final_Project/raspberry_pi_ws/build/apriltag
[4.271s] DEBUG:colcon.colcon_core.event_handler.log_command:Invoked command in '/home/scg1224/Final_Project/raspberry_pi_ws/build/apriltag' returned '0': CMAKE_PREFIX_PATH=${CMAKE_PREFIX_PATH}:/opt/ros/humble /usr/bin/cmake --install /home/scg1224/Final_Project/raspberry_pi_ws/build/apriltag
[4.406s] Level 1:colcon.colcon_core.shell:create_environment_hook('apriltag', 'pkg_config_path')
[4.408s] INFO:colcon.colcon_core.shell:Creating environment hook '/home/scg1224/Final_Project/raspberry_pi_ws/install/apriltag/share/apriltag/hook/pkg_config_path.ps1'
[4.409s] INFO:colcon.colcon_core.shell:Creating environment descriptor '/home/scg1224/Final_Project/raspberry_pi_ws/install/apriltag/share/apriltag/hook/pkg_config_path.dsv'
[4.410s] INFO:colcon.colcon_core.shell:Creating environment hook '/home/scg1224/Final_Project/raspberry_pi_ws/install/apriltag/share/apriltag/hook/pkg_config_path.sh'
[4.412s] Level 1:colcon.colcon_core.shell:create_environment_hook('apriltag', 'pkg_config_path_multiarch')
[4.415s] INFO:colcon.colcon_core.shell:Creating environment hook '/home/scg1224/Final_Project/raspberry_pi_ws/install/apriltag/share/apriltag/hook/pkg_config_path_multiarch.ps1'
[4.415s] INFO:colcon.colcon_core.shell:Creating environment descriptor '/home/scg1224/Final_Project/raspberry_pi_ws/install/apriltag/share/apriltag/hook/pkg_config_path_multiarch.dsv'
[4.416s] INFO:colcon.colcon_core.shell:Creating environment hook '/home/scg1224/Final_Project/raspberry_pi_ws/install/apriltag/share/apriltag/hook/pkg_config_path_multiarch.sh'
[4.416s] Level 1:colcon.colcon_core.environment:create_environment_scripts_only(apriltag)
[4.419s] Level 1:colcon.colcon_core.environment:checking '/home/scg1224/Final_Project/raspberry_pi_ws/install/apriltag' for CMake module files
[4.419s] Level 1:colcon.colcon_core.environment:checking '/home/scg1224/Final_Project/raspberry_pi_ws/install/apriltag' for CMake config files
[4.420s] Level 1:colcon.colcon_core.shell:create_environment_hook('apriltag', 'cmake_prefix_path')
[4.421s] INFO:colcon.colcon_core.shell:Creating environment hook '/home/scg1224/Final_Project/raspberry_pi_ws/install/apriltag/share/apriltag/hook/cmake_prefix_path.ps1'
[4.421s] INFO:colcon.colcon_core.shell:Creating environment descriptor '/home/scg1224/Final_Project/raspberry_pi_ws/install/apriltag/share/apriltag/hook/cmake_prefix_path.dsv'
[4.422s] INFO:colcon.colcon_core.shell:Creating environment hook '/home/scg1224/Final_Project/raspberry_pi_ws/install/apriltag/share/apriltag/hook/cmake_prefix_path.sh'
[4.422s] Level 1:colcon.colcon_core.environment:checking '/home/scg1224/Final_Project/raspberry_pi_ws/install/apriltag/lib'
[4.422s] Level 1:colcon.colcon_core.shell:create_environment_hook('apriltag', 'ld_library_path_lib')
[4.423s] INFO:colcon.colcon_core.shell:Creating environment hook '/home/scg1224/Final_Project/raspberry_pi_ws/install/apriltag/share/apriltag/hook/ld_library_path_lib.ps1'
[4.424s] INFO:colcon.colcon_core.shell:Creating environment descriptor '/home/scg1224/Final_Project/raspberry_pi_ws/install/apriltag/share/apriltag/hook/ld_library_path_lib.dsv'
[4.424s] INFO:colcon.colcon_core.shell:Creating environment hook '/home/scg1224/Final_Project/raspberry_pi_ws/install/apriltag/share/apriltag/hook/ld_library_path_lib.sh'
[4.424s] Level 1:colcon.colcon_core.environment:checking '/home/scg1224/Final_Project/raspberry_pi_ws/install/apriltag/bin'
[4.424s] Level 1:colcon.colcon_core.shell:create_environment_hook('apriltag', 'path')
[4.425s] INFO:colcon.colcon_core.shell:Creating environment hook '/home/scg1224/Final_Project/raspberry_pi_ws/install/apriltag/share/apriltag/hook/path.ps1'
[4.425s] INFO:colcon.colcon_core.shell:Creating environment descriptor '/home/scg1224/Final_Project/raspberry_pi_ws/install/apriltag/share/apriltag/hook/path.dsv'
[4.425s] INFO:colcon.colcon_core.shell:Creating environment hook '/home/scg1224/Final_Project/raspberry_pi_ws/install/apriltag/share/apriltag/hook/path.sh'
[4.425s] Level 1:colcon.colcon_core.environment:checking '/home/scg1224/Final_Project/raspberry_pi_ws/install/apriltag/lib/pkgconfig/apriltag.pc'
[4.425s] Level 1:colcon.colcon_core.shell:create_environment_hook('apriltag', 'pkg_config')
[4.426s] INFO:colcon.colcon_core.shell:Creating environment hook '/home/scg1224/Final_Project/raspberry_pi_ws/install/apriltag/share/apriltag/hook/pkg_config.ps1'
[4.427s] INFO:colcon.colcon_core.shell:Creating environment descriptor '/home/scg1224/Final_Project/raspberry_pi_ws/install/apriltag/share/apriltag/hook/pkg_config.dsv'
[4.427s] INFO:colcon.colcon_core.shell:Creating environment hook '/home/scg1224/Final_Project/raspberry_pi_ws/install/apriltag/share/apriltag/hook/pkg_config.sh'
[4.427s] Level 1:colcon.colcon_core.environment:checking '/home/scg1224/Final_Project/raspberry_pi_ws/install/apriltag/lib/python3.10/site-packages'
[4.427s] Level 1:colcon.colcon_core.environment:checking '/home/scg1224/Final_Project/raspberry_pi_ws/install/apriltag/bin'
[4.427s] Level 1:colcon.colcon_core.shell:create_environment_hook('apriltag', 'pythonscriptspath')
[4.428s] INFO:colcon.colcon_core.shell:Creating environment hook '/home/scg1224/Final_Project/raspberry_pi_ws/install/apriltag/share/apriltag/hook/pythonscriptspath.ps1'
[4.428s] INFO:colcon.colcon_core.shell:Creating environment descriptor '/home/scg1224/Final_Project/raspberry_pi_ws/install/apriltag/share/apriltag/hook/pythonscriptspath.dsv'
[4.428s] INFO:colcon.colcon_core.shell:Creating environment hook '/home/scg1224/Final_Project/raspberry_pi_ws/install/apriltag/share/apriltag/hook/pythonscriptspath.sh'
[4.429s] INFO:colcon.colcon_core.shell:Creating package script '/home/scg1224/Final_Project/raspberry_pi_ws/install/apriltag/share/apriltag/package.ps1'
[4.430s] INFO:colcon.colcon_core.shell:Creating package descriptor '/home/scg1224/Final_Project/raspberry_pi_ws/install/apriltag/share/apriltag/package.dsv'
[4.430s] INFO:colcon.colcon_core.shell:Creating package script '/home/scg1224/Final_Project/raspberry_pi_ws/install/apriltag/share/apriltag/package.sh'
[4.431s] INFO:colcon.colcon_core.shell:Creating package script '/home/scg1224/Final_Project/raspberry_pi_ws/install/apriltag/share/apriltag/package.bash'
[4.431s] INFO:colcon.colcon_core.shell:Creating package script '/home/scg1224/Final_Project/raspberry_pi_ws/install/apriltag/share/apriltag/package.zsh'
[4.431s] Level 1:colcon.colcon_core.environment:create_file_with_runtime_dependencies(/home/scg1224/Final_Project/raspberry_pi_ws/install/apriltag/share/colcon-core/packages/apriltag)
[4.432s] INFO:colcon.colcon_ros.task.ament_cmake.build:Building ROS package in '/home/scg1224/Final_Project/raspberry_pi_ws/src/apriltag_ros' with build type 'ament_cmake'
[4.432s] INFO:colcon.colcon_cmake.task.cmake.build:Building CMake package in '/home/scg1224/Final_Project/raspberry_pi_ws/src/apriltag_ros'
[4.433s] INFO:colcon.colcon_core.shell:Skip shell extension 'powershell' for command environment: Not usable outside of PowerShell
[4.433s] DEBUG:colcon.colcon_core.shell:Skip shell extension 'dsv' for command environment
[4.449s] DEBUG:colcon.colcon_core.event_handler.log_command:Invoking command in '/home/scg1224/Final_Project/raspberry_pi_ws/build/apriltag_ros': AMENT_PREFIX_PATH=/home/scg1224/Final_Project/raspberry_pi_ws/install/apriltag_msgs:${AMENT_PREFIX_PATH} CMAKE_PREFIX_PATH=/home/scg1224/Final_Project/raspberry_pi_ws/install/apriltag_msgs:/home/scg1224/Final_Project/raspberry_pi_ws/install/apriltag:/home/scg1224/nuws/install:/opt/ros/humble LD_LIBRARY_PATH=/home/scg1224/Final_Project/raspberry_pi_ws/install/apriltag_msgs/lib:/home/scg1224/Final_Project/raspberry_pi_ws/install/apriltag/lib:${LD_LIBRARY_PATH} PATH=/home/scg1224/Final_Project/raspberry_pi_ws/install/apriltag/bin:${PATH} PKG_CONFIG_PATH=/home/scg1224/Final_Project/raspberry_pi_ws/install/apriltag/lib/x86_64-linux-gnu/pkgconfig:/home/scg1224/Final_Project/raspberry_pi_ws/install/apriltag/lib/pkgconfig:${PKG_CONFIG_PATH} PYTHONPATH=/home/scg1224/Final_Project/raspberry_pi_ws/install/apriltag_msgs/local/lib/python3.10/dist-packages:${PYTHONPATH} /usr/bin/cmake /home/scg1224/Final_Project/raspberry_pi_ws/src/apriltag_ros -DCMAKE_INSTALL_PREFIX=/home/scg1224/Final_Project/raspberry_pi_ws/install/apriltag_ros
[5.358s] DEBUG:colcon.colcon_core.event_handler.log_command:Invoked command in '/home/scg1224/Final_Project/raspberry_pi_ws/build/apriltag_ros' returned '0': AMENT_PREFIX_PATH=/home/scg1224/Final_Project/raspberry_pi_ws/install/apriltag_msgs:${AMENT_PREFIX_PATH} CMAKE_PREFIX_PATH=/home/scg1224/Final_Project/raspberry_pi_ws/install/apriltag_msgs:/home/scg1224/Final_Project/raspberry_pi_ws/install/apriltag:/home/scg1224/nuws/install:/opt/ros/humble LD_LIBRARY_PATH=/home/scg1224/Final_Project/raspberry_pi_ws/install/apriltag_msgs/lib:/home/scg1224/Final_Project/raspberry_pi_ws/install/apriltag/lib:${LD_LIBRARY_PATH} PATH=/home/scg1224/Final_Project/raspberry_pi_ws/install/apriltag/bin:${PATH} PKG_CONFIG_PATH=/home/scg1224/Final_Project/raspberry_pi_ws/install/apriltag/lib/x86_64-linux-gnu/pkgconfig:/home/scg1224/Final_Project/raspberry_pi_ws/install/apriltag/lib/pkgconfig:${PKG_CONFIG_PATH} PYTHONPATH=/home/scg1224/Final_Project/raspberry_pi_ws/install/apriltag_msgs/local/lib/python3.10/dist-packages:${PYTHONPATH} /usr/bin/cmake /home/scg1224/Final_Project/raspberry_pi_ws/src/apriltag_ros -DCMAKE_INSTALL_PREFIX=/home/scg1224/Final_Project/raspberry_pi_ws/install/apriltag_ros
[5.358s] DEBUG:colcon.colcon_core.event_handler.log_command:Invoking command in '/home/scg1224/Final_Project/raspberry_pi_ws/build/apriltag_ros': AMENT_PREFIX_PATH=/home/scg1224/Final_Project/raspberry_pi_ws/install/apriltag_msgs:${AMENT_PREFIX_PATH} CMAKE_PREFIX_PATH=/home/scg1224/Final_Project/raspberry_pi_ws/install/apriltag_msgs:/home/scg1224/Final_Project/raspberry_pi_ws/install/apriltag:/home/scg1224/nuws/install:/opt/ros/humble LD_LIBRARY_PATH=/home/scg1224/Final_Project/raspberry_pi_ws/install/apriltag_msgs/lib:/home/scg1224/Final_Project/raspberry_pi_ws/install/apriltag/lib:${LD_LIBRARY_PATH} PATH=/home/scg1224/Final_Project/raspberry_pi_ws/install/apriltag/bin:${PATH} PKG_CONFIG_PATH=/home/scg1224/Final_Project/raspberry_pi_ws/install/apriltag/lib/x86_64-linux-gnu/pkgconfig:/home/scg1224/Final_Project/raspberry_pi_ws/install/apriltag/lib/pkgconfig:${PKG_CONFIG_PATH} PYTHONPATH=/home/scg1224/Final_Project/raspberry_pi_ws/install/apriltag_msgs/local/lib/python3.10/dist-packages:${PYTHONPATH} /usr/bin/cmake --build /home/scg1224/Final_Project/raspberry_pi_ws/build/apriltag_ros -- -j8 -l8
[13.185s] DEBUG:colcon.colcon_core.event_handler.log_command:Invoked command in '/home/scg1224/Final_Project/raspberry_pi_ws/build/apriltag_ros' returned '0': AMENT_PREFIX_PATH=/home/scg1224/Final_Project/raspberry_pi_ws/install/apriltag_msgs:${AMENT_PREFIX_PATH} CMAKE_PREFIX_PATH=/home/scg1224/Final_Project/raspberry_pi_ws/install/apriltag_msgs:/home/scg1224/Final_Project/raspberry_pi_ws/install/apriltag:/home/scg1224/nuws/install:/opt/ros/humble LD_LIBRARY_PATH=/home/scg1224/Final_Project/raspberry_pi_ws/install/apriltag_msgs/lib:/home/scg1224/Final_Project/raspberry_pi_ws/install/apriltag/lib:${LD_LIBRARY_PATH} PATH=/home/scg1224/Final_Project/raspberry_pi_ws/install/apriltag/bin:${PATH} PKG_CONFIG_PATH=/home/scg1224/Final_Project/raspberry_pi_ws/install/apriltag/lib/x86_64-linux-gnu/pkgconfig:/home/scg1224/Final_Project/raspberry_pi_ws/install/apriltag/lib/pkgconfig:${PKG_CONFIG_PATH} PYTHONPATH=/home/scg1224/Final_Project/raspberry_pi_ws/install/apriltag_msgs/local/lib/python3.10/dist-packages:${PYTHONPATH} /usr/bin/cmake --build /home/scg1224/Final_Project/raspberry_pi_ws/build/apriltag_ros -- -j8 -l8
[13.214s] DEBUG:colcon.colcon_core.event_handler.log_command:Invoking command in '/home/scg1224/Final_Project/raspberry_pi_ws/build/apriltag_ros': AMENT_PREFIX_PATH=/home/scg1224/Final_Project/raspberry_pi_ws/install/apriltag_msgs:${AMENT_PREFIX_PATH} CMAKE_PREFIX_PATH=/home/scg1224/Final_Project/raspberry_pi_ws/install/apriltag_msgs:/home/scg1224/Final_Project/raspberry_pi_ws/install/apriltag:/home/scg1224/nuws/install:/opt/ros/humble LD_LIBRARY_PATH=/home/scg1224/Final_Project/raspberry_pi_ws/install/apriltag_msgs/lib:/home/scg1224/Final_Project/raspberry_pi_ws/install/apriltag/lib:${LD_LIBRARY_PATH} PATH=/home/scg1224/Final_Project/raspberry_pi_ws/install/apriltag/bin:${PATH} PKG_CONFIG_PATH=/home/scg1224/Final_Project/raspberry_pi_ws/install/apriltag/lib/x86_64-linux-gnu/pkgconfig:/home/scg1224/Final_Project/raspberry_pi_ws/install/apriltag/lib/pkgconfig:${PKG_CONFIG_PATH} PYTHONPATH=/home/scg1224/Final_Project/raspberry_pi_ws/install/apriltag_msgs/local/lib/python3.10/dist-packages:${PYTHONPATH} /usr/bin/cmake --install /home/scg1224/Final_Project/raspberry_pi_ws/build/apriltag_ros
[13.225s] Level 1:colcon.colcon_core.environment:create_environment_scripts_only(apriltag_ros)
[13.228s] Level 1:colcon.colcon_core.environment:checking '/home/scg1224/Final_Project/raspberry_pi_ws/install/apriltag_ros' for CMake module files
[13.228s] DEBUG:colcon.colcon_core.event_handler.log_command:Invoked command in '/home/scg1224/Final_Project/raspberry_pi_ws/build/apriltag_ros' returned '0': AMENT_PREFIX_PATH=/home/scg1224/Final_Project/raspberry_pi_ws/install/apriltag_msgs:${AMENT_PREFIX_PATH} CMAKE_PREFIX_PATH=/home/scg1224/Final_Project/raspberry_pi_ws/install/apriltag_msgs:/home/scg1224/Final_Project/raspberry_pi_ws/install/apriltag:/home/scg1224/nuws/install:/opt/ros/humble LD_LIBRARY_PATH=/home/scg1224/Final_Project/raspberry_pi_ws/install/apriltag_msgs/lib:/home/scg1224/Final_Project/raspberry_pi_ws/install/apriltag/lib:${LD_LIBRARY_PATH} PATH=/home/scg1224/Final_Project/raspberry_pi_ws/install/apriltag/bin:${PATH} PKG_CONFIG_PATH=/home/scg1224/Final_Project/raspberry_pi_ws/install/apriltag/lib/x86_64-linux-gnu/pkgconfig:/home/scg1224/Final_Project/raspberry_pi_ws/install/apriltag/lib/pkgconfig:${PKG_CONFIG_PATH} PYTHONPATH=/home/scg1224/Final_Project/raspberry_pi_ws/install/apriltag_msgs/local/lib/python3.10/dist-packages:${PYTHONPATH} /usr/bin/cmake --install /home/scg1224/Final_Project/raspberry_pi_ws/build/apriltag_ros
[13.229s] Level 1:colcon.colcon_core.environment:checking '/home/scg1224/Final_Project/raspberry_pi_ws/install/apriltag_ros' for CMake config files
[13.229s] Level 1:colcon.colcon_core.shell:create_environment_hook('apriltag_ros', 'cmake_prefix_path')
[13.230s] INFO:colcon.colcon_core.shell:Creating environment hook '/home/scg1224/Final_Project/raspberry_pi_ws/install/apriltag_ros/share/apriltag_ros/hook/cmake_prefix_path.ps1'
[13.230s] INFO:colcon.colcon_core.shell:Creating environment descriptor '/home/scg1224/Final_Project/raspberry_pi_ws/install/apriltag_ros/share/apriltag_ros/hook/cmake_prefix_path.dsv'
[13.231s] INFO:colcon.colcon_core.shell:Creating environment hook '/home/scg1224/Final_Project/raspberry_pi_ws/install/apriltag_ros/share/apriltag_ros/hook/cmake_prefix_path.sh'
[13.231s] Level 1:colcon.colcon_core.environment:checking '/home/scg1224/Final_Project/raspberry_pi_ws/install/apriltag_ros/lib'
[13.231s] Level 1:colcon.colcon_core.shell:create_environment_hook('apriltag_ros', 'ld_library_path_lib')
[13.232s] INFO:colcon.colcon_core.shell:Creating environment hook '/home/scg1224/Final_Project/raspberry_pi_ws/install/apriltag_ros/share/apriltag_ros/hook/ld_library_path_lib.ps1'
[13.233s] INFO:colcon.colcon_core.shell:Creating environment descriptor '/home/scg1224/Final_Project/raspberry_pi_ws/install/apriltag_ros/share/apriltag_ros/hook/ld_library_path_lib.dsv'
[13.233s] INFO:colcon.colcon_core.shell:Creating environment hook '/home/scg1224/Final_Project/raspberry_pi_ws/install/apriltag_ros/share/apriltag_ros/hook/ld_library_path_lib.sh'
[13.233s] Level 1:colcon.colcon_core.environment:checking '/home/scg1224/Final_Project/raspberry_pi_ws/install/apriltag_ros/bin'
[13.233s] Level 1:colcon.colcon_core.environment:checking '/home/scg1224/Final_Project/raspberry_pi_ws/install/apriltag_ros/lib/pkgconfig/apriltag_ros.pc'
[13.233s] Level 1:colcon.colcon_core.environment:checking '/home/scg1224/Final_Project/raspberry_pi_ws/install/apriltag_ros/lib/python3.10/site-packages'
[13.233s] Level 1:colcon.colcon_core.environment:checking '/home/scg1224/Final_Project/raspberry_pi_ws/install/apriltag_ros/bin'
[13.235s] INFO:colcon.colcon_core.shell:Creating package script '/home/scg1224/Final_Project/raspberry_pi_ws/install/apriltag_ros/share/apriltag_ros/package.ps1'
[13.235s] INFO:colcon.colcon_core.shell:Creating package descriptor '/home/scg1224/Final_Project/raspberry_pi_ws/install/apriltag_ros/share/apriltag_ros/package.dsv'
[13.235s] INFO:colcon.colcon_core.shell:Creating package script '/home/scg1224/Final_Project/raspberry_pi_ws/install/apriltag_ros/share/apriltag_ros/package.sh'
[13.236s] INFO:colcon.colcon_core.shell:Creating package script '/home/scg1224/Final_Project/raspberry_pi_ws/install/apriltag_ros/share/apriltag_ros/package.bash'
[13.236s] INFO:colcon.colcon_core.shell:Creating package script '/home/scg1224/Final_Project/raspberry_pi_ws/install/apriltag_ros/share/apriltag_ros/package.zsh'
[13.236s] Level 1:colcon.colcon_core.environment:create_file_with_runtime_dependencies(/home/scg1224/Final_Project/raspberry_pi_ws/install/apriltag_ros/share/colcon-core/packages/apriltag_ros)
[13.260s] Level 1:colcon.colcon_core.environment:create_environment_scripts_only(apriltag_ros)
[13.262s] Level 1:colcon.colcon_core.environment:checking '/home/scg1224/Final_Project/raspberry_pi_ws/install/apriltag_ros' for CMake module files
[13.263s] Level 1:colcon.colcon_core.environment:checking '/home/scg1224/Final_Project/raspberry_pi_ws/install/apriltag_ros' for CMake config files
[13.263s] Level 1:colcon.colcon_core.shell:create_environment_hook('apriltag_ros', 'cmake_prefix_path')
[13.264s] INFO:colcon.colcon_core.shell:Creating environment hook '/home/scg1224/Final_Project/raspberry_pi_ws/install/apriltag_ros/share/apriltag_ros/hook/cmake_prefix_path.ps1'
[13.264s] INFO:colcon.colcon_core.shell:Creating environment descriptor '/home/scg1224/Final_Project/raspberry_pi_ws/install/apriltag_ros/share/apriltag_ros/hook/cmake_prefix_path.dsv'
[13.264s] INFO:colcon.colcon_core.shell:Creating environment hook '/home/scg1224/Final_Project/raspberry_pi_ws/install/apriltag_ros/share/apriltag_ros/hook/cmake_prefix_path.sh'
[13.265s] Level 1:colcon.colcon_core.environment:checking '/home/scg1224/Final_Project/raspberry_pi_ws/install/apriltag_ros/lib'
[13.265s] Level 1:colcon.colcon_core.shell:create_environment_hook('apriltag_ros', 'ld_library_path_lib')
[13.267s] INFO:colcon.colcon_core.shell:Creating environment hook '/home/scg1224/Final_Project/raspberry_pi_ws/install/apriltag_ros/share/apriltag_ros/hook/ld_library_path_lib.ps1'
[13.267s] INFO:colcon.colcon_core.shell:Creating environment descriptor '/home/scg1224/Final_Project/raspberry_pi_ws/install/apriltag_ros/share/apriltag_ros/hook/ld_library_path_lib.dsv'
[13.267s] INFO:colcon.colcon_core.shell:Creating environment hook '/home/scg1224/Final_Project/raspberry_pi_ws/install/apriltag_ros/share/apriltag_ros/hook/ld_library_path_lib.sh'
[13.267s] Level 1:colcon.colcon_core.environment:checking '/home/scg1224/Final_Project/raspberry_pi_ws/install/apriltag_ros/bin'
[13.267s] Level 1:colcon.colcon_core.environment:checking '/home/scg1224/Final_Project/raspberry_pi_ws/install/apriltag_ros/lib/pkgconfig/apriltag_ros.pc'
[13.268s] Level 1:colcon.colcon_core.environment:checking '/home/scg1224/Final_Project/raspberry_pi_ws/install/apriltag_ros/lib/python3.10/site-packages'
[13.268s] Level 1:colcon.colcon_core.environment:checking '/home/scg1224/Final_Project/raspberry_pi_ws/install/apriltag_ros/bin'
[13.269s] INFO:colcon.colcon_core.shell:Creating package script '/home/scg1224/Final_Project/raspberry_pi_ws/install/apriltag_ros/share/apriltag_ros/package.ps1'
[13.270s] INFO:colcon.colcon_core.shell:Creating package descriptor '/home/scg1224/Final_Project/raspberry_pi_ws/install/apriltag_ros/share/apriltag_ros/package.dsv'
[13.270s] INFO:colcon.colcon_core.shell:Creating package script '/home/scg1224/Final_Project/raspberry_pi_ws/install/apriltag_ros/share/apriltag_ros/package.sh'
[13.270s] INFO:colcon.colcon_core.shell:Creating package script '/home/scg1224/Final_Project/raspberry_pi_ws/install/apriltag_ros/share/apriltag_ros/package.bash'
[13.271s] INFO:colcon.colcon_core.shell:Creating package script '/home/scg1224/Final_Project/raspberry_pi_ws/install/apriltag_ros/share/apriltag_ros/package.zsh'
[13.271s] Level 1:colcon.colcon_core.environment:create_file_with_runtime_dependencies(/home/scg1224/Final_Project/raspberry_pi_ws/install/apriltag_ros/share/colcon-core/packages/apriltag_ros)
[13.271s] DEBUG:colcon.colcon_parallel_executor.executor.parallel:closing loop
[13.272s] DEBUG:colcon.colcon_parallel_executor.executor.parallel:loop closed
[13.272s] DEBUG:colcon.colcon_parallel_executor.executor.parallel:run_until_complete finished with '0'
[13.272s] DEBUG:colcon.colcon_core.event_reactor:joining thread
[13.277s] INFO:colcon.colcon_core.plugin_system:Skipping extension 'colcon_notification.desktop_notification.terminal_notifier': Not used on non-Darwin systems
[13.277s] INFO:colcon.colcon_core.plugin_system:Skipping extension 'colcon_notification.desktop_notification.win32': Not used on non-Windows systems
[13.277s] INFO:colcon.colcon_notification.desktop_notification:Sending desktop notification using 'notify2'
[13.291s] DEBUG:colcon.colcon_core.event_reactor:joined thread
[13.293s] INFO:colcon.colcon_core.shell:Creating prefix script '/home/scg1224/Final_Project/raspberry_pi_ws/install/local_setup.ps1'
[13.294s] INFO:colcon.colcon_core.shell:Creating prefix util module '/home/scg1224/Final_Project/raspberry_pi_ws/install/_local_setup_util_ps1.py'
[13.296s] INFO:colcon.colcon_core.shell:Creating prefix chain script '/home/scg1224/Final_Project/raspberry_pi_ws/install/setup.ps1'
[13.298s] INFO:colcon.colcon_core.shell:Creating prefix script '/home/scg1224/Final_Project/raspberry_pi_ws/install/local_setup.sh'
[13.299s] INFO:colcon.colcon_core.shell:Creating prefix util module '/home/scg1224/Final_Project/raspberry_pi_ws/install/_local_setup_util_sh.py'
[13.299s] INFO:colcon.colcon_core.shell:Creating prefix chain script '/home/scg1224/Final_Project/raspberry_pi_ws/install/setup.sh'
[13.301s] INFO:colcon.colcon_core.shell:Creating prefix script '/home/scg1224/Final_Project/raspberry_pi_ws/install/local_setup.bash'
[13.302s] INFO:colcon.colcon_core.shell:Creating prefix chain script '/home/scg1224/Final_Project/raspberry_pi_ws/install/setup.bash'
[13.303s] INFO:colcon.colcon_core.shell:Creating prefix script '/home/scg1224/Final_Project/raspberry_pi_ws/install/local_setup.zsh'
[13.304s] INFO:colcon.colcon_core.shell:Creating prefix chain script '/home/scg1224/Final_Project/raspberry_pi_ws/install/setup.zsh'
