[0.013s] Invoking command in '/home/scg1224/Final_Project/raspberry_pi_ws/build/apriltag_ros': CMAKE_PREFIX_PATH=/home/scg1224/Final_Project/raspberry_pi_ws/install/apriltag_msgs:/home/scg1224/Final_Project/raspberry_pi_ws/install/apriltag:/home/scg1224/Final_Project/raspberry_pi_ws/install/turtlebot_control:/home/scg1224/Final_Project/raspberry_pi_ws/install/apriltag_ros:/home/scg1224/nuws/install:/opt/ros/humble LD_LIBRARY_PATH=/home/scg1224/Final_Project/raspberry_pi_ws/install/apriltag_msgs/lib:/home/scg1224/Final_Project/raspberry_pi_ws/install/apriltag/lib:/home/scg1224/Final_Project/raspberry_pi_ws/install/apriltag_ros/lib:/home/scg1224/nuws/install/lib:/opt/ros/humble/opt/rviz_ogre_vendor/lib:/opt/ros/humble/lib/x86_64-linux-gnu:/opt/ros/humble/lib /usr/bin/cmake --build /home/scg1224/Final_Project/raspberry_pi_ws/build/apriltag_ros -- -j8 -l8
[0.040s] [ 20%] Built target tags
[0.045s] [ 60%] Built target apriltag_node
[0.059s] [100%] Built target AprilTagNode
[0.065s] Invoked command in '/home/scg1224/Final_Project/raspberry_pi_ws/build/apriltag_ros' returned '0': CMAKE_PREFIX_PATH=/home/scg1224/Final_Project/raspberry_pi_ws/install/apriltag_msgs:/home/scg1224/Final_Project/raspberry_pi_ws/install/apriltag:/home/scg1224/Final_Project/raspberry_pi_ws/install/turtlebot_control:/home/scg1224/Final_Project/raspberry_pi_ws/install/apriltag_ros:/home/scg1224/nuws/install:/opt/ros/humble LD_LIBRARY_PATH=/home/scg1224/Final_Project/raspberry_pi_ws/install/apriltag_msgs/lib:/home/scg1224/Final_Project/raspberry_pi_ws/install/apriltag/lib:/home/scg1224/Final_Project/raspberry_pi_ws/install/apriltag_ros/lib:/home/scg1224/nuws/install/lib:/opt/ros/humble/opt/rviz_ogre_vendor/lib:/opt/ros/humble/lib/x86_64-linux-gnu:/opt/ros/humble/lib /usr/bin/cmake --build /home/scg1224/Final_Project/raspberry_pi_ws/build/apriltag_ros -- -j8 -l8
[0.093s] Invoking command in '/home/scg1224/Final_Project/raspberry_pi_ws/build/apriltag_ros': CMAKE_PREFIX_PATH=/home/scg1224/Final_Project/raspberry_pi_ws/install/apriltag_msgs:/home/scg1224/Final_Project/raspberry_pi_ws/install/apriltag:/home/scg1224/Final_Project/raspberry_pi_ws/install/turtlebot_control:/home/scg1224/Final_Project/raspberry_pi_ws/install/apriltag_ros:/home/scg1224/nuws/install:/opt/ros/humble LD_LIBRARY_PATH=/home/scg1224/Final_Project/raspberry_pi_ws/install/apriltag_msgs/lib:/home/scg1224/Final_Project/raspberry_pi_ws/install/apriltag/lib:/home/scg1224/Final_Project/raspberry_pi_ws/install/apriltag_ros/lib:/home/scg1224/nuws/install/lib:/opt/ros/humble/opt/rviz_ogre_vendor/lib:/opt/ros/humble/lib/x86_64-linux-gnu:/opt/ros/humble/lib /usr/bin/cmake --install /home/scg1224/Final_Project/raspberry_pi_ws/build/apriltag_ros
[0.096s] -- Install configuration: ""
[0.096s] -- Up-to-date: /home/scg1224/Final_Project/raspberry_pi_ws/install/apriltag_ros/lib/apriltag_ros/apriltag_node
[0.096s] -- Up-to-date: /home/scg1224/Final_Project/raspberry_pi_ws/install/apriltag_ros/share/apriltag_ros/environment/library_path.sh
[0.096s] -- Up-to-date: /home/scg1224/Final_Project/raspberry_pi_ws/install/apriltag_ros/share/apriltag_ros/environment/library_path.dsv
[0.096s] -- Up-to-date: /home/scg1224/Final_Project/raspberry_pi_ws/install/apriltag_ros/lib/libAprilTagNode.so
[0.096s] -- Up-to-date: /home/scg1224/Final_Project/raspberry_pi_ws/install/apriltag_ros/share/apriltag_ros/cfg
[0.097s] -- Up-to-date: /home/scg1224/Final_Project/raspberry_pi_ws/install/apriltag_ros/share/apriltag_ros/cfg/tags_36h11.yaml
[0.097s] -- Up-to-date: /home/scg1224/Final_Project/raspberry_pi_ws/install/apriltag_ros/share/apriltag_ros/launch
[0.097s] -- Installing: /home/scg1224/Final_Project/raspberry_pi_ws/install/apriltag_ros/share/apriltag_ros/launch/v4l2_36h11.launch.yml
[0.097s] -- Up-to-date: /home/scg1224/Final_Project/raspberry_pi_ws/install/apriltag_ros/share/ament_index/resource_index/package_run_dependencies/apriltag_ros
[0.097s] -- Up-to-date: /home/scg1224/Final_Project/raspberry_pi_ws/install/apriltag_ros/share/ament_index/resource_index/parent_prefix_path/apriltag_ros
[0.097s] -- Up-to-date: /home/scg1224/Final_Project/raspberry_pi_ws/install/apriltag_ros/share/apriltag_ros/environment/ament_prefix_path.sh
[0.098s] -- Up-to-date: /home/scg1224/Final_Project/raspberry_pi_ws/install/apriltag_ros/share/apriltag_ros/environment/ament_prefix_path.dsv
[0.098s] -- Up-to-date: /home/scg1224/Final_Project/raspberry_pi_ws/install/apriltag_ros/share/apriltag_ros/environment/path.sh
[0.098s] -- Up-to-date: /home/scg1224/Final_Project/raspberry_pi_ws/install/apriltag_ros/share/apriltag_ros/environment/path.dsv
[0.098s] -- Up-to-date: /home/scg1224/Final_Project/raspberry_pi_ws/install/apriltag_ros/share/apriltag_ros/local_setup.bash
[0.098s] -- Up-to-date: /home/scg1224/Final_Project/raspberry_pi_ws/install/apriltag_ros/share/apriltag_ros/local_setup.sh
[0.098s] -- Up-to-date: /home/scg1224/Final_Project/raspberry_pi_ws/install/apriltag_ros/share/apriltag_ros/local_setup.zsh
[0.098s] -- Up-to-date: /home/scg1224/Final_Project/raspberry_pi_ws/install/apriltag_ros/share/apriltag_ros/local_setup.dsv
[0.098s] -- Installing: /home/scg1224/Final_Project/raspberry_pi_ws/install/apriltag_ros/share/apriltag_ros/package.dsv
[0.098s] -- Up-to-date: /home/scg1224/Final_Project/raspberry_pi_ws/install/apriltag_ros/share/ament_index/resource_index/packages/apriltag_ros
[0.099s] -- Up-to-date: /home/scg1224/Final_Project/raspberry_pi_ws/install/apriltag_ros/share/ament_index/resource_index/rclcpp_components/apriltag_ros
[0.099s] -- Up-to-date: /home/scg1224/Final_Project/raspberry_pi_ws/install/apriltag_ros/share/apriltag_ros/cmake/apriltag_rosConfig.cmake
[0.099s] -- Up-to-date: /home/scg1224/Final_Project/raspberry_pi_ws/install/apriltag_ros/share/apriltag_ros/cmake/apriltag_rosConfig-version.cmake
[0.099s] -- Up-to-date: /home/scg1224/Final_Project/raspberry_pi_ws/install/apriltag_ros/share/apriltag_ros/package.xml
[0.102s] Invoked command in '/home/scg1224/Final_Project/raspberry_pi_ws/build/apriltag_ros' returned '0': CMAKE_PREFIX_PATH=/home/scg1224/Final_Project/raspberry_pi_ws/install/apriltag_msgs:/home/scg1224/Final_Project/raspberry_pi_ws/install/apriltag:/home/scg1224/Final_Project/raspberry_pi_ws/install/turtlebot_control:/home/scg1224/Final_Project/raspberry_pi_ws/install/apriltag_ros:/home/scg1224/nuws/install:/opt/ros/humble LD_LIBRARY_PATH=/home/scg1224/Final_Project/raspberry_pi_ws/install/apriltag_msgs/lib:/home/scg1224/Final_Project/raspberry_pi_ws/install/apriltag/lib:/home/scg1224/Final_Project/raspberry_pi_ws/install/apriltag_ros/lib:/home/scg1224/nuws/install/lib:/opt/ros/humble/opt/rviz_ogre_vendor/lib:/opt/ros/humble/lib/x86_64-linux-gnu:/opt/ros/humble/lib /usr/bin/cmake --install /home/scg1224/Final_Project/raspberry_pi_ws/build/apriltag_ros
