[0.232s] DEBUG:colcon:Command line arguments: ['/usr/bin/colcon', 'build']
[0.232s] DEBUG:colcon:Parsed command line arguments: Namespace(log_base=None, log_level=None, verb_name='build', build_base='build', install_base='install', merge_install=False, symlink_install=False, test_result_base=None, continue_on_error=False, executor='parallel', parallel_workers=8, event_handlers=None, ignore_user_meta=False, metas=['./colcon.meta'], base_paths=['.'], packages_ignore=None, packages_ignore_regex=None, paths=None, packages_up_to=None, packages_up_to_regex=None, packages_above=None, packages_above_and_dependencies=None, packages_above_depth=None, packages_select_by_dep=None, packages_skip_by_dep=None, packages_skip_up_to=None, packages_select_build_failed=False, packages_skip_build_finished=False, packages_select_test_failures=False, packages_skip_test_passed=False, packages_select=None, packages_skip=None, packages_select_regex=None, packages_skip_regex=None, packages_start=None, packages_end=None, allow_overriding=[], cmake_args=None, cmake_target=None, cmake_target_skip_unavailable=False, cmake_clean_cache=False, cmake_clean_first=False, cmake_force_configure=False, ament_cmake_args=None, catkin_cmake_args=None, catkin_skip_building_tests=False, mixin_files=None, mixin=None, verb_parser=<colcon_mixin.mixin.mixin_argument.MixinArgumentDecorator object at 0x7fe19cbc1e70>, verb_extension=<colcon_core.verb.build.BuildVerb object at 0x7fe19ccc34c0>, main=<bound method BuildVerb.main of <colcon_core.verb.build.BuildVerb object at 0x7fe19ccc34c0>>, mixin_verb=('build',))
[0.255s] Level 1:colcon.colcon_core.package_discovery:discover_packages(colcon_meta) check parameters
[0.255s] Level 1:colcon.colcon_core.package_discovery:discover_packages(recursive) check parameters
[0.255s] Level 1:colcon.colcon_core.package_discovery:discover_packages(ignore) check parameters
[0.255s] Level 1:colcon.colcon_core.package_discovery:discover_packages(path) check parameters
[0.255s] Level 1:colcon.colcon_core.package_discovery:discover_packages(colcon_meta) discover
[0.255s] Level 1:colcon.colcon_core.package_discovery:discover_packages(recursive) discover
[0.255s] INFO:colcon.colcon_core.package_discovery:Crawling recursively for packages in '/home/scg1224/Final_Project/raspberry_pi_ws'
[0.255s] Level 1:colcon.colcon_core.package_identification:_identify(.) by extensions ['ignore', 'ignore_ament_install']
[0.255s] Level 1:colcon.colcon_core.package_identification:_identify(.) by extension 'ignore'
[0.255s] Level 1:colcon.colcon_core.package_identification:_identify(.) by extension 'ignore_ament_install'
[0.255s] Level 1:colcon.colcon_core.package_identification:_identify(.) by extensions ['colcon_pkg']
[0.255s] Level 1:colcon.colcon_core.package_identification:_identify(.) by extension 'colcon_pkg'
[0.255s] Level 1:colcon.colcon_core.package_identification:_identify(.) by extensions ['colcon_meta']
[0.255s] Level 1:colcon.colcon_core.package_identification:_identify(.) by extension 'colcon_meta'
[0.255s] Level 1:colcon.colcon_core.package_identification:_identify(.) by extensions ['ros']
[0.256s] Level 1:colcon.colcon_core.package_identification:_identify(.) by extension 'ros'
[0.266s] Level 1:colcon.colcon_core.package_identification:_identify(.) by extensions ['cmake', 'python']
[0.266s] Level 1:colcon.colcon_core.package_identification:_identify(.) by extension 'cmake'
[0.266s] Level 1:colcon.colcon_core.package_identification:_identify(.) by extension 'python'
[0.266s] Level 1:colcon.colcon_core.package_identification:_identify(.) by extensions ['python_setup_py']
[0.266s] Level 1:colcon.colcon_core.package_identification:_identify(.) by extension 'python_setup_py'
[0.266s] Level 1:colcon.colcon_core.package_identification:_identify(aarch64_build) by extensions ['ignore', 'ignore_ament_install']
[0.266s] Level 1:colcon.colcon_core.package_identification:_identify(aarch64_build) by extension 'ignore'
[0.266s] Level 1:colcon.colcon_core.package_identification:_identify(aarch64_build) ignored
[0.266s] Level 1:colcon.colcon_core.package_identification:_identify(aarch64_install) by extensions ['ignore', 'ignore_ament_install']
[0.266s] Level 1:colcon.colcon_core.package_identification:_identify(aarch64_install) by extension 'ignore'
[0.266s] Level 1:colcon.colcon_core.package_identification:_identify(aarch64_install) ignored
[0.266s] Level 1:colcon.colcon_core.package_identification:_identify(build) by extensions ['ignore', 'ignore_ament_install']
[0.266s] Level 1:colcon.colcon_core.package_identification:_identify(build) by extension 'ignore'
[0.266s] Level 1:colcon.colcon_core.package_identification:_identify(build) ignored
[0.266s] Level 1:colcon.colcon_core.package_identification:_identify(install) by extensions ['ignore', 'ignore_ament_install']
[0.267s] Level 1:colcon.colcon_core.package_identification:_identify(install) by extension 'ignore'
[0.267s] Level 1:colcon.colcon_core.package_identification:_identify(install) ignored
[0.267s] Level 1:colcon.colcon_core.package_identification:_identify(log) by extensions ['ignore', 'ignore_ament_install']
[0.267s] Level 1:colcon.colcon_core.package_identification:_identify(log) by extension 'ignore'
[0.267s] Level 1:colcon.colcon_core.package_identification:_identify(log) ignored
[0.267s] Level 1:colcon.colcon_core.package_identification:_identify(src) by extensions ['ignore', 'ignore_ament_install']
[0.267s] Level 1:colcon.colcon_core.package_identification:_identify(src) by extension 'ignore'
[0.267s] Level 1:colcon.colcon_core.package_identification:_identify(src) by extension 'ignore_ament_install'
[0.267s] Level 1:colcon.colcon_core.package_identification:_identify(src) by extensions ['colcon_pkg']
[0.267s] Level 1:colcon.colcon_core.package_identification:_identify(src) by extension 'colcon_pkg'
[0.267s] Level 1:colcon.colcon_core.package_identification:_identify(src) by extensions ['colcon_meta']
[0.267s] Level 1:colcon.colcon_core.package_identification:_identify(src) by extension 'colcon_meta'
[0.267s] Level 1:colcon.colcon_core.package_identification:_identify(src) by extensions ['ros']
[0.267s] Level 1:colcon.colcon_core.package_identification:_identify(src) by extension 'ros'
[0.267s] Level 1:colcon.colcon_core.package_identification:_identify(src) by extensions ['cmake', 'python']
[0.267s] Level 1:colcon.colcon_core.package_identification:_identify(src) by extension 'cmake'
[0.267s] Level 1:colcon.colcon_core.package_identification:_identify(src) by extension 'python'
[0.267s] Level 1:colcon.colcon_core.package_identification:_identify(src) by extensions ['python_setup_py']
[0.267s] Level 1:colcon.colcon_core.package_identification:_identify(src) by extension 'python_setup_py'
[0.267s] Level 1:colcon.colcon_core.package_identification:_identify(src/apriltag) by extensions ['ignore', 'ignore_ament_install']
[0.267s] Level 1:colcon.colcon_core.package_identification:_identify(src/apriltag) by extension 'ignore'
[0.267s] Level 1:colcon.colcon_core.package_identification:_identify(src/apriltag) by extension 'ignore_ament_install'
[0.267s] Level 1:colcon.colcon_core.package_identification:_identify(src/apriltag) by extensions ['colcon_pkg']
[0.267s] Level 1:colcon.colcon_core.package_identification:_identify(src/apriltag) by extension 'colcon_pkg'
[0.267s] Level 1:colcon.colcon_core.package_identification:_identify(src/apriltag) by extensions ['colcon_meta']
[0.267s] Level 1:colcon.colcon_core.package_identification:_identify(src/apriltag) by extension 'colcon_meta'
[0.268s] Level 1:colcon.colcon_core.package_identification:_identify(src/apriltag) by extensions ['ros']
[0.268s] Level 1:colcon.colcon_core.package_identification:_identify(src/apriltag) by extension 'ros'
[0.271s] DEBUG:colcon.colcon_core.package_identification:Package 'src/apriltag' with type 'ros.cmake' and name 'apriltag'
[0.272s] Level 1:colcon.colcon_core.package_identification:_identify(src/apriltag_msgs) by extensions ['ignore', 'ignore_ament_install']
[0.272s] Level 1:colcon.colcon_core.package_identification:_identify(src/apriltag_msgs) by extension 'ignore'
[0.272s] Level 1:colcon.colcon_core.package_identification:_identify(src/apriltag_msgs) by extension 'ignore_ament_install'
[0.272s] Level 1:colcon.colcon_core.package_identification:_identify(src/apriltag_msgs) by extensions ['colcon_pkg']
[0.272s] Level 1:colcon.colcon_core.package_identification:_identify(src/apriltag_msgs) by extension 'colcon_pkg'
[0.272s] Level 1:colcon.colcon_core.package_identification:_identify(src/apriltag_msgs) by extensions ['colcon_meta']
[0.272s] Level 1:colcon.colcon_core.package_identification:_identify(src/apriltag_msgs) by extension 'colcon_meta'
[0.272s] Level 1:colcon.colcon_core.package_identification:_identify(src/apriltag_msgs) by extensions ['ros']
[0.272s] Level 1:colcon.colcon_core.package_identification:_identify(src/apriltag_msgs) by extension 'ros'
[0.272s] DEBUG:colcon.colcon_core.package_identification:Package 'src/apriltag_msgs' with type 'ros.ament_cmake' and name 'apriltag_msgs'
[0.272s] Level 1:colcon.colcon_core.package_identification:_identify(src/apriltag_ros) by extensions ['ignore', 'ignore_ament_install']
[0.272s] Level 1:colcon.colcon_core.package_identification:_identify(src/apriltag_ros) by extension 'ignore'
[0.273s] Level 1:colcon.colcon_core.package_identification:_identify(src/apriltag_ros) by extension 'ignore_ament_install'
[0.273s] Level 1:colcon.colcon_core.package_identification:_identify(src/apriltag_ros) by extensions ['colcon_pkg']
[0.273s] Level 1:colcon.colcon_core.package_identification:_identify(src/apriltag_ros) by extension 'colcon_pkg'
[0.273s] Level 1:colcon.colcon_core.package_identification:_identify(src/apriltag_ros) by extensions ['colcon_meta']
[0.273s] Level 1:colcon.colcon_core.package_identification:_identify(src/apriltag_ros) by extension 'colcon_meta'
[0.273s] Level 1:colcon.colcon_core.package_identification:_identify(src/apriltag_ros) by extensions ['ros']
[0.273s] Level 1:colcon.colcon_core.package_identification:_identify(src/apriltag_ros) by extension 'ros'
[0.273s] DEBUG:colcon.colcon_core.package_identification:Package 'src/apriltag_ros' with type 'ros.ament_cmake' and name 'apriltag_ros'
[0.273s] Level 1:colcon.colcon_core.package_identification:_identify(src/turtlebot_control) by extensions ['ignore', 'ignore_ament_install']
[0.274s] Level 1:colcon.colcon_core.package_identification:_identify(src/turtlebot_control) by extension 'ignore'
[0.274s] Level 1:colcon.colcon_core.package_identification:_identify(src/turtlebot_control) by extension 'ignore_ament_install'
[0.274s] Level 1:colcon.colcon_core.package_identification:_identify(src/turtlebot_control) by extensions ['colcon_pkg']
[0.274s] Level 1:colcon.colcon_core.package_identification:_identify(src/turtlebot_control) by extension 'colcon_pkg'
[0.274s] Level 1:colcon.colcon_core.package_identification:_identify(src/turtlebot_control) by extensions ['colcon_meta']
[0.274s] Level 1:colcon.colcon_core.package_identification:_identify(src/turtlebot_control) by extension 'colcon_meta'
[0.274s] Level 1:colcon.colcon_core.package_identification:_identify(src/turtlebot_control) by extensions ['ros']
[0.274s] Level 1:colcon.colcon_core.package_identification:_identify(src/turtlebot_control) by extension 'ros'
[0.274s] DEBUG:colcon.colcon_core.package_identification:Package 'src/turtlebot_control' with type 'ros.ament_cmake' and name 'turtlebot_control'
[0.274s] Level 1:colcon.colcon_core.package_discovery:discover_packages(recursive) using defaults
[0.274s] Level 1:colcon.colcon_core.package_discovery:discover_packages(ignore) discover
[0.274s] Level 1:colcon.colcon_core.package_discovery:discover_packages(ignore) using defaults
[0.274s] Level 1:colcon.colcon_core.package_discovery:discover_packages(path) discover
[0.274s] Level 1:colcon.colcon_core.package_discovery:discover_packages(path) using defaults
[0.292s] Level 1:colcon.colcon_core.package_discovery:discover_packages(prefix_path) check parameters
[0.292s] Level 1:colcon.colcon_core.package_discovery:discover_packages(prefix_path) discover
[0.294s] DEBUG:colcon.colcon_installed_package_information.package_discovery:Found 4 installed packages in /home/scg1224/Final_Project/raspberry_pi_ws/install
[0.295s] DEBUG:colcon.colcon_installed_package_information.package_discovery:Found 43 installed packages in /home/scg1224/nuws/install
[0.296s] DEBUG:colcon.colcon_installed_package_information.package_discovery:Found 455 installed packages in /opt/ros/humble
[0.298s] Level 1:colcon.colcon_core.package_discovery:discover_packages(prefix_path) using defaults
[0.350s] Level 5:colcon.colcon_core.verb:set package 'apriltag' build argument 'cmake_args' from command line to 'None'
[0.350s] Level 5:colcon.colcon_core.verb:set package 'apriltag' build argument 'cmake_target' from command line to 'None'
[0.350s] Level 5:colcon.colcon_core.verb:set package 'apriltag' build argument 'cmake_target_skip_unavailable' from command line to 'False'
[0.350s] Level 5:colcon.colcon_core.verb:set package 'apriltag' build argument 'cmake_clean_cache' from command line to 'False'
[0.350s] Level 5:colcon.colcon_core.verb:set package 'apriltag' build argument 'cmake_clean_first' from command line to 'False'
[0.350s] Level 5:colcon.colcon_core.verb:set package 'apriltag' build argument 'cmake_force_configure' from command line to 'False'
[0.350s] Level 5:colcon.colcon_core.verb:set package 'apriltag' build argument 'ament_cmake_args' from command line to 'None'
[0.350s] Level 5:colcon.colcon_core.verb:set package 'apriltag' build argument 'catkin_cmake_args' from command line to 'None'
[0.350s] Level 5:colcon.colcon_core.verb:set package 'apriltag' build argument 'catkin_skip_building_tests' from command line to 'False'
[0.351s] DEBUG:colcon.colcon_core.verb:Building package 'apriltag' with the following arguments: {'ament_cmake_args': None, 'build_base': '/home/scg1224/Final_Project/raspberry_pi_ws/build/apriltag', 'catkin_cmake_args': None, 'catkin_skip_building_tests': False, 'cmake_args': None, 'cmake_clean_cache': False, 'cmake_clean_first': False, 'cmake_force_configure': False, 'cmake_target': None, 'cmake_target_skip_unavailable': False, 'install_base': '/home/scg1224/Final_Project/raspberry_pi_ws/install/apriltag', 'merge_install': False, 'path': '/home/scg1224/Final_Project/raspberry_pi_ws/src/apriltag', 'symlink_install': False, 'test_result_base': None}
[0.351s] Level 5:colcon.colcon_core.verb:set package 'apriltag_msgs' build argument 'cmake_args' from command line to 'None'
[0.351s] Level 5:colcon.colcon_core.verb:set package 'apriltag_msgs' build argument 'cmake_target' from command line to 'None'
[0.351s] Level 5:colcon.colcon_core.verb:set package 'apriltag_msgs' build argument 'cmake_target_skip_unavailable' from command line to 'False'
[0.351s] Level 5:colcon.colcon_core.verb:set package 'apriltag_msgs' build argument 'cmake_clean_cache' from command line to 'False'
[0.351s] Level 5:colcon.colcon_core.verb:set package 'apriltag_msgs' build argument 'cmake_clean_first' from command line to 'False'
[0.351s] Level 5:colcon.colcon_core.verb:set package 'apriltag_msgs' build argument 'cmake_force_configure' from command line to 'False'
[0.352s] Level 5:colcon.colcon_core.verb:set package 'apriltag_msgs' build argument 'ament_cmake_args' from command line to 'None'
[0.352s] Level 5:colcon.colcon_core.verb:set package 'apriltag_msgs' build argument 'catkin_cmake_args' from command line to 'None'
[0.352s] Level 5:colcon.colcon_core.verb:set package 'apriltag_msgs' build argument 'catkin_skip_building_tests' from command line to 'False'
[0.352s] DEBUG:colcon.colcon_core.verb:Building package 'apriltag_msgs' with the following arguments: {'ament_cmake_args': None, 'build_base': '/home/scg1224/Final_Project/raspberry_pi_ws/build/apriltag_msgs', 'catkin_cmake_args': None, 'catkin_skip_building_tests': False, 'cmake_args': None, 'cmake_clean_cache': False, 'cmake_clean_first': False, 'cmake_force_configure': False, 'cmake_target': None, 'cmake_target_skip_unavailable': False, 'install_base': '/home/scg1224/Final_Project/raspberry_pi_ws/install/apriltag_msgs', 'merge_install': False, 'path': '/home/scg1224/Final_Project/raspberry_pi_ws/src/apriltag_msgs', 'symlink_install': False, 'test_result_base': None}
[0.352s] Level 5:colcon.colcon_core.verb:set package 'turtlebot_control' build argument 'cmake_args' from command line to 'None'
[0.352s] Level 5:colcon.colcon_core.verb:set package 'turtlebot_control' build argument 'cmake_target' from command line to 'None'
[0.352s] Level 5:colcon.colcon_core.verb:set package 'turtlebot_control' build argument 'cmake_target_skip_unavailable' from command line to 'False'
[0.352s] Level 5:colcon.colcon_core.verb:set package 'turtlebot_control' build argument 'cmake_clean_cache' from command line to 'False'
[0.352s] Level 5:colcon.colcon_core.verb:set package 'turtlebot_control' build argument 'cmake_clean_first' from command line to 'False'
[0.352s] Level 5:colcon.colcon_core.verb:set package 'turtlebot_control' build argument 'cmake_force_configure' from command line to 'False'
[0.352s] Level 5:colcon.colcon_core.verb:set package 'turtlebot_control' build argument 'ament_cmake_args' from command line to 'None'
[0.352s] Level 5:colcon.colcon_core.verb:set package 'turtlebot_control' build argument 'catkin_cmake_args' from command line to 'None'
[0.352s] Level 5:colcon.colcon_core.verb:set package 'turtlebot_control' build argument 'catkin_skip_building_tests' from command line to 'False'
[0.352s] DEBUG:colcon.colcon_core.verb:Building package 'turtlebot_control' with the following arguments: {'ament_cmake_args': None, 'build_base': '/home/scg1224/Final_Project/raspberry_pi_ws/build/turtlebot_control', 'catkin_cmake_args': None, 'catkin_skip_building_tests': False, 'cmake_args': None, 'cmake_clean_cache': False, 'cmake_clean_first': False, 'cmake_force_configure': False, 'cmake_target': None, 'cmake_target_skip_unavailable': False, 'install_base': '/home/scg1224/Final_Project/raspberry_pi_ws/install/turtlebot_control', 'merge_install': False, 'path': '/home/scg1224/Final_Project/raspberry_pi_ws/src/turtlebot_control', 'symlink_install': False, 'test_result_base': None}
[0.353s] Level 5:colcon.colcon_core.verb:set package 'apriltag_ros' build argument 'cmake_args' from command line to 'None'
[0.353s] Level 5:colcon.colcon_core.verb:set package 'apriltag_ros' build argument 'cmake_target' from command line to 'None'
[0.353s] Level 5:colcon.colcon_core.verb:set package 'apriltag_ros' build argument 'cmake_target_skip_unavailable' from command line to 'False'
[0.353s] Level 5:colcon.colcon_core.verb:set package 'apriltag_ros' build argument 'cmake_clean_cache' from command line to 'False'
[0.353s] Level 5:colcon.colcon_core.verb:set package 'apriltag_ros' build argument 'cmake_clean_first' from command line to 'False'
[0.353s] Level 5:colcon.colcon_core.verb:set package 'apriltag_ros' build argument 'cmake_force_configure' from command line to 'False'
[0.353s] Level 5:colcon.colcon_core.verb:set package 'apriltag_ros' build argument 'ament_cmake_args' from command line to 'None'
[0.353s] Level 5:colcon.colcon_core.verb:set package 'apriltag_ros' build argument 'catkin_cmake_args' from command line to 'None'
[0.353s] Level 5:colcon.colcon_core.verb:set package 'apriltag_ros' build argument 'catkin_skip_building_tests' from command line to 'False'
[0.353s] DEBUG:colcon.colcon_core.verb:Building package 'apriltag_ros' with the following arguments: {'ament_cmake_args': None, 'build_base': '/home/scg1224/Final_Project/raspberry_pi_ws/build/apriltag_ros', 'catkin_cmake_args': None, 'catkin_skip_building_tests': False, 'cmake_args': None, 'cmake_clean_cache': False, 'cmake_clean_first': False, 'cmake_force_configure': False, 'cmake_target': None, 'cmake_target_skip_unavailable': False, 'install_base': '/home/scg1224/Final_Project/raspberry_pi_ws/install/apriltag_ros', 'merge_install': False, 'path': '/home/scg1224/Final_Project/raspberry_pi_ws/src/apriltag_ros', 'symlink_install': False, 'test_result_base': None}
[0.354s] INFO:colcon.colcon_core.executor:Executing jobs using 'parallel' executor
[0.356s] DEBUG:colcon.colcon_parallel_executor.executor.parallel:run_until_complete
[0.356s] INFO:colcon.colcon_ros.task.cmake.build:Building ROS package in '/home/scg1224/Final_Project/raspberry_pi_ws/src/apriltag' with build type 'cmake'
[0.356s] INFO:colcon.colcon_cmake.task.cmake.build:Building CMake package in '/home/scg1224/Final_Project/raspberry_pi_ws/src/apriltag'
[0.360s] INFO:colcon.colcon_core.plugin_system:Skipping extension 'colcon_core.shell.bat': Not used on non-Windows systems
[0.360s] INFO:colcon.colcon_core.shell:Skip shell extension 'powershell' for command environment: Not usable outside of PowerShell
[0.360s] DEBUG:colcon.colcon_core.shell:Skip shell extension 'dsv' for command environment
[0.365s] INFO:colcon.colcon_ros.task.ament_cmake.build:Building ROS package in '/home/scg1224/Final_Project/raspberry_pi_ws/src/apriltag_msgs' with build type 'ament_cmake'
[0.365s] INFO:colcon.colcon_cmake.task.cmake.build:Building CMake package in '/home/scg1224/Final_Project/raspberry_pi_ws/src/apriltag_msgs'
[0.366s] INFO:colcon.colcon_core.shell:Skip shell extension 'powershell' for command environment: Not usable outside of PowerShell
[0.366s] DEBUG:colcon.colcon_core.shell:Skip shell extension 'dsv' for command environment
[0.373s] INFO:colcon.colcon_ros.task.ament_cmake.build:Building ROS package in '/home/scg1224/Final_Project/raspberry_pi_ws/src/turtlebot_control' with build type 'ament_cmake'
[0.373s] INFO:colcon.colcon_cmake.task.cmake.build:Building CMake package in '/home/scg1224/Final_Project/raspberry_pi_ws/src/turtlebot_control'
[0.374s] INFO:colcon.colcon_core.shell:Skip shell extension 'powershell' for command environment: Not usable outside of PowerShell
[0.375s] DEBUG:colcon.colcon_core.shell:Skip shell extension 'dsv' for command environment
[0.386s] DEBUG:colcon.colcon_core.event_handler.log_command:Invoking command in '/home/scg1224/Final_Project/raspberry_pi_ws/build/apriltag': CMAKE_PREFIX_PATH=${CMAKE_PREFIX_PATH}:/opt/ros/humble /usr/bin/cmake --build /home/scg1224/Final_Project/raspberry_pi_ws/build/apriltag -- -j8 -l8
[0.389s] DEBUG:colcon.colcon_core.event_handler.log_command:Invoking command in '/home/scg1224/Final_Project/raspberry_pi_ws/build/apriltag_msgs': CMAKE_PREFIX_PATH=${CMAKE_PREFIX_PATH}:/opt/ros/humble /usr/bin/cmake --build /home/scg1224/Final_Project/raspberry_pi_ws/build/apriltag_msgs -- -j8 -l8
[0.393s] DEBUG:colcon.colcon_core.event_handler.log_command:Invoking command in '/home/scg1224/Final_Project/raspberry_pi_ws/build/turtlebot_control': CMAKE_PREFIX_PATH=${CMAKE_PREFIX_PATH}:/opt/ros/humble /usr/bin/cmake --build /home/scg1224/Final_Project/raspberry_pi_ws/build/turtlebot_control -- -j8 -l8
[0.443s] DEBUG:colcon.colcon_core.event_handler.log_command:Invoked command in '/home/scg1224/Final_Project/raspberry_pi_ws/build/turtlebot_control' returned '0': CMAKE_PREFIX_PATH=${CMAKE_PREFIX_PATH}:/opt/ros/humble /usr/bin/cmake --build /home/scg1224/Final_Project/raspberry_pi_ws/build/turtlebot_control -- -j8 -l8
[0.457s] DEBUG:colcon.colcon_core.event_handler.log_command:Invoked command in '/home/scg1224/Final_Project/raspberry_pi_ws/build/apriltag' returned '0': CMAKE_PREFIX_PATH=${CMAKE_PREFIX_PATH}:/opt/ros/humble /usr/bin/cmake --build /home/scg1224/Final_Project/raspberry_pi_ws/build/apriltag -- -j8 -l8
[0.470s] DEBUG:colcon.colcon_core.event_handler.log_command:Invoking command in '/home/scg1224/Final_Project/raspberry_pi_ws/build/turtlebot_control': CMAKE_PREFIX_PATH=${CMAKE_PREFIX_PATH}:/opt/ros/humble /usr/bin/cmake --install /home/scg1224/Final_Project/raspberry_pi_ws/build/turtlebot_control
[0.476s] Level 1:colcon.colcon_core.environment:create_environment_scripts_only(turtlebot_control)
[0.477s] DEBUG:colcon.colcon_core.event_handler.log_command:Invoked command in '/home/scg1224/Final_Project/raspberry_pi_ws/build/turtlebot_control' returned '0': CMAKE_PREFIX_PATH=${CMAKE_PREFIX_PATH}:/opt/ros/humble /usr/bin/cmake --install /home/scg1224/Final_Project/raspberry_pi_ws/build/turtlebot_control
[0.482s] Level 1:colcon.colcon_core.environment:checking '/home/scg1224/Final_Project/raspberry_pi_ws/install/turtlebot_control' for CMake module files
[0.483s] Level 1:colcon.colcon_core.environment:checking '/home/scg1224/Final_Project/raspberry_pi_ws/install/turtlebot_control' for CMake config files
[0.483s] Level 1:colcon.colcon_core.shell:create_environment_hook('turtlebot_control', 'cmake_prefix_path')
[0.485s] INFO:colcon.colcon_core.shell:Creating environment hook '/home/scg1224/Final_Project/raspberry_pi_ws/install/turtlebot_control/share/turtlebot_control/hook/cmake_prefix_path.ps1'
[0.486s] INFO:colcon.colcon_core.shell:Creating environment descriptor '/home/scg1224/Final_Project/raspberry_pi_ws/install/turtlebot_control/share/turtlebot_control/hook/cmake_prefix_path.dsv'
[0.487s] INFO:colcon.colcon_core.shell:Creating environment hook '/home/scg1224/Final_Project/raspberry_pi_ws/install/turtlebot_control/share/turtlebot_control/hook/cmake_prefix_path.sh'
[0.488s] Level 1:colcon.colcon_core.environment:checking '/home/scg1224/Final_Project/raspberry_pi_ws/install/turtlebot_control/lib'
[0.488s] Level 1:colcon.colcon_core.environment:checking '/home/scg1224/Final_Project/raspberry_pi_ws/install/turtlebot_control/bin'
[0.488s] Level 1:colcon.colcon_core.environment:checking '/home/scg1224/Final_Project/raspberry_pi_ws/install/turtlebot_control/lib/pkgconfig/turtlebot_control.pc'
[0.489s] Level 1:colcon.colcon_core.environment:checking '/home/scg1224/Final_Project/raspberry_pi_ws/install/turtlebot_control/lib/python3.10/site-packages'
[0.489s] Level 1:colcon.colcon_core.environment:checking '/home/scg1224/Final_Project/raspberry_pi_ws/install/turtlebot_control/bin'
[0.492s] INFO:colcon.colcon_core.shell:Creating package script '/home/scg1224/Final_Project/raspberry_pi_ws/install/turtlebot_control/share/turtlebot_control/package.ps1'
[0.492s] INFO:colcon.colcon_core.shell:Creating package descriptor '/home/scg1224/Final_Project/raspberry_pi_ws/install/turtlebot_control/share/turtlebot_control/package.dsv'
[0.493s] INFO:colcon.colcon_core.shell:Creating package script '/home/scg1224/Final_Project/raspberry_pi_ws/install/turtlebot_control/share/turtlebot_control/package.sh'
[0.494s] INFO:colcon.colcon_core.shell:Creating package script '/home/scg1224/Final_Project/raspberry_pi_ws/install/turtlebot_control/share/turtlebot_control/package.bash'
[0.496s] INFO:colcon.colcon_core.shell:Creating package script '/home/scg1224/Final_Project/raspberry_pi_ws/install/turtlebot_control/share/turtlebot_control/package.zsh'
[0.497s] Level 1:colcon.colcon_core.environment:create_file_with_runtime_dependencies(/home/scg1224/Final_Project/raspberry_pi_ws/install/turtlebot_control/share/colcon-core/packages/turtlebot_control)
[0.520s] Level 1:colcon.colcon_core.environment:create_environment_scripts_only(turtlebot_control)
[0.522s] Level 1:colcon.colcon_core.environment:checking '/home/scg1224/Final_Project/raspberry_pi_ws/install/turtlebot_control' for CMake module files
[0.522s] Level 1:colcon.colcon_core.environment:checking '/home/scg1224/Final_Project/raspberry_pi_ws/install/turtlebot_control' for CMake config files
[0.523s] Level 1:colcon.colcon_core.shell:create_environment_hook('turtlebot_control', 'cmake_prefix_path')
[0.524s] INFO:colcon.colcon_core.shell:Creating environment hook '/home/scg1224/Final_Project/raspberry_pi_ws/install/turtlebot_control/share/turtlebot_control/hook/cmake_prefix_path.ps1'
[0.525s] INFO:colcon.colcon_core.shell:Creating environment descriptor '/home/scg1224/Final_Project/raspberry_pi_ws/install/turtlebot_control/share/turtlebot_control/hook/cmake_prefix_path.dsv'
[0.525s] INFO:colcon.colcon_core.shell:Creating environment hook '/home/scg1224/Final_Project/raspberry_pi_ws/install/turtlebot_control/share/turtlebot_control/hook/cmake_prefix_path.sh'
[0.525s] Level 1:colcon.colcon_core.environment:checking '/home/scg1224/Final_Project/raspberry_pi_ws/install/turtlebot_control/lib'
[0.525s] Level 1:colcon.colcon_core.environment:checking '/home/scg1224/Final_Project/raspberry_pi_ws/install/turtlebot_control/bin'
[0.525s] Level 1:colcon.colcon_core.environment:checking '/home/scg1224/Final_Project/raspberry_pi_ws/install/turtlebot_control/lib/pkgconfig/turtlebot_control.pc'
[0.526s] Level 1:colcon.colcon_core.environment:checking '/home/scg1224/Final_Project/raspberry_pi_ws/install/turtlebot_control/lib/python3.10/site-packages'
[0.526s] Level 1:colcon.colcon_core.environment:checking '/home/scg1224/Final_Project/raspberry_pi_ws/install/turtlebot_control/bin'
[0.527s] INFO:colcon.colcon_core.shell:Creating package script '/home/scg1224/Final_Project/raspberry_pi_ws/install/turtlebot_control/share/turtlebot_control/package.ps1'
[0.528s] INFO:colcon.colcon_core.shell:Creating package descriptor '/home/scg1224/Final_Project/raspberry_pi_ws/install/turtlebot_control/share/turtlebot_control/package.dsv'
[0.528s] INFO:colcon.colcon_core.shell:Creating package script '/home/scg1224/Final_Project/raspberry_pi_ws/install/turtlebot_control/share/turtlebot_control/package.sh'
[0.529s] INFO:colcon.colcon_core.shell:Creating package script '/home/scg1224/Final_Project/raspberry_pi_ws/install/turtlebot_control/share/turtlebot_control/package.bash'
[0.529s] INFO:colcon.colcon_core.shell:Creating package script '/home/scg1224/Final_Project/raspberry_pi_ws/install/turtlebot_control/share/turtlebot_control/package.zsh'
[0.529s] Level 1:colcon.colcon_core.environment:create_file_with_runtime_dependencies(/home/scg1224/Final_Project/raspberry_pi_ws/install/turtlebot_control/share/colcon-core/packages/turtlebot_control)
[0.569s] DEBUG:colcon.colcon_core.event_handler.log_command:Invoking command in '/home/scg1224/Final_Project/raspberry_pi_ws/build/apriltag': CMAKE_PREFIX_PATH=${CMAKE_PREFIX_PATH}:/opt/ros/humble /usr/bin/cmake --install /home/scg1224/Final_Project/raspberry_pi_ws/build/apriltag
[0.576s] DEBUG:colcon.colcon_core.event_handler.log_command:Invoked command in '/home/scg1224/Final_Project/raspberry_pi_ws/build/apriltag' returned '0': CMAKE_PREFIX_PATH=${CMAKE_PREFIX_PATH}:/opt/ros/humble /usr/bin/cmake --install /home/scg1224/Final_Project/raspberry_pi_ws/build/apriltag
[0.685s] Level 1:colcon.colcon_core.shell:create_environment_hook('apriltag', 'pkg_config_path')
[0.686s] INFO:colcon.colcon_core.shell:Creating environment hook '/home/scg1224/Final_Project/raspberry_pi_ws/install/apriltag/share/apriltag/hook/pkg_config_path.ps1'
[0.687s] INFO:colcon.colcon_core.shell:Creating environment descriptor '/home/scg1224/Final_Project/raspberry_pi_ws/install/apriltag/share/apriltag/hook/pkg_config_path.dsv'
[0.687s] INFO:colcon.colcon_core.shell:Creating environment hook '/home/scg1224/Final_Project/raspberry_pi_ws/install/apriltag/share/apriltag/hook/pkg_config_path.sh'
[0.689s] Level 1:colcon.colcon_core.shell:create_environment_hook('apriltag', 'pkg_config_path_multiarch')
[0.690s] INFO:colcon.colcon_core.shell:Creating environment hook '/home/scg1224/Final_Project/raspberry_pi_ws/install/apriltag/share/apriltag/hook/pkg_config_path_multiarch.ps1'
[0.691s] INFO:colcon.colcon_core.shell:Creating environment descriptor '/home/scg1224/Final_Project/raspberry_pi_ws/install/apriltag/share/apriltag/hook/pkg_config_path_multiarch.dsv'
[0.691s] INFO:colcon.colcon_core.shell:Creating environment hook '/home/scg1224/Final_Project/raspberry_pi_ws/install/apriltag/share/apriltag/hook/pkg_config_path_multiarch.sh'
[0.691s] Level 1:colcon.colcon_core.environment:create_environment_scripts_only(apriltag)
[0.693s] Level 1:colcon.colcon_core.environment:checking '/home/scg1224/Final_Project/raspberry_pi_ws/install/apriltag' for CMake module files
[0.693s] Level 1:colcon.colcon_core.environment:checking '/home/scg1224/Final_Project/raspberry_pi_ws/install/apriltag' for CMake config files
[0.693s] Level 1:colcon.colcon_core.shell:create_environment_hook('apriltag', 'cmake_prefix_path')
[0.694s] INFO:colcon.colcon_core.shell:Creating environment hook '/home/scg1224/Final_Project/raspberry_pi_ws/install/apriltag/share/apriltag/hook/cmake_prefix_path.ps1'
[0.695s] INFO:colcon.colcon_core.shell:Creating environment descriptor '/home/scg1224/Final_Project/raspberry_pi_ws/install/apriltag/share/apriltag/hook/cmake_prefix_path.dsv'
[0.695s] INFO:colcon.colcon_core.shell:Creating environment hook '/home/scg1224/Final_Project/raspberry_pi_ws/install/apriltag/share/apriltag/hook/cmake_prefix_path.sh'
[0.695s] Level 1:colcon.colcon_core.environment:checking '/home/scg1224/Final_Project/raspberry_pi_ws/install/apriltag/lib'
[0.695s] Level 1:colcon.colcon_core.shell:create_environment_hook('apriltag', 'ld_library_path_lib')
[0.696s] INFO:colcon.colcon_core.shell:Creating environment hook '/home/scg1224/Final_Project/raspberry_pi_ws/install/apriltag/share/apriltag/hook/ld_library_path_lib.ps1'
[0.697s] INFO:colcon.colcon_core.shell:Creating environment descriptor '/home/scg1224/Final_Project/raspberry_pi_ws/install/apriltag/share/apriltag/hook/ld_library_path_lib.dsv'
[0.697s] INFO:colcon.colcon_core.shell:Creating environment hook '/home/scg1224/Final_Project/raspberry_pi_ws/install/apriltag/share/apriltag/hook/ld_library_path_lib.sh'
[0.697s] Level 1:colcon.colcon_core.environment:checking '/home/scg1224/Final_Project/raspberry_pi_ws/install/apriltag/bin'
[0.697s] Level 1:colcon.colcon_core.shell:create_environment_hook('apriltag', 'path')
[0.699s] INFO:colcon.colcon_core.shell:Creating environment hook '/home/scg1224/Final_Project/raspberry_pi_ws/install/apriltag/share/apriltag/hook/path.ps1'
[0.699s] INFO:colcon.colcon_core.shell:Creating environment descriptor '/home/scg1224/Final_Project/raspberry_pi_ws/install/apriltag/share/apriltag/hook/path.dsv'
[0.699s] INFO:colcon.colcon_core.shell:Creating environment hook '/home/scg1224/Final_Project/raspberry_pi_ws/install/apriltag/share/apriltag/hook/path.sh'
[0.700s] Level 1:colcon.colcon_core.environment:checking '/home/scg1224/Final_Project/raspberry_pi_ws/install/apriltag/lib/pkgconfig/apriltag.pc'
[0.700s] Level 1:colcon.colcon_core.shell:create_environment_hook('apriltag', 'pkg_config')
[0.701s] INFO:colcon.colcon_core.shell:Creating environment hook '/home/scg1224/Final_Project/raspberry_pi_ws/install/apriltag/share/apriltag/hook/pkg_config.ps1'
[0.701s] INFO:colcon.colcon_core.shell:Creating environment descriptor '/home/scg1224/Final_Project/raspberry_pi_ws/install/apriltag/share/apriltag/hook/pkg_config.dsv'
[0.701s] INFO:colcon.colcon_core.shell:Creating environment hook '/home/scg1224/Final_Project/raspberry_pi_ws/install/apriltag/share/apriltag/hook/pkg_config.sh'
[0.702s] Level 1:colcon.colcon_core.environment:checking '/home/scg1224/Final_Project/raspberry_pi_ws/install/apriltag/lib/python3.10/site-packages'
[0.702s] Level 1:colcon.colcon_core.environment:checking '/home/scg1224/Final_Project/raspberry_pi_ws/install/apriltag/bin'
[0.702s] Level 1:colcon.colcon_core.shell:create_environment_hook('apriltag', 'pythonscriptspath')
[0.704s] INFO:colcon.colcon_core.shell:Creating environment hook '/home/scg1224/Final_Project/raspberry_pi_ws/install/apriltag/share/apriltag/hook/pythonscriptspath.ps1'
[0.704s] INFO:colcon.colcon_core.shell:Creating environment descriptor '/home/scg1224/Final_Project/raspberry_pi_ws/install/apriltag/share/apriltag/hook/pythonscriptspath.dsv'
[0.705s] INFO:colcon.colcon_core.shell:Creating environment hook '/home/scg1224/Final_Project/raspberry_pi_ws/install/apriltag/share/apriltag/hook/pythonscriptspath.sh'
[0.707s] INFO:colcon.colcon_core.shell:Creating package script '/home/scg1224/Final_Project/raspberry_pi_ws/install/apriltag/share/apriltag/package.ps1'
[0.707s] INFO:colcon.colcon_core.shell:Creating package descriptor '/home/scg1224/Final_Project/raspberry_pi_ws/install/apriltag/share/apriltag/package.dsv'
[0.708s] INFO:colcon.colcon_core.shell:Creating package script '/home/scg1224/Final_Project/raspberry_pi_ws/install/apriltag/share/apriltag/package.sh'
[0.708s] INFO:colcon.colcon_core.shell:Creating package script '/home/scg1224/Final_Project/raspberry_pi_ws/install/apriltag/share/apriltag/package.bash'
[0.709s] INFO:colcon.colcon_core.shell:Creating package script '/home/scg1224/Final_Project/raspberry_pi_ws/install/apriltag/share/apriltag/package.zsh'
[0.709s] Level 1:colcon.colcon_core.environment:create_file_with_runtime_dependencies(/home/scg1224/Final_Project/raspberry_pi_ws/install/apriltag/share/colcon-core/packages/apriltag)
[0.729s] DEBUG:colcon.colcon_core.event_handler.log_command:Invoked command in '/home/scg1224/Final_Project/raspberry_pi_ws/build/apriltag_msgs' returned '0': CMAKE_PREFIX_PATH=${CMAKE_PREFIX_PATH}:/opt/ros/humble /usr/bin/cmake --build /home/scg1224/Final_Project/raspberry_pi_ws/build/apriltag_msgs -- -j8 -l8
[0.842s] DEBUG:colcon.colcon_core.event_handler.log_command:Invoking command in '/home/scg1224/Final_Project/raspberry_pi_ws/build/apriltag_msgs': CMAKE_PREFIX_PATH=${CMAKE_PREFIX_PATH}:/opt/ros/humble /usr/bin/cmake --install /home/scg1224/Final_Project/raspberry_pi_ws/build/apriltag_msgs
[0.889s] Level 1:colcon.colcon_core.environment:create_environment_scripts_only(apriltag_msgs)
[0.890s] Level 1:colcon.colcon_core.environment:checking '/home/scg1224/Final_Project/raspberry_pi_ws/install/apriltag_msgs' for CMake module files
[0.891s] DEBUG:colcon.colcon_core.event_handler.log_command:Invoked command in '/home/scg1224/Final_Project/raspberry_pi_ws/build/apriltag_msgs' returned '0': CMAKE_PREFIX_PATH=${CMAKE_PREFIX_PATH}:/opt/ros/humble /usr/bin/cmake --install /home/scg1224/Final_Project/raspberry_pi_ws/build/apriltag_msgs
[0.891s] Level 1:colcon.colcon_core.environment:checking '/home/scg1224/Final_Project/raspberry_pi_ws/install/apriltag_msgs' for CMake config files
[0.891s] Level 1:colcon.colcon_core.shell:create_environment_hook('apriltag_msgs', 'cmake_prefix_path')
[0.892s] INFO:colcon.colcon_core.shell:Creating environment hook '/home/scg1224/Final_Project/raspberry_pi_ws/install/apriltag_msgs/share/apriltag_msgs/hook/cmake_prefix_path.ps1'
[0.893s] INFO:colcon.colcon_core.shell:Creating environment descriptor '/home/scg1224/Final_Project/raspberry_pi_ws/install/apriltag_msgs/share/apriltag_msgs/hook/cmake_prefix_path.dsv'
[0.893s] INFO:colcon.colcon_core.shell:Creating environment hook '/home/scg1224/Final_Project/raspberry_pi_ws/install/apriltag_msgs/share/apriltag_msgs/hook/cmake_prefix_path.sh'
[0.893s] Level 1:colcon.colcon_core.environment:checking '/home/scg1224/Final_Project/raspberry_pi_ws/install/apriltag_msgs/lib'
[0.893s] Level 1:colcon.colcon_core.shell:create_environment_hook('apriltag_msgs', 'ld_library_path_lib')
[0.894s] INFO:colcon.colcon_core.shell:Creating environment hook '/home/scg1224/Final_Project/raspberry_pi_ws/install/apriltag_msgs/share/apriltag_msgs/hook/ld_library_path_lib.ps1'
[0.894s] INFO:colcon.colcon_core.shell:Creating environment descriptor '/home/scg1224/Final_Project/raspberry_pi_ws/install/apriltag_msgs/share/apriltag_msgs/hook/ld_library_path_lib.dsv'
[0.895s] INFO:colcon.colcon_core.shell:Creating environment hook '/home/scg1224/Final_Project/raspberry_pi_ws/install/apriltag_msgs/share/apriltag_msgs/hook/ld_library_path_lib.sh'
[0.895s] Level 1:colcon.colcon_core.environment:checking '/home/scg1224/Final_Project/raspberry_pi_ws/install/apriltag_msgs/bin'
[0.895s] Level 1:colcon.colcon_core.environment:checking '/home/scg1224/Final_Project/raspberry_pi_ws/install/apriltag_msgs/lib/pkgconfig/apriltag_msgs.pc'
[0.895s] Level 1:colcon.colcon_core.environment:checking '/home/scg1224/Final_Project/raspberry_pi_ws/install/apriltag_msgs/lib/python3.10/site-packages'
[0.895s] Level 1:colcon.colcon_core.environment:checking '/home/scg1224/Final_Project/raspberry_pi_ws/install/apriltag_msgs/bin'
[0.896s] INFO:colcon.colcon_core.shell:Creating package script '/home/scg1224/Final_Project/raspberry_pi_ws/install/apriltag_msgs/share/apriltag_msgs/package.ps1'
[0.897s] INFO:colcon.colcon_core.shell:Creating package descriptor '/home/scg1224/Final_Project/raspberry_pi_ws/install/apriltag_msgs/share/apriltag_msgs/package.dsv'
[0.897s] INFO:colcon.colcon_core.shell:Creating package script '/home/scg1224/Final_Project/raspberry_pi_ws/install/apriltag_msgs/share/apriltag_msgs/package.sh'
[0.897s] INFO:colcon.colcon_core.shell:Creating package script '/home/scg1224/Final_Project/raspberry_pi_ws/install/apriltag_msgs/share/apriltag_msgs/package.bash'
[0.897s] INFO:colcon.colcon_core.shell:Creating package script '/home/scg1224/Final_Project/raspberry_pi_ws/install/apriltag_msgs/share/apriltag_msgs/package.zsh'
[0.897s] Level 1:colcon.colcon_core.environment:create_file_with_runtime_dependencies(/home/scg1224/Final_Project/raspberry_pi_ws/install/apriltag_msgs/share/colcon-core/packages/apriltag_msgs)
[1.003s] Level 1:colcon.colcon_core.environment:create_environment_scripts_only(apriltag_msgs)
[1.006s] Level 1:colcon.colcon_core.environment:checking '/home/scg1224/Final_Project/raspberry_pi_ws/install/apriltag_msgs' for CMake module files
[1.007s] Level 1:colcon.colcon_core.environment:checking '/home/scg1224/Final_Project/raspberry_pi_ws/install/apriltag_msgs' for CMake config files
[1.008s] Level 1:colcon.colcon_core.shell:create_environment_hook('apriltag_msgs', 'cmake_prefix_path')
[1.009s] INFO:colcon.colcon_core.shell:Creating environment hook '/home/scg1224/Final_Project/raspberry_pi_ws/install/apriltag_msgs/share/apriltag_msgs/hook/cmake_prefix_path.ps1'
[1.010s] INFO:colcon.colcon_core.shell:Creating environment descriptor '/home/scg1224/Final_Project/raspberry_pi_ws/install/apriltag_msgs/share/apriltag_msgs/hook/cmake_prefix_path.dsv'
[1.010s] INFO:colcon.colcon_core.shell:Creating environment hook '/home/scg1224/Final_Project/raspberry_pi_ws/install/apriltag_msgs/share/apriltag_msgs/hook/cmake_prefix_path.sh'
[1.010s] Level 1:colcon.colcon_core.environment:checking '/home/scg1224/Final_Project/raspberry_pi_ws/install/apriltag_msgs/lib'
[1.011s] Level 1:colcon.colcon_core.shell:create_environment_hook('apriltag_msgs', 'ld_library_path_lib')
[1.012s] INFO:colcon.colcon_core.shell:Creating environment hook '/home/scg1224/Final_Project/raspberry_pi_ws/install/apriltag_msgs/share/apriltag_msgs/hook/ld_library_path_lib.ps1'
[1.012s] INFO:colcon.colcon_core.shell:Creating environment descriptor '/home/scg1224/Final_Project/raspberry_pi_ws/install/apriltag_msgs/share/apriltag_msgs/hook/ld_library_path_lib.dsv'
[1.012s] INFO:colcon.colcon_core.shell:Creating environment hook '/home/scg1224/Final_Project/raspberry_pi_ws/install/apriltag_msgs/share/apriltag_msgs/hook/ld_library_path_lib.sh'
[1.012s] Level 1:colcon.colcon_core.environment:checking '/home/scg1224/Final_Project/raspberry_pi_ws/install/apriltag_msgs/bin'
[1.012s] Level 1:colcon.colcon_core.environment:checking '/home/scg1224/Final_Project/raspberry_pi_ws/install/apriltag_msgs/lib/pkgconfig/apriltag_msgs.pc'
[1.013s] Level 1:colcon.colcon_core.environment:checking '/home/scg1224/Final_Project/raspberry_pi_ws/install/apriltag_msgs/lib/python3.10/site-packages'
[1.013s] Level 1:colcon.colcon_core.environment:checking '/home/scg1224/Final_Project/raspberry_pi_ws/install/apriltag_msgs/bin'
[1.014s] INFO:colcon.colcon_core.shell:Creating package script '/home/scg1224/Final_Project/raspberry_pi_ws/install/apriltag_msgs/share/apriltag_msgs/package.ps1'
[1.014s] INFO:colcon.colcon_core.shell:Creating package descriptor '/home/scg1224/Final_Project/raspberry_pi_ws/install/apriltag_msgs/share/apriltag_msgs/package.dsv'
[1.014s] INFO:colcon.colcon_core.shell:Creating package script '/home/scg1224/Final_Project/raspberry_pi_ws/install/apriltag_msgs/share/apriltag_msgs/package.sh'
[1.015s] INFO:colcon.colcon_core.shell:Creating package script '/home/scg1224/Final_Project/raspberry_pi_ws/install/apriltag_msgs/share/apriltag_msgs/package.bash'
[1.015s] INFO:colcon.colcon_core.shell:Creating package script '/home/scg1224/Final_Project/raspberry_pi_ws/install/apriltag_msgs/share/apriltag_msgs/package.zsh'
[1.015s] Level 1:colcon.colcon_core.environment:create_file_with_runtime_dependencies(/home/scg1224/Final_Project/raspberry_pi_ws/install/apriltag_msgs/share/colcon-core/packages/apriltag_msgs)
[1.016s] INFO:colcon.colcon_ros.task.ament_cmake.build:Building ROS package in '/home/scg1224/Final_Project/raspberry_pi_ws/src/apriltag_ros' with build type 'ament_cmake'
[1.016s] INFO:colcon.colcon_cmake.task.cmake.build:Building CMake package in '/home/scg1224/Final_Project/raspberry_pi_ws/src/apriltag_ros'
[1.017s] INFO:colcon.colcon_core.shell:Skip shell extension 'powershell' for command environment: Not usable outside of PowerShell
[1.017s] DEBUG:colcon.colcon_core.shell:Skip shell extension 'dsv' for command environment
[1.034s] DEBUG:colcon.colcon_core.event_handler.log_command:Invoking command in '/home/scg1224/Final_Project/raspberry_pi_ws/build/apriltag_ros': CMAKE_PREFIX_PATH=/home/scg1224/Final_Project/raspberry_pi_ws/install/apriltag_msgs:/home/scg1224/Final_Project/raspberry_pi_ws/install/apriltag:/home/scg1224/Final_Project/raspberry_pi_ws/install/turtlebot_control:/home/scg1224/Final_Project/raspberry_pi_ws/install/apriltag_ros:/home/scg1224/nuws/install:/opt/ros/humble LD_LIBRARY_PATH=/home/scg1224/Final_Project/raspberry_pi_ws/install/apriltag_msgs/lib:/home/scg1224/Final_Project/raspberry_pi_ws/install/apriltag/lib:/home/scg1224/Final_Project/raspberry_pi_ws/install/apriltag_ros/lib:/home/scg1224/nuws/install/lib:/opt/ros/humble/opt/rviz_ogre_vendor/lib:/opt/ros/humble/lib/x86_64-linux-gnu:/opt/ros/humble/lib /usr/bin/cmake --build /home/scg1224/Final_Project/raspberry_pi_ws/build/apriltag_ros -- -j8 -l8
[1.088s] DEBUG:colcon.colcon_core.event_handler.log_command:Invoked command in '/home/scg1224/Final_Project/raspberry_pi_ws/build/apriltag_ros' returned '0': CMAKE_PREFIX_PATH=/home/scg1224/Final_Project/raspberry_pi_ws/install/apriltag_msgs:/home/scg1224/Final_Project/raspberry_pi_ws/install/apriltag:/home/scg1224/Final_Project/raspberry_pi_ws/install/turtlebot_control:/home/scg1224/Final_Project/raspberry_pi_ws/install/apriltag_ros:/home/scg1224/nuws/install:/opt/ros/humble LD_LIBRARY_PATH=/home/scg1224/Final_Project/raspberry_pi_ws/install/apriltag_msgs/lib:/home/scg1224/Final_Project/raspberry_pi_ws/install/apriltag/lib:/home/scg1224/Final_Project/raspberry_pi_ws/install/apriltag_ros/lib:/home/scg1224/nuws/install/lib:/opt/ros/humble/opt/rviz_ogre_vendor/lib:/opt/ros/humble/lib/x86_64-linux-gnu:/opt/ros/humble/lib /usr/bin/cmake --build /home/scg1224/Final_Project/raspberry_pi_ws/build/apriltag_ros -- -j8 -l8
[1.115s] DEBUG:colcon.colcon_core.event_handler.log_command:Invoking command in '/home/scg1224/Final_Project/raspberry_pi_ws/build/apriltag_ros': CMAKE_PREFIX_PATH=/home/scg1224/Final_Project/raspberry_pi_ws/install/apriltag_msgs:/home/scg1224/Final_Project/raspberry_pi_ws/install/apriltag:/home/scg1224/Final_Project/raspberry_pi_ws/install/turtlebot_control:/home/scg1224/Final_Project/raspberry_pi_ws/install/apriltag_ros:/home/scg1224/nuws/install:/opt/ros/humble LD_LIBRARY_PATH=/home/scg1224/Final_Project/raspberry_pi_ws/install/apriltag_msgs/lib:/home/scg1224/Final_Project/raspberry_pi_ws/install/apriltag/lib:/home/scg1224/Final_Project/raspberry_pi_ws/install/apriltag_ros/lib:/home/scg1224/nuws/install/lib:/opt/ros/humble/opt/rviz_ogre_vendor/lib:/opt/ros/humble/lib/x86_64-linux-gnu:/opt/ros/humble/lib /usr/bin/cmake --install /home/scg1224/Final_Project/raspberry_pi_ws/build/apriltag_ros
[1.121s] Level 1:colcon.colcon_core.environment:create_environment_scripts_only(apriltag_ros)
[1.123s] Level 1:colcon.colcon_core.environment:checking '/home/scg1224/Final_Project/raspberry_pi_ws/install/apriltag_ros' for CMake module files
[1.123s] DEBUG:colcon.colcon_core.event_handler.log_command:Invoked command in '/home/scg1224/Final_Project/raspberry_pi_ws/build/apriltag_ros' returned '0': CMAKE_PREFIX_PATH=/home/scg1224/Final_Project/raspberry_pi_ws/install/apriltag_msgs:/home/scg1224/Final_Project/raspberry_pi_ws/install/apriltag:/home/scg1224/Final_Project/raspberry_pi_ws/install/turtlebot_control:/home/scg1224/Final_Project/raspberry_pi_ws/install/apriltag_ros:/home/scg1224/nuws/install:/opt/ros/humble LD_LIBRARY_PATH=/home/scg1224/Final_Project/raspberry_pi_ws/install/apriltag_msgs/lib:/home/scg1224/Final_Project/raspberry_pi_ws/install/apriltag/lib:/home/scg1224/Final_Project/raspberry_pi_ws/install/apriltag_ros/lib:/home/scg1224/nuws/install/lib:/opt/ros/humble/opt/rviz_ogre_vendor/lib:/opt/ros/humble/lib/x86_64-linux-gnu:/opt/ros/humble/lib /usr/bin/cmake --install /home/scg1224/Final_Project/raspberry_pi_ws/build/apriltag_ros
[1.124s] Level 1:colcon.colcon_core.environment:checking '/home/scg1224/Final_Project/raspberry_pi_ws/install/apriltag_ros' for CMake config files
[1.124s] Level 1:colcon.colcon_core.shell:create_environment_hook('apriltag_ros', 'cmake_prefix_path')
[1.126s] INFO:colcon.colcon_core.shell:Creating environment hook '/home/scg1224/Final_Project/raspberry_pi_ws/install/apriltag_ros/share/apriltag_ros/hook/cmake_prefix_path.ps1'
[1.126s] INFO:colcon.colcon_core.shell:Creating environment descriptor '/home/scg1224/Final_Project/raspberry_pi_ws/install/apriltag_ros/share/apriltag_ros/hook/cmake_prefix_path.dsv'
[1.127s] INFO:colcon.colcon_core.shell:Creating environment hook '/home/scg1224/Final_Project/raspberry_pi_ws/install/apriltag_ros/share/apriltag_ros/hook/cmake_prefix_path.sh'
[1.127s] Level 1:colcon.colcon_core.environment:checking '/home/scg1224/Final_Project/raspberry_pi_ws/install/apriltag_ros/lib'
[1.127s] Level 1:colcon.colcon_core.shell:create_environment_hook('apriltag_ros', 'ld_library_path_lib')
[1.129s] INFO:colcon.colcon_core.shell:Creating environment hook '/home/scg1224/Final_Project/raspberry_pi_ws/install/apriltag_ros/share/apriltag_ros/hook/ld_library_path_lib.ps1'
[1.130s] INFO:colcon.colcon_core.shell:Creating environment descriptor '/home/scg1224/Final_Project/raspberry_pi_ws/install/apriltag_ros/share/apriltag_ros/hook/ld_library_path_lib.dsv'
[1.130s] INFO:colcon.colcon_core.shell:Creating environment hook '/home/scg1224/Final_Project/raspberry_pi_ws/install/apriltag_ros/share/apriltag_ros/hook/ld_library_path_lib.sh'
[1.130s] Level 1:colcon.colcon_core.environment:checking '/home/scg1224/Final_Project/raspberry_pi_ws/install/apriltag_ros/bin'
[1.130s] Level 1:colcon.colcon_core.environment:checking '/home/scg1224/Final_Project/raspberry_pi_ws/install/apriltag_ros/lib/pkgconfig/apriltag_ros.pc'
[1.131s] Level 1:colcon.colcon_core.environment:checking '/home/scg1224/Final_Project/raspberry_pi_ws/install/apriltag_ros/lib/python3.10/site-packages'
[1.131s] Level 1:colcon.colcon_core.environment:checking '/home/scg1224/Final_Project/raspberry_pi_ws/install/apriltag_ros/bin'
[1.132s] INFO:colcon.colcon_core.shell:Creating package script '/home/scg1224/Final_Project/raspberry_pi_ws/install/apriltag_ros/share/apriltag_ros/package.ps1'
[1.133s] INFO:colcon.colcon_core.shell:Creating package descriptor '/home/scg1224/Final_Project/raspberry_pi_ws/install/apriltag_ros/share/apriltag_ros/package.dsv'
[1.133s] INFO:colcon.colcon_core.shell:Creating package script '/home/scg1224/Final_Project/raspberry_pi_ws/install/apriltag_ros/share/apriltag_ros/package.sh'
[1.133s] INFO:colcon.colcon_core.shell:Creating package script '/home/scg1224/Final_Project/raspberry_pi_ws/install/apriltag_ros/share/apriltag_ros/package.bash'
[1.133s] INFO:colcon.colcon_core.shell:Creating package script '/home/scg1224/Final_Project/raspberry_pi_ws/install/apriltag_ros/share/apriltag_ros/package.zsh'
[1.134s] Level 1:colcon.colcon_core.environment:create_file_with_runtime_dependencies(/home/scg1224/Final_Project/raspberry_pi_ws/install/apriltag_ros/share/colcon-core/packages/apriltag_ros)
[1.166s] Level 1:colcon.colcon_core.environment:create_environment_scripts_only(apriltag_ros)
[1.168s] Level 1:colcon.colcon_core.environment:checking '/home/scg1224/Final_Project/raspberry_pi_ws/install/apriltag_ros' for CMake module files
[1.168s] Level 1:colcon.colcon_core.environment:checking '/home/scg1224/Final_Project/raspberry_pi_ws/install/apriltag_ros' for CMake config files
[1.168s] Level 1:colcon.colcon_core.shell:create_environment_hook('apriltag_ros', 'cmake_prefix_path')
[1.169s] INFO:colcon.colcon_core.shell:Creating environment hook '/home/scg1224/Final_Project/raspberry_pi_ws/install/apriltag_ros/share/apriltag_ros/hook/cmake_prefix_path.ps1'
[1.170s] INFO:colcon.colcon_core.shell:Creating environment descriptor '/home/scg1224/Final_Project/raspberry_pi_ws/install/apriltag_ros/share/apriltag_ros/hook/cmake_prefix_path.dsv'
[1.170s] INFO:colcon.colcon_core.shell:Creating environment hook '/home/scg1224/Final_Project/raspberry_pi_ws/install/apriltag_ros/share/apriltag_ros/hook/cmake_prefix_path.sh'
[1.170s] Level 1:colcon.colcon_core.environment:checking '/home/scg1224/Final_Project/raspberry_pi_ws/install/apriltag_ros/lib'
[1.170s] Level 1:colcon.colcon_core.shell:create_environment_hook('apriltag_ros', 'ld_library_path_lib')
[1.172s] INFO:colcon.colcon_core.shell:Creating environment hook '/home/scg1224/Final_Project/raspberry_pi_ws/install/apriltag_ros/share/apriltag_ros/hook/ld_library_path_lib.ps1'
[1.172s] INFO:colcon.colcon_core.shell:Creating environment descriptor '/home/scg1224/Final_Project/raspberry_pi_ws/install/apriltag_ros/share/apriltag_ros/hook/ld_library_path_lib.dsv'
[1.172s] INFO:colcon.colcon_core.shell:Creating environment hook '/home/scg1224/Final_Project/raspberry_pi_ws/install/apriltag_ros/share/apriltag_ros/hook/ld_library_path_lib.sh'
[1.173s] Level 1:colcon.colcon_core.environment:checking '/home/scg1224/Final_Project/raspberry_pi_ws/install/apriltag_ros/bin'
[1.173s] Level 1:colcon.colcon_core.environment:checking '/home/scg1224/Final_Project/raspberry_pi_ws/install/apriltag_ros/lib/pkgconfig/apriltag_ros.pc'
[1.173s] Level 1:colcon.colcon_core.environment:checking '/home/scg1224/Final_Project/raspberry_pi_ws/install/apriltag_ros/lib/python3.10/site-packages'
[1.173s] Level 1:colcon.colcon_core.environment:checking '/home/scg1224/Final_Project/raspberry_pi_ws/install/apriltag_ros/bin'
[1.174s] INFO:colcon.colcon_core.shell:Creating package script '/home/scg1224/Final_Project/raspberry_pi_ws/install/apriltag_ros/share/apriltag_ros/package.ps1'
[1.174s] INFO:colcon.colcon_core.shell:Creating package descriptor '/home/scg1224/Final_Project/raspberry_pi_ws/install/apriltag_ros/share/apriltag_ros/package.dsv'
[1.175s] INFO:colcon.colcon_core.shell:Creating package script '/home/scg1224/Final_Project/raspberry_pi_ws/install/apriltag_ros/share/apriltag_ros/package.sh'
[1.175s] INFO:colcon.colcon_core.shell:Creating package script '/home/scg1224/Final_Project/raspberry_pi_ws/install/apriltag_ros/share/apriltag_ros/package.bash'
[1.175s] INFO:colcon.colcon_core.shell:Creating package script '/home/scg1224/Final_Project/raspberry_pi_ws/install/apriltag_ros/share/apriltag_ros/package.zsh'
[1.175s] Level 1:colcon.colcon_core.environment:create_file_with_runtime_dependencies(/home/scg1224/Final_Project/raspberry_pi_ws/install/apriltag_ros/share/colcon-core/packages/apriltag_ros)
[1.176s] DEBUG:colcon.colcon_parallel_executor.executor.parallel:closing loop
[1.176s] DEBUG:colcon.colcon_parallel_executor.executor.parallel:loop closed
[1.176s] DEBUG:colcon.colcon_parallel_executor.executor.parallel:run_until_complete finished with '0'
[1.176s] DEBUG:colcon.colcon_core.event_reactor:joining thread
[1.181s] INFO:colcon.colcon_core.plugin_system:Skipping extension 'colcon_notification.desktop_notification.terminal_notifier': Not used on non-Darwin systems
[1.181s] INFO:colcon.colcon_core.plugin_system:Skipping extension 'colcon_notification.desktop_notification.win32': Not used on non-Windows systems
[1.181s] INFO:colcon.colcon_notification.desktop_notification:Sending desktop notification using 'notify2'
[1.191s] DEBUG:colcon.colcon_core.event_reactor:joined thread
[1.193s] INFO:colcon.colcon_core.shell:Creating prefix script '/home/scg1224/Final_Project/raspberry_pi_ws/install/local_setup.ps1'
[1.194s] INFO:colcon.colcon_core.shell:Creating prefix util module '/home/scg1224/Final_Project/raspberry_pi_ws/install/_local_setup_util_ps1.py'
[1.195s] INFO:colcon.colcon_core.shell:Creating prefix chain script '/home/scg1224/Final_Project/raspberry_pi_ws/install/setup.ps1'
[1.196s] INFO:colcon.colcon_core.shell:Creating prefix script '/home/scg1224/Final_Project/raspberry_pi_ws/install/local_setup.sh'
[1.197s] INFO:colcon.colcon_core.shell:Creating prefix util module '/home/scg1224/Final_Project/raspberry_pi_ws/install/_local_setup_util_sh.py'
[1.197s] INFO:colcon.colcon_core.shell:Creating prefix chain script '/home/scg1224/Final_Project/raspberry_pi_ws/install/setup.sh'
[1.198s] INFO:colcon.colcon_core.shell:Creating prefix script '/home/scg1224/Final_Project/raspberry_pi_ws/install/local_setup.bash'
[1.199s] INFO:colcon.colcon_core.shell:Creating prefix chain script '/home/scg1224/Final_Project/raspberry_pi_ws/install/setup.bash'
[1.201s] INFO:colcon.colcon_core.shell:Creating prefix script '/home/scg1224/Final_Project/raspberry_pi_ws/install/local_setup.zsh'
[1.201s] INFO:colcon.colcon_core.shell:Creating prefix chain script '/home/scg1224/Final_Project/raspberry_pi_ws/install/setup.zsh'
