[ 50%] [32mBuilding CXX object CMakeFiles/turtlebot_control.dir/src/turtlebot_control.cpp.o[0m
[100%] [32m[1mLinking CXX executable turtlebot_control[0m
[100%] Built target turtlebot_control
-- Install configuration: ""
-- Installing: /home/scg1224/Final_Project/raspberry_pi_ws/install/turtlebot_control/lib/turtlebot_control/turtlebot_control
-- Set runtime path of "/home/scg1224/Final_Project/raspberry_pi_ws/install/turtlebot_control/lib/turtlebot_control/turtlebot_control" to ""
-- Up-to-date: /home/scg1224/Final_Project/raspberry_pi_ws/install/turtlebot_control/share/turtlebot_control/images
-- Up-to-date: /home/scg1224/Final_Project/raspberry_pi_ws/install/turtlebot_control/share/turtlebot_control/images/test_pic.png
-- Up-to-date: /home/scg1224/Final_Project/raspberry_pi_ws/install/turtlebot_control/share/turtlebot_control/images/image.jpg
-- Installing: /home/scg1224/Final_Project/raspberry_pi_ws/install/turtlebot_control/share/ament_index/resource_index/package_run_dependencies/turtlebot_control
-- Installing: /home/scg1224/Final_Project/raspberry_pi_ws/install/turtlebot_control/share/ament_index/resource_index/parent_prefix_path/turtlebot_control
-- Installing: /home/scg1224/Final_Project/raspberry_pi_ws/install/turtlebot_control/share/turtlebot_control/environment/ament_prefix_path.sh
-- Installing: /home/scg1224/Final_Project/raspberry_pi_ws/install/turtlebot_control/share/turtlebot_control/environment/ament_prefix_path.dsv
-- Installing: /home/scg1224/Final_Project/raspberry_pi_ws/install/turtlebot_control/share/turtlebot_control/environment/path.sh
-- Installing: /home/scg1224/Final_Project/raspberry_pi_ws/install/turtlebot_control/share/turtlebot_control/environment/path.dsv
-- Installing: /home/scg1224/Final_Project/raspberry_pi_ws/install/turtlebot_control/share/turtlebot_control/local_setup.bash
-- Installing: /home/scg1224/Final_Project/raspberry_pi_ws/install/turtlebot_control/share/turtlebot_control/local_setup.sh
-- Installing: /home/scg1224/Final_Project/raspberry_pi_ws/install/turtlebot_control/share/turtlebot_control/local_setup.zsh
-- Installing: /home/scg1224/Final_Project/raspberry_pi_ws/install/turtlebot_control/share/turtlebot_control/local_setup.dsv
-- Installing: /home/scg1224/Final_Project/raspberry_pi_ws/install/turtlebot_control/share/turtlebot_control/package.dsv
-- Installing: /home/scg1224/Final_Project/raspberry_pi_ws/install/turtlebot_control/share/ament_index/resource_index/packages/turtlebot_control
-- Installing: /home/scg1224/Final_Project/raspberry_pi_ws/install/turtlebot_control/share/turtlebot_control/cmake/turtlebot_controlConfig.cmake
-- Installing: /home/scg1224/Final_Project/raspberry_pi_ws/install/turtlebot_control/share/turtlebot_control/cmake/turtlebot_controlConfig-version.cmake
-- Up-to-date: /home/scg1224/Final_Project/raspberry_pi_ws/install/turtlebot_control/share/turtlebot_control/package.xml
