[0.021s] Invoking command in '/home/scg1224/Final_Project/raspberry_pi_ws/build/apriltag_msgs': CMAKE_PREFIX_PATH=${CMAKE_PREFIX_PATH}:/opt/ros/humble /usr/bin/cmake /home/scg1224/Final_Project/raspberry_pi_ws/src/apriltag_msgs -DCMAKE_INSTALL_PREFIX=/home/scg1224/Final_Project/raspberry_pi_ws/install/apriltag_msgs
[0.069s] -- The C compiler identification is GNU 11.3.0
[0.129s] -- The CXX compiler identification is GNU 11.3.0
[0.140s] -- Detecting C compiler ABI info
[0.197s] -- Detecting C compiler ABI info - done
[0.205s] -- Check for working C compiler: /usr/bin/cc - skipped
[0.205s] -- Detecting C compile features
[0.205s] -- Detecting C compile features - done
[0.208s] -- Detecting CXX compiler ABI info
[0.273s] -- Detecting CXX compiler ABI info - done
[0.281s] -- Check for working CXX compiler: /usr/bin/c++ - skipped
[0.281s] -- Detecting CXX compile features
[0.282s] -- Detecting CXX compile features - done
[0.285s] -- Found ament_cmake: 1.3.4 (/opt/ros/humble/share/ament_cmake/cmake)
[0.837s] -- Found Python3: /usr/bin/python3.10 (found version "3.10.6") found components: Interpreter 
[0.943s] -- Found rosidl_default_generators: 1.2.0 (/opt/ros/humble/share/rosidl_default_generators/cmake)
[0.947s] -- Using all available rosidl_typesupport_c: rosidl_typesupport_fastrtps_c;rosidl_typesupport_introspection_c
[0.956s] -- Found rosidl_adapter: 3.1.4 (/opt/ros/humble/share/rosidl_adapter/cmake)
[1.002s] -- Using all available rosidl_typesupport_cpp: rosidl_typesupport_fastrtps_cpp;rosidl_typesupport_introspection_cpp
[1.044s] -- Found std_msgs: 4.2.3 (/opt/ros/humble/share/std_msgs/cmake)
[1.368s] -- Found ament_cmake_ros: 0.10.0 (/opt/ros/humble/share/ament_cmake_ros/cmake)
[1.532s] -- Using all available rosidl_typesupport_c: rosidl_typesupport_fastrtps_c;rosidl_typesupport_introspection_c
[1.723s] -- Using all available rosidl_typesupport_cpp: rosidl_typesupport_fastrtps_cpp;rosidl_typesupport_introspection_cpp
[1.749s] -- Found PythonInterp: /usr/bin/python3 (found suitable version "3.10.6", minimum required is "3.6") 
[1.751s] -- Found python_cmake_module: 0.10.0 (/opt/ros/humble/share/python_cmake_module/cmake)
[1.779s] -- Found PythonLibs: /usr/lib/x86_64-linux-gnu/libpython3.10.so (found suitable version "3.10.6", minimum required is "3.5") 
[1.780s] -- Using PYTHON_EXECUTABLE: /usr/bin/python3
[1.780s] -- Using PYTHON_INCLUDE_DIRS: /usr/include/python3.10
[1.780s] -- Using PYTHON_LIBRARIES: /usr/lib/x86_64-linux-gnu/libpython3.10.so
[1.803s] -- Found PythonExtra: .so  
[1.856s] -- Found ament_lint_auto: 0.12.6 (/opt/ros/humble/share/ament_lint_auto/cmake)
[1.878s] -- Added test 'lint_cmake' to check CMake code style
[1.879s] -- Added test 'xmllint' to check XML markup files
[1.882s] -- Configuring done
[1.917s] -- Generating done
[1.920s] -- Build files have been written to: /home/scg1224/Final_Project/raspberry_pi_ws/build/apriltag_msgs
[1.925s] Invoked command in '/home/scg1224/Final_Project/raspberry_pi_ws/build/apriltag_msgs' returned '0': CMAKE_PREFIX_PATH=${CMAKE_PREFIX_PATH}:/opt/ros/humble /usr/bin/cmake /home/scg1224/Final_Project/raspberry_pi_ws/src/apriltag_msgs -DCMAKE_INSTALL_PREFIX=/home/scg1224/Final_Project/raspberry_pi_ws/install/apriltag_msgs
[1.928s] Invoking command in '/home/scg1224/Final_Project/raspberry_pi_ws/build/apriltag_msgs': CMAKE_PREFIX_PATH=${CMAKE_PREFIX_PATH}:/opt/ros/humble /usr/bin/cmake --build /home/scg1224/Final_Project/raspberry_pi_ws/build/apriltag_msgs -- -j8 -l8
[1.952s] [  2%] [34m[1mGenerating C code for ROS interfaces[0m
[1.957s] [  4%] [34m[1mGenerating C++ code for ROS interfaces[0m
[1.961s] [  4%] Built target ament_cmake_python_copy_apriltag_msgs
[2.176s] running egg_info
[2.177s] creating apriltag_msgs.egg-info
[2.193s] writing apriltag_msgs.egg-info/PKG-INFO
[2.193s] writing dependency_links to apriltag_msgs.egg-info/dependency_links.txt
[2.193s] writing top-level names to apriltag_msgs.egg-info/top_level.txt
[2.194s] writing manifest file 'apriltag_msgs.egg-info/SOURCES.txt'
[2.242s] reading manifest file 'apriltag_msgs.egg-info/SOURCES.txt'
[2.243s] writing manifest file 'apriltag_msgs.egg-info/SOURCES.txt'
[2.264s] [  4%] Built target ament_cmake_python_build_apriltag_msgs_egg
[2.365s] [  4%] Built target apriltag_msgs__cpp
[2.374s] [  6%] [34m[1mGenerating C++ type support dispatch for ROS interfaces[0m
[2.374s] [  8%] [34m[1mGenerating C++ type support for eProsima Fast-RTPS[0m
[2.378s] [ 10%] [34m[1mGenerating C++ introspection for ROS interfaces[0m
[2.386s] [ 12%] [32mBuilding C object CMakeFiles/apriltag_msgs__rosidl_generator_c.dir/rosidl_generator_c/apriltag_msgs/msg/detail/point__functions.c.o[0m
[2.387s] [ 14%] [32mBuilding C object CMakeFiles/apriltag_msgs__rosidl_generator_c.dir/rosidl_generator_c/apriltag_msgs/msg/detail/april_tag_detection__functions.c.o[0m
[2.387s] [ 17%] [32mBuilding C object CMakeFiles/apriltag_msgs__rosidl_generator_c.dir/rosidl_generator_c/apriltag_msgs/msg/detail/april_tag_detection_array__functions.c.o[0m
[2.460s] [ 19%] [32m[1mLinking C shared library libapriltag_msgs__rosidl_generator_c.so[0m
[2.488s] [ 19%] Built target apriltag_msgs__rosidl_generator_c
[2.495s] [ 21%] [34m[1mGenerating C type support for eProsima Fast-RTPS[0m
[2.496s] [ 23%] [34m[1mGenerating C type support dispatch for ROS interfaces[0m
[2.496s] [ 25%] [34m[1mGenerating C introspection for ROS interfaces[0m
[2.782s] [ 29%] [32mBuilding CXX object CMakeFiles/apriltag_msgs__rosidl_typesupport_cpp.dir/rosidl_typesupport_cpp/apriltag_msgs/msg/april_tag_detection__type_support.cpp.o[0m
[2.783s] [ 29%] [32mBuilding CXX object CMakeFiles/apriltag_msgs__rosidl_typesupport_cpp.dir/rosidl_typesupport_cpp/apriltag_msgs/msg/point__type_support.cpp.o[0m
[2.786s] [ 31%] [32mBuilding CXX object CMakeFiles/apriltag_msgs__rosidl_typesupport_cpp.dir/rosidl_typesupport_cpp/apriltag_msgs/msg/april_tag_detection_array__type_support.cpp.o[0m
[3.114s] [ 34%] [32mBuilding CXX object CMakeFiles/apriltag_msgs__rosidl_typesupport_introspection_cpp.dir/rosidl_typesupport_introspection_cpp/apriltag_msgs/msg/detail/point__type_support.cpp.o[0m
[3.123s] [ 36%] [32mBuilding CXX object CMakeFiles/apriltag_msgs__rosidl_typesupport_c.dir/rosidl_typesupport_c/apriltag_msgs/msg/point__type_support.cpp.o[0m
[3.153s] [ 38%] [32mBuilding CXX object CMakeFiles/apriltag_msgs__rosidl_typesupport_fastrtps_cpp.dir/rosidl_typesupport_fastrtps_cpp/apriltag_msgs/msg/detail/dds_fastrtps/point__type_support.cpp.o[0m
[3.186s] [ 40%] [32mBuilding CXX object CMakeFiles/apriltag_msgs__rosidl_typesupport_c.dir/rosidl_typesupport_c/apriltag_msgs/msg/april_tag_detection__type_support.cpp.o[0m
[3.204s] [ 42%] [32mBuilding CXX object CMakeFiles/apriltag_msgs__rosidl_typesupport_fastrtps_c.dir/rosidl_typesupport_fastrtps_c/apriltag_msgs/msg/detail/point__type_support_c.cpp.o[0m
[3.290s] [ 44%] [32mBuilding CXX object CMakeFiles/apriltag_msgs__rosidl_typesupport_c.dir/rosidl_typesupport_c/apriltag_msgs/msg/april_tag_detection_array__type_support.cpp.o[0m
[3.307s] [ 46%] [32mBuilding CXX object CMakeFiles/apriltag_msgs__rosidl_typesupport_fastrtps_c.dir/rosidl_typesupport_fastrtps_c/apriltag_msgs/msg/detail/april_tag_detection__type_support_c.cpp.o[0m
[3.326s] [ 48%] [32mBuilding CXX object CMakeFiles/apriltag_msgs__rosidl_typesupport_fastrtps_cpp.dir/rosidl_typesupport_fastrtps_cpp/apriltag_msgs/msg/detail/dds_fastrtps/april_tag_detection__type_support.cpp.o[0m
[3.329s] [ 51%] [32mBuilding C object CMakeFiles/apriltag_msgs__rosidl_typesupport_introspection_c.dir/rosidl_typesupport_introspection_c/apriltag_msgs/msg/detail/point__type_support.c.o[0m
[3.366s] [ 53%] [32m[1mLinking CXX shared library libapriltag_msgs__rosidl_typesupport_c.so[0m
[3.375s] [ 55%] [32m[1mLinking CXX shared library libapriltag_msgs__rosidl_typesupport_cpp.so[0m
[3.379s] [ 57%] [32mBuilding C object CMakeFiles/apriltag_msgs__rosidl_typesupport_introspection_c.dir/rosidl_typesupport_introspection_c/apriltag_msgs/msg/detail/april_tag_detection__type_support.c.o[0m
[3.456s] [ 59%] [32mBuilding C object CMakeFiles/apriltag_msgs__rosidl_typesupport_introspection_c.dir/rosidl_typesupport_introspection_c/apriltag_msgs/msg/detail/april_tag_detection_array__type_support.c.o[0m
[3.461s] [ 59%] Built target apriltag_msgs__rosidl_typesupport_cpp
[3.464s] [ 59%] Built target apriltag_msgs__rosidl_typesupport_c
[3.470s] [ 61%] [32mBuilding CXX object CMakeFiles/apriltag_msgs__rosidl_typesupport_fastrtps_c.dir/rosidl_typesupport_fastrtps_c/apriltag_msgs/msg/detail/april_tag_detection_array__type_support_c.cpp.o[0m
[3.490s] [ 63%] [32mBuilding CXX object CMakeFiles/apriltag_msgs__rosidl_typesupport_fastrtps_cpp.dir/rosidl_typesupport_fastrtps_cpp/apriltag_msgs/msg/detail/dds_fastrtps/april_tag_detection_array__type_support.cpp.o[0m
[3.522s] [ 65%] [32m[1mLinking C shared library libapriltag_msgs__rosidl_typesupport_introspection_c.so[0m
[3.624s] [ 65%] Built target apriltag_msgs__rosidl_typesupport_introspection_c
[3.674s] [ 68%] [32mBuilding CXX object CMakeFiles/apriltag_msgs__rosidl_typesupport_introspection_cpp.dir/rosidl_typesupport_introspection_cpp/apriltag_msgs/msg/detail/april_tag_detection__type_support.cpp.o[0m
[3.821s] [ 70%] [32mBuilding CXX object CMakeFiles/apriltag_msgs__rosidl_typesupport_introspection_cpp.dir/rosidl_typesupport_introspection_cpp/apriltag_msgs/msg/detail/april_tag_detection_array__type_support.cpp.o[0m
[4.069s] [ 72%] [32m[1mLinking CXX shared library libapriltag_msgs__rosidl_typesupport_fastrtps_c.so[0m
[4.139s] [ 72%] Built target apriltag_msgs__rosidl_typesupport_fastrtps_c
[4.258s] [ 74%] [32m[1mLinking CXX shared library libapriltag_msgs__rosidl_typesupport_fastrtps_cpp.so[0m
[4.325s] [ 74%] Built target apriltag_msgs__rosidl_typesupport_fastrtps_cpp
[4.358s] [ 76%] [32m[1mLinking CXX shared library libapriltag_msgs__rosidl_typesupport_introspection_cpp.so[0m
[4.415s] [ 76%] Built target apriltag_msgs__rosidl_typesupport_introspection_cpp
[4.427s] [ 76%] Built target apriltag_msgs
[4.438s] [ 78%] [34m[1mGenerating Python code for ROS interfaces[0m
[4.898s] [ 78%] Built target apriltag_msgs__py
[4.909s] [ 80%] [32mBuilding C object CMakeFiles/apriltag_msgs__rosidl_generator_py.dir/rosidl_generator_py/apriltag_msgs/msg/_point_s.c.o[0m
[4.909s] [ 82%] [32mBuilding C object CMakeFiles/apriltag_msgs__rosidl_generator_py.dir/rosidl_generator_py/apriltag_msgs/msg/_april_tag_detection_s.c.o[0m
[4.909s] [ 85%] [32mBuilding C object CMakeFiles/apriltag_msgs__rosidl_generator_py.dir/rosidl_generator_py/apriltag_msgs/msg/_april_tag_detection_array_s.c.o[0m
[5.024s] [ 87%] [32m[1mLinking C shared library rosidl_generator_py/apriltag_msgs/libapriltag_msgs__rosidl_generator_py.so[0m
[5.054s] [ 87%] Built target apriltag_msgs__rosidl_generator_py
[5.065s] [ 89%] [32mBuilding C object CMakeFiles/apriltag_msgs__rosidl_typesupport_fastrtps_c__pyext.dir/rosidl_generator_py/apriltag_msgs/_apriltag_msgs_s.ep.rosidl_typesupport_fastrtps_c.c.o[0m
[5.065s] [ 91%] [32mBuilding C object CMakeFiles/apriltag_msgs__rosidl_typesupport_introspection_c__pyext.dir/rosidl_generator_py/apriltag_msgs/_apriltag_msgs_s.ep.rosidl_typesupport_introspection_c.c.o[0m
[5.065s] [ 93%] [32mBuilding C object CMakeFiles/apriltag_msgs__rosidl_typesupport_c__pyext.dir/rosidl_generator_py/apriltag_msgs/_apriltag_msgs_s.ep.rosidl_typesupport_c.c.o[0m
[5.170s] [100%] [32m[1mLinking C shared library rosidl_generator_py/apriltag_msgs/apriltag_msgs_s__rosidl_typesupport_introspection_c.cpython-310-x86_64-linux-gnu.so[0m
[5.170s] [100%] [32m[1mLinking C shared library rosidl_generator_py/apriltag_msgs/apriltag_msgs_s__rosidl_typesupport_fastrtps_c.cpython-310-x86_64-linux-gnu.so[0m
[5.170s] [100%] [32m[1mLinking C shared library rosidl_generator_py/apriltag_msgs/apriltag_msgs_s__rosidl_typesupport_c.cpython-310-x86_64-linux-gnu.so[0m
[5.197s] [100%] Built target apriltag_msgs__rosidl_typesupport_introspection_c__pyext
[5.197s] [100%] Built target apriltag_msgs__rosidl_typesupport_fastrtps_c__pyext
[5.197s] [100%] Built target apriltag_msgs__rosidl_typesupport_c__pyext
[5.202s] Invoked command in '/home/scg1224/Final_Project/raspberry_pi_ws/build/apriltag_msgs' returned '0': CMAKE_PREFIX_PATH=${CMAKE_PREFIX_PATH}:/opt/ros/humble /usr/bin/cmake --build /home/scg1224/Final_Project/raspberry_pi_ws/build/apriltag_msgs -- -j8 -l8
[5.300s] Invoking command in '/home/scg1224/Final_Project/raspberry_pi_ws/build/apriltag_msgs': CMAKE_PREFIX_PATH=${CMAKE_PREFIX_PATH}:/opt/ros/humble /usr/bin/cmake --install /home/scg1224/Final_Project/raspberry_pi_ws/build/apriltag_msgs
[5.303s] -- Install configuration: ""
[5.303s] -- Installing: /home/scg1224/Final_Project/raspberry_pi_ws/install/apriltag_msgs/share/ament_index/resource_index/rosidl_interfaces/apriltag_msgs
[5.303s] -- Up-to-date: /home/scg1224/Final_Project/raspberry_pi_ws/install/apriltag_msgs/include/apriltag_msgs/apriltag_msgs
[5.303s] -- Up-to-date: /home/scg1224/Final_Project/raspberry_pi_ws/install/apriltag_msgs/include/apriltag_msgs/apriltag_msgs/msg
[5.303s] -- Installing: /home/scg1224/Final_Project/raspberry_pi_ws/install/apriltag_msgs/include/apriltag_msgs/apriltag_msgs/msg/april_tag_detection_array.h
[5.303s] -- Up-to-date: /home/scg1224/Final_Project/raspberry_pi_ws/install/apriltag_msgs/include/apriltag_msgs/apriltag_msgs/msg/detail
[5.303s] -- Installing: /home/scg1224/Final_Project/raspberry_pi_ws/install/apriltag_msgs/include/apriltag_msgs/apriltag_msgs/msg/detail/april_tag_detection__functions.h
[5.303s] -- Installing: /home/scg1224/Final_Project/raspberry_pi_ws/install/apriltag_msgs/include/apriltag_msgs/apriltag_msgs/msg/detail/point__type_support.h
[5.303s] -- Installing: /home/scg1224/Final_Project/raspberry_pi_ws/install/apriltag_msgs/include/apriltag_msgs/apriltag_msgs/msg/detail/point__struct.h
[5.304s] -- Installing: /home/scg1224/Final_Project/raspberry_pi_ws/install/apriltag_msgs/include/apriltag_msgs/apriltag_msgs/msg/detail/april_tag_detection__struct.h
[5.304s] -- Installing: /home/scg1224/Final_Project/raspberry_pi_ws/install/apriltag_msgs/include/apriltag_msgs/apriltag_msgs/msg/detail/april_tag_detection_array__type_support.h
[5.304s] -- Installing: /home/scg1224/Final_Project/raspberry_pi_ws/install/apriltag_msgs/include/apriltag_msgs/apriltag_msgs/msg/detail/point__functions.c
[5.304s] -- Installing: /home/scg1224/Final_Project/raspberry_pi_ws/install/apriltag_msgs/include/apriltag_msgs/apriltag_msgs/msg/detail/april_tag_detection__type_support.h
[5.304s] -- Installing: /home/scg1224/Final_Project/raspberry_pi_ws/install/apriltag_msgs/include/apriltag_msgs/apriltag_msgs/msg/detail/point__functions.h
[5.304s] -- Installing: /home/scg1224/Final_Project/raspberry_pi_ws/install/apriltag_msgs/include/apriltag_msgs/apriltag_msgs/msg/detail/april_tag_detection_array__functions.c
[5.304s] -- Installing: /home/scg1224/Final_Project/raspberry_pi_ws/install/apriltag_msgs/include/apriltag_msgs/apriltag_msgs/msg/detail/april_tag_detection_array__struct.h
[5.304s] -- Installing: /home/scg1224/Final_Project/raspberry_pi_ws/install/apriltag_msgs/include/apriltag_msgs/apriltag_msgs/msg/detail/april_tag_detection_array__functions.h
[5.304s] -- Installing: /home/scg1224/Final_Project/raspberry_pi_ws/install/apriltag_msgs/include/apriltag_msgs/apriltag_msgs/msg/detail/april_tag_detection__functions.c
[5.304s] -- Installing: /home/scg1224/Final_Project/raspberry_pi_ws/install/apriltag_msgs/include/apriltag_msgs/apriltag_msgs/msg/point.h
[5.304s] -- Installing: /home/scg1224/Final_Project/raspberry_pi_ws/install/apriltag_msgs/include/apriltag_msgs/apriltag_msgs/msg/april_tag_detection.h
[5.305s] -- Installing: /home/scg1224/Final_Project/raspberry_pi_ws/install/apriltag_msgs/include/apriltag_msgs/apriltag_msgs/msg/rosidl_generator_c__visibility_control.h
[5.305s] -- Up-to-date: /home/scg1224/Final_Project/raspberry_pi_ws/install/apriltag_msgs/share/apriltag_msgs/environment/library_path.sh
[5.305s] -- Installing: /home/scg1224/Final_Project/raspberry_pi_ws/install/apriltag_msgs/share/apriltag_msgs/environment/library_path.dsv
[5.305s] -- Installing: /home/scg1224/Final_Project/raspberry_pi_ws/install/apriltag_msgs/lib/libapriltag_msgs__rosidl_generator_c.so
[5.305s] -- Set runtime path of "/home/scg1224/Final_Project/raspberry_pi_ws/install/apriltag_msgs/lib/libapriltag_msgs__rosidl_generator_c.so" to ""
[5.305s] -- Up-to-date: /home/scg1224/Final_Project/raspberry_pi_ws/install/apriltag_msgs/include/apriltag_msgs/apriltag_msgs
[5.305s] -- Up-to-date: /home/scg1224/Final_Project/raspberry_pi_ws/install/apriltag_msgs/include/apriltag_msgs/apriltag_msgs/msg
[5.305s] -- Installing: /home/scg1224/Final_Project/raspberry_pi_ws/install/apriltag_msgs/include/apriltag_msgs/apriltag_msgs/msg/rosidl_typesupport_fastrtps_c__visibility_control.h
[5.305s] -- Up-to-date: /home/scg1224/Final_Project/raspberry_pi_ws/install/apriltag_msgs/include/apriltag_msgs/apriltag_msgs/msg/detail
[5.305s] -- Installing: /home/scg1224/Final_Project/raspberry_pi_ws/install/apriltag_msgs/include/apriltag_msgs/apriltag_msgs/msg/detail/april_tag_detection_array__rosidl_typesupport_fastrtps_c.h
[5.305s] -- Installing: /home/scg1224/Final_Project/raspberry_pi_ws/install/apriltag_msgs/include/apriltag_msgs/apriltag_msgs/msg/detail/april_tag_detection__rosidl_typesupport_fastrtps_c.h
[5.306s] -- Installing: /home/scg1224/Final_Project/raspberry_pi_ws/install/apriltag_msgs/include/apriltag_msgs/apriltag_msgs/msg/detail/point__rosidl_typesupport_fastrtps_c.h
[5.306s] -- Installing: /home/scg1224/Final_Project/raspberry_pi_ws/install/apriltag_msgs/lib/libapriltag_msgs__rosidl_typesupport_fastrtps_c.so
[5.306s] -- Set runtime path of "/home/scg1224/Final_Project/raspberry_pi_ws/install/apriltag_msgs/lib/libapriltag_msgs__rosidl_typesupport_fastrtps_c.so" to ""
[5.306s] -- Up-to-date: /home/scg1224/Final_Project/raspberry_pi_ws/install/apriltag_msgs/include/apriltag_msgs/apriltag_msgs
[5.306s] -- Up-to-date: /home/scg1224/Final_Project/raspberry_pi_ws/install/apriltag_msgs/include/apriltag_msgs/apriltag_msgs/msg
[5.306s] -- Up-to-date: /home/scg1224/Final_Project/raspberry_pi_ws/install/apriltag_msgs/include/apriltag_msgs/apriltag_msgs/msg/detail
[5.306s] -- Installing: /home/scg1224/Final_Project/raspberry_pi_ws/install/apriltag_msgs/include/apriltag_msgs/apriltag_msgs/msg/detail/april_tag_detection_array__rosidl_typesupport_introspection_c.h
[5.306s] -- Installing: /home/scg1224/Final_Project/raspberry_pi_ws/install/apriltag_msgs/include/apriltag_msgs/apriltag_msgs/msg/detail/point__type_support.c
[5.306s] -- Installing: /home/scg1224/Final_Project/raspberry_pi_ws/install/apriltag_msgs/include/apriltag_msgs/apriltag_msgs/msg/detail/point__rosidl_typesupport_introspection_c.h
[5.306s] -- Installing: /home/scg1224/Final_Project/raspberry_pi_ws/install/apriltag_msgs/include/apriltag_msgs/apriltag_msgs/msg/detail/april_tag_detection_array__type_support.c
[5.306s] -- Installing: /home/scg1224/Final_Project/raspberry_pi_ws/install/apriltag_msgs/include/apriltag_msgs/apriltag_msgs/msg/detail/april_tag_detection__type_support.c
[5.307s] -- Installing: /home/scg1224/Final_Project/raspberry_pi_ws/install/apriltag_msgs/include/apriltag_msgs/apriltag_msgs/msg/detail/april_tag_detection__rosidl_typesupport_introspection_c.h
[5.307s] -- Installing: /home/scg1224/Final_Project/raspberry_pi_ws/install/apriltag_msgs/include/apriltag_msgs/apriltag_msgs/msg/rosidl_typesupport_introspection_c__visibility_control.h
[5.307s] -- Installing: /home/scg1224/Final_Project/raspberry_pi_ws/install/apriltag_msgs/lib/libapriltag_msgs__rosidl_typesupport_introspection_c.so
[5.307s] -- Set runtime path of "/home/scg1224/Final_Project/raspberry_pi_ws/install/apriltag_msgs/lib/libapriltag_msgs__rosidl_typesupport_introspection_c.so" to ""
[5.307s] -- Installing: /home/scg1224/Final_Project/raspberry_pi_ws/install/apriltag_msgs/lib/libapriltag_msgs__rosidl_typesupport_c.so
[5.307s] -- Set runtime path of "/home/scg1224/Final_Project/raspberry_pi_ws/install/apriltag_msgs/lib/libapriltag_msgs__rosidl_typesupport_c.so" to ""
[5.307s] -- Up-to-date: /home/scg1224/Final_Project/raspberry_pi_ws/install/apriltag_msgs/include/apriltag_msgs/apriltag_msgs
[5.307s] -- Up-to-date: /home/scg1224/Final_Project/raspberry_pi_ws/install/apriltag_msgs/include/apriltag_msgs/apriltag_msgs/msg
[5.307s] -- Installing: /home/scg1224/Final_Project/raspberry_pi_ws/install/apriltag_msgs/include/apriltag_msgs/apriltag_msgs/msg/april_tag_detection.hpp
[5.308s] -- Up-to-date: /home/scg1224/Final_Project/raspberry_pi_ws/install/apriltag_msgs/include/apriltag_msgs/apriltag_msgs/msg/detail
[5.308s] -- Installing: /home/scg1224/Final_Project/raspberry_pi_ws/install/apriltag_msgs/include/apriltag_msgs/apriltag_msgs/msg/detail/april_tag_detection__traits.hpp
[5.308s] -- Installing: /home/scg1224/Final_Project/raspberry_pi_ws/install/apriltag_msgs/include/apriltag_msgs/apriltag_msgs/msg/detail/point__struct.hpp
[5.308s] -- Installing: /home/scg1224/Final_Project/raspberry_pi_ws/install/apriltag_msgs/include/apriltag_msgs/apriltag_msgs/msg/detail/point__builder.hpp
[5.308s] -- Installing: /home/scg1224/Final_Project/raspberry_pi_ws/install/apriltag_msgs/include/apriltag_msgs/apriltag_msgs/msg/detail/april_tag_detection_array__struct.hpp
[5.308s] -- Installing: /home/scg1224/Final_Project/raspberry_pi_ws/install/apriltag_msgs/include/apriltag_msgs/apriltag_msgs/msg/detail/april_tag_detection__struct.hpp
[5.308s] -- Installing: /home/scg1224/Final_Project/raspberry_pi_ws/install/apriltag_msgs/include/apriltag_msgs/apriltag_msgs/msg/detail/april_tag_detection__builder.hpp
[5.308s] -- Installing: /home/scg1224/Final_Project/raspberry_pi_ws/install/apriltag_msgs/include/apriltag_msgs/apriltag_msgs/msg/detail/april_tag_detection_array__traits.hpp
[5.308s] -- Installing: /home/scg1224/Final_Project/raspberry_pi_ws/install/apriltag_msgs/include/apriltag_msgs/apriltag_msgs/msg/detail/april_tag_detection_array__builder.hpp
[5.308s] -- Installing: /home/scg1224/Final_Project/raspberry_pi_ws/install/apriltag_msgs/include/apriltag_msgs/apriltag_msgs/msg/detail/point__traits.hpp
[5.308s] -- Installing: /home/scg1224/Final_Project/raspberry_pi_ws/install/apriltag_msgs/include/apriltag_msgs/apriltag_msgs/msg/point.hpp
[5.309s] -- Installing: /home/scg1224/Final_Project/raspberry_pi_ws/install/apriltag_msgs/include/apriltag_msgs/apriltag_msgs/msg/april_tag_detection_array.hpp
[5.309s] -- Up-to-date: /home/scg1224/Final_Project/raspberry_pi_ws/install/apriltag_msgs/include/apriltag_msgs/apriltag_msgs
[5.309s] -- Up-to-date: /home/scg1224/Final_Project/raspberry_pi_ws/install/apriltag_msgs/include/apriltag_msgs/apriltag_msgs/msg
[5.309s] -- Installing: /home/scg1224/Final_Project/raspberry_pi_ws/install/apriltag_msgs/include/apriltag_msgs/apriltag_msgs/msg/rosidl_typesupport_fastrtps_cpp__visibility_control.h
[5.309s] -- Up-to-date: /home/scg1224/Final_Project/raspberry_pi_ws/install/apriltag_msgs/include/apriltag_msgs/apriltag_msgs/msg/detail
[5.309s] -- Installing: /home/scg1224/Final_Project/raspberry_pi_ws/install/apriltag_msgs/include/apriltag_msgs/apriltag_msgs/msg/detail/point__rosidl_typesupport_fastrtps_cpp.hpp
[5.309s] -- Installing: /home/scg1224/Final_Project/raspberry_pi_ws/install/apriltag_msgs/include/apriltag_msgs/apriltag_msgs/msg/detail/april_tag_detection_array__rosidl_typesupport_fastrtps_cpp.hpp
[5.309s] -- Up-to-date: /home/scg1224/Final_Project/raspberry_pi_ws/install/apriltag_msgs/include/apriltag_msgs/apriltag_msgs/msg/detail/dds_fastrtps
[5.309s] -- Installing: /home/scg1224/Final_Project/raspberry_pi_ws/install/apriltag_msgs/include/apriltag_msgs/apriltag_msgs/msg/detail/april_tag_detection__rosidl_typesupport_fastrtps_cpp.hpp
[5.309s] -- Installing: /home/scg1224/Final_Project/raspberry_pi_ws/install/apriltag_msgs/lib/libapriltag_msgs__rosidl_typesupport_fastrtps_cpp.so
[5.309s] -- Set runtime path of "/home/scg1224/Final_Project/raspberry_pi_ws/install/apriltag_msgs/lib/libapriltag_msgs__rosidl_typesupport_fastrtps_cpp.so" to ""
[5.309s] -- Up-to-date: /home/scg1224/Final_Project/raspberry_pi_ws/install/apriltag_msgs/include/apriltag_msgs/apriltag_msgs
[5.310s] -- Up-to-date: /home/scg1224/Final_Project/raspberry_pi_ws/install/apriltag_msgs/include/apriltag_msgs/apriltag_msgs/msg
[5.310s] -- Up-to-date: /home/scg1224/Final_Project/raspberry_pi_ws/install/apriltag_msgs/include/apriltag_msgs/apriltag_msgs/msg/detail
[5.310s] -- Installing: /home/scg1224/Final_Project/raspberry_pi_ws/install/apriltag_msgs/include/apriltag_msgs/apriltag_msgs/msg/detail/april_tag_detection_array__type_support.cpp
[5.310s] -- Installing: /home/scg1224/Final_Project/raspberry_pi_ws/install/apriltag_msgs/include/apriltag_msgs/apriltag_msgs/msg/detail/point__rosidl_typesupport_introspection_cpp.hpp
[5.310s] -- Installing: /home/scg1224/Final_Project/raspberry_pi_ws/install/apriltag_msgs/include/apriltag_msgs/apriltag_msgs/msg/detail/april_tag_detection__type_support.cpp
[5.310s] -- Installing: /home/scg1224/Final_Project/raspberry_pi_ws/install/apriltag_msgs/include/apriltag_msgs/apriltag_msgs/msg/detail/april_tag_detection__rosidl_typesupport_introspection_cpp.hpp
[5.310s] -- Installing: /home/scg1224/Final_Project/raspberry_pi_ws/install/apriltag_msgs/include/apriltag_msgs/apriltag_msgs/msg/detail/april_tag_detection_array__rosidl_typesupport_introspection_cpp.hpp
[5.310s] -- Installing: /home/scg1224/Final_Project/raspberry_pi_ws/install/apriltag_msgs/include/apriltag_msgs/apriltag_msgs/msg/detail/point__type_support.cpp
[5.310s] -- Installing: /home/scg1224/Final_Project/raspberry_pi_ws/install/apriltag_msgs/lib/libapriltag_msgs__rosidl_typesupport_introspection_cpp.so
[5.310s] -- Set runtime path of "/home/scg1224/Final_Project/raspberry_pi_ws/install/apriltag_msgs/lib/libapriltag_msgs__rosidl_typesupport_introspection_cpp.so" to ""
[5.310s] -- Installing: /home/scg1224/Final_Project/raspberry_pi_ws/install/apriltag_msgs/lib/libapriltag_msgs__rosidl_typesupport_cpp.so
[5.311s] -- Set runtime path of "/home/scg1224/Final_Project/raspberry_pi_ws/install/apriltag_msgs/lib/libapriltag_msgs__rosidl_typesupport_cpp.so" to ""
[5.311s] -- Installing: /home/scg1224/Final_Project/raspberry_pi_ws/install/apriltag_msgs/share/apriltag_msgs/environment/pythonpath.sh
[5.311s] -- Installing: /home/scg1224/Final_Project/raspberry_pi_ws/install/apriltag_msgs/share/apriltag_msgs/environment/pythonpath.dsv
[5.311s] -- Up-to-date: /home/scg1224/Final_Project/raspberry_pi_ws/install/apriltag_msgs/local/lib/python3.10/dist-packages/apriltag_msgs-2.0.1-py3.10.egg-info
[5.311s] -- Installing: /home/scg1224/Final_Project/raspberry_pi_ws/install/apriltag_msgs/local/lib/python3.10/dist-packages/apriltag_msgs-2.0.1-py3.10.egg-info/dependency_links.txt
[5.311s] -- Installing: /home/scg1224/Final_Project/raspberry_pi_ws/install/apriltag_msgs/local/lib/python3.10/dist-packages/apriltag_msgs-2.0.1-py3.10.egg-info/top_level.txt
[5.311s] -- Installing: /home/scg1224/Final_Project/raspberry_pi_ws/install/apriltag_msgs/local/lib/python3.10/dist-packages/apriltag_msgs-2.0.1-py3.10.egg-info/PKG-INFO
[5.311s] -- Installing: /home/scg1224/Final_Project/raspberry_pi_ws/install/apriltag_msgs/local/lib/python3.10/dist-packages/apriltag_msgs-2.0.1-py3.10.egg-info/SOURCES.txt
[5.312s] -- Up-to-date: /home/scg1224/Final_Project/raspberry_pi_ws/install/apriltag_msgs/local/lib/python3.10/dist-packages/apriltag_msgs
[5.312s] -- Installing: /home/scg1224/Final_Project/raspberry_pi_ws/install/apriltag_msgs/local/lib/python3.10/dist-packages/apriltag_msgs/_apriltag_msgs_s.ep.rosidl_typesupport_introspection_c.c
[5.312s] -- Installing: /home/scg1224/Final_Project/raspberry_pi_ws/install/apriltag_msgs/local/lib/python3.10/dist-packages/apriltag_msgs/_apriltag_msgs_s.ep.rosidl_typesupport_c.c
[5.312s] -- Installing: /home/scg1224/Final_Project/raspberry_pi_ws/install/apriltag_msgs/local/lib/python3.10/dist-packages/apriltag_msgs/libapriltag_msgs__rosidl_generator_py.so
[5.312s] -- Installing: /home/scg1224/Final_Project/raspberry_pi_ws/install/apriltag_msgs/local/lib/python3.10/dist-packages/apriltag_msgs/apriltag_msgs_s__rosidl_typesupport_fastrtps_c.cpython-310-x86_64-linux-gnu.so
[5.312s] -- Installing: /home/scg1224/Final_Project/raspberry_pi_ws/install/apriltag_msgs/local/lib/python3.10/dist-packages/apriltag_msgs/__init__.py
[5.312s] -- Installing: /home/scg1224/Final_Project/raspberry_pi_ws/install/apriltag_msgs/local/lib/python3.10/dist-packages/apriltag_msgs/_apriltag_msgs_s.ep.rosidl_typesupport_fastrtps_c.c
[5.312s] -- Up-to-date: /home/scg1224/Final_Project/raspberry_pi_ws/install/apriltag_msgs/local/lib/python3.10/dist-packages/apriltag_msgs/msg
[5.312s] -- Installing: /home/scg1224/Final_Project/raspberry_pi_ws/install/apriltag_msgs/local/lib/python3.10/dist-packages/apriltag_msgs/msg/_point_s.c
[5.312s] -- Installing: /home/scg1224/Final_Project/raspberry_pi_ws/install/apriltag_msgs/local/lib/python3.10/dist-packages/apriltag_msgs/msg/_april_tag_detection_array.py
[5.312s] -- Installing: /home/scg1224/Final_Project/raspberry_pi_ws/install/apriltag_msgs/local/lib/python3.10/dist-packages/apriltag_msgs/msg/_april_tag_detection_array_s.c
[5.312s] -- Installing: /home/scg1224/Final_Project/raspberry_pi_ws/install/apriltag_msgs/local/lib/python3.10/dist-packages/apriltag_msgs/msg/_april_tag_detection_s.c
[5.313s] -- Installing: /home/scg1224/Final_Project/raspberry_pi_ws/install/apriltag_msgs/local/lib/python3.10/dist-packages/apriltag_msgs/msg/_april_tag_detection.py
[5.313s] -- Installing: /home/scg1224/Final_Project/raspberry_pi_ws/install/apriltag_msgs/local/lib/python3.10/dist-packages/apriltag_msgs/msg/__init__.py
[5.313s] -- Installing: /home/scg1224/Final_Project/raspberry_pi_ws/install/apriltag_msgs/local/lib/python3.10/dist-packages/apriltag_msgs/msg/_point.py
[5.313s] -- Installing: /home/scg1224/Final_Project/raspberry_pi_ws/install/apriltag_msgs/local/lib/python3.10/dist-packages/apriltag_msgs/apriltag_msgs_s__rosidl_typesupport_c.cpython-310-x86_64-linux-gnu.so
[5.313s] -- Installing: /home/scg1224/Final_Project/raspberry_pi_ws/install/apriltag_msgs/local/lib/python3.10/dist-packages/apriltag_msgs/apriltag_msgs_s__rosidl_typesupport_introspection_c.cpython-310-x86_64-linux-gnu.so
[5.348s] Listing '/home/scg1224/Final_Project/raspberry_pi_ws/install/apriltag_msgs/local/lib/python3.10/dist-packages/apriltag_msgs'...
[5.348s] Compiling '/home/scg1224/Final_Project/raspberry_pi_ws/install/apriltag_msgs/local/lib/python3.10/dist-packages/apriltag_msgs/__init__.py'...
[5.348s] Listing '/home/scg1224/Final_Project/raspberry_pi_ws/install/apriltag_msgs/local/lib/python3.10/dist-packages/apriltag_msgs/msg'...
[5.348s] Compiling '/home/scg1224/Final_Project/raspberry_pi_ws/install/apriltag_msgs/local/lib/python3.10/dist-packages/apriltag_msgs/msg/__init__.py'...
[5.349s] Compiling '/home/scg1224/Final_Project/raspberry_pi_ws/install/apriltag_msgs/local/lib/python3.10/dist-packages/apriltag_msgs/msg/_april_tag_detection.py'...
[5.349s] Compiling '/home/scg1224/Final_Project/raspberry_pi_ws/install/apriltag_msgs/local/lib/python3.10/dist-packages/apriltag_msgs/msg/_april_tag_detection_array.py'...
[5.349s] Compiling '/home/scg1224/Final_Project/raspberry_pi_ws/install/apriltag_msgs/local/lib/python3.10/dist-packages/apriltag_msgs/msg/_point.py'...
[5.354s] -- Installing: /home/scg1224/Final_Project/raspberry_pi_ws/install/apriltag_msgs/local/lib/python3.10/dist-packages/apriltag_msgs/apriltag_msgs_s__rosidl_typesupport_fastrtps_c.cpython-310-x86_64-linux-gnu.so
[5.354s] -- Set runtime path of "/home/scg1224/Final_Project/raspberry_pi_ws/install/apriltag_msgs/local/lib/python3.10/dist-packages/apriltag_msgs/apriltag_msgs_s__rosidl_typesupport_fastrtps_c.cpython-310-x86_64-linux-gnu.so" to ""
[5.354s] -- Installing: /home/scg1224/Final_Project/raspberry_pi_ws/install/apriltag_msgs/local/lib/python3.10/dist-packages/apriltag_msgs/apriltag_msgs_s__rosidl_typesupport_introspection_c.cpython-310-x86_64-linux-gnu.so
[5.354s] -- Set runtime path of "/home/scg1224/Final_Project/raspberry_pi_ws/install/apriltag_msgs/local/lib/python3.10/dist-packages/apriltag_msgs/apriltag_msgs_s__rosidl_typesupport_introspection_c.cpython-310-x86_64-linux-gnu.so" to ""
[5.354s] -- Installing: /home/scg1224/Final_Project/raspberry_pi_ws/install/apriltag_msgs/local/lib/python3.10/dist-packages/apriltag_msgs/apriltag_msgs_s__rosidl_typesupport_c.cpython-310-x86_64-linux-gnu.so
[5.355s] -- Set runtime path of "/home/scg1224/Final_Project/raspberry_pi_ws/install/apriltag_msgs/local/lib/python3.10/dist-packages/apriltag_msgs/apriltag_msgs_s__rosidl_typesupport_c.cpython-310-x86_64-linux-gnu.so" to ""
[5.355s] -- Installing: /home/scg1224/Final_Project/raspberry_pi_ws/install/apriltag_msgs/lib/libapriltag_msgs__rosidl_generator_py.so
[5.355s] -- Set runtime path of "/home/scg1224/Final_Project/raspberry_pi_ws/install/apriltag_msgs/lib/libapriltag_msgs__rosidl_generator_py.so" to ""
[5.355s] -- Installing: /home/scg1224/Final_Project/raspberry_pi_ws/install/apriltag_msgs/share/apriltag_msgs/msg/Point.idl
[5.355s] -- Installing: /home/scg1224/Final_Project/raspberry_pi_ws/install/apriltag_msgs/share/apriltag_msgs/msg/AprilTagDetection.idl
[5.355s] -- Installing: /home/scg1224/Final_Project/raspberry_pi_ws/install/apriltag_msgs/share/apriltag_msgs/msg/AprilTagDetectionArray.idl
[5.355s] -- Up-to-date: /home/scg1224/Final_Project/raspberry_pi_ws/install/apriltag_msgs/share/apriltag_msgs/msg/Point.msg
[5.355s] -- Up-to-date: /home/scg1224/Final_Project/raspberry_pi_ws/install/apriltag_msgs/share/apriltag_msgs/msg/AprilTagDetection.msg
[5.355s] -- Up-to-date: /home/scg1224/Final_Project/raspberry_pi_ws/install/apriltag_msgs/share/apriltag_msgs/msg/AprilTagDetectionArray.msg
[5.356s] -- Installing: /home/scg1224/Final_Project/raspberry_pi_ws/install/apriltag_msgs/share/ament_index/resource_index/package_run_dependencies/apriltag_msgs
[5.356s] -- Installing: /home/scg1224/Final_Project/raspberry_pi_ws/install/apriltag_msgs/share/ament_index/resource_index/parent_prefix_path/apriltag_msgs
[5.356s] -- Up-to-date: /home/scg1224/Final_Project/raspberry_pi_ws/install/apriltag_msgs/share/apriltag_msgs/environment/ament_prefix_path.sh
[5.356s] -- Installing: /home/scg1224/Final_Project/raspberry_pi_ws/install/apriltag_msgs/share/apriltag_msgs/environment/ament_prefix_path.dsv
[5.356s] -- Up-to-date: /home/scg1224/Final_Project/raspberry_pi_ws/install/apriltag_msgs/share/apriltag_msgs/environment/path.sh
[5.356s] -- Installing: /home/scg1224/Final_Project/raspberry_pi_ws/install/apriltag_msgs/share/apriltag_msgs/environment/path.dsv
[5.356s] -- Installing: /home/scg1224/Final_Project/raspberry_pi_ws/install/apriltag_msgs/share/apriltag_msgs/local_setup.bash
[5.356s] -- Installing: /home/scg1224/Final_Project/raspberry_pi_ws/install/apriltag_msgs/share/apriltag_msgs/local_setup.sh
[5.356s] -- Installing: /home/scg1224/Final_Project/raspberry_pi_ws/install/apriltag_msgs/share/apriltag_msgs/local_setup.zsh
[5.356s] -- Installing: /home/scg1224/Final_Project/raspberry_pi_ws/install/apriltag_msgs/share/apriltag_msgs/local_setup.dsv
[5.356s] -- Installing: /home/scg1224/Final_Project/raspberry_pi_ws/install/apriltag_msgs/share/apriltag_msgs/package.dsv
[5.356s] -- Installing: /home/scg1224/Final_Project/raspberry_pi_ws/install/apriltag_msgs/share/ament_index/resource_index/packages/apriltag_msgs
[5.356s] -- Installing: /home/scg1224/Final_Project/raspberry_pi_ws/install/apriltag_msgs/share/apriltag_msgs/cmake/export_apriltag_msgs__rosidl_generator_cExport.cmake
[5.357s] -- Installing: /home/scg1224/Final_Project/raspberry_pi_ws/install/apriltag_msgs/share/apriltag_msgs/cmake/export_apriltag_msgs__rosidl_generator_cExport-noconfig.cmake
[5.357s] -- Installing: /home/scg1224/Final_Project/raspberry_pi_ws/install/apriltag_msgs/share/apriltag_msgs/cmake/export_apriltag_msgs__rosidl_typesupport_fastrtps_cExport.cmake
[5.357s] -- Installing: /home/scg1224/Final_Project/raspberry_pi_ws/install/apriltag_msgs/share/apriltag_msgs/cmake/export_apriltag_msgs__rosidl_typesupport_fastrtps_cExport-noconfig.cmake
[5.357s] -- Installing: /home/scg1224/Final_Project/raspberry_pi_ws/install/apriltag_msgs/share/apriltag_msgs/cmake/apriltag_msgs__rosidl_typesupport_introspection_cExport.cmake
[5.357s] -- Installing: /home/scg1224/Final_Project/raspberry_pi_ws/install/apriltag_msgs/share/apriltag_msgs/cmake/apriltag_msgs__rosidl_typesupport_introspection_cExport-noconfig.cmake
[5.357s] -- Installing: /home/scg1224/Final_Project/raspberry_pi_ws/install/apriltag_msgs/share/apriltag_msgs/cmake/apriltag_msgs__rosidl_typesupport_cExport.cmake
[5.357s] -- Installing: /home/scg1224/Final_Project/raspberry_pi_ws/install/apriltag_msgs/share/apriltag_msgs/cmake/apriltag_msgs__rosidl_typesupport_cExport-noconfig.cmake
[5.358s] -- Installing: /home/scg1224/Final_Project/raspberry_pi_ws/install/apriltag_msgs/share/apriltag_msgs/cmake/export_apriltag_msgs__rosidl_generator_cppExport.cmake
[5.358s] -- Installing: /home/scg1224/Final_Project/raspberry_pi_ws/install/apriltag_msgs/share/apriltag_msgs/cmake/export_apriltag_msgs__rosidl_typesupport_fastrtps_cppExport.cmake
[5.358s] -- Installing: /home/scg1224/Final_Project/raspberry_pi_ws/install/apriltag_msgs/share/apriltag_msgs/cmake/export_apriltag_msgs__rosidl_typesupport_fastrtps_cppExport-noconfig.cmake
[5.358s] -- Installing: /home/scg1224/Final_Project/raspberry_pi_ws/install/apriltag_msgs/share/apriltag_msgs/cmake/apriltag_msgs__rosidl_typesupport_introspection_cppExport.cmake
[5.358s] -- Installing: /home/scg1224/Final_Project/raspberry_pi_ws/install/apriltag_msgs/share/apriltag_msgs/cmake/apriltag_msgs__rosidl_typesupport_introspection_cppExport-noconfig.cmake
[5.358s] -- Installing: /home/scg1224/Final_Project/raspberry_pi_ws/install/apriltag_msgs/share/apriltag_msgs/cmake/apriltag_msgs__rosidl_typesupport_cppExport.cmake
[5.358s] -- Installing: /home/scg1224/Final_Project/raspberry_pi_ws/install/apriltag_msgs/share/apriltag_msgs/cmake/apriltag_msgs__rosidl_typesupport_cppExport-noconfig.cmake
[5.359s] -- Installing: /home/scg1224/Final_Project/raspberry_pi_ws/install/apriltag_msgs/share/apriltag_msgs/cmake/export_apriltag_msgs__rosidl_generator_pyExport.cmake
[5.359s] -- Installing: /home/scg1224/Final_Project/raspberry_pi_ws/install/apriltag_msgs/share/apriltag_msgs/cmake/export_apriltag_msgs__rosidl_generator_pyExport-noconfig.cmake
[5.359s] -- Installing: /home/scg1224/Final_Project/raspberry_pi_ws/install/apriltag_msgs/share/apriltag_msgs/cmake/rosidl_cmake-extras.cmake
[5.359s] -- Installing: /home/scg1224/Final_Project/raspberry_pi_ws/install/apriltag_msgs/share/apriltag_msgs/cmake/ament_cmake_export_dependencies-extras.cmake
[5.359s] -- Installing: /home/scg1224/Final_Project/raspberry_pi_ws/install/apriltag_msgs/share/apriltag_msgs/cmake/ament_cmake_export_include_directories-extras.cmake
[5.359s] -- Installing: /home/scg1224/Final_Project/raspberry_pi_ws/install/apriltag_msgs/share/apriltag_msgs/cmake/ament_cmake_export_libraries-extras.cmake
[5.359s] -- Installing: /home/scg1224/Final_Project/raspberry_pi_ws/install/apriltag_msgs/share/apriltag_msgs/cmake/ament_cmake_export_targets-extras.cmake
[5.359s] -- Installing: /home/scg1224/Final_Project/raspberry_pi_ws/install/apriltag_msgs/share/apriltag_msgs/cmake/rosidl_cmake_export_typesupport_targets-extras.cmake
[5.360s] -- Installing: /home/scg1224/Final_Project/raspberry_pi_ws/install/apriltag_msgs/share/apriltag_msgs/cmake/rosidl_cmake_export_typesupport_libraries-extras.cmake
[5.360s] -- Installing: /home/scg1224/Final_Project/raspberry_pi_ws/install/apriltag_msgs/share/apriltag_msgs/cmake/apriltag_msgsConfig.cmake
[5.360s] -- Installing: /home/scg1224/Final_Project/raspberry_pi_ws/install/apriltag_msgs/share/apriltag_msgs/cmake/apriltag_msgsConfig-version.cmake
[5.360s] -- Up-to-date: /home/scg1224/Final_Project/raspberry_pi_ws/install/apriltag_msgs/share/apriltag_msgs/package.xml
[5.363s] Invoked command in '/home/scg1224/Final_Project/raspberry_pi_ws/build/apriltag_msgs' returned '0': CMAKE_PREFIX_PATH=${CMAKE_PREFIX_PATH}:/opt/ros/humble /usr/bin/cmake --install /home/scg1224/Final_Project/raspberry_pi_ws/build/apriltag_msgs
