[0.018s] Invoking command in '/home/scg1224/Final_Project/raspberry_pi_ws/build/turtlebot_control': CMAKE_PREFIX_PATH=${CMAKE_PREFIX_PATH}:/opt/ros/humble /usr/bin/cmake --build /home/scg1224/Final_Project/raspberry_pi_ws/build/turtlebot_control -- -j8 -l8
[0.054s] [100%] Built target turtlebot_control
[0.060s] Invoked command in '/home/scg1224/Final_Project/raspberry_pi_ws/build/turtlebot_control' returned '0': CMAKE_PREFIX_PATH=${CMAKE_PREFIX_PATH}:/opt/ros/humble /usr/bin/cmake --build /home/scg1224/Final_Project/raspberry_pi_ws/build/turtlebot_control -- -j8 -l8
[0.090s] Invoking command in '/home/scg1224/Final_Project/raspberry_pi_ws/build/turtlebot_control': CMAKE_PREFIX_PATH=${CMAKE_PREFIX_PATH}:/opt/ros/humble /usr/bin/cmake --install /home/scg1224/Final_Project/raspberry_pi_ws/build/turtlebot_control
[0.093s] -- Install configuration: ""
[0.093s] -- Up-to-date: /home/scg1224/Final_Project/raspberry_pi_ws/install/turtlebot_control/lib/turtlebot_control/turtlebot_control
[0.094s] -- Up-to-date: /home/scg1224/Final_Project/raspberry_pi_ws/install/turtlebot_control/share/turtlebot_control/images
[0.094s] -- Up-to-date: /home/scg1224/Final_Project/raspberry_pi_ws/install/turtlebot_control/share/turtlebot_control/images/test_pic.png
[0.094s] -- Up-to-date: /home/scg1224/Final_Project/raspberry_pi_ws/install/turtlebot_control/share/turtlebot_control/images/image.jpg
[0.095s] -- Up-to-date: /home/scg1224/Final_Project/raspberry_pi_ws/install/turtlebot_control/share/ament_index/resource_index/package_run_dependencies/turtlebot_control
[0.095s] -- Up-to-date: /home/scg1224/Final_Project/raspberry_pi_ws/install/turtlebot_control/share/ament_index/resource_index/parent_prefix_path/turtlebot_control
[0.095s] -- Up-to-date: /home/scg1224/Final_Project/raspberry_pi_ws/install/turtlebot_control/share/turtlebot_control/environment/ament_prefix_path.sh
[0.095s] -- Up-to-date: /home/scg1224/Final_Project/raspberry_pi_ws/install/turtlebot_control/share/turtlebot_control/environment/ament_prefix_path.dsv
[0.095s] -- Up-to-date: /home/scg1224/Final_Project/raspberry_pi_ws/install/turtlebot_control/share/turtlebot_control/environment/path.sh
[0.095s] -- Up-to-date: /home/scg1224/Final_Project/raspberry_pi_ws/install/turtlebot_control/share/turtlebot_control/environment/path.dsv
[0.095s] -- Up-to-date: /home/scg1224/Final_Project/raspberry_pi_ws/install/turtlebot_control/share/turtlebot_control/local_setup.bash
[0.095s] -- Up-to-date: /home/scg1224/Final_Project/raspberry_pi_ws/install/turtlebot_control/share/turtlebot_control/local_setup.sh
[0.095s] -- Up-to-date: /home/scg1224/Final_Project/raspberry_pi_ws/install/turtlebot_control/share/turtlebot_control/local_setup.zsh
[0.096s] -- Up-to-date: /home/scg1224/Final_Project/raspberry_pi_ws/install/turtlebot_control/share/turtlebot_control/local_setup.dsv
[0.096s] -- Installing: /home/scg1224/Final_Project/raspberry_pi_ws/install/turtlebot_control/share/turtlebot_control/package.dsv
[0.096s] -- Up-to-date: /home/scg1224/Final_Project/raspberry_pi_ws/install/turtlebot_control/share/ament_index/resource_index/packages/turtlebot_control
[0.096s] -- Up-to-date: /home/scg1224/Final_Project/raspberry_pi_ws/install/turtlebot_control/share/turtlebot_control/cmake/turtlebot_controlConfig.cmake
[0.097s] -- Up-to-date: /home/scg1224/Final_Project/raspberry_pi_ws/install/turtlebot_control/share/turtlebot_control/cmake/turtlebot_controlConfig-version.cmake
[0.097s] -- Up-to-date: /home/scg1224/Final_Project/raspberry_pi_ws/install/turtlebot_control/share/turtlebot_control/package.xml
[0.097s] Invoked command in '/home/scg1224/Final_Project/raspberry_pi_ws/build/turtlebot_control' returned '0': CMAKE_PREFIX_PATH=${CMAKE_PREFIX_PATH}:/opt/ros/humble /usr/bin/cmake --install /home/scg1224/Final_Project/raspberry_pi_ws/build/turtlebot_control
