[0.000000] (-) TimerEvent: {}
[0.000095] (turtlebot_control) JobQueued: {'identifier': 'turtlebot_control', 'dependencies': OrderedDict()}
[0.000389] (turtlebot_control) JobStarted: {'identifier': 'turtlebot_control'}
[0.008243] (turtlebot_control) JobProgress: {'identifier': 'turtlebot_control', 'progress': 'cmake'}
[0.008287] (turtlebot_control) Command: {'cmd': ['/usr/bin/cmake', '/ros_ws/src/turtlebot_control', '-DCMAKE_TOOLCHAIN_FILE=/toolchain.cmake', '-DCMAKE_INSTALL_PREFIX=aarch64_install', '-DCMAKE_INSTALL_PREFIX=/ros_ws/aarch64_install/turtlebot_control'], 'cwd': '/ros_ws/aarch64_build/turtlebot_control', 'env': OrderedDict([('HOSTNAME', '489e60e6637a'), ('LD_LIBRARY_PATH', '/opt/ros/humble/opt/rviz_ogre_vendor/lib:/opt/ros/humble/lib/aarch64-linux-gnu:/opt/ros/humble/lib'), ('HOME', '/home/msr'), ('ROS_PYTHON_VERSION', '3'), ('LC_CTYPE', 'C.UTF-8'), ('ROS_DISTRO', 'humble'), ('ROS_VERSION', '2'), ('TERM', 'xterm'), ('ROS_LOCALHOST_ONLY', '0'), ('PATH', '/opt/ros/humble/bin:/usr/local/sbin:/usr/local/bin:/usr/sbin:/usr/bin:/sbin:/bin'), ('AMENT_PREFIX_PATH', '/opt/ros/humble'), ('PWD', '/ros_ws/aarch64_build/turtlebot_control'), ('PYTHONPATH', '/opt/ros/humble/lib/python3.10/site-packages:/opt/ros/humble/local/lib/python3.10/dist-packages'), ('COLCON', '1'), ('CMAKE_PREFIX_PATH', '/opt/ros/humble')]), 'shell': False}
[0.099493] (-) TimerEvent: {}
[0.126914] (turtlebot_control) StdoutLine: {'line': b'-- The C compiler identification is GNU 11.3.0\n'}
[0.199689] (-) TimerEvent: {}
[0.204648] (turtlebot_control) StdoutLine: {'line': b'-- The CXX compiler identification is GNU 11.3.0\n'}
[0.211057] (turtlebot_control) StdoutLine: {'line': b'-- Detecting C compiler ABI info\n'}
[0.264918] (turtlebot_control) StdoutLine: {'line': b'-- Detecting C compiler ABI info - done\n'}
[0.268978] (turtlebot_control) StdoutLine: {'line': b'-- Check for working C compiler: /usr/bin/aarch64-linux-gnu-gcc - skipped\n'}
[0.269220] (turtlebot_control) StdoutLine: {'line': b'-- Detecting C compile features\n'}
[0.269683] (turtlebot_control) StdoutLine: {'line': b'-- Detecting C compile features - done\n'}
[0.271745] (turtlebot_control) StdoutLine: {'line': b'-- Detecting CXX compiler ABI info\n'}
[0.299802] (-) TimerEvent: {}
[0.334058] (turtlebot_control) StdoutLine: {'line': b'-- Detecting CXX compiler ABI info - done\n'}
[0.338208] (turtlebot_control) StdoutLine: {'line': b'-- Check for working CXX compiler: /usr/bin/aarch64-linux-gnu-g++ - skipped\n'}
[0.338305] (turtlebot_control) StdoutLine: {'line': b'-- Detecting CXX compile features\n'}
[0.338599] (turtlebot_control) StdoutLine: {'line': b'-- Detecting CXX compile features - done\n'}
[0.342910] (turtlebot_control) StdoutLine: {'line': b'-- Found ament_cmake: 1.3.3 (/opt/ros/humble/share/ament_cmake/cmake)\n'}
[0.399971] (-) TimerEvent: {}
[0.432419] (turtlebot_control) StdoutLine: {'line': b'-- Found Python3: /usr/bin/python3.10 (found version "3.10.6") found components: Interpreter \n'}
[0.493414] (turtlebot_control) StdoutLine: {'line': b'-- Found rclcpp: 16.0.3 (/opt/ros/humble/share/rclcpp/cmake)\n'}
[0.500125] (-) TimerEvent: {}
[0.535649] (turtlebot_control) StdoutLine: {'line': b'-- Found rosidl_generator_c: 3.1.4 (/opt/ros/humble/share/rosidl_generator_c/cmake)\n'}
[0.539078] (turtlebot_control) StdoutLine: {'line': b'-- Found rosidl_adapter: 3.1.4 (/opt/ros/humble/share/rosidl_adapter/cmake)\n'}
[0.545678] (turtlebot_control) StdoutLine: {'line': b'-- Found rosidl_generator_cpp: 3.1.4 (/opt/ros/humble/share/rosidl_generator_cpp/cmake)\n'}
[0.556399] (turtlebot_control) StdoutLine: {'line': b'-- Using all available rosidl_typesupport_c: rosidl_typesupport_fastrtps_c;rosidl_typesupport_introspection_c\n'}
[0.570185] (turtlebot_control) StdoutLine: {'line': b'-- Using all available rosidl_typesupport_cpp: rosidl_typesupport_fastrtps_cpp;rosidl_typesupport_introspection_cpp\n'}
[0.600280] (-) TimerEvent: {}
[0.616823] (turtlebot_control) StdoutLine: {'line': b'-- Found rmw_implementation_cmake: 6.1.1 (/opt/ros/humble/share/rmw_implementation_cmake/cmake)\n'}
[0.618861] (turtlebot_control) StdoutLine: {'line': b'-- Found rmw_fastrtps_cpp: 6.2.2 (/opt/ros/humble/share/rmw_fastrtps_cpp/cmake)\n'}
[0.661874] (turtlebot_control) StdoutLine: {'line': b'-- Found OpenSSL: /usr/lib/aarch64-linux-gnu/libcrypto.so (found version "3.0.2")  \n'}
[0.678117] (turtlebot_control) StdoutLine: {'line': b'-- Found FastRTPS: /opt/ros/humble/include  \n'}
[0.700446] (-) TimerEvent: {}
[0.706432] (turtlebot_control) StdoutLine: {'line': b"-- Using RMW implementation 'rmw_fastrtps_cpp' as default\n"}
[0.713419] (turtlebot_control) StdoutLine: {'line': b'-- Looking for pthread.h\n'}
[0.773086] (turtlebot_control) StdoutLine: {'line': b'-- Looking for pthread.h - found\n'}
[0.773378] (turtlebot_control) StdoutLine: {'line': b'-- Performing Test CMAKE_HAVE_LIBC_PTHREAD\n'}
[0.800652] (-) TimerEvent: {}
[0.820029] (turtlebot_control) StdoutLine: {'line': b'-- Performing Test CMAKE_HAVE_LIBC_PTHREAD - Success\n'}
[0.820718] (turtlebot_control) StdoutLine: {'line': b'-- Found Threads: TRUE  \n'}
[0.900839] (-) TimerEvent: {}
[0.923057] (turtlebot_control) StdoutLine: {'line': b'-- Found sensor_msgs: 4.2.3 (/opt/ros/humble/share/sensor_msgs/cmake)\n'}
[1.000962] (-) TimerEvent: {}
[1.012443] (turtlebot_control) StdoutLine: {'line': b'-- Found OpenCV: /usr (found version "4.5.4") \n'}
[1.013382] (turtlebot_control) StdoutLine: {'line': b'-- Found cv_bridge: 3.2.1 (/opt/ros/humble/share/cv_bridge/cmake)\n'}
[1.019259] (turtlebot_control) StdoutLine: {'line': b'-- Found image_transport: 3.1.5 (/opt/ros/humble/share/image_transport/cmake)\n'}
[1.053078] (turtlebot_control) StdoutLine: {'line': b'-- Found ament_lint_auto: 0.12.5 (/opt/ros/humble/share/ament_lint_auto/cmake)\n'}
[1.101059] (-) TimerEvent: {}
[1.102539] (turtlebot_control) StdoutLine: {'line': b"-- Added test 'cppcheck' to perform static code analysis on C / C++ code\n"}
[1.102675] (turtlebot_control) StdoutLine: {'line': b'-- Configured cppcheck include dirs: \n'}
[1.102720] (turtlebot_control) StdoutLine: {'line': b'-- Configured cppcheck exclude dirs and/or files: \n'}
[1.103238] (turtlebot_control) StdoutLine: {'line': b"-- Added test 'lint_cmake' to check CMake code style\n"}
[1.104099] (turtlebot_control) StdoutLine: {'line': b"-- Added test 'uncrustify' to check C / C++ code style\n"}
[1.104142] (turtlebot_control) StdoutLine: {'line': b'-- Configured uncrustify additional arguments: \n'}
[1.104435] (turtlebot_control) StdoutLine: {'line': b"-- Added test 'xmllint' to check XML markup files\n"}
[1.105453] (turtlebot_control) StdoutLine: {'line': b'-- Configuring done\n'}
[1.114484] (turtlebot_control) StdoutLine: {'line': b'-- Generating done\n'}
[1.115318] (turtlebot_control) StdoutLine: {'line': b'-- Build files have been written to: /ros_ws/aarch64_build/turtlebot_control\n'}
[1.120761] (turtlebot_control) CommandEnded: {'returncode': 0}
[1.121612] (turtlebot_control) JobProgress: {'identifier': 'turtlebot_control', 'progress': 'build'}
[1.122055] (turtlebot_control) Command: {'cmd': ['/usr/bin/cmake', '--build', '/ros_ws/aarch64_build/turtlebot_control', '--', '-j8', '-l8'], 'cwd': '/ros_ws/aarch64_build/turtlebot_control', 'env': OrderedDict([('HOSTNAME', '489e60e6637a'), ('LD_LIBRARY_PATH', '/opt/ros/humble/opt/rviz_ogre_vendor/lib:/opt/ros/humble/lib/aarch64-linux-gnu:/opt/ros/humble/lib'), ('HOME', '/home/msr'), ('ROS_PYTHON_VERSION', '3'), ('LC_CTYPE', 'C.UTF-8'), ('ROS_DISTRO', 'humble'), ('ROS_VERSION', '2'), ('TERM', 'xterm'), ('ROS_LOCALHOST_ONLY', '0'), ('PATH', '/opt/ros/humble/bin:/usr/local/sbin:/usr/local/bin:/usr/sbin:/usr/bin:/sbin:/bin'), ('AMENT_PREFIX_PATH', '/opt/ros/humble'), ('PWD', '/ros_ws/aarch64_build/turtlebot_control'), ('PYTHONPATH', '/opt/ros/humble/lib/python3.10/site-packages:/opt/ros/humble/local/lib/python3.10/dist-packages'), ('COLCON', '1'), ('CMAKE_PREFIX_PATH', '/opt/ros/humble')]), 'shell': False}
[1.156582] (turtlebot_control) StdoutLine: {'line': b'[ 50%] \x1b[32mBuilding CXX object CMakeFiles/turtlebot_control.dir/src/turtlebot_control.cpp.o\x1b[0m\n'}
[1.201154] (-) TimerEvent: {}
[1.301499] (-) TimerEvent: {}
[1.401842] (-) TimerEvent: {}
[1.502167] (-) TimerEvent: {}
[1.602416] (-) TimerEvent: {}
[1.702682] (-) TimerEvent: {}
[1.803040] (-) TimerEvent: {}
[1.903269] (-) TimerEvent: {}
[2.003544] (-) TimerEvent: {}
[2.103785] (-) TimerEvent: {}
[2.204016] (-) TimerEvent: {}
[2.304390] (-) TimerEvent: {}
[2.404729] (-) TimerEvent: {}
[2.504963] (-) TimerEvent: {}
[2.605207] (-) TimerEvent: {}
[2.705477] (-) TimerEvent: {}
[2.805767] (-) TimerEvent: {}
[2.906203] (-) TimerEvent: {}
[3.006554] (-) TimerEvent: {}
[3.106888] (-) TimerEvent: {}
[3.207195] (-) TimerEvent: {}
[3.307426] (-) TimerEvent: {}
[3.407774] (-) TimerEvent: {}
[3.508100] (-) TimerEvent: {}
[3.608421] (-) TimerEvent: {}
[3.708672] (-) TimerEvent: {}
[3.808964] (-) TimerEvent: {}
[3.909233] (-) TimerEvent: {}
[4.009536] (-) TimerEvent: {}
[4.011798] (turtlebot_control) StdoutLine: {'line': b'[100%] \x1b[32m\x1b[1mLinking CXX executable turtlebot_control\x1b[0m\n'}
[4.109649] (-) TimerEvent: {}
[4.209899] (-) TimerEvent: {}
[4.310159] (-) TimerEvent: {}
[4.410411] (-) TimerEvent: {}
[4.471389] (turtlebot_control) StdoutLine: {'line': b'[100%] Built target turtlebot_control\n'}
[4.478816] (turtlebot_control) CommandEnded: {'returncode': 0}
[4.496260] (turtlebot_control) JobProgress: {'identifier': 'turtlebot_control', 'progress': 'install'}
[4.503363] (turtlebot_control) Command: {'cmd': ['/usr/bin/cmake', '--install', '/ros_ws/aarch64_build/turtlebot_control'], 'cwd': '/ros_ws/aarch64_build/turtlebot_control', 'env': OrderedDict([('HOSTNAME', '489e60e6637a'), ('LD_LIBRARY_PATH', '/opt/ros/humble/opt/rviz_ogre_vendor/lib:/opt/ros/humble/lib/aarch64-linux-gnu:/opt/ros/humble/lib'), ('HOME', '/home/msr'), ('ROS_PYTHON_VERSION', '3'), ('LC_CTYPE', 'C.UTF-8'), ('ROS_DISTRO', 'humble'), ('ROS_VERSION', '2'), ('TERM', 'xterm'), ('ROS_LOCALHOST_ONLY', '0'), ('PATH', '/opt/ros/humble/bin:/usr/local/sbin:/usr/local/bin:/usr/sbin:/usr/bin:/sbin:/bin'), ('AMENT_PREFIX_PATH', '/opt/ros/humble'), ('PWD', '/ros_ws/aarch64_build/turtlebot_control'), ('PYTHONPATH', '/opt/ros/humble/lib/python3.10/site-packages:/opt/ros/humble/local/lib/python3.10/dist-packages'), ('COLCON', '1'), ('CMAKE_PREFIX_PATH', '/opt/ros/humble')]), 'shell': False}
[4.510212] (turtlebot_control) StdoutLine: {'line': b'-- Install configuration: ""\n'}
[4.510491] (-) TimerEvent: {}
[4.510616] (turtlebot_control) StdoutLine: {'line': b'-- Installing: /ros_ws/aarch64_install/turtlebot_control/lib/turtlebot_control/turtlebot_control\n'}
[4.510807] (turtlebot_control) StdoutLine: {'line': b'-- Set runtime path of "/ros_ws/aarch64_install/turtlebot_control/lib/turtlebot_control/turtlebot_control" to ""\n'}
[4.510952] (turtlebot_control) StdoutLine: {'line': b'-- Installing: /ros_ws/aarch64_install/turtlebot_control/share/turtlebot_control/images\n'}
[4.511000] (turtlebot_control) StdoutLine: {'line': b'-- Installing: /ros_ws/aarch64_install/turtlebot_control/share/turtlebot_control/images/test_pic.png\n'}
[4.511285] (turtlebot_control) StdoutLine: {'line': b'-- Installing: /ros_ws/aarch64_install/turtlebot_control/share/turtlebot_control/images/image.jpg\n'}
[4.511812] (turtlebot_control) StdoutLine: {'line': b'-- Installing: /ros_ws/aarch64_install/turtlebot_control/share/ament_index/resource_index/package_run_dependencies/turtlebot_control\n'}
[4.511882] (turtlebot_control) StdoutLine: {'line': b'-- Installing: /ros_ws/aarch64_install/turtlebot_control/share/ament_index/resource_index/parent_prefix_path/turtlebot_control\n'}
[4.511924] (turtlebot_control) StdoutLine: {'line': b'-- Installing: /ros_ws/aarch64_install/turtlebot_control/share/turtlebot_control/environment/ament_prefix_path.sh\n'}
[4.511978] (turtlebot_control) StdoutLine: {'line': b'-- Installing: /ros_ws/aarch64_install/turtlebot_control/share/turtlebot_control/environment/ament_prefix_path.dsv\n'}
[4.512084] (turtlebot_control) StdoutLine: {'line': b'-- Installing: /ros_ws/aarch64_install/turtlebot_control/share/turtlebot_control/environment/path.sh\n'}
[4.512185] (turtlebot_control) StdoutLine: {'line': b'-- Installing: /ros_ws/aarch64_install/turtlebot_control/share/turtlebot_control/environment/path.dsv\n'}
[4.512257] (turtlebot_control) StdoutLine: {'line': b'-- Installing: /ros_ws/aarch64_install/turtlebot_control/share/turtlebot_control/local_setup.bash\n'}
[4.512313] (turtlebot_control) StdoutLine: {'line': b'-- Installing: /ros_ws/aarch64_install/turtlebot_control/share/turtlebot_control/local_setup.sh\n'}
[4.512353] (turtlebot_control) StdoutLine: {'line': b'-- Installing: /ros_ws/aarch64_install/turtlebot_control/share/turtlebot_control/local_setup.zsh\n'}
[4.512409] (turtlebot_control) StdoutLine: {'line': b'-- Installing: /ros_ws/aarch64_install/turtlebot_control/share/turtlebot_control/local_setup.dsv\n'}
[4.512447] (turtlebot_control) StdoutLine: {'line': b'-- Installing: /ros_ws/aarch64_install/turtlebot_control/share/turtlebot_control/package.dsv\n'}
[4.512527] (turtlebot_control) StdoutLine: {'line': b'-- Installing: /ros_ws/aarch64_install/turtlebot_control/share/ament_index/resource_index/packages/turtlebot_control\n'}
[4.512649] (turtlebot_control) StdoutLine: {'line': b'-- Installing: /ros_ws/aarch64_install/turtlebot_control/share/turtlebot_control/cmake/turtlebot_controlConfig.cmake\n'}
[4.512725] (turtlebot_control) StdoutLine: {'line': b'-- Installing: /ros_ws/aarch64_install/turtlebot_control/share/turtlebot_control/cmake/turtlebot_controlConfig-version.cmake\n'}
[4.512861] (turtlebot_control) StdoutLine: {'line': b'-- Installing: /ros_ws/aarch64_install/turtlebot_control/share/turtlebot_control/package.xml\n'}
[4.514597] (turtlebot_control) CommandEnded: {'returncode': 0}
[4.554581] (turtlebot_control) JobEnded: {'identifier': 'turtlebot_control', 'rc': 0}
[4.555027] (-) EventReactorShutdown: {}
