[0.268s] DEBUG:colcon:Command line arguments: ['/usr/bin/colcon', 'build', '--build-base', 'aarch64_build', '--install-base', 'aarch64_install', '--cmake-args', '-DCMAKE_TOOLCHAIN_FILE=/toolchain.cmake', '-DCMAKE_INSTALL_PREFIX=aarch64_install']
[0.268s] DEBUG:colcon:Parsed command line arguments: Namespace(log_base=None, log_level=None, verb_name='build', build_base='aarch64_build', install_base='aarch64_install', merge_install=False, symlink_install=False, test_result_base=None, continue_on_error=False, executor='parallel', parallel_workers=8, event_handlers=None, ignore_user_meta=False, metas=['./colcon.meta'], base_paths=['.'], packages_ignore=None, packages_ignore_regex=None, paths=None, packages_up_to=None, packages_up_to_regex=None, packages_above=None, packages_above_and_dependencies=None, packages_above_depth=None, packages_select_by_dep=None, packages_skip_by_dep=None, packages_skip_up_to=None, packages_select_build_failed=False, packages_skip_build_finished=False, packages_select_test_failures=False, packages_skip_test_passed=False, packages_select=None, packages_skip=None, packages_select_regex=None, packages_skip_regex=None, packages_start=None, packages_end=None, allow_overriding=[], cmake_args=['-DCMAKE_TOOLCHAIN_FILE=/toolchain.cmake', '-DCMAKE_INSTALL_PREFIX=aarch64_install'], cmake_target=None, cmake_target_skip_unavailable=False, cmake_clean_cache=False, cmake_clean_first=False, cmake_force_configure=False, ament_cmake_args=None, catkin_cmake_args=None, catkin_skip_building_tests=False, verb_parser=<colcon_defaults.argument_parser.defaults.DefaultArgumentsDecorator object at 0x7f2873fe65f0>, verb_extension=<colcon_core.verb.build.BuildVerb object at 0x7f28740fe560>, main=<bound method BuildVerb.main of <colcon_core.verb.build.BuildVerb object at 0x7f28740fe560>>)
[0.290s] Level 1:colcon.colcon_core.package_discovery:discover_packages(colcon_meta) check parameters
[0.291s] Level 1:colcon.colcon_core.package_discovery:discover_packages(recursive) check parameters
[0.291s] Level 1:colcon.colcon_core.package_discovery:discover_packages(ignore) check parameters
[0.291s] Level 1:colcon.colcon_core.package_discovery:discover_packages(path) check parameters
[0.291s] Level 1:colcon.colcon_core.package_discovery:discover_packages(colcon_meta) discover
[0.291s] Level 1:colcon.colcon_core.package_discovery:discover_packages(recursive) discover
[0.291s] INFO:colcon.colcon_core.package_discovery:Crawling recursively for packages in '/ros_ws'
[0.291s] Level 1:colcon.colcon_core.package_identification:_identify(.) by extensions ['ignore', 'ignore_ament_install']
[0.291s] Level 1:colcon.colcon_core.package_identification:_identify(.) by extension 'ignore'
[0.291s] Level 1:colcon.colcon_core.package_identification:_identify(.) by extension 'ignore_ament_install'
[0.291s] Level 1:colcon.colcon_core.package_identification:_identify(.) by extensions ['colcon_pkg']
[0.291s] Level 1:colcon.colcon_core.package_identification:_identify(.) by extension 'colcon_pkg'
[0.291s] Level 1:colcon.colcon_core.package_identification:_identify(.) by extensions ['colcon_meta']
[0.291s] Level 1:colcon.colcon_core.package_identification:_identify(.) by extension 'colcon_meta'
[0.291s] Level 1:colcon.colcon_core.package_identification:_identify(.) by extensions ['ros']
[0.291s] Level 1:colcon.colcon_core.package_identification:_identify(.) by extension 'ros'
[0.304s] Level 1:colcon.colcon_core.package_identification:_identify(.) by extensions ['cmake', 'python']
[0.304s] Level 1:colcon.colcon_core.package_identification:_identify(.) by extension 'cmake'
[0.304s] Level 1:colcon.colcon_core.package_identification:_identify(.) by extension 'python'
[0.304s] Level 1:colcon.colcon_core.package_identification:_identify(.) by extensions ['python_setup_py']
[0.304s] Level 1:colcon.colcon_core.package_identification:_identify(.) by extension 'python_setup_py'
[0.305s] Level 1:colcon.colcon_core.package_identification:_identify(aarch64_build) by extensions ['ignore', 'ignore_ament_install']
[0.305s] Level 1:colcon.colcon_core.package_identification:_identify(aarch64_build) by extension 'ignore'
[0.305s] Level 1:colcon.colcon_core.package_identification:_identify(aarch64_build) ignored
[0.305s] Level 1:colcon.colcon_core.package_identification:_identify(aarch64_install) by extensions ['ignore', 'ignore_ament_install']
[0.305s] Level 1:colcon.colcon_core.package_identification:_identify(aarch64_install) by extension 'ignore'
[0.305s] Level 1:colcon.colcon_core.package_identification:_identify(aarch64_install) ignored
[0.305s] Level 1:colcon.colcon_core.package_identification:_identify(build) by extensions ['ignore', 'ignore_ament_install']
[0.305s] Level 1:colcon.colcon_core.package_identification:_identify(build) by extension 'ignore'
[0.305s] Level 1:colcon.colcon_core.package_identification:_identify(build) ignored
[0.305s] Level 1:colcon.colcon_core.package_identification:_identify(install) by extensions ['ignore', 'ignore_ament_install']
[0.305s] Level 1:colcon.colcon_core.package_identification:_identify(install) by extension 'ignore'
[0.305s] Level 1:colcon.colcon_core.package_identification:_identify(install) ignored
[0.305s] Level 1:colcon.colcon_core.package_identification:_identify(log) by extensions ['ignore', 'ignore_ament_install']
[0.305s] Level 1:colcon.colcon_core.package_identification:_identify(log) by extension 'ignore'
[0.305s] Level 1:colcon.colcon_core.package_identification:_identify(log) ignored
[0.305s] Level 1:colcon.colcon_core.package_identification:_identify(src) by extensions ['ignore', 'ignore_ament_install']
[0.305s] Level 1:colcon.colcon_core.package_identification:_identify(src) by extension 'ignore'
[0.305s] Level 1:colcon.colcon_core.package_identification:_identify(src) by extension 'ignore_ament_install'
[0.305s] Level 1:colcon.colcon_core.package_identification:_identify(src) by extensions ['colcon_pkg']
[0.305s] Level 1:colcon.colcon_core.package_identification:_identify(src) by extension 'colcon_pkg'
[0.305s] Level 1:colcon.colcon_core.package_identification:_identify(src) by extensions ['colcon_meta']
[0.305s] Level 1:colcon.colcon_core.package_identification:_identify(src) by extension 'colcon_meta'
[0.305s] Level 1:colcon.colcon_core.package_identification:_identify(src) by extensions ['ros']
[0.305s] Level 1:colcon.colcon_core.package_identification:_identify(src) by extension 'ros'
[0.305s] Level 1:colcon.colcon_core.package_identification:_identify(src) by extensions ['cmake', 'python']
[0.305s] Level 1:colcon.colcon_core.package_identification:_identify(src) by extension 'cmake'
[0.305s] Level 1:colcon.colcon_core.package_identification:_identify(src) by extension 'python'
[0.305s] Level 1:colcon.colcon_core.package_identification:_identify(src) by extensions ['python_setup_py']
[0.305s] Level 1:colcon.colcon_core.package_identification:_identify(src) by extension 'python_setup_py'
[0.305s] Level 1:colcon.colcon_core.package_identification:_identify(src/turtlebot_control) by extensions ['ignore', 'ignore_ament_install']
[0.306s] Level 1:colcon.colcon_core.package_identification:_identify(src/turtlebot_control) by extension 'ignore'
[0.306s] Level 1:colcon.colcon_core.package_identification:_identify(src/turtlebot_control) by extension 'ignore_ament_install'
[0.306s] Level 1:colcon.colcon_core.package_identification:_identify(src/turtlebot_control) by extensions ['colcon_pkg']
[0.306s] Level 1:colcon.colcon_core.package_identification:_identify(src/turtlebot_control) by extension 'colcon_pkg'
[0.306s] Level 1:colcon.colcon_core.package_identification:_identify(src/turtlebot_control) by extensions ['colcon_meta']
[0.306s] Level 1:colcon.colcon_core.package_identification:_identify(src/turtlebot_control) by extension 'colcon_meta'
[0.306s] Level 1:colcon.colcon_core.package_identification:_identify(src/turtlebot_control) by extensions ['ros']
[0.306s] Level 1:colcon.colcon_core.package_identification:_identify(src/turtlebot_control) by extension 'ros'
[0.308s] DEBUG:colcon.colcon_core.package_identification:Package 'src/turtlebot_control' with type 'ros.ament_cmake' and name 'turtlebot_control'
[0.308s] Level 1:colcon.colcon_core.package_discovery:discover_packages(recursive) using defaults
[0.308s] Level 1:colcon.colcon_core.package_discovery:discover_packages(ignore) discover
[0.308s] Level 1:colcon.colcon_core.package_discovery:discover_packages(ignore) using defaults
[0.308s] Level 1:colcon.colcon_core.package_discovery:discover_packages(path) discover
[0.308s] Level 1:colcon.colcon_core.package_discovery:discover_packages(path) using defaults
[0.327s] Level 1:colcon.colcon_core.package_discovery:discover_packages(prefix_path) check parameters
[0.327s] Level 1:colcon.colcon_core.package_discovery:discover_packages(prefix_path) discover
[0.330s] DEBUG:colcon.colcon_installed_package_information.package_discovery:Found 255 installed packages in /opt/ros/humble
[0.331s] Level 1:colcon.colcon_core.package_discovery:discover_packages(prefix_path) using defaults
[0.358s] Level 5:colcon.colcon_core.verb:set package 'turtlebot_control' build argument 'cmake_args' from command line to '['-DCMAKE_TOOLCHAIN_FILE=/toolchain.cmake', '-DCMAKE_INSTALL_PREFIX=aarch64_install']'
[0.358s] Level 5:colcon.colcon_core.verb:set package 'turtlebot_control' build argument 'cmake_target' from command line to 'None'
[0.358s] Level 5:colcon.colcon_core.verb:set package 'turtlebot_control' build argument 'cmake_target_skip_unavailable' from command line to 'False'
[0.358s] Level 5:colcon.colcon_core.verb:set package 'turtlebot_control' build argument 'cmake_clean_cache' from command line to 'False'
[0.358s] Level 5:colcon.colcon_core.verb:set package 'turtlebot_control' build argument 'cmake_clean_first' from command line to 'False'
[0.358s] Level 5:colcon.colcon_core.verb:set package 'turtlebot_control' build argument 'cmake_force_configure' from command line to 'False'
[0.358s] Level 5:colcon.colcon_core.verb:set package 'turtlebot_control' build argument 'ament_cmake_args' from command line to 'None'
[0.358s] Level 5:colcon.colcon_core.verb:set package 'turtlebot_control' build argument 'catkin_cmake_args' from command line to 'None'
[0.358s] Level 5:colcon.colcon_core.verb:set package 'turtlebot_control' build argument 'catkin_skip_building_tests' from command line to 'False'
[0.358s] DEBUG:colcon.colcon_core.verb:Building package 'turtlebot_control' with the following arguments: {'ament_cmake_args': None, 'build_base': '/ros_ws/aarch64_build/turtlebot_control', 'catkin_cmake_args': None, 'catkin_skip_building_tests': False, 'cmake_args': ['-DCMAKE_TOOLCHAIN_FILE=/toolchain.cmake', '-DCMAKE_INSTALL_PREFIX=aarch64_install'], 'cmake_clean_cache': False, 'cmake_clean_first': False, 'cmake_force_configure': False, 'cmake_target': None, 'cmake_target_skip_unavailable': False, 'install_base': '/ros_ws/aarch64_install/turtlebot_control', 'merge_install': False, 'path': '/ros_ws/src/turtlebot_control', 'symlink_install': False, 'test_result_base': None}
[0.358s] INFO:colcon.colcon_core.executor:Executing jobs using 'parallel' executor
[0.360s] DEBUG:colcon.colcon_parallel_executor.executor.parallel:run_until_complete
[0.360s] INFO:colcon.colcon_ros.task.ament_cmake.build:Building ROS package in '/ros_ws/src/turtlebot_control' with build type 'ament_cmake'
[0.360s] INFO:colcon.colcon_cmake.task.cmake.build:Building CMake package in '/ros_ws/src/turtlebot_control'
[0.365s] INFO:colcon.colcon_core.plugin_system:Skipping extension 'colcon_core.shell.bat': Not used on non-Windows systems
[0.365s] INFO:colcon.colcon_core.shell:Skip shell extension 'powershell' for command environment: Not usable outside of PowerShell
[0.365s] DEBUG:colcon.colcon_core.shell:Skip shell extension 'dsv' for command environment
[0.369s] DEBUG:colcon.colcon_core.event_handler.log_command:Invoking command in '/ros_ws/aarch64_build/turtlebot_control': CMAKE_PREFIX_PATH=/opt/ros/humble /usr/bin/cmake /ros_ws/src/turtlebot_control -DCMAKE_TOOLCHAIN_FILE=/toolchain.cmake -DCMAKE_INSTALL_PREFIX=aarch64_install -DCMAKE_INSTALL_PREFIX=/ros_ws/aarch64_install/turtlebot_control
[1.482s] DEBUG:colcon.colcon_core.event_handler.log_command:Invoked command in '/ros_ws/aarch64_build/turtlebot_control' returned '0': CMAKE_PREFIX_PATH=/opt/ros/humble /usr/bin/cmake /ros_ws/src/turtlebot_control -DCMAKE_TOOLCHAIN_FILE=/toolchain.cmake -DCMAKE_INSTALL_PREFIX=aarch64_install -DCMAKE_INSTALL_PREFIX=/ros_ws/aarch64_install/turtlebot_control
[1.483s] DEBUG:colcon.colcon_core.event_handler.log_command:Invoking command in '/ros_ws/aarch64_build/turtlebot_control': CMAKE_PREFIX_PATH=/opt/ros/humble /usr/bin/cmake --build /ros_ws/aarch64_build/turtlebot_control -- -j8 -l8
[4.840s] DEBUG:colcon.colcon_core.event_handler.log_command:Invoked command in '/ros_ws/aarch64_build/turtlebot_control' returned '0': CMAKE_PREFIX_PATH=/opt/ros/humble /usr/bin/cmake --build /ros_ws/aarch64_build/turtlebot_control -- -j8 -l8
[4.865s] DEBUG:colcon.colcon_core.event_handler.log_command:Invoking command in '/ros_ws/aarch64_build/turtlebot_control': CMAKE_PREFIX_PATH=/opt/ros/humble /usr/bin/cmake --install /ros_ws/aarch64_build/turtlebot_control
[4.875s] Level 1:colcon.colcon_core.environment:create_environment_scripts_only(turtlebot_control)
[4.876s] DEBUG:colcon.colcon_core.event_handler.log_command:Invoked command in '/ros_ws/aarch64_build/turtlebot_control' returned '0': CMAKE_PREFIX_PATH=/opt/ros/humble /usr/bin/cmake --install /ros_ws/aarch64_build/turtlebot_control
[4.881s] Level 1:colcon.colcon_core.environment:checking '/ros_ws/aarch64_install/turtlebot_control' for CMake module files
[4.882s] Level 1:colcon.colcon_core.environment:checking '/ros_ws/aarch64_install/turtlebot_control' for CMake config files
[4.882s] Level 1:colcon.colcon_core.shell:create_environment_hook('turtlebot_control', 'cmake_prefix_path')
[4.883s] INFO:colcon.colcon_core.shell:Creating environment hook '/ros_ws/aarch64_install/turtlebot_control/share/turtlebot_control/hook/cmake_prefix_path.ps1'
[4.884s] INFO:colcon.colcon_core.shell:Creating environment descriptor '/ros_ws/aarch64_install/turtlebot_control/share/turtlebot_control/hook/cmake_prefix_path.dsv'
[4.884s] INFO:colcon.colcon_core.shell:Creating environment hook '/ros_ws/aarch64_install/turtlebot_control/share/turtlebot_control/hook/cmake_prefix_path.sh'
[4.885s] Level 1:colcon.colcon_core.environment:checking '/ros_ws/aarch64_install/turtlebot_control/lib'
[4.885s] Level 1:colcon.colcon_core.environment:checking '/ros_ws/aarch64_install/turtlebot_control/bin'
[4.885s] Level 1:colcon.colcon_core.environment:checking '/ros_ws/aarch64_install/turtlebot_control/lib/pkgconfig/turtlebot_control.pc'
[4.886s] Level 1:colcon.colcon_core.environment:checking '/ros_ws/aarch64_install/turtlebot_control/lib/python3.10/site-packages'
[4.886s] Level 1:colcon.colcon_core.environment:checking '/ros_ws/aarch64_install/turtlebot_control/bin'
[4.887s] INFO:colcon.colcon_core.shell:Creating package script '/ros_ws/aarch64_install/turtlebot_control/share/turtlebot_control/package.ps1'
[4.888s] INFO:colcon.colcon_core.shell:Creating package descriptor '/ros_ws/aarch64_install/turtlebot_control/share/turtlebot_control/package.dsv'
[4.888s] INFO:colcon.colcon_core.shell:Creating package script '/ros_ws/aarch64_install/turtlebot_control/share/turtlebot_control/package.sh'
[4.889s] INFO:colcon.colcon_core.shell:Creating package script '/ros_ws/aarch64_install/turtlebot_control/share/turtlebot_control/package.bash'
[4.890s] INFO:colcon.colcon_core.shell:Creating package script '/ros_ws/aarch64_install/turtlebot_control/share/turtlebot_control/package.zsh'
[4.891s] Level 1:colcon.colcon_core.environment:create_file_with_runtime_dependencies(/ros_ws/aarch64_install/turtlebot_control/share/colcon-core/packages/turtlebot_control)
[4.909s] Level 1:colcon.colcon_core.environment:create_environment_scripts_only(turtlebot_control)
[4.910s] Level 1:colcon.colcon_core.environment:checking '/ros_ws/aarch64_install/turtlebot_control' for CMake module files
[4.911s] Level 1:colcon.colcon_core.environment:checking '/ros_ws/aarch64_install/turtlebot_control' for CMake config files
[4.911s] Level 1:colcon.colcon_core.shell:create_environment_hook('turtlebot_control', 'cmake_prefix_path')
[4.912s] INFO:colcon.colcon_core.shell:Creating environment hook '/ros_ws/aarch64_install/turtlebot_control/share/turtlebot_control/hook/cmake_prefix_path.ps1'
[4.912s] INFO:colcon.colcon_core.shell:Creating environment descriptor '/ros_ws/aarch64_install/turtlebot_control/share/turtlebot_control/hook/cmake_prefix_path.dsv'
[4.913s] INFO:colcon.colcon_core.shell:Creating environment hook '/ros_ws/aarch64_install/turtlebot_control/share/turtlebot_control/hook/cmake_prefix_path.sh'
[4.913s] Level 1:colcon.colcon_core.environment:checking '/ros_ws/aarch64_install/turtlebot_control/lib'
[4.913s] Level 1:colcon.colcon_core.environment:checking '/ros_ws/aarch64_install/turtlebot_control/bin'
[4.913s] Level 1:colcon.colcon_core.environment:checking '/ros_ws/aarch64_install/turtlebot_control/lib/pkgconfig/turtlebot_control.pc'
[4.913s] Level 1:colcon.colcon_core.environment:checking '/ros_ws/aarch64_install/turtlebot_control/lib/python3.10/site-packages'
[4.913s] Level 1:colcon.colcon_core.environment:checking '/ros_ws/aarch64_install/turtlebot_control/bin'
[4.914s] INFO:colcon.colcon_core.shell:Creating package script '/ros_ws/aarch64_install/turtlebot_control/share/turtlebot_control/package.ps1'
[4.914s] INFO:colcon.colcon_core.shell:Creating package descriptor '/ros_ws/aarch64_install/turtlebot_control/share/turtlebot_control/package.dsv'
[4.915s] INFO:colcon.colcon_core.shell:Creating package script '/ros_ws/aarch64_install/turtlebot_control/share/turtlebot_control/package.sh'
[4.915s] INFO:colcon.colcon_core.shell:Creating package script '/ros_ws/aarch64_install/turtlebot_control/share/turtlebot_control/package.bash'
[4.915s] INFO:colcon.colcon_core.shell:Creating package script '/ros_ws/aarch64_install/turtlebot_control/share/turtlebot_control/package.zsh'
[4.915s] Level 1:colcon.colcon_core.environment:create_file_with_runtime_dependencies(/ros_ws/aarch64_install/turtlebot_control/share/colcon-core/packages/turtlebot_control)
[4.915s] DEBUG:colcon.colcon_parallel_executor.executor.parallel:closing loop
[4.915s] DEBUG:colcon.colcon_parallel_executor.executor.parallel:loop closed
[4.916s] DEBUG:colcon.colcon_parallel_executor.executor.parallel:run_until_complete finished with '0'
[4.916s] DEBUG:colcon.colcon_core.event_reactor:joining thread
[4.919s] INFO:colcon.colcon_core.plugin_system:Skipping extension 'colcon_notification.desktop_notification.notify2': 'notify2' not found
[4.920s] INFO:colcon.colcon_core.plugin_system:Skipping extension 'colcon_notification.desktop_notification.notify_send': Could not find 'notify-send'
[4.920s] INFO:colcon.colcon_core.plugin_system:Skipping extension 'colcon_notification.desktop_notification.terminal_notifier': Not used on non-Darwin systems
[4.920s] INFO:colcon.colcon_core.plugin_system:Skipping extension 'colcon_notification.desktop_notification.win32': Not used on non-Windows systems
[4.920s] DEBUG:colcon.colcon_core.event_reactor:joined thread
[4.921s] INFO:colcon.colcon_core.shell:Creating prefix script '/ros_ws/aarch64_install/local_setup.ps1'
[4.922s] INFO:colcon.colcon_core.shell:Creating prefix util module '/ros_ws/aarch64_install/_local_setup_util_ps1.py'
[4.923s] INFO:colcon.colcon_core.shell:Creating prefix chain script '/ros_ws/aarch64_install/setup.ps1'
[4.924s] INFO:colcon.colcon_core.shell:Creating prefix script '/ros_ws/aarch64_install/local_setup.sh'
[4.924s] INFO:colcon.colcon_core.shell:Creating prefix util module '/ros_ws/aarch64_install/_local_setup_util_sh.py'
[4.924s] INFO:colcon.colcon_core.shell:Creating prefix chain script '/ros_ws/aarch64_install/setup.sh'
[4.925s] INFO:colcon.colcon_core.shell:Creating prefix script '/ros_ws/aarch64_install/local_setup.bash'
[4.926s] INFO:colcon.colcon_core.shell:Creating prefix chain script '/ros_ws/aarch64_install/setup.bash'
[4.926s] INFO:colcon.colcon_core.shell:Creating prefix script '/ros_ws/aarch64_install/local_setup.zsh'
[4.927s] INFO:colcon.colcon_core.shell:Creating prefix chain script '/ros_ws/aarch64_install/setup.zsh'
